<?xml version="1.0" encoding="UTF-8"?>
<testsuite xmlns:xsi="http://www.w3.org/2001/XMLSchema-instance" xsi:noNamespaceSchemaLocation="https://maven.apache.org/surefire/maven-surefire-plugin/xsd/surefire-test-report-3.0.xsd" version="3.0" name="TestSuite" time="109.453" tests="11" errors="0" skipped="0" failures="0">
  <properties>
    <property name="sun.desktop" value="windows"/>
    <property name="awt.toolkit" value="sun.awt.windows.WToolkit"/>
    <property name="file.encoding.pkg" value="sun.io"/>
    <property name="java.specification.version" value="1.8"/>
    <property name="sun.cpu.isalist" value="amd64"/>
    <property name="sun.jnu.encoding" value="Cp1252"/>
    <property name="java.class.path" value="C:\Users\chowd\eclipse-workspace\Maven_Rediff_Hybrid_Framework\target\test-classes;C:\Users\chowd\eclipse-workspace\Maven_Rediff_Hybrid_Framework\target\classes;C:\Users\chowd\.m2\repository\com\github\ralfstuckert\pdfbox-layout\pdfbox2-layout\1.0.1\pdfbox2-layout-1.0.1.jar;C:\Users\chowd\.m2\repository\org\apache\pdfbox\pdfbox\2.0.4\pdfbox-2.0.4.jar;C:\Users\chowd\.m2\repository\org\apache\pdfbox\fontbox\2.0.4\fontbox-2.0.4.jar;C:\Program Files\Java\jdk1.8.0_333\lib\tools.jar;C:\Users\chowd\.m2\repository\org\seleniumhq\selenium\selenium-java\4.8.2\selenium-java-4.8.2.jar;C:\Users\chowd\.m2\repository\org\seleniumhq\selenium\selenium-api\4.8.2\selenium-api-4.8.2.jar;C:\Users\chowd\.m2\repository\org\seleniumhq\selenium\selenium-chrome-driver\4.8.2\selenium-chrome-driver-4.8.2.jar;C:\Users\chowd\.m2\repository\com\google\auto\service\auto-service-annotations\1.0.1\auto-service-annotations-1.0.1.jar;C:\Users\chowd\.m2\repository\com\google\auto\service\auto-service\1.0.1\auto-service-1.0.1.jar;C:\Users\chowd\.m2\repository\com\google\auto\auto-common\1.2\auto-common-1.2.jar;C:\Users\chowd\.m2\repository\com\google\guava\guava\31.1-jre\guava-31.1-jre.jar;C:\Users\chowd\.m2\repository\com\google\guava\failureaccess\1.0.1\failureaccess-1.0.1.jar;C:\Users\chowd\.m2\repository\com\google\guava\listenablefuture\9999.0-empty-to-avoid-conflict-with-guava\listenablefuture-9999.0-empty-to-avoid-conflict-with-guava.jar;C:\Users\chowd\.m2\repository\com\google\code\findbugs\jsr305\3.0.2\jsr305-3.0.2.jar;C:\Users\chowd\.m2\repository\org\checkerframework\checker-qual\3.12.0\checker-qual-3.12.0.jar;C:\Users\chowd\.m2\repository\com\google\errorprone\error_prone_annotations\2.11.0\error_prone_annotations-2.11.0.jar;C:\Users\chowd\.m2\repository\com\google\j2objc\j2objc-annotations\1.3\j2objc-annotations-1.3.jar;C:\Users\chowd\.m2\repository\org\seleniumhq\selenium\selenium-chromium-driver\4.8.2\selenium-chromium-driver-4.8.2.jar;C:\Users\chowd\.m2\repository\org\seleniumhq\selenium\selenium-json\4.8.2\selenium-json-4.8.2.jar;C:\Users\chowd\.m2\repository\org\seleniumhq\selenium\selenium-manager\4.8.2\selenium-manager-4.8.2.jar;C:\Users\chowd\.m2\repository\org\seleniumhq\selenium\selenium-devtools-v109\4.8.2\selenium-devtools-v109-4.8.2.jar;C:\Users\chowd\.m2\repository\org\seleniumhq\selenium\selenium-devtools-v110\4.8.2\selenium-devtools-v110-4.8.2.jar;C:\Users\chowd\.m2\repository\org\seleniumhq\selenium\selenium-devtools-v111\4.8.2\selenium-devtools-v111-4.8.2.jar;C:\Users\chowd\.m2\repository\org\seleniumhq\selenium\selenium-devtools-v85\4.8.2\selenium-devtools-v85-4.8.2.jar;C:\Users\chowd\.m2\repository\org\seleniumhq\selenium\selenium-edge-driver\4.8.2\selenium-edge-driver-4.8.2.jar;C:\Users\chowd\.m2\repository\org\seleniumhq\selenium\selenium-firefox-driver\4.8.2\selenium-firefox-driver-4.8.2.jar;C:\Users\chowd\.m2\repository\org\seleniumhq\selenium\selenium-http\4.8.2\selenium-http-4.8.2.jar;C:\Users\chowd\.m2\repository\dev\failsafe\failsafe\3.3.1\failsafe-3.3.1.jar;C:\Users\chowd\.m2\repository\org\seleniumhq\selenium\selenium-ie-driver\4.8.2\selenium-ie-driver-4.8.2.jar;C:\Users\chowd\.m2\repository\org\seleniumhq\selenium\selenium-remote-driver\4.8.2\selenium-remote-driver-4.8.2.jar;C:\Users\chowd\.m2\repository\io\netty\netty-buffer\4.1.90.Final\netty-buffer-4.1.90.Final.jar;C:\Users\chowd\.m2\repository\io\netty\netty-codec-http\4.1.90.Final\netty-codec-http-4.1.90.Final.jar;C:\Users\chowd\.m2\repository\io\netty\netty-codec\4.1.90.Final\netty-codec-4.1.90.Final.jar;C:\Users\chowd\.m2\repository\io\netty\netty-handler\4.1.90.Final\netty-handler-4.1.90.Final.jar;C:\Users\chowd\.m2\repository\io\netty\netty-common\4.1.90.Final\netty-common-4.1.90.Final.jar;C:\Users\chowd\.m2\repository\io\netty\netty-transport-classes-epoll\4.1.90.Final\netty-transport-classes-epoll-4.1.90.Final.jar;C:\Users\chowd\.m2\repository\io\netty\netty-transport-classes-kqueue\4.1.90.Final\netty-transport-classes-kqueue-4.1.90.Final.jar;C:\Users\chowd\.m2\repository\io\netty\netty-transport-native-epoll\4.1.90.Final\netty-transport-native-epoll-4.1.90.Final.jar;C:\Users\chowd\.m2\repository\io\netty\netty-transport-native-kqueue\4.1.90.Final\netty-transport-native-kqueue-4.1.90.Final.jar;C:\Users\chowd\.m2\repository\io\netty\netty-transport-native-unix-common\4.1.90.Final\netty-transport-native-unix-common-4.1.90.Final.jar;C:\Users\chowd\.m2\repository\io\netty\netty-transport\4.1.90.Final\netty-transport-4.1.90.Final.jar;C:\Users\chowd\.m2\repository\io\netty\netty-resolver\4.1.90.Final\netty-resolver-4.1.90.Final.jar;C:\Users\chowd\.m2\repository\io\opentelemetry\opentelemetry-api\1.24.0\opentelemetry-api-1.24.0.jar;C:\Users\chowd\.m2\repository\io\opentelemetry\opentelemetry-context\1.24.0\opentelemetry-context-1.24.0.jar;C:\Users\chowd\.m2\repository\io\opentelemetry\opentelemetry-exporter-logging\1.24.0\opentelemetry-exporter-logging-1.24.0.jar;C:\Users\chowd\.m2\repository\io\opentelemetry\opentelemetry-sdk-metrics\1.24.0\opentelemetry-sdk-metrics-1.24.0.jar;C:\Users\chowd\.m2\repository\io\opentelemetry\opentelemetry-sdk-logs\1.24.0-alpha\opentelemetry-sdk-logs-1.24.0-alpha.jar;C:\Users\chowd\.m2\repository\io\opentelemetry\opentelemetry-api-logs\1.24.0-alpha\opentelemetry-api-logs-1.24.0-alpha.jar;C:\Users\chowd\.m2\repository\io\opentelemetry\opentelemetry-api-events\1.24.0-alpha\opentelemetry-api-events-1.24.0-alpha.jar;C:\Users\chowd\.m2\repository\io\opentelemetry\opentelemetry-sdk-common\1.24.0\opentelemetry-sdk-common-1.24.0.jar;C:\Users\chowd\.m2\repository\io\opentelemetry\opentelemetry-sdk-extension-autoconfigure-spi\1.24.0\opentelemetry-sdk-extension-autoconfigure-spi-1.24.0.jar;C:\Users\chowd\.m2\repository\io\opentelemetry\opentelemetry-sdk-extension-autoconfigure\1.24.0-alpha\opentelemetry-sdk-extension-autoconfigure-1.24.0-alpha.jar;C:\Users\chowd\.m2\repository\io\opentelemetry\opentelemetry-sdk-trace\1.24.0\opentelemetry-sdk-trace-1.24.0.jar;C:\Users\chowd\.m2\repository\io\opentelemetry\opentelemetry-sdk\1.24.0\opentelemetry-sdk-1.24.0.jar;C:\Users\chowd\.m2\repository\io\opentelemetry\opentelemetry-semconv\1.24.0-alpha\opentelemetry-semconv-1.24.0-alpha.jar;C:\Users\chowd\.m2\repository\io\ous\jtoml\2.0.0\jtoml-2.0.0.jar;C:\Users\chowd\.m2\repository\net\bytebuddy\byte-buddy\1.14.2\byte-buddy-1.14.2.jar;C:\Users\chowd\.m2\repository\org\apache\commons\commons-exec\1.3\commons-exec-1.3.jar;C:\Users\chowd\.m2\repository\org\asynchttpclient\async-http-client\2.12.3\async-http-client-2.12.3.jar;C:\Users\chowd\.m2\repository\org\asynchttpclient\async-http-client-netty-utils\2.12.3\async-http-client-netty-utils-2.12.3.jar;C:\Users\chowd\.m2\repository\io\netty\netty-codec-socks\4.1.60.Final\netty-codec-socks-4.1.60.Final.jar;C:\Users\chowd\.m2\repository\io\netty\netty-handler-proxy\4.1.60.Final\netty-handler-proxy-4.1.60.Final.jar;C:\Users\chowd\.m2\repository\io\netty\netty-transport-native-epoll\4.1.60.Final\netty-transport-native-epoll-4.1.60.Final-linux-x86_64.jar;C:\Users\chowd\.m2\repository\io\netty\netty-transport-native-kqueue\4.1.60.Final\netty-transport-native-kqueue-4.1.60.Final-osx-x86_64.jar;C:\Users\chowd\.m2\repository\org\reactivestreams\reactive-streams\1.0.3\reactive-streams-1.0.3.jar;C:\Users\chowd\.m2\repository\com\typesafe\netty\netty-reactive-streams\2.0.4\netty-reactive-streams-2.0.4.jar;C:\Users\chowd\.m2\repository\com\sun\activation\jakarta.activation\1.2.2\jakarta.activation-1.2.2.jar;C:\Users\chowd\.m2\repository\org\seleniumhq\selenium\selenium-safari-driver\4.8.2\selenium-safari-driver-4.8.2.jar;C:\Users\chowd\.m2\repository\org\seleniumhq\selenium\selenium-support\4.8.2\selenium-support-4.8.2.jar;C:\Users\chowd\.m2\repository\org\testng\testng\6.14.3\testng-6.14.3.jar;C:\Users\chowd\.m2\repository\com\beust\jcommander\1.72\jcommander-1.72.jar;C:\Users\chowd\.m2\repository\org\apache-extras\beanshell\bsh\2.0b6\bsh-2.0b6.jar;C:\Users\chowd\.m2\repository\io\appium\java-client\7.5.1\java-client-7.5.1.jar;C:\Users\chowd\.m2\repository\com\google\code\gson\gson\2.8.6\gson-2.8.6.jar;C:\Users\chowd\.m2\repository\org\apache\httpcomponents\httpclient\4.5.13\httpclient-4.5.13.jar;C:\Users\chowd\.m2\repository\org\apache\httpcomponents\httpcore\4.4.13\httpcore-4.4.13.jar;C:\Users\chowd\.m2\repository\cglib\cglib\3.3.0\cglib-3.3.0.jar;C:\Users\chowd\.m2\repository\commons-validator\commons-validator\1.7\commons-validator-1.7.jar;C:\Users\chowd\.m2\repository\commons-beanutils\commons-beanutils\1.9.4\commons-beanutils-1.9.4.jar;C:\Users\chowd\.m2\repository\commons-digester\commons-digester\2.1\commons-digester-2.1.jar;C:\Users\chowd\.m2\repository\org\apache\commons\commons-lang3\3.12.0\commons-lang3-3.12.0.jar;C:\Users\chowd\.m2\repository\org\springframework\spring-context\5.3.4\spring-context-5.3.4.jar;C:\Users\chowd\.m2\repository\org\springframework\spring-aop\5.3.4\spring-aop-5.3.4.jar;C:\Users\chowd\.m2\repository\org\springframework\spring-beans\5.3.4\spring-beans-5.3.4.jar;C:\Users\chowd\.m2\repository\org\springframework\spring-core\5.3.4\spring-core-5.3.4.jar;C:\Users\chowd\.m2\repository\org\springframework\spring-jcl\5.3.4\spring-jcl-5.3.4.jar;C:\Users\chowd\.m2\repository\org\springframework\spring-expression\5.3.4\spring-expression-5.3.4.jar;C:\Users\chowd\.m2\repository\org\aspectj\aspectjweaver\1.9.6\aspectjweaver-1.9.6.jar;C:\Users\chowd\.m2\repository\org\slf4j\slf4j-api\1.7.30\slf4j-api-1.7.30.jar;C:\Users\chowd\.m2\repository\io\github\bonigarcia\webdrivermanager\5.2.1\webdrivermanager-5.2.1.jar;C:\Users\chowd\.m2\repository\com\github\docker-java\docker-java\3.2.13\docker-java-3.2.13.jar;C:\Users\chowd\.m2\repository\com\github\docker-java\docker-java-core\3.2.13\docker-java-core-3.2.13.jar;C:\Users\chowd\.m2\repository\com\github\docker-java\docker-java-api\3.2.13\docker-java-api-3.2.13.jar;C:\Users\chowd\.m2\repository\org\bouncycastle\bcpkix-jdk15on\1.64\bcpkix-jdk15on-1.64.jar;C:\Users\chowd\.m2\repository\org\bouncycastle\bcprov-jdk15on\1.64\bcprov-jdk15on-1.64.jar;C:\Users\chowd\.m2\repository\org\slf4j\jcl-over-slf4j\1.7.30\jcl-over-slf4j-1.7.30.jar;C:\Users\chowd\.m2\repository\com\github\docker-java\docker-java-transport-httpclient5\3.2.13\docker-java-transport-httpclient5-3.2.13.jar;C:\Users\chowd\.m2\repository\com\github\docker-java\docker-java-transport\3.2.13\docker-java-transport-3.2.13.jar;C:\Users\chowd\.m2\repository\net\java\dev\jna\jna\5.8.0\jna-5.8.0.jar;C:\Users\chowd\.m2\repository\org\brotli\dec\0.1.2\dec-0.1.2.jar;C:\Users\chowd\.m2\repository\org\apache\httpcomponents\client5\httpclient5\5.1.3\httpclient5-5.1.3.jar;C:\Users\chowd\.m2\repository\org\apache\httpcomponents\core5\httpcore5\5.1.3\httpcore5-5.1.3.jar;C:\Users\chowd\.m2\repository\org\apache\httpcomponents\core5\httpcore5-h2\5.1.3\httpcore5-h2-5.1.3.jar;C:\Users\chowd\.m2\repository\io\cucumber\cucumber-core\6.10.4\cucumber-core-6.10.4.jar;C:\Users\chowd\.m2\repository\io\cucumber\cucumber-gherkin\6.10.4\cucumber-gherkin-6.10.4.jar;C:\Users\chowd\.m2\repository\io\cucumber\cucumber-gherkin-messages\6.10.4\cucumber-gherkin-messages-6.10.4.jar;C:\Users\chowd\.m2\repository\io\cucumber\messages\15.0.0\messages-15.0.0.jar;C:\Users\chowd\.m2\repository\io\cucumber\tag-expressions\3.0.1\tag-expressions-3.0.1.jar;C:\Users\chowd\.m2\repository\io\cucumber\cucumber-expressions\10.3.0\cucumber-expressions-10.3.0.jar;C:\Users\chowd\.m2\repository\io\cucumber\datatable\3.5.0\datatable-3.5.0.jar;C:\Users\chowd\.m2\repository\io\cucumber\cucumber-plugin\6.10.4\cucumber-plugin-6.10.4.jar;C:\Users\chowd\.m2\repository\io\cucumber\docstring\6.10.4\docstring-6.10.4.jar;C:\Users\chowd\.m2\repository\io\cucumber\html-formatter\13.0.0\html-formatter-13.0.0.jar;C:\Users\chowd\.m2\repository\io\cucumber\create-meta\4.0.0\create-meta-4.0.0.jar;C:\Users\chowd\.m2\repository\org\apiguardian\apiguardian-api\1.1.1\apiguardian-api-1.1.1.jar;C:\Users\chowd\.m2\repository\io\cucumber\cucumber-java\6.10.4\cucumber-java-6.10.4.jar;C:\Users\chowd\.m2\repository\io\cucumber\cucumber-junit\6.10.4\cucumber-junit-6.10.4.jar;C:\Users\chowd\.m2\repository\io\cucumber\cucumber-testng\6.10.4\cucumber-testng-6.10.4.jar;C:\Users\chowd\.m2\repository\io\cucumber\cucumber-jvm-deps\1.0.6\cucumber-jvm-deps-1.0.6.jar;C:\Users\chowd\.m2\repository\net\masterthought\cucumber-reporting\5.5.3\cucumber-reporting-5.5.3.jar;C:\Users\chowd\.m2\repository\com\fasterxml\jackson\core\jackson-databind\2.12.1\jackson-databind-2.12.1.jar;C:\Users\chowd\.m2\repository\com\fasterxml\jackson\core\jackson-annotations\2.12.1\jackson-annotations-2.12.1.jar;C:\Users\chowd\.m2\repository\com\fasterxml\jackson\core\jackson-core\2.12.1\jackson-core-2.12.1.jar;C:\Users\chowd\.m2\repository\com\fasterxml\jackson\datatype\jackson-datatype-jsr310\2.12.1\jackson-datatype-jsr310-2.12.1.jar;C:\Users\chowd\.m2\repository\org\apache\velocity\velocity-engine-core\2.2\velocity-engine-core-2.2.jar;C:\Users\chowd\.m2\repository\commons-collections\commons-collections\3.2.2\commons-collections-3.2.2.jar;C:\Users\chowd\.m2\repository\joda-time\joda-time\2.10.9\joda-time-2.10.9.jar;C:\Users\chowd\.m2\repository\org\codehaus\plexus\plexus-utils\3.3.0\plexus-utils-3.3.0.jar;C:\Users\chowd\.m2\repository\org\jsoup\jsoup\1.13.1\jsoup-1.13.1.jar;C:\Users\chowd\.m2\repository\com\googlecode\owasp-java-html-sanitizer\owasp-java-html-sanitizer\20200713.1\owasp-java-html-sanitizer-20200713.1.jar;C:\Users\chowd\.m2\repository\commons-configuration\commons-configuration\1.10\commons-configuration-1.10.jar;C:\Users\chowd\.m2\repository\commons-lang\commons-lang\2.6\commons-lang-2.6.jar;C:\Users\chowd\.m2\repository\org\hamcrest\hamcrest-core\2.2\hamcrest-core-2.2.jar;C:\Users\chowd\.m2\repository\org\hamcrest\hamcrest\2.2\hamcrest-2.2.jar;C:\Users\chowd\.m2\repository\io\cucumber\gherkin\5.1.0\gherkin-5.1.0.jar;C:\Users\chowd\.m2\repository\io\cucumber\gherkin-jvm-deps\1.0.4\gherkin-jvm-deps-1.0.4.jar;C:\Users\chowd\.m2\repository\net\sourceforge\cobertura\cobertura\2.1.1\cobertura-2.1.1.jar;C:\Users\chowd\.m2\repository\org\ow2\asm\asm\5.0.1\asm-5.0.1.jar;C:\Users\chowd\.m2\repository\org\ow2\asm\asm-tree\5.0.1\asm-tree-5.0.1.jar;C:\Users\chowd\.m2\repository\org\ow2\asm\asm-commons\5.0.1\asm-commons-5.0.1.jar;C:\Users\chowd\.m2\repository\org\ow2\asm\asm-util\5.0.1\asm-util-5.0.1.jar;C:\Users\chowd\.m2\repository\org\ow2\asm\asm-analysis\5.0.1\asm-analysis-5.0.1.jar;C:\Users\chowd\.m2\repository\oro\oro\2.0.8\oro-2.0.8.jar;C:\Users\chowd\.m2\repository\jaxen\jaxen\1.1.4\jaxen-1.1.4.jar;C:\Users\chowd\.m2\repository\org\apache\ant\ant\1.8.3\ant-1.8.3.jar;C:\Users\chowd\.m2\repository\org\apache\ant\ant-launcher\1.8.3\ant-launcher-1.8.3.jar;C:\Users\chowd\.m2\repository\org\apache\ant\ant-junit\1.8.3\ant-junit-1.8.3.jar;C:\Users\chowd\.m2\repository\org\mortbay\jetty\servlet-api-2.5\6.1.14\servlet-api-2.5-6.1.14.jar;C:\Users\chowd\.m2\repository\org\mortbay\jetty\jetty\6.1.14\jetty-6.1.14.jar;C:\Users\chowd\.m2\repository\org\mortbay\jetty\jetty-util\6.1.14\jetty-util-6.1.14.jar;C:\Users\chowd\.m2\repository\ch\qos\logback\logback-classic\1.0.13\logback-classic-1.0.13.jar;C:\Users\chowd\.m2\repository\ch\qos\logback\logback-core\1.0.13\logback-core-1.0.13.jar;C:\Users\chowd\.m2\repository\junit\junit\4.11\junit-4.11.jar;C:\Users\chowd\.m2\repository\org\apache\poi\poi-ooxml\4.1.1\poi-ooxml-4.1.1.jar;C:\Users\chowd\.m2\repository\org\apache\commons\commons-compress\1.19\commons-compress-1.19.jar;C:\Users\chowd\.m2\repository\com\github\virtuald\curvesapi\1.06\curvesapi-1.06.jar;C:\Users\chowd\.m2\repository\org\apache\poi\poi\4.1.1\poi-4.1.1.jar;C:\Users\chowd\.m2\repository\commons-codec\commons-codec\1.13\commons-codec-1.13.jar;C:\Users\chowd\.m2\repository\org\apache\commons\commons-collections4\4.4\commons-collections4-4.4.jar;C:\Users\chowd\.m2\repository\org\apache\commons\commons-math3\3.6.1\commons-math3-3.6.1.jar;C:\Users\chowd\.m2\repository\org\apache\poi\poi-ooxml-schemas\4.1.1\poi-ooxml-schemas-4.1.1.jar;C:\Users\chowd\.m2\repository\org\apache\xmlbeans\xmlbeans\3.1.0\xmlbeans-3.1.0.jar;C:\Users\chowd\.m2\repository\commons-io\commons-io\2.6\commons-io-2.6.jar;C:\Users\chowd\.m2\repository\org\apache\httpcomponents\fluent-hc\4.5.13\fluent-hc-4.5.13.jar;C:\Users\chowd\.m2\repository\commons-logging\commons-logging\1.2\commons-logging-1.2.jar;C:\Users\chowd\.m2\repository\org\apache\poi\poi-scratchpad\4.1.1\poi-scratchpad-4.1.1.jar;C:\Users\chowd\.m2\repository\org\apache\poi\openxml4j\1.0-beta\openxml4j-1.0-beta.jar;C:\Users\chowd\.m2\repository\dom4j\dom4j\1.6.1\dom4j-1.6.1.jar;C:\Users\chowd\.m2\repository\xml-apis\xml-apis\1.0.b2\xml-apis-1.0.b2.jar;C:\Users\chowd\.m2\repository\log4j\log4j\1.2.8\log4j-1.2.8.jar;C:\Users\chowd\.m2\repository\com\googlecode\json-simple\json-simple\1.1.1\json-simple-1.1.1.jar;C:\Users\chowd\.m2\repository\tech\grasshopper\extentreports-cucumber6-adapter\2.6.0\extentreports-cucumber6-adapter-2.6.0.jar;C:\Users\chowd\.m2\repository\com\aventstack\extentreports\5.0.5\extentreports-5.0.5.jar;C:\Users\chowd\.m2\repository\io\reactivex\rxjava3\rxjava\3.0.4\rxjava-3.0.4.jar;C:\Users\chowd\.m2\repository\org\freemarker\freemarker\2.3.30\freemarker-2.3.30.jar;C:\Users\chowd\.m2\repository\org\projectlombok\lombok\1.18.12\lombok-1.18.12.jar;C:\Users\chowd\.m2\repository\tech\grasshopper\extent-pdf-report\1.5.0\extent-pdf-report-1.5.0.jar;C:\Users\chowd\.m2\repository\tech\grasshopper\cucumber-pdf-report\1.7.0\cucumber-pdf-report-1.7.0.jar;C:\Users\chowd\.m2\repository\org\knowm\xchart\xchart\3.6.5\xchart-3.6.5.jar;C:\Users\chowd\.m2\repository\de\erichseifert\vectorgraphics2d\VectorGraphics2D\0.13\VectorGraphics2D-0.13.jar;C:\Users\chowd\.m2\repository\de\rototor\pdfbox\graphics2d\0.27\graphics2d-0.27.jar;C:\Users\chowd\.m2\repository\com\madgag\animated-gif-lib\1.4\animated-gif-lib-1.4.jar;C:\Users\chowd\.m2\repository\com\github\vandeseer\easytable\0.7.1\easytable-0.7.1.jar;C:\Users\chowd\.m2\repository\org\yaml\snakeyaml\1.27\snakeyaml-1.27.jar;C:\Users\chowd\.m2\repository\com\aventstack\klov-reporter\5.0.5\klov-reporter-5.0.5.jar;C:\Users\chowd\.m2\repository\org\mongodb\bson\3.6.4\bson-3.6.4.jar;C:\Users\chowd\.m2\repository\org\apache\httpcomponents\httpmime\4.5.2\httpmime-4.5.2.jar;C:\Users\chowd\.m2\repository\org\mongodb\mongodb-driver\3.3.0\mongodb-driver-3.3.0.jar;C:\Users\chowd\.m2\repository\org\mongodb\mongodb-driver-core\3.3.0\mongodb-driver-core-3.3.0.jar;"/>
    <property name="java.vm.vendor" value="Oracle Corporation"/>
    <property name="sun.arch.data.model" value="64"/>
    <property name="user.variant" value=""/>
    <property name="java.vendor.url" value="http://java.oracle.com/"/>
    <property name="user.timezone" value="America/Los_Angeles"/>
    <property name="java.vm.specification.version" value="1.8"/>
    <property name="os.name" value="Windows 11"/>
    <property name="user.country" value="US"/>
    <property name="sun.java.launcher" value="SUN_STANDARD"/>
    <property name="sun.boot.library.path" value="C:\Program Files\Java\jdk1.8.0_333\jre\bin"/>
    <property name="sun.java.command" value="C:\Users\chowd\AppData\Local\Temp\surefire3922527370934505325\surefirebooter-20230411130431183_3.jar C:\Users\chowd\AppData\Local\Temp\surefire3922527370934505325 2023-04-11T13-04-30_544-jvmRun1 surefire-20230411130431183_1tmp surefire_0-20230411130431183_2tmp"/>
    <property name="surefire.test.class.path" value="C:\Users\chowd\eclipse-workspace\Maven_Rediff_Hybrid_Framework\target\test-classes;C:\Users\chowd\eclipse-workspace\Maven_Rediff_Hybrid_Framework\target\classes;C:\Users\chowd\.m2\repository\com\github\ralfstuckert\pdfbox-layout\pdfbox2-layout\1.0.1\pdfbox2-layout-1.0.1.jar;C:\Users\chowd\.m2\repository\org\apache\pdfbox\pdfbox\2.0.4\pdfbox-2.0.4.jar;C:\Users\chowd\.m2\repository\org\apache\pdfbox\fontbox\2.0.4\fontbox-2.0.4.jar;C:\Program Files\Java\jdk1.8.0_333\lib\tools.jar;C:\Users\chowd\.m2\repository\org\seleniumhq\selenium\selenium-java\4.8.2\selenium-java-4.8.2.jar;C:\Users\chowd\.m2\repository\org\seleniumhq\selenium\selenium-api\4.8.2\selenium-api-4.8.2.jar;C:\Users\chowd\.m2\repository\org\seleniumhq\selenium\selenium-chrome-driver\4.8.2\selenium-chrome-driver-4.8.2.jar;C:\Users\chowd\.m2\repository\com\google\auto\service\auto-service-annotations\1.0.1\auto-service-annotations-1.0.1.jar;C:\Users\chowd\.m2\repository\com\google\auto\service\auto-service\1.0.1\auto-service-1.0.1.jar;C:\Users\chowd\.m2\repository\com\google\auto\auto-common\1.2\auto-common-1.2.jar;C:\Users\chowd\.m2\repository\com\google\guava\guava\31.1-jre\guava-31.1-jre.jar;C:\Users\chowd\.m2\repository\com\google\guava\failureaccess\1.0.1\failureaccess-1.0.1.jar;C:\Users\chowd\.m2\repository\com\google\guava\listenablefuture\9999.0-empty-to-avoid-conflict-with-guava\listenablefuture-9999.0-empty-to-avoid-conflict-with-guava.jar;C:\Users\chowd\.m2\repository\com\google\code\findbugs\jsr305\3.0.2\jsr305-3.0.2.jar;C:\Users\chowd\.m2\repository\org\checkerframework\checker-qual\3.12.0\checker-qual-3.12.0.jar;C:\Users\chowd\.m2\repository\com\google\errorprone\error_prone_annotations\2.11.0\error_prone_annotations-2.11.0.jar;C:\Users\chowd\.m2\repository\com\google\j2objc\j2objc-annotations\1.3\j2objc-annotations-1.3.jar;C:\Users\chowd\.m2\repository\org\seleniumhq\selenium\selenium-chromium-driver\4.8.2\selenium-chromium-driver-4.8.2.jar;C:\Users\chowd\.m2\repository\org\seleniumhq\selenium\selenium-json\4.8.2\selenium-json-4.8.2.jar;C:\Users\chowd\.m2\repository\org\seleniumhq\selenium\selenium-manager\4.8.2\selenium-manager-4.8.2.jar;C:\Users\chowd\.m2\repository\org\seleniumhq\selenium\selenium-devtools-v109\4.8.2\selenium-devtools-v109-4.8.2.jar;C:\Users\chowd\.m2\repository\org\seleniumhq\selenium\selenium-devtools-v110\4.8.2\selenium-devtools-v110-4.8.2.jar;C:\Users\chowd\.m2\repository\org\seleniumhq\selenium\selenium-devtools-v111\4.8.2\selenium-devtools-v111-4.8.2.jar;C:\Users\chowd\.m2\repository\org\seleniumhq\selenium\selenium-devtools-v85\4.8.2\selenium-devtools-v85-4.8.2.jar;C:\Users\chowd\.m2\repository\org\seleniumhq\selenium\selenium-edge-driver\4.8.2\selenium-edge-driver-4.8.2.jar;C:\Users\chowd\.m2\repository\org\seleniumhq\selenium\selenium-firefox-driver\4.8.2\selenium-firefox-driver-4.8.2.jar;C:\Users\chowd\.m2\repository\org\seleniumhq\selenium\selenium-http\4.8.2\selenium-http-4.8.2.jar;C:\Users\chowd\.m2\repository\dev\failsafe\failsafe\3.3.1\failsafe-3.3.1.jar;C:\Users\chowd\.m2\repository\org\seleniumhq\selenium\selenium-ie-driver\4.8.2\selenium-ie-driver-4.8.2.jar;C:\Users\chowd\.m2\repository\org\seleniumhq\selenium\selenium-remote-driver\4.8.2\selenium-remote-driver-4.8.2.jar;C:\Users\chowd\.m2\repository\io\netty\netty-buffer\4.1.90.Final\netty-buffer-4.1.90.Final.jar;C:\Users\chowd\.m2\repository\io\netty\netty-codec-http\4.1.90.Final\netty-codec-http-4.1.90.Final.jar;C:\Users\chowd\.m2\repository\io\netty\netty-codec\4.1.90.Final\netty-codec-4.1.90.Final.jar;C:\Users\chowd\.m2\repository\io\netty\netty-handler\4.1.90.Final\netty-handler-4.1.90.Final.jar;C:\Users\chowd\.m2\repository\io\netty\netty-common\4.1.90.Final\netty-common-4.1.90.Final.jar;C:\Users\chowd\.m2\repository\io\netty\netty-transport-classes-epoll\4.1.90.Final\netty-transport-classes-epoll-4.1.90.Final.jar;C:\Users\chowd\.m2\repository\io\netty\netty-transport-classes-kqueue\4.1.90.Final\netty-transport-classes-kqueue-4.1.90.Final.jar;C:\Users\chowd\.m2\repository\io\netty\netty-transport-native-epoll\4.1.90.Final\netty-transport-native-epoll-4.1.90.Final.jar;C:\Users\chowd\.m2\repository\io\netty\netty-transport-native-kqueue\4.1.90.Final\netty-transport-native-kqueue-4.1.90.Final.jar;C:\Users\chowd\.m2\repository\io\netty\netty-transport-native-unix-common\4.1.90.Final\netty-transport-native-unix-common-4.1.90.Final.jar;C:\Users\chowd\.m2\repository\io\netty\netty-transport\4.1.90.Final\netty-transport-4.1.90.Final.jar;C:\Users\chowd\.m2\repository\io\netty\netty-resolver\4.1.90.Final\netty-resolver-4.1.90.Final.jar;C:\Users\chowd\.m2\repository\io\opentelemetry\opentelemetry-api\1.24.0\opentelemetry-api-1.24.0.jar;C:\Users\chowd\.m2\repository\io\opentelemetry\opentelemetry-context\1.24.0\opentelemetry-context-1.24.0.jar;C:\Users\chowd\.m2\repository\io\opentelemetry\opentelemetry-exporter-logging\1.24.0\opentelemetry-exporter-logging-1.24.0.jar;C:\Users\chowd\.m2\repository\io\opentelemetry\opentelemetry-sdk-metrics\1.24.0\opentelemetry-sdk-metrics-1.24.0.jar;C:\Users\chowd\.m2\repository\io\opentelemetry\opentelemetry-sdk-logs\1.24.0-alpha\opentelemetry-sdk-logs-1.24.0-alpha.jar;C:\Users\chowd\.m2\repository\io\opentelemetry\opentelemetry-api-logs\1.24.0-alpha\opentelemetry-api-logs-1.24.0-alpha.jar;C:\Users\chowd\.m2\repository\io\opentelemetry\opentelemetry-api-events\1.24.0-alpha\opentelemetry-api-events-1.24.0-alpha.jar;C:\Users\chowd\.m2\repository\io\opentelemetry\opentelemetry-sdk-common\1.24.0\opentelemetry-sdk-common-1.24.0.jar;C:\Users\chowd\.m2\repository\io\opentelemetry\opentelemetry-sdk-extension-autoconfigure-spi\1.24.0\opentelemetry-sdk-extension-autoconfigure-spi-1.24.0.jar;C:\Users\chowd\.m2\repository\io\opentelemetry\opentelemetry-sdk-extension-autoconfigure\1.24.0-alpha\opentelemetry-sdk-extension-autoconfigure-1.24.0-alpha.jar;C:\Users\chowd\.m2\repository\io\opentelemetry\opentelemetry-sdk-trace\1.24.0\opentelemetry-sdk-trace-1.24.0.jar;C:\Users\chowd\.m2\repository\io\opentelemetry\opentelemetry-sdk\1.24.0\opentelemetry-sdk-1.24.0.jar;C:\Users\chowd\.m2\repository\io\opentelemetry\opentelemetry-semconv\1.24.0-alpha\opentelemetry-semconv-1.24.0-alpha.jar;C:\Users\chowd\.m2\repository\io\ous\jtoml\2.0.0\jtoml-2.0.0.jar;C:\Users\chowd\.m2\repository\net\bytebuddy\byte-buddy\1.14.2\byte-buddy-1.14.2.jar;C:\Users\chowd\.m2\repository\org\apache\commons\commons-exec\1.3\commons-exec-1.3.jar;C:\Users\chowd\.m2\repository\org\asynchttpclient\async-http-client\2.12.3\async-http-client-2.12.3.jar;C:\Users\chowd\.m2\repository\org\asynchttpclient\async-http-client-netty-utils\2.12.3\async-http-client-netty-utils-2.12.3.jar;C:\Users\chowd\.m2\repository\io\netty\netty-codec-socks\4.1.60.Final\netty-codec-socks-4.1.60.Final.jar;C:\Users\chowd\.m2\repository\io\netty\netty-handler-proxy\4.1.60.Final\netty-handler-proxy-4.1.60.Final.jar;C:\Users\chowd\.m2\repository\io\netty\netty-transport-native-epoll\4.1.60.Final\netty-transport-native-epoll-4.1.60.Final-linux-x86_64.jar;C:\Users\chowd\.m2\repository\io\netty\netty-transport-native-kqueue\4.1.60.Final\netty-transport-native-kqueue-4.1.60.Final-osx-x86_64.jar;C:\Users\chowd\.m2\repository\org\reactivestreams\reactive-streams\1.0.3\reactive-streams-1.0.3.jar;C:\Users\chowd\.m2\repository\com\typesafe\netty\netty-reactive-streams\2.0.4\netty-reactive-streams-2.0.4.jar;C:\Users\chowd\.m2\repository\com\sun\activation\jakarta.activation\1.2.2\jakarta.activation-1.2.2.jar;C:\Users\chowd\.m2\repository\org\seleniumhq\selenium\selenium-safari-driver\4.8.2\selenium-safari-driver-4.8.2.jar;C:\Users\chowd\.m2\repository\org\seleniumhq\selenium\selenium-support\4.8.2\selenium-support-4.8.2.jar;C:\Users\chowd\.m2\repository\org\testng\testng\6.14.3\testng-6.14.3.jar;C:\Users\chowd\.m2\repository\com\beust\jcommander\1.72\jcommander-1.72.jar;C:\Users\chowd\.m2\repository\org\apache-extras\beanshell\bsh\2.0b6\bsh-2.0b6.jar;C:\Users\chowd\.m2\repository\io\appium\java-client\7.5.1\java-client-7.5.1.jar;C:\Users\chowd\.m2\repository\com\google\code\gson\gson\2.8.6\gson-2.8.6.jar;C:\Users\chowd\.m2\repository\org\apache\httpcomponents\httpclient\4.5.13\httpclient-4.5.13.jar;C:\Users\chowd\.m2\repository\org\apache\httpcomponents\httpcore\4.4.13\httpcore-4.4.13.jar;C:\Users\chowd\.m2\repository\cglib\cglib\3.3.0\cglib-3.3.0.jar;C:\Users\chowd\.m2\repository\commons-validator\commons-validator\1.7\commons-validator-1.7.jar;C:\Users\chowd\.m2\repository\commons-beanutils\commons-beanutils\1.9.4\commons-beanutils-1.9.4.jar;C:\Users\chowd\.m2\repository\commons-digester\commons-digester\2.1\commons-digester-2.1.jar;C:\Users\chowd\.m2\repository\org\apache\commons\commons-lang3\3.12.0\commons-lang3-3.12.0.jar;C:\Users\chowd\.m2\repository\org\springframework\spring-context\5.3.4\spring-context-5.3.4.jar;C:\Users\chowd\.m2\repository\org\springframework\spring-aop\5.3.4\spring-aop-5.3.4.jar;C:\Users\chowd\.m2\repository\org\springframework\spring-beans\5.3.4\spring-beans-5.3.4.jar;C:\Users\chowd\.m2\repository\org\springframework\spring-core\5.3.4\spring-core-5.3.4.jar;C:\Users\chowd\.m2\repository\org\springframework\spring-jcl\5.3.4\spring-jcl-5.3.4.jar;C:\Users\chowd\.m2\repository\org\springframework\spring-expression\5.3.4\spring-expression-5.3.4.jar;C:\Users\chowd\.m2\repository\org\aspectj\aspectjweaver\1.9.6\aspectjweaver-1.9.6.jar;C:\Users\chowd\.m2\repository\org\slf4j\slf4j-api\1.7.30\slf4j-api-1.7.30.jar;C:\Users\chowd\.m2\repository\io\github\bonigarcia\webdrivermanager\5.2.1\webdrivermanager-5.2.1.jar;C:\Users\chowd\.m2\repository\com\github\docker-java\docker-java\3.2.13\docker-java-3.2.13.jar;C:\Users\chowd\.m2\repository\com\github\docker-java\docker-java-core\3.2.13\docker-java-core-3.2.13.jar;C:\Users\chowd\.m2\repository\com\github\docker-java\docker-java-api\3.2.13\docker-java-api-3.2.13.jar;C:\Users\chowd\.m2\repository\org\bouncycastle\bcpkix-jdk15on\1.64\bcpkix-jdk15on-1.64.jar;C:\Users\chowd\.m2\repository\org\bouncycastle\bcprov-jdk15on\1.64\bcprov-jdk15on-1.64.jar;C:\Users\chowd\.m2\repository\org\slf4j\jcl-over-slf4j\1.7.30\jcl-over-slf4j-1.7.30.jar;C:\Users\chowd\.m2\repository\com\github\docker-java\docker-java-transport-httpclient5\3.2.13\docker-java-transport-httpclient5-3.2.13.jar;C:\Users\chowd\.m2\repository\com\github\docker-java\docker-java-transport\3.2.13\docker-java-transport-3.2.13.jar;C:\Users\chowd\.m2\repository\net\java\dev\jna\jna\5.8.0\jna-5.8.0.jar;C:\Users\chowd\.m2\repository\org\brotli\dec\0.1.2\dec-0.1.2.jar;C:\Users\chowd\.m2\repository\org\apache\httpcomponents\client5\httpclient5\5.1.3\httpclient5-5.1.3.jar;C:\Users\chowd\.m2\repository\org\apache\httpcomponents\core5\httpcore5\5.1.3\httpcore5-5.1.3.jar;C:\Users\chowd\.m2\repository\org\apache\httpcomponents\core5\httpcore5-h2\5.1.3\httpcore5-h2-5.1.3.jar;C:\Users\chowd\.m2\repository\io\cucumber\cucumber-core\6.10.4\cucumber-core-6.10.4.jar;C:\Users\chowd\.m2\repository\io\cucumber\cucumber-gherkin\6.10.4\cucumber-gherkin-6.10.4.jar;C:\Users\chowd\.m2\repository\io\cucumber\cucumber-gherkin-messages\6.10.4\cucumber-gherkin-messages-6.10.4.jar;C:\Users\chowd\.m2\repository\io\cucumber\messages\15.0.0\messages-15.0.0.jar;C:\Users\chowd\.m2\repository\io\cucumber\tag-expressions\3.0.1\tag-expressions-3.0.1.jar;C:\Users\chowd\.m2\repository\io\cucumber\cucumber-expressions\10.3.0\cucumber-expressions-10.3.0.jar;C:\Users\chowd\.m2\repository\io\cucumber\datatable\3.5.0\datatable-3.5.0.jar;C:\Users\chowd\.m2\repository\io\cucumber\cucumber-plugin\6.10.4\cucumber-plugin-6.10.4.jar;C:\Users\chowd\.m2\repository\io\cucumber\docstring\6.10.4\docstring-6.10.4.jar;C:\Users\chowd\.m2\repository\io\cucumber\html-formatter\13.0.0\html-formatter-13.0.0.jar;C:\Users\chowd\.m2\repository\io\cucumber\create-meta\4.0.0\create-meta-4.0.0.jar;C:\Users\chowd\.m2\repository\org\apiguardian\apiguardian-api\1.1.1\apiguardian-api-1.1.1.jar;C:\Users\chowd\.m2\repository\io\cucumber\cucumber-java\6.10.4\cucumber-java-6.10.4.jar;C:\Users\chowd\.m2\repository\io\cucumber\cucumber-junit\6.10.4\cucumber-junit-6.10.4.jar;C:\Users\chowd\.m2\repository\io\cucumber\cucumber-testng\6.10.4\cucumber-testng-6.10.4.jar;C:\Users\chowd\.m2\repository\io\cucumber\cucumber-jvm-deps\1.0.6\cucumber-jvm-deps-1.0.6.jar;C:\Users\chowd\.m2\repository\net\masterthought\cucumber-reporting\5.5.3\cucumber-reporting-5.5.3.jar;C:\Users\chowd\.m2\repository\com\fasterxml\jackson\core\jackson-databind\2.12.1\jackson-databind-2.12.1.jar;C:\Users\chowd\.m2\repository\com\fasterxml\jackson\core\jackson-annotations\2.12.1\jackson-annotations-2.12.1.jar;C:\Users\chowd\.m2\repository\com\fasterxml\jackson\core\jackson-core\2.12.1\jackson-core-2.12.1.jar;C:\Users\chowd\.m2\repository\com\fasterxml\jackson\datatype\jackson-datatype-jsr310\2.12.1\jackson-datatype-jsr310-2.12.1.jar;C:\Users\chowd\.m2\repository\org\apache\velocity\velocity-engine-core\2.2\velocity-engine-core-2.2.jar;C:\Users\chowd\.m2\repository\commons-collections\commons-collections\3.2.2\commons-collections-3.2.2.jar;C:\Users\chowd\.m2\repository\joda-time\joda-time\2.10.9\joda-time-2.10.9.jar;C:\Users\chowd\.m2\repository\org\codehaus\plexus\plexus-utils\3.3.0\plexus-utils-3.3.0.jar;C:\Users\chowd\.m2\repository\org\jsoup\jsoup\1.13.1\jsoup-1.13.1.jar;C:\Users\chowd\.m2\repository\com\googlecode\owasp-java-html-sanitizer\owasp-java-html-sanitizer\20200713.1\owasp-java-html-sanitizer-20200713.1.jar;C:\Users\chowd\.m2\repository\commons-configuration\commons-configuration\1.10\commons-configuration-1.10.jar;C:\Users\chowd\.m2\repository\commons-lang\commons-lang\2.6\commons-lang-2.6.jar;C:\Users\chowd\.m2\repository\org\hamcrest\hamcrest-core\2.2\hamcrest-core-2.2.jar;C:\Users\chowd\.m2\repository\org\hamcrest\hamcrest\2.2\hamcrest-2.2.jar;C:\Users\chowd\.m2\repository\io\cucumber\gherkin\5.1.0\gherkin-5.1.0.jar;C:\Users\chowd\.m2\repository\io\cucumber\gherkin-jvm-deps\1.0.4\gherkin-jvm-deps-1.0.4.jar;C:\Users\chowd\.m2\repository\net\sourceforge\cobertura\cobertura\2.1.1\cobertura-2.1.1.jar;C:\Users\chowd\.m2\repository\org\ow2\asm\asm\5.0.1\asm-5.0.1.jar;C:\Users\chowd\.m2\repository\org\ow2\asm\asm-tree\5.0.1\asm-tree-5.0.1.jar;C:\Users\chowd\.m2\repository\org\ow2\asm\asm-commons\5.0.1\asm-commons-5.0.1.jar;C:\Users\chowd\.m2\repository\org\ow2\asm\asm-util\5.0.1\asm-util-5.0.1.jar;C:\Users\chowd\.m2\repository\org\ow2\asm\asm-analysis\5.0.1\asm-analysis-5.0.1.jar;C:\Users\chowd\.m2\repository\oro\oro\2.0.8\oro-2.0.8.jar;C:\Users\chowd\.m2\repository\jaxen\jaxen\1.1.4\jaxen-1.1.4.jar;C:\Users\chowd\.m2\repository\org\apache\ant\ant\1.8.3\ant-1.8.3.jar;C:\Users\chowd\.m2\repository\org\apache\ant\ant-launcher\1.8.3\ant-launcher-1.8.3.jar;C:\Users\chowd\.m2\repository\org\apache\ant\ant-junit\1.8.3\ant-junit-1.8.3.jar;C:\Users\chowd\.m2\repository\org\mortbay\jetty\servlet-api-2.5\6.1.14\servlet-api-2.5-6.1.14.jar;C:\Users\chowd\.m2\repository\org\mortbay\jetty\jetty\6.1.14\jetty-6.1.14.jar;C:\Users\chowd\.m2\repository\org\mortbay\jetty\jetty-util\6.1.14\jetty-util-6.1.14.jar;C:\Users\chowd\.m2\repository\ch\qos\logback\logback-classic\1.0.13\logback-classic-1.0.13.jar;C:\Users\chowd\.m2\repository\ch\qos\logback\logback-core\1.0.13\logback-core-1.0.13.jar;C:\Users\chowd\.m2\repository\junit\junit\4.11\junit-4.11.jar;C:\Users\chowd\.m2\repository\org\apache\poi\poi-ooxml\4.1.1\poi-ooxml-4.1.1.jar;C:\Users\chowd\.m2\repository\org\apache\commons\commons-compress\1.19\commons-compress-1.19.jar;C:\Users\chowd\.m2\repository\com\github\virtuald\curvesapi\1.06\curvesapi-1.06.jar;C:\Users\chowd\.m2\repository\org\apache\poi\poi\4.1.1\poi-4.1.1.jar;C:\Users\chowd\.m2\repository\commons-codec\commons-codec\1.13\commons-codec-1.13.jar;C:\Users\chowd\.m2\repository\org\apache\commons\commons-collections4\4.4\commons-collections4-4.4.jar;C:\Users\chowd\.m2\repository\org\apache\commons\commons-math3\3.6.1\commons-math3-3.6.1.jar;C:\Users\chowd\.m2\repository\org\apache\poi\poi-ooxml-schemas\4.1.1\poi-ooxml-schemas-4.1.1.jar;C:\Users\chowd\.m2\repository\org\apache\xmlbeans\xmlbeans\3.1.0\xmlbeans-3.1.0.jar;C:\Users\chowd\.m2\repository\commons-io\commons-io\2.6\commons-io-2.6.jar;C:\Users\chowd\.m2\repository\org\apache\httpcomponents\fluent-hc\4.5.13\fluent-hc-4.5.13.jar;C:\Users\chowd\.m2\repository\commons-logging\commons-logging\1.2\commons-logging-1.2.jar;C:\Users\chowd\.m2\repository\org\apache\poi\poi-scratchpad\4.1.1\poi-scratchpad-4.1.1.jar;C:\Users\chowd\.m2\repository\org\apache\poi\openxml4j\1.0-beta\openxml4j-1.0-beta.jar;C:\Users\chowd\.m2\repository\dom4j\dom4j\1.6.1\dom4j-1.6.1.jar;C:\Users\chowd\.m2\repository\xml-apis\xml-apis\1.0.b2\xml-apis-1.0.b2.jar;C:\Users\chowd\.m2\repository\log4j\log4j\1.2.8\log4j-1.2.8.jar;C:\Users\chowd\.m2\repository\com\googlecode\json-simple\json-simple\1.1.1\json-simple-1.1.1.jar;C:\Users\chowd\.m2\repository\tech\grasshopper\extentreports-cucumber6-adapter\2.6.0\extentreports-cucumber6-adapter-2.6.0.jar;C:\Users\chowd\.m2\repository\com\aventstack\extentreports\5.0.5\extentreports-5.0.5.jar;C:\Users\chowd\.m2\repository\io\reactivex\rxjava3\rxjava\3.0.4\rxjava-3.0.4.jar;C:\Users\chowd\.m2\repository\org\freemarker\freemarker\2.3.30\freemarker-2.3.30.jar;C:\Users\chowd\.m2\repository\org\projectlombok\lombok\1.18.12\lombok-1.18.12.jar;C:\Users\chowd\.m2\repository\tech\grasshopper\extent-pdf-report\1.5.0\extent-pdf-report-1.5.0.jar;C:\Users\chowd\.m2\repository\tech\grasshopper\cucumber-pdf-report\1.7.0\cucumber-pdf-report-1.7.0.jar;C:\Users\chowd\.m2\repository\org\knowm\xchart\xchart\3.6.5\xchart-3.6.5.jar;C:\Users\chowd\.m2\repository\de\erichseifert\vectorgraphics2d\VectorGraphics2D\0.13\VectorGraphics2D-0.13.jar;C:\Users\chowd\.m2\repository\de\rototor\pdfbox\graphics2d\0.27\graphics2d-0.27.jar;C:\Users\chowd\.m2\repository\com\madgag\animated-gif-lib\1.4\animated-gif-lib-1.4.jar;C:\Users\chowd\.m2\repository\com\github\vandeseer\easytable\0.7.1\easytable-0.7.1.jar;C:\Users\chowd\.m2\repository\org\yaml\snakeyaml\1.27\snakeyaml-1.27.jar;C:\Users\chowd\.m2\repository\com\aventstack\klov-reporter\5.0.5\klov-reporter-5.0.5.jar;C:\Users\chowd\.m2\repository\org\mongodb\bson\3.6.4\bson-3.6.4.jar;C:\Users\chowd\.m2\repository\org\apache\httpcomponents\httpmime\4.5.2\httpmime-4.5.2.jar;C:\Users\chowd\.m2\repository\org\mongodb\mongodb-driver\3.3.0\mongodb-driver-3.3.0.jar;C:\Users\chowd\.m2\repository\org\mongodb\mongodb-driver-core\3.3.0\mongodb-driver-core-3.3.0.jar;"/>
    <property name="sun.cpu.endian" value="little"/>
    <property name="user.home" value="C:\Users\chowd"/>
    <property name="user.language" value="en"/>
    <property name="java.specification.vendor" value="Oracle Corporation"/>
    <property name="java.home" value="C:\Program Files\Java\jdk1.8.0_333\jre"/>
    <property name="basedir" value="C:\Users\chowd\eclipse-workspace\Maven_Rediff_Hybrid_Framework"/>
    <property name="file.separator" value="\"/>
    <property name="line.separator" value="&#10;"/>
    <property name="java.vm.specification.vendor" value="Oracle Corporation"/>
    <property name="java.specification.name" value="Java Platform API Specification"/>
    <property name="java.awt.graphicsenv" value="sun.awt.Win32GraphicsEnvironment"/>
    <property name="surefire.real.class.path" value="C:\Users\chowd\AppData\Local\Temp\surefire3922527370934505325\surefirebooter-20230411130431183_3.jar"/>
    <property name="sun.boot.class.path" value="C:\Program Files\Java\jdk1.8.0_333\jre\lib\resources.jar;C:\Program Files\Java\jdk1.8.0_333\jre\lib\rt.jar;C:\Program Files\Java\jdk1.8.0_333\jre\lib\sunrsasign.jar;C:\Program Files\Java\jdk1.8.0_333\jre\lib\jsse.jar;C:\Program Files\Java\jdk1.8.0_333\jre\lib\jce.jar;C:\Program Files\Java\jdk1.8.0_333\jre\lib\charsets.jar;C:\Program Files\Java\jdk1.8.0_333\jre\lib\jfr.jar;C:\Program Files\Java\jdk1.8.0_333\jre\classes"/>
    <property name="user.script" value=""/>
    <property name="sun.management.compiler" value="HotSpot 64-Bit Tiered Compilers"/>
    <property name="java.runtime.version" value="1.8.0_333-b02"/>
    <property name="user.name" value="chowd"/>
    <property name="path.separator" value=";"/>
    <property name="os.version" value="10.0"/>
    <property name="java.endorsed.dirs" value="C:\Program Files\Java\jdk1.8.0_333\jre\lib\endorsed"/>
    <property name="java.runtime.name" value="Java(TM) SE Runtime Environment"/>
    <property name="file.encoding" value="Cp1252"/>
    <property name="java.vm.name" value="Java HotSpot(TM) 64-Bit Server VM"/>
    <property name="localRepository" value="C:\Users\chowd\.m2\repository"/>
    <property name="java.vendor.url.bug" value="http://bugreport.sun.com/bugreport/"/>
    <property name="java.io.tmpdir" value="C:\Users\chowd\AppData\Local\Temp\"/>
    <property name="java.version" value="1.8.0_333"/>
    <property name="user.dir" value="C:\Users\chowd\eclipse-workspace\Maven_Rediff_Hybrid_Framework"/>
    <property name="os.arch" value="amd64"/>
    <property name="java.vm.specification.name" value="Java Virtual Machine Specification"/>
    <property name="java.awt.printerjob" value="sun.awt.windows.WPrinterJob"/>
    <property name="sun.os.patch.level" value=""/>
    <property name="java.library.path" value="C:\Program Files\Java\jdk1.8.0_333\jre\bin;C:\WINDOWS\Sun\Java\bin;C:\WINDOWS\system32;C:\WINDOWS;C:\Program Files (x86)\Common Files\Oracle\Java\javapath;C:\Program Files (x86)\VMware\VMware Workstation\bin\;C:\WINDOWS\system32;C:\WINDOWS;C:\WINDOWS\System32\Wbem;C:\WINDOWS\System32\WindowsPowerShell\v1.0\;C:\WINDOWS\System32\OpenSSH\;C:\Program Files\Java\jdk1.8.0_333\bin;C:\Program Files\Git\cmd;C:\Program Files\Git\bin;c:\apache-maven-3.8.6\bin\;C:\apache-maven-3.8.6\\bin;C:\apache-maven-3.8.6\;C:\Users\chowd\AppData\Local\Microsoft\WindowsApps;;."/>
    <property name="java.vm.info" value="mixed mode"/>
    <property name="java.vendor" value="Oracle Corporation"/>
    <property name="java.vm.version" value="25.333-b02"/>
    <property name="java.ext.dirs" value="C:\Program Files\Java\jdk1.8.0_333\jre\lib\ext;C:\WINDOWS\Sun\Java\lib\ext"/>
    <property name="sun.io.unicode.encoding" value="UnicodeLittle"/>
    <property name="java.class.version" value="52.0"/>
  </properties>
  <testcase name="validateCurrentUrlAndTitle" classname="com.qa.hybridrediff.testcases.Hybrid_LandingPageTest" time="0.087">
    <system-out><![CDATA[[TestNGContentHandler] [WARN] It is strongly recommended to add "<!DOCTYPE suite SYSTEM "http://testng.org/testng-1.0.dtd" >" at the top of your file, otherwise TestNG may fail or not work as expected.
[DEBUG] Using SLF4J as the default logging framework
[DEBUG] -Dio.netty.leakDetection.level: simple
[DEBUG] -Dio.netty.leakDetection.targetRecords: 4
[DEBUG] Loaded default ResourceLeakDetector: io.netty.util.ResourceLeakDetector@478db956
[DEBUG] -Dio.netty.noUnsafe: false
[DEBUG] Java version: 8
[DEBUG] sun.misc.Unsafe.theUnsafe: available
[DEBUG] sun.misc.Unsafe.copyMemory: available
[DEBUG] sun.misc.Unsafe.storeFence: available
[DEBUG] java.nio.Buffer.address: available
[DEBUG] direct buffer constructor: available
[DEBUG] java.nio.Bits.unaligned: available, true
[DEBUG] jdk.internal.misc.Unsafe.allocateUninitializedArray(int): unavailable prior to Java9
[DEBUG] java.nio.DirectByteBuffer.<init>(long, int): available
[DEBUG] sun.misc.Unsafe: available
[DEBUG] -Dio.netty.tmpdir: C:\Users\chowd\AppData\Local\Temp (java.io.tmpdir)
[DEBUG] -Dio.netty.bitMode: 64 (sun.arch.data.model)
[DEBUG] Platform: Windows
[DEBUG] -Dio.netty.maxDirectMemory: 2803892224 bytes
[DEBUG] -Dio.netty.uninitializedArrayAllocationThreshold: -1
[DEBUG] java.nio.ByteBuffer.cleaner(): available
[DEBUG] -Dio.netty.noPreferDirect: false
[DEBUG] org.jctools-core.MpscChunkedArrayQueue: available
[DEBUG] -Dio.netty.threadLocalMap.stringBuilder.initialSize: 1024
[DEBUG] -Dio.netty.threadLocalMap.stringBuilder.maxSize: 4096
[DEBUG] Default protocols (JDK): [TLSv1.2] 
[DEBUG] Default cipher suites (JDK): [TLS_ECDHE_ECDSA_WITH_AES_256_GCM_SHA384, TLS_ECDHE_ECDSA_WITH_AES_128_GCM_SHA256, TLS_ECDHE_RSA_WITH_AES_128_GCM_SHA256, TLS_ECDHE_RSA_WITH_AES_256_GCM_SHA384, TLS_ECDHE_RSA_WITH_AES_128_CBC_SHA, TLS_ECDHE_RSA_WITH_AES_256_CBC_SHA, TLS_RSA_WITH_AES_128_GCM_SHA256, TLS_RSA_WITH_AES_128_CBC_SHA, TLS_RSA_WITH_AES_256_CBC_SHA, TLS_AES_128_GCM_SHA256, TLS_AES_256_GCM_SHA384]
[DEBUG] -Dio.netty.globalEventExecutor.quietPeriodSeconds: 1
[DEBUG] -Dio.netty.eventLoopThreads: 16
[DEBUG] -Dio.netty.noKeySetOptimization: false
[DEBUG] -Dio.netty.selectorAutoRebuildThreshold: 512
[DEBUG] -Dio.netty.allocator.numHeapArenas: 16
[DEBUG] -Dio.netty.allocator.numDirectArenas: 16
[DEBUG] -Dio.netty.allocator.pageSize: 8192
[DEBUG] -Dio.netty.allocator.maxOrder: 9
[DEBUG] -Dio.netty.allocator.chunkSize: 4194304
[DEBUG] -Dio.netty.allocator.smallCacheSize: 256
[DEBUG] -Dio.netty.allocator.normalCacheSize: 64
[DEBUG] -Dio.netty.allocator.maxCachedBufferCapacity: 32768
[DEBUG] -Dio.netty.allocator.cacheTrimInterval: 8192
[DEBUG] -Dio.netty.allocator.cacheTrimIntervalMillis: 0
[DEBUG] -Dio.netty.allocator.useCacheForAllThreads: false
[DEBUG] -Dio.netty.allocator.maxCachedByteBuffersPerChunk: 1023
[DEBUG] -Dio.netty.allocator.type: pooled
[DEBUG] -Dio.netty.threadLocalDirectBufferSize: 0
[DEBUG] -Dio.netty.maxThreadLocalCharBufferSize: 16384
[DEBUG] -Dio.netty.processId: 4676 (auto-detected)
[DEBUG] -Djava.net.preferIPv4Stack: false
[DEBUG] -Djava.net.preferIPv6Addresses: false
[DEBUG] Loopback interface: lo (Software Loopback Interface 1, 127.0.0.1)
[DEBUG] Failed to get SOMAXCONN from sysctl and file \proc\sys\net\core\somaxconn. Default: 200
[DEBUG] -Dio.netty.machineId: 34:6f:24:ff:fe:1f:1c:1f (auto-detected)
[DEBUG] -Dio.netty.buffer.checkAccessible: true
[DEBUG] -Dio.netty.buffer.checkBounds: true
[DEBUG] Loaded default ResourceLeakDetector: io.netty.util.ResourceLeakDetector@3857195a
[DEBUG] Using new Channel '[id: 0xd307ac07, L:/127.0.0.1:62514 - R:localhost/127.0.0.1:3515]' for 'POST' to '/session'
[DEBUG] -Dio.netty.recycler.maxCapacityPerThread: 4096
[DEBUG] -Dio.netty.recycler.ratio: 8
[DEBUG] -Dio.netty.recycler.chunkSize: 32
[DEBUG] -Dio.netty.recycler.blocking: false
[DEBUG] -Dio.netty.recycler.batchFastThreadLocalOnly: true
[DEBUG] brotli4j not in the classpath; Brotli support will be unavailable.
[DEBUG] 

Request DefaultHttpRequest(decodeResult: success, version: HTTP/1.1)
POST /session HTTP/1.1
User-Agent: selenium/4.8.2 (java windows)
Content-Length: 621
Content-Type: application/json; charset=utf-8
host: localhost:3515
accept: */*

Response DefaultHttpResponse(decodeResult: success, version: HTTP/1.1)
HTTP/1.1 200 OK
Content-Length: 857
Content-Type: application/json; charset=utf-8
cache-control: no-cache

[DEBUG] Adding key: http://localhost:3515 for channel [id: 0xd307ac07, L:/127.0.0.1:62514 - R:localhost/127.0.0.1:3515]
[DEBUG] Using new Channel '[id: 0x5fe37b76, L:/127.0.0.1:62520 - R:localhost/127.0.0.1:62515]' for 'GET' to '/json/version'
[DEBUG] 

Request DefaultFullHttpRequest(decodeResult: success, version: HTTP/1.1, content: EmptyByteBufBE)
GET /json/version HTTP/1.1
User-Agent: selenium/4.8.2 (java windows)
host: localhost:62515
accept: */*

Response DefaultHttpResponse(decodeResult: success, version: HTTP/1.1)
HTTP/1.1 200 OK
Content-Security-Policy: frame-ancestors 'none'
Content-Length: 422
Content-Type: application/json; charset=UTF-8

[DEBUG] Adding key: http://localhost:62515 for channel [id: 0x5fe37b76, L:/127.0.0.1:62520 - R:localhost/127.0.0.1:62515]
[DEBUG] -Dio.netty.initialSeedUniquifier: 0x346f4b5841d3fb34
[DEBUG] Using new Channel '[id: 0x9ff4b897, L:/127.0.0.1:62521 - R:localhost/127.0.0.1:62515]' for 'GET' to '/devtools/browser/7d577f14-bb19-4a4f-9964-f616331dc337'
[DEBUG] 

Request DefaultFullHttpRequest(decodeResult: success, version: HTTP/1.1, content: EmptyByteBufBE)
GET /devtools/browser/7d577f14-bb19-4a4f-9964-f616331dc337 HTTP/1.1
upgrade: websocket
connection: upgrade
sec-websocket-key: unTPJ2VIesjGF4wgzD9DvQ==
sec-websocket-version: 13
origin: http://localhost:62515
host: localhost:62515
accept: */*
user-agent: AHC/2.1

Response DefaultHttpResponse(decodeResult: success, version: HTTP/1.1)
HTTP/1.1 101 WebSocket Protocol Handshake
Upgrade: WebSocket
Connection: Upgrade
Sec-WebSocket-Accept: Ev+MmiCKDOK+VEBvaNylYcn6XqM=

[DEBUG] Using pooled Channel '[id: 0xd307ac07, L:/127.0.0.1:62514 - R:localhost/127.0.0.1:3515]' for 'POST' to 'http://localhost:3515/session/fba6900d3fa06b6a02bcbb4ba200d60f/url'
[DEBUG] Using open Channel [id: 0xd307ac07, L:/127.0.0.1:62514 - R:localhost/127.0.0.1:3515] for POST '/session/fba6900d3fa06b6a02bcbb4ba200d60f/url'
[DEBUG] 

Request DefaultHttpRequest(decodeResult: success, version: HTTP/1.1)
POST /session/fba6900d3fa06b6a02bcbb4ba200d60f/url HTTP/1.1
User-Agent: selenium/4.8.2 (java windows)
Content-Length: 53
Content-Type: application/json; charset=utf-8
host: localhost:3515
accept: */*

Response DefaultHttpResponse(decodeResult: success, version: HTTP/1.1)
HTTP/1.1 200 OK
Content-Length: 14
Content-Type: application/json; charset=utf-8
cache-control: no-cache

[DEBUG] Adding key: http://localhost:3515 for channel [id: 0xd307ac07, L:/127.0.0.1:62514 - R:localhost/127.0.0.1:3515]
[DEBUG] Using pooled Channel '[id: 0xd307ac07, L:/127.0.0.1:62514 - R:localhost/127.0.0.1:3515]' for 'POST' to 'http://localhost:3515/session/fba6900d3fa06b6a02bcbb4ba200d60f/window/maximize'
[DEBUG] Using open Channel [id: 0xd307ac07, L:/127.0.0.1:62514 - R:localhost/127.0.0.1:3515] for POST '/session/fba6900d3fa06b6a02bcbb4ba200d60f/window/maximize'
[DEBUG] 

Request DefaultHttpRequest(decodeResult: success, version: HTTP/1.1)
POST /session/fba6900d3fa06b6a02bcbb4ba200d60f/window/maximize HTTP/1.1
User-Agent: selenium/4.8.2 (java windows)
Content-Length: 3
Content-Type: application/json; charset=utf-8
host: localhost:3515
accept: */*

Response DefaultHttpResponse(decodeResult: success, version: HTTP/1.1)
HTTP/1.1 200 OK
Content-Length: 51
Content-Type: application/json; charset=utf-8
cache-control: no-cache

[DEBUG] Adding key: http://localhost:3515 for channel [id: 0xd307ac07, L:/127.0.0.1:62514 - R:localhost/127.0.0.1:3515]
[DEBUG] Using pooled Channel '[id: 0xd307ac07, L:/127.0.0.1:62514 - R:localhost/127.0.0.1:3515]' for 'DELETE' to 'http://localhost:3515/session/fba6900d3fa06b6a02bcbb4ba200d60f/cookie'
[DEBUG] Using open Channel [id: 0xd307ac07, L:/127.0.0.1:62514 - R:localhost/127.0.0.1:3515] for DELETE '/session/fba6900d3fa06b6a02bcbb4ba200d60f/cookie'
[DEBUG] 

Request DefaultFullHttpRequest(decodeResult: success, version: HTTP/1.1, content: EmptyByteBufBE)
DELETE /session/fba6900d3fa06b6a02bcbb4ba200d60f/cookie HTTP/1.1
User-Agent: selenium/4.8.2 (java windows)
Content-Type: application/json; charset=utf-8
host: localhost:3515
accept: */*

Response DefaultHttpResponse(decodeResult: success, version: HTTP/1.1)
HTTP/1.1 200 OK
Content-Length: 14
Content-Type: application/json; charset=utf-8
cache-control: no-cache

[DEBUG] Adding key: http://localhost:3515 for channel [id: 0xd307ac07, L:/127.0.0.1:62514 - R:localhost/127.0.0.1:3515]
[DEBUG] Using pooled Channel '[id: 0xd307ac07, L:/127.0.0.1:62514 - R:localhost/127.0.0.1:3515]' for 'POST' to 'http://localhost:3515/session/fba6900d3fa06b6a02bcbb4ba200d60f/timeouts'
[DEBUG] Using open Channel [id: 0xd307ac07, L:/127.0.0.1:62514 - R:localhost/127.0.0.1:3515] for POST '/session/fba6900d3fa06b6a02bcbb4ba200d60f/timeouts'
[DEBUG] 

Request DefaultHttpRequest(decodeResult: success, version: HTTP/1.1)
POST /session/fba6900d3fa06b6a02bcbb4ba200d60f/timeouts HTTP/1.1
User-Agent: selenium/4.8.2 (java windows)
Content-Length: 23
Content-Type: application/json; charset=utf-8
host: localhost:3515
accept: */*

Response DefaultHttpResponse(decodeResult: success, version: HTTP/1.1)
HTTP/1.1 200 OK
Content-Length: 14
Content-Type: application/json; charset=utf-8
cache-control: no-cache

[DEBUG] Adding key: http://localhost:3515 for channel [id: 0xd307ac07, L:/127.0.0.1:62514 - R:localhost/127.0.0.1:3515]
[DEBUG] Using pooled Channel '[id: 0xd307ac07, L:/127.0.0.1:62514 - R:localhost/127.0.0.1:3515]' for 'POST' to 'http://localhost:3515/session/fba6900d3fa06b6a02bcbb4ba200d60f/timeouts'
[DEBUG] Using open Channel [id: 0xd307ac07, L:/127.0.0.1:62514 - R:localhost/127.0.0.1:3515] for POST '/session/fba6900d3fa06b6a02bcbb4ba200d60f/timeouts'
[DEBUG] 

Request DefaultHttpRequest(decodeResult: success, version: HTTP/1.1)
POST /session/fba6900d3fa06b6a02bcbb4ba200d60f/timeouts HTTP/1.1
User-Agent: selenium/4.8.2 (java windows)
Content-Length: 23
Content-Type: application/json; charset=utf-8
host: localhost:3515
accept: */*

Response DefaultHttpResponse(decodeResult: success, version: HTTP/1.1)
HTTP/1.1 200 OK
Content-Length: 14
Content-Type: application/json; charset=utf-8
cache-control: no-cache

[DEBUG] Adding key: http://localhost:3515 for channel [id: 0xd307ac07, L:/127.0.0.1:62514 - R:localhost/127.0.0.1:3515]
[DEBUG] Using pooled Channel '[id: 0xd307ac07, L:/127.0.0.1:62514 - R:localhost/127.0.0.1:3515]' for 'POST' to 'http://localhost:3515/session/fba6900d3fa06b6a02bcbb4ba200d60f/timeouts'
[DEBUG] Using open Channel [id: 0xd307ac07, L:/127.0.0.1:62514 - R:localhost/127.0.0.1:3515] for POST '/session/fba6900d3fa06b6a02bcbb4ba200d60f/timeouts'
[DEBUG] 

Request DefaultHttpRequest(decodeResult: success, version: HTTP/1.1)
POST /session/fba6900d3fa06b6a02bcbb4ba200d60f/timeouts HTTP/1.1
User-Agent: selenium/4.8.2 (java windows)
Content-Length: 21
Content-Type: application/json; charset=utf-8
host: localhost:3515
accept: */*

Response DefaultHttpResponse(decodeResult: success, version: HTTP/1.1)
HTTP/1.1 200 OK
Content-Length: 14
Content-Type: application/json; charset=utf-8
cache-control: no-cache

[DEBUG] Adding key: http://localhost:3515 for channel [id: 0xd307ac07, L:/127.0.0.1:62514 - R:localhost/127.0.0.1:3515]
[DEBUG] Entry count for : http://localhost:3515 : 1
[DEBUG] Entry count for : http://localhost:62515 : 1
[DEBUG] Using new Channel '[id: 0x3ab6cdce, L:/127.0.0.1:62558 - R:localhost/127.0.0.1:30683]' for 'POST' to '/session'
[DEBUG] Entry count for : http://localhost:3515 : 1
[DEBUG] Entry count for : http://localhost:62515 : 1
[DEBUG] 

Request DefaultHttpRequest(decodeResult: success, version: HTTP/1.1)
POST /session HTTP/1.1
User-Agent: selenium/4.8.2 (java windows)
Content-Length: 621
Content-Type: application/json; charset=utf-8
host: localhost:30683
accept: */*

Response DefaultHttpResponse(decodeResult: success, version: HTTP/1.1)
HTTP/1.1 200 OK
Content-Length: 857
Content-Type: application/json; charset=utf-8
cache-control: no-cache

[DEBUG] Adding key: http://localhost:30683 for channel [id: 0x3ab6cdce, L:/127.0.0.1:62558 - R:localhost/127.0.0.1:30683]
[DEBUG] Using new Channel '[id: 0xcb56a432, L:/127.0.0.1:62565 - R:localhost/127.0.0.1:62560]' for 'GET' to '/json/version'
[DEBUG] 

Request DefaultFullHttpRequest(decodeResult: success, version: HTTP/1.1, content: EmptyByteBufBE)
GET /json/version HTTP/1.1
User-Agent: selenium/4.8.2 (java windows)
host: localhost:62560
accept: */*

Response DefaultHttpResponse(decodeResult: success, version: HTTP/1.1)
HTTP/1.1 200 OK
Content-Security-Policy: frame-ancestors 'none'
Content-Length: 422
Content-Type: application/json; charset=UTF-8

[DEBUG] Adding key: http://localhost:62560 for channel [id: 0xcb56a432, L:/127.0.0.1:62565 - R:localhost/127.0.0.1:62560]
[DEBUG] Using new Channel '[id: 0x2a77776c, L:/127.0.0.1:62566 - R:localhost/127.0.0.1:62560]' for 'GET' to '/devtools/browser/99e9ac7d-58c1-465b-8cff-32b8e8949689'
[DEBUG] 

Request DefaultFullHttpRequest(decodeResult: success, version: HTTP/1.1, content: EmptyByteBufBE)
GET /devtools/browser/99e9ac7d-58c1-465b-8cff-32b8e8949689 HTTP/1.1
upgrade: websocket
connection: upgrade
sec-websocket-key: 0A5LbrcUSgGJOh7bqR4lIg==
sec-websocket-version: 13
origin: http://localhost:62560
host: localhost:62560
accept: */*
user-agent: AHC/2.1

Response DefaultHttpResponse(decodeResult: success, version: HTTP/1.1)
HTTP/1.1 101 WebSocket Protocol Handshake
Upgrade: WebSocket
Connection: Upgrade
Sec-WebSocket-Accept: WZiQBruvGZr35Sn5ZcLaQUkAqJI=

[DEBUG] Using pooled Channel '[id: 0x3ab6cdce, L:/127.0.0.1:62558 - R:localhost/127.0.0.1:30683]' for 'POST' to 'http://localhost:30683/session/a57d0ed98e109b26bbc34d7ba39da74d/url'
[DEBUG] Using open Channel [id: 0x3ab6cdce, L:/127.0.0.1:62558 - R:localhost/127.0.0.1:30683] for POST '/session/a57d0ed98e109b26bbc34d7ba39da74d/url'
[DEBUG] 

Request DefaultHttpRequest(decodeResult: success, version: HTTP/1.1)
POST /session/a57d0ed98e109b26bbc34d7ba39da74d/url HTTP/1.1
User-Agent: selenium/4.8.2 (java windows)
Content-Length: 53
Content-Type: application/json; charset=utf-8
host: localhost:30683
accept: */*

Response DefaultHttpResponse(decodeResult: success, version: HTTP/1.1)
HTTP/1.1 200 OK
Content-Length: 14
Content-Type: application/json; charset=utf-8
cache-control: no-cache

[DEBUG] Adding key: http://localhost:30683 for channel [id: 0x3ab6cdce, L:/127.0.0.1:62558 - R:localhost/127.0.0.1:30683]
[DEBUG] Using pooled Channel '[id: 0x3ab6cdce, L:/127.0.0.1:62558 - R:localhost/127.0.0.1:30683]' for 'POST' to 'http://localhost:30683/session/a57d0ed98e109b26bbc34d7ba39da74d/window/maximize'
[DEBUG] Using open Channel [id: 0x3ab6cdce, L:/127.0.0.1:62558 - R:localhost/127.0.0.1:30683] for POST '/session/a57d0ed98e109b26bbc34d7ba39da74d/window/maximize'
[DEBUG] 

Request DefaultHttpRequest(decodeResult: success, version: HTTP/1.1)
POST /session/a57d0ed98e109b26bbc34d7ba39da74d/window/maximize HTTP/1.1
User-Agent: selenium/4.8.2 (java windows)
Content-Length: 3
Content-Type: application/json; charset=utf-8
host: localhost:30683
accept: */*

Response DefaultHttpResponse(decodeResult: success, version: HTTP/1.1)
HTTP/1.1 200 OK
Content-Length: 51
Content-Type: application/json; charset=utf-8
cache-control: no-cache

[DEBUG] Adding key: http://localhost:30683 for channel [id: 0x3ab6cdce, L:/127.0.0.1:62558 - R:localhost/127.0.0.1:30683]
[DEBUG] Using pooled Channel '[id: 0x3ab6cdce, L:/127.0.0.1:62558 - R:localhost/127.0.0.1:30683]' for 'DELETE' to 'http://localhost:30683/session/a57d0ed98e109b26bbc34d7ba39da74d/cookie'
[DEBUG] Using open Channel [id: 0x3ab6cdce, L:/127.0.0.1:62558 - R:localhost/127.0.0.1:30683] for DELETE '/session/a57d0ed98e109b26bbc34d7ba39da74d/cookie'
[DEBUG] 

Request DefaultFullHttpRequest(decodeResult: success, version: HTTP/1.1, content: EmptyByteBufBE)
DELETE /session/a57d0ed98e109b26bbc34d7ba39da74d/cookie HTTP/1.1
User-Agent: selenium/4.8.2 (java windows)
Content-Type: application/json; charset=utf-8
host: localhost:30683
accept: */*

Response DefaultHttpResponse(decodeResult: success, version: HTTP/1.1)
HTTP/1.1 200 OK
Content-Length: 14
Content-Type: application/json; charset=utf-8
cache-control: no-cache

[DEBUG] Adding key: http://localhost:30683 for channel [id: 0x3ab6cdce, L:/127.0.0.1:62558 - R:localhost/127.0.0.1:30683]
[DEBUG] Using pooled Channel '[id: 0x3ab6cdce, L:/127.0.0.1:62558 - R:localhost/127.0.0.1:30683]' for 'POST' to 'http://localhost:30683/session/a57d0ed98e109b26bbc34d7ba39da74d/timeouts'
[DEBUG] Using open Channel [id: 0x3ab6cdce, L:/127.0.0.1:62558 - R:localhost/127.0.0.1:30683] for POST '/session/a57d0ed98e109b26bbc34d7ba39da74d/timeouts'
[DEBUG] 

Request DefaultHttpRequest(decodeResult: success, version: HTTP/1.1)
POST /session/a57d0ed98e109b26bbc34d7ba39da74d/timeouts HTTP/1.1
User-Agent: selenium/4.8.2 (java windows)
Content-Length: 23
Content-Type: application/json; charset=utf-8
host: localhost:30683
accept: */*

Response DefaultHttpResponse(decodeResult: success, version: HTTP/1.1)
HTTP/1.1 200 OK
Content-Length: 14
Content-Type: application/json; charset=utf-8
cache-control: no-cache

[DEBUG] Adding key: http://localhost:30683 for channel [id: 0x3ab6cdce, L:/127.0.0.1:62558 - R:localhost/127.0.0.1:30683]
[DEBUG] Using pooled Channel '[id: 0x3ab6cdce, L:/127.0.0.1:62558 - R:localhost/127.0.0.1:30683]' for 'POST' to 'http://localhost:30683/session/a57d0ed98e109b26bbc34d7ba39da74d/timeouts'
[DEBUG] Using open Channel [id: 0x3ab6cdce, L:/127.0.0.1:62558 - R:localhost/127.0.0.1:30683] for POST '/session/a57d0ed98e109b26bbc34d7ba39da74d/timeouts'
[DEBUG] 

Request DefaultHttpRequest(decodeResult: success, version: HTTP/1.1)
POST /session/a57d0ed98e109b26bbc34d7ba39da74d/timeouts HTTP/1.1
User-Agent: selenium/4.8.2 (java windows)
Content-Length: 23
Content-Type: application/json; charset=utf-8
host: localhost:30683
accept: */*

Response DefaultHttpResponse(decodeResult: success, version: HTTP/1.1)
HTTP/1.1 200 OK
Content-Length: 14
Content-Type: application/json; charset=utf-8
cache-control: no-cache

[DEBUG] Adding key: http://localhost:30683 for channel [id: 0x3ab6cdce, L:/127.0.0.1:62558 - R:localhost/127.0.0.1:30683]
[DEBUG] Using pooled Channel '[id: 0x3ab6cdce, L:/127.0.0.1:62558 - R:localhost/127.0.0.1:30683]' for 'POST' to 'http://localhost:30683/session/a57d0ed98e109b26bbc34d7ba39da74d/timeouts'
[DEBUG] Using open Channel [id: 0x3ab6cdce, L:/127.0.0.1:62558 - R:localhost/127.0.0.1:30683] for POST '/session/a57d0ed98e109b26bbc34d7ba39da74d/timeouts'
[DEBUG] 

Request DefaultHttpRequest(decodeResult: success, version: HTTP/1.1)
POST /session/a57d0ed98e109b26bbc34d7ba39da74d/timeouts HTTP/1.1
User-Agent: selenium/4.8.2 (java windows)
Content-Length: 21
Content-Type: application/json; charset=utf-8
host: localhost:30683
accept: */*

Response DefaultHttpResponse(decodeResult: success, version: HTTP/1.1)
HTTP/1.1 200 OK
Content-Length: 14
Content-Type: application/json; charset=utf-8
cache-control: no-cache

[DEBUG] Adding key: http://localhost:30683 for channel [id: 0x3ab6cdce, L:/127.0.0.1:62558 - R:localhost/127.0.0.1:30683]
[DEBUG] Entry count for : http://localhost:3515 : 1
[DEBUG] Entry count for : http://localhost:62560 : 1
[DEBUG] Entry count for : http://localhost:62515 : 1
[DEBUG] Entry count for : http://localhost:30683 : 1
[DEBUG] Using new Channel '[id: 0x0137af47, L:/127.0.0.1:62632 - R:localhost/127.0.0.1:14253]' for 'POST' to '/session'
[DEBUG] Entry count for : http://localhost:3515 : 1
[DEBUG] Entry count for : http://localhost:62560 : 1
[DEBUG] Entry count for : http://localhost:62515 : 1
[DEBUG] Entry count for : http://localhost:30683 : 1
[DEBUG] 

Request DefaultHttpRequest(decodeResult: success, version: HTTP/1.1)
POST /session HTTP/1.1
User-Agent: selenium/4.8.2 (java windows)
Content-Length: 621
Content-Type: application/json; charset=utf-8
host: localhost:14253
accept: */*

Response DefaultHttpResponse(decodeResult: success, version: HTTP/1.1)
HTTP/1.1 200 OK
Content-Length: 858
Content-Type: application/json; charset=utf-8
cache-control: no-cache

[DEBUG] Adding key: http://localhost:14253 for channel [id: 0x0137af47, L:/127.0.0.1:62632 - R:localhost/127.0.0.1:14253]
[DEBUG] Using new Channel '[id: 0x08503591, L:/127.0.0.1:62659 - R:localhost/127.0.0.1:62636]' for 'GET' to '/json/version'
[DEBUG] 

Request DefaultFullHttpRequest(decodeResult: success, version: HTTP/1.1, content: EmptyByteBufBE)
GET /json/version HTTP/1.1
User-Agent: selenium/4.8.2 (java windows)
host: localhost:62636
accept: */*

Response DefaultHttpResponse(decodeResult: success, version: HTTP/1.1)
HTTP/1.1 200 OK
Content-Security-Policy: frame-ancestors 'none'
Content-Length: 422
Content-Type: application/json; charset=UTF-8

[DEBUG] Adding key: http://localhost:62636 for channel [id: 0x08503591, L:/127.0.0.1:62659 - R:localhost/127.0.0.1:62636]
[DEBUG] Using new Channel '[id: 0x83f6b4ed, L:/127.0.0.1:62660 - R:localhost/127.0.0.1:62636]' for 'GET' to '/devtools/browser/0a133362-0284-49d4-b884-85430ff8a5e0'
[DEBUG] 

Request DefaultFullHttpRequest(decodeResult: success, version: HTTP/1.1, content: EmptyByteBufBE)
GET /devtools/browser/0a133362-0284-49d4-b884-85430ff8a5e0 HTTP/1.1
upgrade: websocket
connection: upgrade
sec-websocket-key: k9liqAfsCAss7T7gPyQ71w==
sec-websocket-version: 13
origin: http://localhost:62636
host: localhost:62636
accept: */*
user-agent: AHC/2.1

Response DefaultHttpResponse(decodeResult: success, version: HTTP/1.1)
HTTP/1.1 101 WebSocket Protocol Handshake
Upgrade: WebSocket
Connection: Upgrade
Sec-WebSocket-Accept: O54bt38KD2iUvQGexMgfMmZUUDo=

[DEBUG] Using pooled Channel '[id: 0x0137af47, L:/127.0.0.1:62632 - R:localhost/127.0.0.1:14253]' for 'POST' to 'http://localhost:14253/session/c774ef57a955992f408f614450243168/url'
[DEBUG] Using open Channel [id: 0x0137af47, L:/127.0.0.1:62632 - R:localhost/127.0.0.1:14253] for POST '/session/c774ef57a955992f408f614450243168/url'
[DEBUG] Entry count for : http://localhost:3515 : 1
[DEBUG] Entry count for : http://localhost:62560 : 1
[DEBUG] Entry count for : http://localhost:62515 : 1
[DEBUG] Entry count for : http://localhost:62636 : 1
[DEBUG] Entry count for : http://localhost:30683 : 1
[DEBUG] 

Request DefaultHttpRequest(decodeResult: success, version: HTTP/1.1)
POST /session/c774ef57a955992f408f614450243168/url HTTP/1.1
User-Agent: selenium/4.8.2 (java windows)
Content-Length: 53
Content-Type: application/json; charset=utf-8
host: localhost:14253
accept: */*

Response DefaultHttpResponse(decodeResult: success, version: HTTP/1.1)
HTTP/1.1 200 OK
Content-Length: 14
Content-Type: application/json; charset=utf-8
cache-control: no-cache

[DEBUG] Adding key: http://localhost:14253 for channel [id: 0x0137af47, L:/127.0.0.1:62632 - R:localhost/127.0.0.1:14253]
[DEBUG] Using pooled Channel '[id: 0x0137af47, L:/127.0.0.1:62632 - R:localhost/127.0.0.1:14253]' for 'POST' to 'http://localhost:14253/session/c774ef57a955992f408f614450243168/window/maximize'
[DEBUG] Using open Channel [id: 0x0137af47, L:/127.0.0.1:62632 - R:localhost/127.0.0.1:14253] for POST '/session/c774ef57a955992f408f614450243168/window/maximize'
[DEBUG] 

Request DefaultHttpRequest(decodeResult: success, version: HTTP/1.1)
POST /session/c774ef57a955992f408f614450243168/window/maximize HTTP/1.1
User-Agent: selenium/4.8.2 (java windows)
Content-Length: 3
Content-Type: application/json; charset=utf-8
host: localhost:14253
accept: */*

Response DefaultHttpResponse(decodeResult: success, version: HTTP/1.1)
HTTP/1.1 200 OK
Content-Length: 51
Content-Type: application/json; charset=utf-8
cache-control: no-cache

[DEBUG] Adding key: http://localhost:14253 for channel [id: 0x0137af47, L:/127.0.0.1:62632 - R:localhost/127.0.0.1:14253]
[DEBUG] Using pooled Channel '[id: 0x0137af47, L:/127.0.0.1:62632 - R:localhost/127.0.0.1:14253]' for 'DELETE' to 'http://localhost:14253/session/c774ef57a955992f408f614450243168/cookie'
[DEBUG] Using open Channel [id: 0x0137af47, L:/127.0.0.1:62632 - R:localhost/127.0.0.1:14253] for DELETE '/session/c774ef57a955992f408f614450243168/cookie'
[DEBUG] 

Request DefaultFullHttpRequest(decodeResult: success, version: HTTP/1.1, content: EmptyByteBufBE)
DELETE /session/c774ef57a955992f408f614450243168/cookie HTTP/1.1
User-Agent: selenium/4.8.2 (java windows)
Content-Type: application/json; charset=utf-8
host: localhost:14253
accept: */*

Response DefaultHttpResponse(decodeResult: success, version: HTTP/1.1)
HTTP/1.1 200 OK
Content-Length: 14
Content-Type: application/json; charset=utf-8
cache-control: no-cache

[DEBUG] Adding key: http://localhost:14253 for channel [id: 0x0137af47, L:/127.0.0.1:62632 - R:localhost/127.0.0.1:14253]
[DEBUG] Using pooled Channel '[id: 0x0137af47, L:/127.0.0.1:62632 - R:localhost/127.0.0.1:14253]' for 'POST' to 'http://localhost:14253/session/c774ef57a955992f408f614450243168/timeouts'
[DEBUG] Using open Channel [id: 0x0137af47, L:/127.0.0.1:62632 - R:localhost/127.0.0.1:14253] for POST '/session/c774ef57a955992f408f614450243168/timeouts'
[DEBUG] 

Request DefaultHttpRequest(decodeResult: success, version: HTTP/1.1)
POST /session/c774ef57a955992f408f614450243168/timeouts HTTP/1.1
User-Agent: selenium/4.8.2 (java windows)
Content-Length: 23
Content-Type: application/json; charset=utf-8
host: localhost:14253
accept: */*

Response DefaultHttpResponse(decodeResult: success, version: HTTP/1.1)
HTTP/1.1 200 OK
Content-Length: 14
Content-Type: application/json; charset=utf-8
cache-control: no-cache

[DEBUG] Adding key: http://localhost:14253 for channel [id: 0x0137af47, L:/127.0.0.1:62632 - R:localhost/127.0.0.1:14253]
[DEBUG] Using pooled Channel '[id: 0x0137af47, L:/127.0.0.1:62632 - R:localhost/127.0.0.1:14253]' for 'POST' to 'http://localhost:14253/session/c774ef57a955992f408f614450243168/timeouts'
[DEBUG] Using open Channel [id: 0x0137af47, L:/127.0.0.1:62632 - R:localhost/127.0.0.1:14253] for POST '/session/c774ef57a955992f408f614450243168/timeouts'
[DEBUG] 

Request DefaultHttpRequest(decodeResult: success, version: HTTP/1.1)
POST /session/c774ef57a955992f408f614450243168/timeouts HTTP/1.1
User-Agent: selenium/4.8.2 (java windows)
Content-Length: 23
Content-Type: application/json; charset=utf-8
host: localhost:14253
accept: */*

Response DefaultHttpResponse(decodeResult: success, version: HTTP/1.1)
HTTP/1.1 200 OK
Content-Length: 14
Content-Type: application/json; charset=utf-8
cache-control: no-cache

[DEBUG] Adding key: http://localhost:14253 for channel [id: 0x0137af47, L:/127.0.0.1:62632 - R:localhost/127.0.0.1:14253]
[DEBUG] Using pooled Channel '[id: 0x0137af47, L:/127.0.0.1:62632 - R:localhost/127.0.0.1:14253]' for 'POST' to 'http://localhost:14253/session/c774ef57a955992f408f614450243168/timeouts'
[DEBUG] Using open Channel [id: 0x0137af47, L:/127.0.0.1:62632 - R:localhost/127.0.0.1:14253] for POST '/session/c774ef57a955992f408f614450243168/timeouts'
[DEBUG] 

Request DefaultHttpRequest(decodeResult: success, version: HTTP/1.1)
POST /session/c774ef57a955992f408f614450243168/timeouts HTTP/1.1
User-Agent: selenium/4.8.2 (java windows)
Content-Length: 21
Content-Type: application/json; charset=utf-8
host: localhost:14253
accept: */*

Response DefaultHttpResponse(decodeResult: success, version: HTTP/1.1)
HTTP/1.1 200 OK
Content-Length: 14
Content-Type: application/json; charset=utf-8
cache-control: no-cache

[DEBUG] Adding key: http://localhost:14253 for channel [id: 0x0137af47, L:/127.0.0.1:62632 - R:localhost/127.0.0.1:14253]
[DEBUG] Entry count for : http://localhost:3515 : 1
[DEBUG] Entry count for : http://localhost:62560 : 1
[DEBUG] Entry count for : http://localhost:62515 : 1
[DEBUG] Entry count for : http://localhost:62636 : 1
[DEBUG] Entry count for : http://localhost:14253 : 1
[DEBUG] Entry count for : http://localhost:30683 : 1
[DEBUG] Using new Channel '[id: 0xa67c5c4f, L:/127.0.0.1:62777 - R:localhost/127.0.0.1:4213]' for 'POST' to '/session'
[DEBUG] Entry count for : http://localhost:3515 : 1
[DEBUG] Entry count for : http://localhost:62560 : 1
[DEBUG] Entry count for : http://localhost:62515 : 1
[DEBUG] Entry count for : http://localhost:62636 : 1
[DEBUG] Entry count for : http://localhost:14253 : 1
[DEBUG] Entry count for : http://localhost:30683 : 1
[DEBUG] 

Request DefaultHttpRequest(decodeResult: success, version: HTTP/1.1)
POST /session HTTP/1.1
User-Agent: selenium/4.8.2 (java windows)
Content-Length: 621
Content-Type: application/json; charset=utf-8
host: localhost:4213
accept: */*

Response DefaultHttpResponse(decodeResult: success, version: HTTP/1.1)
HTTP/1.1 200 OK
Content-Length: 856
Content-Type: application/json; charset=utf-8
cache-control: no-cache

[DEBUG] Adding key: http://localhost:4213 for channel [id: 0xa67c5c4f, L:/127.0.0.1:62777 - R:localhost/127.0.0.1:4213]
[DEBUG] Using new Channel '[id: 0x1e8f8fd4, L:/127.0.0.1:62814 - R:localhost/127.0.0.1:62790]' for 'GET' to '/json/version'
[DEBUG] 

Request DefaultFullHttpRequest(decodeResult: success, version: HTTP/1.1, content: EmptyByteBufBE)
GET /json/version HTTP/1.1
User-Agent: selenium/4.8.2 (java windows)
host: localhost:62790
accept: */*

Response DefaultHttpResponse(decodeResult: success, version: HTTP/1.1)
HTTP/1.1 200 OK
Content-Security-Policy: frame-ancestors 'none'
Content-Length: 422
Content-Type: application/json; charset=UTF-8

[DEBUG] Adding key: http://localhost:62790 for channel [id: 0x1e8f8fd4, L:/127.0.0.1:62814 - R:localhost/127.0.0.1:62790]
[DEBUG] Using new Channel '[id: 0x6f434886, L:/127.0.0.1:62815 - R:localhost/127.0.0.1:62790]' for 'GET' to '/devtools/browser/82fd942c-4ac7-42d8-871b-b335b8e4cda3'
[DEBUG] 

Request DefaultFullHttpRequest(decodeResult: success, version: HTTP/1.1, content: EmptyByteBufBE)
GET /devtools/browser/82fd942c-4ac7-42d8-871b-b335b8e4cda3 HTTP/1.1
upgrade: websocket
connection: upgrade
sec-websocket-key: Lbj4CXeaSOb7K/wShulCwA==
sec-websocket-version: 13
origin: http://localhost:62790
host: localhost:62790
accept: */*
user-agent: AHC/2.1

Response DefaultHttpResponse(decodeResult: success, version: HTTP/1.1)
HTTP/1.1 101 WebSocket Protocol Handshake
Upgrade: WebSocket
Connection: Upgrade
Sec-WebSocket-Accept: TT7QNtHsHjItYMSgEFBVrQfTRk0=

[DEBUG] Using pooled Channel '[id: 0xa67c5c4f, L:/127.0.0.1:62777 - R:localhost/127.0.0.1:4213]' for 'POST' to 'http://localhost:4213/session/dcd2e67dcc470678dfcec24138b4a06f/url'
[DEBUG] Using open Channel [id: 0xa67c5c4f, L:/127.0.0.1:62777 - R:localhost/127.0.0.1:4213] for POST '/session/dcd2e67dcc470678dfcec24138b4a06f/url'
[DEBUG] Entry count for : http://localhost:3515 : 1
[DEBUG] Entry count for : http://localhost:62560 : 1
[DEBUG] Entry count for : http://localhost:62790 : 1
[DEBUG] Entry count for : http://localhost:62515 : 1
[DEBUG] Entry count for : http://localhost:62636 : 1
[DEBUG] Entry count for : http://localhost:14253 : 1
[DEBUG] Entry count for : http://localhost:30683 : 1
[DEBUG] 

Request DefaultHttpRequest(decodeResult: success, version: HTTP/1.1)
POST /session/dcd2e67dcc470678dfcec24138b4a06f/url HTTP/1.1
User-Agent: selenium/4.8.2 (java windows)
Content-Length: 53
Content-Type: application/json; charset=utf-8
host: localhost:4213
accept: */*

Response DefaultHttpResponse(decodeResult: success, version: HTTP/1.1)
HTTP/1.1 200 OK
Content-Length: 14
Content-Type: application/json; charset=utf-8
cache-control: no-cache

[DEBUG] Adding key: http://localhost:4213 for channel [id: 0xa67c5c4f, L:/127.0.0.1:62777 - R:localhost/127.0.0.1:4213]
[DEBUG] Using pooled Channel '[id: 0xa67c5c4f, L:/127.0.0.1:62777 - R:localhost/127.0.0.1:4213]' for 'POST' to 'http://localhost:4213/session/dcd2e67dcc470678dfcec24138b4a06f/window/maximize'
[DEBUG] Using open Channel [id: 0xa67c5c4f, L:/127.0.0.1:62777 - R:localhost/127.0.0.1:4213] for POST '/session/dcd2e67dcc470678dfcec24138b4a06f/window/maximize'
[DEBUG] 

Request DefaultHttpRequest(decodeResult: success, version: HTTP/1.1)
POST /session/dcd2e67dcc470678dfcec24138b4a06f/window/maximize HTTP/1.1
User-Agent: selenium/4.8.2 (java windows)
Content-Length: 3
Content-Type: application/json; charset=utf-8
host: localhost:4213
accept: */*

Response DefaultHttpResponse(decodeResult: success, version: HTTP/1.1)
HTTP/1.1 200 OK
Content-Length: 51
Content-Type: application/json; charset=utf-8
cache-control: no-cache

[DEBUG] Adding key: http://localhost:4213 for channel [id: 0xa67c5c4f, L:/127.0.0.1:62777 - R:localhost/127.0.0.1:4213]
[DEBUG] Using pooled Channel '[id: 0xa67c5c4f, L:/127.0.0.1:62777 - R:localhost/127.0.0.1:4213]' for 'DELETE' to 'http://localhost:4213/session/dcd2e67dcc470678dfcec24138b4a06f/cookie'
[DEBUG] Using open Channel [id: 0xa67c5c4f, L:/127.0.0.1:62777 - R:localhost/127.0.0.1:4213] for DELETE '/session/dcd2e67dcc470678dfcec24138b4a06f/cookie'
[DEBUG] 

Request DefaultFullHttpRequest(decodeResult: success, version: HTTP/1.1, content: EmptyByteBufBE)
DELETE /session/dcd2e67dcc470678dfcec24138b4a06f/cookie HTTP/1.1
User-Agent: selenium/4.8.2 (java windows)
Content-Type: application/json; charset=utf-8
host: localhost:4213
accept: */*

Response DefaultHttpResponse(decodeResult: success, version: HTTP/1.1)
HTTP/1.1 200 OK
Content-Length: 14
Content-Type: application/json; charset=utf-8
cache-control: no-cache

[DEBUG] Adding key: http://localhost:4213 for channel [id: 0xa67c5c4f, L:/127.0.0.1:62777 - R:localhost/127.0.0.1:4213]
[DEBUG] Using pooled Channel '[id: 0xa67c5c4f, L:/127.0.0.1:62777 - R:localhost/127.0.0.1:4213]' for 'POST' to 'http://localhost:4213/session/dcd2e67dcc470678dfcec24138b4a06f/timeouts'
[DEBUG] Using open Channel [id: 0xa67c5c4f, L:/127.0.0.1:62777 - R:localhost/127.0.0.1:4213] for POST '/session/dcd2e67dcc470678dfcec24138b4a06f/timeouts'
[DEBUG] 

Request DefaultHttpRequest(decodeResult: success, version: HTTP/1.1)
POST /session/dcd2e67dcc470678dfcec24138b4a06f/timeouts HTTP/1.1
User-Agent: selenium/4.8.2 (java windows)
Content-Length: 23
Content-Type: application/json; charset=utf-8
host: localhost:4213
accept: */*

Response DefaultHttpResponse(decodeResult: success, version: HTTP/1.1)
HTTP/1.1 200 OK
Content-Length: 14
Content-Type: application/json; charset=utf-8
cache-control: no-cache

[DEBUG] Adding key: http://localhost:4213 for channel [id: 0xa67c5c4f, L:/127.0.0.1:62777 - R:localhost/127.0.0.1:4213]
[DEBUG] Using pooled Channel '[id: 0xa67c5c4f, L:/127.0.0.1:62777 - R:localhost/127.0.0.1:4213]' for 'POST' to 'http://localhost:4213/session/dcd2e67dcc470678dfcec24138b4a06f/timeouts'
[DEBUG] Using open Channel [id: 0xa67c5c4f, L:/127.0.0.1:62777 - R:localhost/127.0.0.1:4213] for POST '/session/dcd2e67dcc470678dfcec24138b4a06f/timeouts'
[DEBUG] 

Request DefaultHttpRequest(decodeResult: success, version: HTTP/1.1)
POST /session/dcd2e67dcc470678dfcec24138b4a06f/timeouts HTTP/1.1
User-Agent: selenium/4.8.2 (java windows)
Content-Length: 23
Content-Type: application/json; charset=utf-8
host: localhost:4213
accept: */*

Response DefaultHttpResponse(decodeResult: success, version: HTTP/1.1)
HTTP/1.1 200 OK
Content-Length: 14
Content-Type: application/json; charset=utf-8
cache-control: no-cache

[DEBUG] Adding key: http://localhost:4213 for channel [id: 0xa67c5c4f, L:/127.0.0.1:62777 - R:localhost/127.0.0.1:4213]
[DEBUG] Using pooled Channel '[id: 0xa67c5c4f, L:/127.0.0.1:62777 - R:localhost/127.0.0.1:4213]' for 'POST' to 'http://localhost:4213/session/dcd2e67dcc470678dfcec24138b4a06f/timeouts'
[DEBUG] Using open Channel [id: 0xa67c5c4f, L:/127.0.0.1:62777 - R:localhost/127.0.0.1:4213] for POST '/session/dcd2e67dcc470678dfcec24138b4a06f/timeouts'
[DEBUG] 

Request DefaultHttpRequest(decodeResult: success, version: HTTP/1.1)
POST /session/dcd2e67dcc470678dfcec24138b4a06f/timeouts HTTP/1.1
User-Agent: selenium/4.8.2 (java windows)
Content-Length: 21
Content-Type: application/json; charset=utf-8
host: localhost:4213
accept: */*

Response DefaultHttpResponse(decodeResult: success, version: HTTP/1.1)
HTTP/1.1 200 OK
Content-Length: 14
Content-Type: application/json; charset=utf-8
cache-control: no-cache

[DEBUG] Adding key: http://localhost:4213 for channel [id: 0xa67c5c4f, L:/127.0.0.1:62777 - R:localhost/127.0.0.1:4213]
[DEBUG] Using pooled Channel '[id: 0xa67c5c4f, L:/127.0.0.1:62777 - R:localhost/127.0.0.1:4213]' for 'GET' to 'http://localhost:4213/session/dcd2e67dcc470678dfcec24138b4a06f/url'
[DEBUG] Using open Channel [id: 0xa67c5c4f, L:/127.0.0.1:62777 - R:localhost/127.0.0.1:4213] for GET '/session/dcd2e67dcc470678dfcec24138b4a06f/url'
[DEBUG] 

Request DefaultFullHttpRequest(decodeResult: success, version: HTTP/1.1, content: EmptyByteBufBE)
GET /session/dcd2e67dcc470678dfcec24138b4a06f/url HTTP/1.1
User-Agent: selenium/4.8.2 (java windows)
Cache-Control: no-cache
Content-Type: application/json; charset=utf-8
host: localhost:4213
accept: */*

Response DefaultHttpResponse(decodeResult: success, version: HTTP/1.1)
HTTP/1.1 200 OK
Content-Length: 35
Content-Type: application/json; charset=utf-8
cache-control: no-cache

[DEBUG] Adding key: http://localhost:4213 for channel [id: 0xa67c5c4f, L:/127.0.0.1:62777 - R:localhost/127.0.0.1:4213]
https://www.rediff.com/
[DEBUG] Using pooled Channel '[id: 0xa67c5c4f, L:/127.0.0.1:62777 - R:localhost/127.0.0.1:4213]' for 'GET' to 'http://localhost:4213/session/dcd2e67dcc470678dfcec24138b4a06f/title'
[DEBUG] Using open Channel [id: 0xa67c5c4f, L:/127.0.0.1:62777 - R:localhost/127.0.0.1:4213] for GET '/session/dcd2e67dcc470678dfcec24138b4a06f/title'
[DEBUG] 

Request DefaultFullHttpRequest(decodeResult: success, version: HTTP/1.1, content: EmptyByteBufBE)
GET /session/dcd2e67dcc470678dfcec24138b4a06f/title HTTP/1.1
User-Agent: selenium/4.8.2 (java windows)
Cache-Control: no-cache
Content-Type: application/json; charset=utf-8
host: localhost:4213
accept: */*

Response DefaultHttpResponse(decodeResult: success, version: HTTP/1.1)
HTTP/1.1 200 OK
Content-Length: 67
Content-Type: application/json; charset=utf-8
cache-control: no-cache

[DEBUG] Adding key: http://localhost:4213 for channel [id: 0xa67c5c4f, L:/127.0.0.1:62777 - R:localhost/127.0.0.1:4213]
Rediff.com: News | Rediffmail | Stock Quotes | Shopping
[DEBUG] Using pooled Channel '[id: 0xa67c5c4f, L:/127.0.0.1:62777 - R:localhost/127.0.0.1:4213]' for 'GET' to 'http://localhost:4213/session/dcd2e67dcc470678dfcec24138b4a06f/url'
[DEBUG] Using open Channel [id: 0xa67c5c4f, L:/127.0.0.1:62777 - R:localhost/127.0.0.1:4213] for GET '/session/dcd2e67dcc470678dfcec24138b4a06f/url'
[DEBUG] 

Request DefaultFullHttpRequest(decodeResult: success, version: HTTP/1.1, content: EmptyByteBufBE)
GET /session/dcd2e67dcc470678dfcec24138b4a06f/url HTTP/1.1
User-Agent: selenium/4.8.2 (java windows)
Cache-Control: no-cache
Content-Type: application/json; charset=utf-8
host: localhost:4213
accept: */*

Response DefaultHttpResponse(decodeResult: success, version: HTTP/1.1)
HTTP/1.1 200 OK
Content-Length: 35
Content-Type: application/json; charset=utf-8
cache-control: no-cache

[DEBUG] Adding key: http://localhost:4213 for channel [id: 0xa67c5c4f, L:/127.0.0.1:62777 - R:localhost/127.0.0.1:4213]
[DEBUG] Using pooled Channel '[id: 0xa67c5c4f, L:/127.0.0.1:62777 - R:localhost/127.0.0.1:4213]' for 'GET' to 'http://localhost:4213/session/dcd2e67dcc470678dfcec24138b4a06f/title'
[DEBUG] Using open Channel [id: 0xa67c5c4f, L:/127.0.0.1:62777 - R:localhost/127.0.0.1:4213] for GET '/session/dcd2e67dcc470678dfcec24138b4a06f/title'
[DEBUG] Entry count for : http://localhost:3515 : 1
[DEBUG] Entry count for : http://localhost:62560 : 1
[DEBUG] Entry count for : http://localhost:62790 : 1
[DEBUG] Entry count for : http://localhost:62515 : 1
[DEBUG] Entry count for : http://localhost:62636 : 1
[DEBUG] Entry count for : http://localhost:14253 : 1
[DEBUG] Entry count for : http://localhost:30683 : 1
[DEBUG] 

Request DefaultFullHttpRequest(decodeResult: success, version: HTTP/1.1, content: EmptyByteBufBE)
GET /session/dcd2e67dcc470678dfcec24138b4a06f/title HTTP/1.1
User-Agent: selenium/4.8.2 (java windows)
Cache-Control: no-cache
Content-Type: application/json; charset=utf-8
host: localhost:4213
accept: */*

Response DefaultHttpResponse(decodeResult: success, version: HTTP/1.1)
HTTP/1.1 200 OK
Content-Length: 67
Content-Type: application/json; charset=utf-8
cache-control: no-cache

[DEBUG] Adding key: http://localhost:4213 for channel [id: 0xa67c5c4f, L:/127.0.0.1:62777 - R:localhost/127.0.0.1:4213]
Landing Page is Valid
]]></system-out>
    <system-err><![CDATA[Starting ChromeDriver 112.0.5615.49 (bd2a7bcb881c11e8cfe3078709382934e3916914-refs/branch-heads/5615@{#936}) on port 3515
Only local connections are allowed.
Please see https://chromedriver.chromium.org/security-considerations for suggestions on keeping ChromeDriver safe.
ChromeDriver was started successfully.
Apr 11, 2023 1:04:35 PM org.openqa.selenium.devtools.CdpVersionFinder findNearestMatch
WARNING: Unable to find an exact match for CDP version 112, so returning the closest version found: 111
Starting ChromeDriver 112.0.5615.49 (bd2a7bcb881c11e8cfe3078709382934e3916914-refs/branch-heads/5615@{#936}) on port 30683
Only local connections are allowed.
Please see https://chromedriver.chromium.org/security-considerations for suggestions on keeping ChromeDriver safe.
ChromeDriver was started successfully.
Apr 11, 2023 1:04:37 PM org.openqa.selenium.devtools.CdpVersionFinder findNearestMatch
WARNING: Unable to find an exact match for CDP version 112, so returning the closest version found: 111
Starting ChromeDriver 112.0.5615.49 (bd2a7bcb881c11e8cfe3078709382934e3916914-refs/branch-heads/5615@{#936}) on port 14253
Only local connections are allowed.
Please see https://chromedriver.chromium.org/security-considerations for suggestions on keeping ChromeDriver safe.
ChromeDriver was started successfully.
Apr 11, 2023 1:04:39 PM org.openqa.selenium.devtools.CdpVersionFinder findNearestMatch
WARNING: Unable to find an exact match for CDP version 112, so returning the closest version found: 111
Starting ChromeDriver 112.0.5615.49 (bd2a7bcb881c11e8cfe3078709382934e3916914-refs/branch-heads/5615@{#936}) on port 4213
Only local connections are allowed.
Please see https://chromedriver.chromium.org/security-considerations for suggestions on keeping ChromeDriver safe.
ChromeDriver was started successfully.
Apr 11, 2023 1:04:43 PM org.openqa.selenium.devtools.CdpVersionFinder findNearestMatch
WARNING: Unable to find an exact match for CDP version 112, so returning the closest version found: 111
]]></system-err>
  </testcase>
  <testcase name="signInButtonisDisplayedandEnabled" classname="com.qa.hybridrediff.testcases.Hybrid_LandingPageTest" time="0.098">
    <system-out><![CDATA[[DEBUG] Channel Closed: [id: 0x1ffb4a05, L:/127.0.0.1:63538 ! R:localhost/127.0.0.1:63532] with attribute NettyResponseFuture{currentRetry=0,
	isDone=1,
	isCancelled=0,
	asyncHandler=org.asynchttpclient.ws.WebSocketUpgradeHandler@6f79ce88,
	nettyRequest=org.asynchttpclient.netty.request.NettyRequest@3a4f9a45,
	future=java.util.concurrent.CompletableFuture@1752fa4d[Completed normally],
	uri=ws://localhost:63532/devtools/browser/904f09b6-496a-4fa9-8ca1-7d56db81a123,
	keepAlive=true,
	redirectCount=0,
	timeoutsHolder=null,
	inAuth=0,
	touch=1681243565641}
[DEBUG] Closing Channel [id: 0x1ffb4a05, L:/127.0.0.1:63538 ! R:localhost/127.0.0.1:63532] 
[DEBUG] Using pooled Channel '[id: 0x7d04180d, L:/127.0.0.1:63531 - R:localhost/127.0.0.1:2978]' for 'DELETE' to 'http://localhost:2978/session/0cdc34614b3630f5d4910bfa97852f9b'
[DEBUG] Using open Channel [id: 0x7d04180d, L:/127.0.0.1:63531 - R:localhost/127.0.0.1:2978] for DELETE '/session/0cdc34614b3630f5d4910bfa97852f9b'
[DEBUG] Unexpected I/O exception on channel [id: 0x600b34ce, L:/127.0.0.1:63537 - R:localhost/127.0.0.1:63532]
java.io.IOException: An existing connection was forcibly closed by the remote host
	at sun.nio.ch.SocketDispatcher.read0(Native Method) ~[na:1.8.0_333]
	at sun.nio.ch.SocketDispatcher.read(SocketDispatcher.java:43) ~[na:1.8.0_333]
	at sun.nio.ch.IOUtil.readIntoNativeBuffer(IOUtil.java:223) ~[na:1.8.0_333]
	at sun.nio.ch.IOUtil.read(IOUtil.java:192) ~[na:1.8.0_333]
	at sun.nio.ch.SocketChannelImpl.read(SocketChannelImpl.java:378) ~[na:1.8.0_333]
	at io.netty.buffer.PooledByteBuf.setBytes(PooledByteBuf.java:256) ~[netty-buffer-4.1.90.Final.jar:4.1.90.Final]
	at io.netty.buffer.AbstractByteBuf.writeBytes(AbstractByteBuf.java:1132) ~[netty-buffer-4.1.90.Final.jar:4.1.90.Final]
	at io.netty.channel.socket.nio.NioSocketChannel.doReadBytes(NioSocketChannel.java:357) ~[netty-transport-4.1.90.Final.jar:4.1.90.Final]
	at io.netty.channel.nio.AbstractNioByteChannel$NioByteUnsafe.read(AbstractNioByteChannel.java:151) ~[netty-transport-4.1.90.Final.jar:4.1.90.Final]
	at io.netty.channel.nio.NioEventLoop.processSelectedKey(NioEventLoop.java:788) [netty-transport-4.1.90.Final.jar:4.1.90.Final]
	at io.netty.channel.nio.NioEventLoop.processSelectedKeysOptimized(NioEventLoop.java:724) [netty-transport-4.1.90.Final.jar:4.1.90.Final]
	at io.netty.channel.nio.NioEventLoop.processSelectedKeys(NioEventLoop.java:650) [netty-transport-4.1.90.Final.jar:4.1.90.Final]
	at io.netty.channel.nio.NioEventLoop.run(NioEventLoop.java:562) [netty-transport-4.1.90.Final.jar:4.1.90.Final]
	at io.netty.util.concurrent.SingleThreadEventExecutor$4.run(SingleThreadEventExecutor.java:997) [netty-common-4.1.90.Final.jar:4.1.90.Final]
	at io.netty.util.internal.ThreadExecutorMap$2.run(ThreadExecutorMap.java:74) [netty-common-4.1.90.Final.jar:4.1.90.Final]
	at io.netty.util.concurrent.FastThreadLocalRunnable.run(FastThreadLocalRunnable.java:30) [netty-common-4.1.90.Final.jar:4.1.90.Final]
	at java.lang.Thread.run(Thread.java:750) [na:1.8.0_333]
[DEBUG] Closing Channel [id: 0x600b34ce, L:/127.0.0.1:63537 - R:localhost/127.0.0.1:63532] 
[DEBUG] Channel Closed: [id: 0x600b34ce, L:/127.0.0.1:63537 ! R:localhost/127.0.0.1:63532] with attribute DISCARD
[DEBUG] 

Request DefaultFullHttpRequest(decodeResult: success, version: HTTP/1.1, content: EmptyByteBufBE)
DELETE /session/0cdc34614b3630f5d4910bfa97852f9b HTTP/1.1
User-Agent: selenium/4.8.2 (java windows)
Content-Type: application/json; charset=utf-8
host: localhost:2978
accept: */*

Response DefaultHttpResponse(decodeResult: success, version: HTTP/1.1)
HTTP/1.1 200 OK
Content-Length: 14
Content-Type: application/json; charset=utf-8
cache-control: no-cache

[DEBUG] Adding key: http://localhost:2978 for channel [id: 0x7d04180d, L:/127.0.0.1:63531 - R:localhost/127.0.0.1:2978]
[DEBUG] Channel Closed: [id: 0x7d04180d, L:/127.0.0.1:63531 ! R:localhost/127.0.0.1:2978] with attribute DISCARD
[DEBUG] Entry count for : http://localhost:63532 : 1
[DEBUG] Entry count for : http://localhost:2978 : 1
[DEBUG] Adding Candidate expired Channel [id: 0x600b34ce, L:/127.0.0.1:63537 ! R:localhost/127.0.0.1:63532] isIdleTimeoutExpired=false isRemotelyClosed=true isTtlExpired=false
[DEBUG] Closing Idle Channel [id: 0x600b34ce, L:/127.0.0.1:63537 ! R:localhost/127.0.0.1:63532]
[DEBUG] Adding Candidate expired Channel [id: 0x7d04180d, L:/127.0.0.1:63531 ! R:localhost/127.0.0.1:2978] isIdleTimeoutExpired=false isRemotelyClosed=true isTtlExpired=false
[DEBUG] Closing Idle Channel [id: 0x7d04180d, L:/127.0.0.1:63531 ! R:localhost/127.0.0.1:2978]
[DEBUG] Closed 2 connections out of 2 in 0 ms
[DEBUG] Using new Channel '[id: 0x0f364e0d, L:/127.0.0.1:63654 - R:localhost/127.0.0.1:23716]' for 'POST' to '/session'
[DEBUG] 

Request DefaultHttpRequest(decodeResult: success, version: HTTP/1.1)
POST /session HTTP/1.1
User-Agent: selenium/4.8.2 (java windows)
Content-Length: 621
Content-Type: application/json; charset=utf-8
host: localhost:23716
accept: */*

Response DefaultHttpResponse(decodeResult: success, version: HTTP/1.1)
HTTP/1.1 200 OK
Content-Length: 857
Content-Type: application/json; charset=utf-8
cache-control: no-cache

[DEBUG] Adding key: http://localhost:23716 for channel [id: 0x0f364e0d, L:/127.0.0.1:63654 - R:localhost/127.0.0.1:23716]
[DEBUG] Using new Channel '[id: 0x12368754, L:/127.0.0.1:63660 - R:localhost/127.0.0.1:63655]' for 'GET' to '/json/version'
[DEBUG] 

Request DefaultFullHttpRequest(decodeResult: success, version: HTTP/1.1, content: EmptyByteBufBE)
GET /json/version HTTP/1.1
User-Agent: selenium/4.8.2 (java windows)
host: localhost:63655
accept: */*

Response DefaultHttpResponse(decodeResult: success, version: HTTP/1.1)
HTTP/1.1 200 OK
Content-Security-Policy: frame-ancestors 'none'
Content-Length: 422
Content-Type: application/json; charset=UTF-8

[DEBUG] Adding key: http://localhost:63655 for channel [id: 0x12368754, L:/127.0.0.1:63660 - R:localhost/127.0.0.1:63655]
[DEBUG] Using new Channel '[id: 0xe6feb413, L:/127.0.0.1:63661 - R:localhost/127.0.0.1:63655]' for 'GET' to '/devtools/browser/60b26c5d-cbb1-4e11-8101-dcf0e56f6f1d'
[DEBUG] 

Request DefaultFullHttpRequest(decodeResult: success, version: HTTP/1.1, content: EmptyByteBufBE)
GET /devtools/browser/60b26c5d-cbb1-4e11-8101-dcf0e56f6f1d HTTP/1.1
upgrade: websocket
connection: upgrade
sec-websocket-key: XITHZI/1AGBExr5fR+Sx6g==
sec-websocket-version: 13
origin: http://localhost:63655
host: localhost:63655
accept: */*
user-agent: AHC/2.1

Response DefaultHttpResponse(decodeResult: success, version: HTTP/1.1)
HTTP/1.1 101 WebSocket Protocol Handshake
Upgrade: WebSocket
Connection: Upgrade
Sec-WebSocket-Accept: bhbBxqBee0X0w4KS+KOeGYFecMM=

[DEBUG] Using pooled Channel '[id: 0x0f364e0d, L:/127.0.0.1:63654 - R:localhost/127.0.0.1:23716]' for 'POST' to 'http://localhost:23716/session/3cc0fc9a86746339522a7f87b7f3de8f/url'
[DEBUG] Using open Channel [id: 0x0f364e0d, L:/127.0.0.1:63654 - R:localhost/127.0.0.1:23716] for POST '/session/3cc0fc9a86746339522a7f87b7f3de8f/url'
[DEBUG] 

Request DefaultHttpRequest(decodeResult: success, version: HTTP/1.1)
POST /session/3cc0fc9a86746339522a7f87b7f3de8f/url HTTP/1.1
User-Agent: selenium/4.8.2 (java windows)
Content-Length: 53
Content-Type: application/json; charset=utf-8
host: localhost:23716
accept: */*

Response DefaultHttpResponse(decodeResult: success, version: HTTP/1.1)
HTTP/1.1 200 OK
Content-Length: 14
Content-Type: application/json; charset=utf-8
cache-control: no-cache

[DEBUG] Adding key: http://localhost:23716 for channel [id: 0x0f364e0d, L:/127.0.0.1:63654 - R:localhost/127.0.0.1:23716]
[DEBUG] Using pooled Channel '[id: 0x0f364e0d, L:/127.0.0.1:63654 - R:localhost/127.0.0.1:23716]' for 'POST' to 'http://localhost:23716/session/3cc0fc9a86746339522a7f87b7f3de8f/window/maximize'
[DEBUG] Using open Channel [id: 0x0f364e0d, L:/127.0.0.1:63654 - R:localhost/127.0.0.1:23716] for POST '/session/3cc0fc9a86746339522a7f87b7f3de8f/window/maximize'
[DEBUG] 

Request DefaultHttpRequest(decodeResult: success, version: HTTP/1.1)
POST /session/3cc0fc9a86746339522a7f87b7f3de8f/window/maximize HTTP/1.1
User-Agent: selenium/4.8.2 (java windows)
Content-Length: 3
Content-Type: application/json; charset=utf-8
host: localhost:23716
accept: */*

Response DefaultHttpResponse(decodeResult: success, version: HTTP/1.1)
HTTP/1.1 200 OK
Content-Length: 51
Content-Type: application/json; charset=utf-8
cache-control: no-cache

[DEBUG] Adding key: http://localhost:23716 for channel [id: 0x0f364e0d, L:/127.0.0.1:63654 - R:localhost/127.0.0.1:23716]
[DEBUG] Using pooled Channel '[id: 0x0f364e0d, L:/127.0.0.1:63654 - R:localhost/127.0.0.1:23716]' for 'DELETE' to 'http://localhost:23716/session/3cc0fc9a86746339522a7f87b7f3de8f/cookie'
[DEBUG] Using open Channel [id: 0x0f364e0d, L:/127.0.0.1:63654 - R:localhost/127.0.0.1:23716] for DELETE '/session/3cc0fc9a86746339522a7f87b7f3de8f/cookie'
[DEBUG] 

Request DefaultFullHttpRequest(decodeResult: success, version: HTTP/1.1, content: EmptyByteBufBE)
DELETE /session/3cc0fc9a86746339522a7f87b7f3de8f/cookie HTTP/1.1
User-Agent: selenium/4.8.2 (java windows)
Content-Type: application/json; charset=utf-8
host: localhost:23716
accept: */*

Response DefaultHttpResponse(decodeResult: success, version: HTTP/1.1)
HTTP/1.1 200 OK
Content-Length: 14
Content-Type: application/json; charset=utf-8
cache-control: no-cache

[DEBUG] Adding key: http://localhost:23716 for channel [id: 0x0f364e0d, L:/127.0.0.1:63654 - R:localhost/127.0.0.1:23716]
[DEBUG] Using pooled Channel '[id: 0x0f364e0d, L:/127.0.0.1:63654 - R:localhost/127.0.0.1:23716]' for 'POST' to 'http://localhost:23716/session/3cc0fc9a86746339522a7f87b7f3de8f/timeouts'
[DEBUG] Using open Channel [id: 0x0f364e0d, L:/127.0.0.1:63654 - R:localhost/127.0.0.1:23716] for POST '/session/3cc0fc9a86746339522a7f87b7f3de8f/timeouts'
[DEBUG] 

Request DefaultHttpRequest(decodeResult: success, version: HTTP/1.1)
POST /session/3cc0fc9a86746339522a7f87b7f3de8f/timeouts HTTP/1.1
User-Agent: selenium/4.8.2 (java windows)
Content-Length: 23
Content-Type: application/json; charset=utf-8
host: localhost:23716
accept: */*

Response DefaultHttpResponse(decodeResult: success, version: HTTP/1.1)
HTTP/1.1 200 OK
Content-Length: 14
Content-Type: application/json; charset=utf-8
cache-control: no-cache

[DEBUG] Adding key: http://localhost:23716 for channel [id: 0x0f364e0d, L:/127.0.0.1:63654 - R:localhost/127.0.0.1:23716]
[DEBUG] Using pooled Channel '[id: 0x0f364e0d, L:/127.0.0.1:63654 - R:localhost/127.0.0.1:23716]' for 'POST' to 'http://localhost:23716/session/3cc0fc9a86746339522a7f87b7f3de8f/timeouts'
[DEBUG] Using open Channel [id: 0x0f364e0d, L:/127.0.0.1:63654 - R:localhost/127.0.0.1:23716] for POST '/session/3cc0fc9a86746339522a7f87b7f3de8f/timeouts'
[DEBUG] 

Request DefaultHttpRequest(decodeResult: success, version: HTTP/1.1)
POST /session/3cc0fc9a86746339522a7f87b7f3de8f/timeouts HTTP/1.1
User-Agent: selenium/4.8.2 (java windows)
Content-Length: 23
Content-Type: application/json; charset=utf-8
host: localhost:23716
accept: */*

Response DefaultHttpResponse(decodeResult: success, version: HTTP/1.1)
HTTP/1.1 200 OK
Content-Length: 14
Content-Type: application/json; charset=utf-8
cache-control: no-cache

[DEBUG] Adding key: http://localhost:23716 for channel [id: 0x0f364e0d, L:/127.0.0.1:63654 - R:localhost/127.0.0.1:23716]
[DEBUG] Using pooled Channel '[id: 0x0f364e0d, L:/127.0.0.1:63654 - R:localhost/127.0.0.1:23716]' for 'POST' to 'http://localhost:23716/session/3cc0fc9a86746339522a7f87b7f3de8f/timeouts'
[DEBUG] Using open Channel [id: 0x0f364e0d, L:/127.0.0.1:63654 - R:localhost/127.0.0.1:23716] for POST '/session/3cc0fc9a86746339522a7f87b7f3de8f/timeouts'
[DEBUG] 

Request DefaultHttpRequest(decodeResult: success, version: HTTP/1.1)
POST /session/3cc0fc9a86746339522a7f87b7f3de8f/timeouts HTTP/1.1
User-Agent: selenium/4.8.2 (java windows)
Content-Length: 21
Content-Type: application/json; charset=utf-8
host: localhost:23716
accept: */*

Response DefaultHttpResponse(decodeResult: success, version: HTTP/1.1)
HTTP/1.1 200 OK
Content-Length: 14
Content-Type: application/json; charset=utf-8
cache-control: no-cache

[DEBUG] Adding key: http://localhost:23716 for channel [id: 0x0f364e0d, L:/127.0.0.1:63654 - R:localhost/127.0.0.1:23716]
[DEBUG] Using pooled Channel '[id: 0x0f364e0d, L:/127.0.0.1:63654 - R:localhost/127.0.0.1:23716]' for 'POST' to 'http://localhost:23716/session/3cc0fc9a86746339522a7f87b7f3de8f/element'
[DEBUG] Using open Channel [id: 0x0f364e0d, L:/127.0.0.1:63654 - R:localhost/127.0.0.1:23716] for POST '/session/3cc0fc9a86746339522a7f87b7f3de8f/element'
[DEBUG] 

Request DefaultHttpRequest(decodeResult: success, version: HTTP/1.1)
POST /session/3cc0fc9a86746339522a7f87b7f3de8f/element HTTP/1.1
User-Agent: selenium/4.8.2 (java windows)
Content-Length: 48
Content-Type: application/json; charset=utf-8
host: localhost:23716
accept: */*

Response DefaultHttpResponse(decodeResult: success, version: HTTP/1.1)
HTTP/1.1 200 OK
Content-Length: 88
Content-Type: application/json; charset=utf-8
cache-control: no-cache

[DEBUG] Adding key: http://localhost:23716 for channel [id: 0x0f364e0d, L:/127.0.0.1:63654 - R:localhost/127.0.0.1:23716]
[DEBUG] Using pooled Channel '[id: 0x0f364e0d, L:/127.0.0.1:63654 - R:localhost/127.0.0.1:23716]' for 'POST' to 'http://localhost:23716/session/3cc0fc9a86746339522a7f87b7f3de8f/execute/sync'
[DEBUG] Using open Channel [id: 0x0f364e0d, L:/127.0.0.1:63654 - R:localhost/127.0.0.1:23716] for POST '/session/3cc0fc9a86746339522a7f87b7f3de8f/execute/sync'
[DEBUG] Entry count for : http://localhost:63655 : 1
[DEBUG] 

Request DefaultHttpRequest(decodeResult: success, version: HTTP/1.1)
POST /session/3cc0fc9a86746339522a7f87b7f3de8f/execute/sync HTTP/1.1
User-Agent: selenium/4.8.2 (java windows)
Content-Length: 48807
Content-Type: application/json; charset=utf-8
host: localhost:23716
accept: */*

Response DefaultHttpResponse(decodeResult: success, version: HTTP/1.1)
HTTP/1.1 200 OK
Content-Length: 14
Content-Type: application/json; charset=utf-8
cache-control: no-cache

[DEBUG] Adding key: http://localhost:23716 for channel [id: 0x0f364e0d, L:/127.0.0.1:63654 - R:localhost/127.0.0.1:23716]
[DEBUG] Using pooled Channel '[id: 0x0f364e0d, L:/127.0.0.1:63654 - R:localhost/127.0.0.1:23716]' for 'GET' to 'http://localhost:23716/session/3cc0fc9a86746339522a7f87b7f3de8f/element/b142b91a-eaca-4d04-8ca0-13675ae72722/enabled'
[DEBUG] Using open Channel [id: 0x0f364e0d, L:/127.0.0.1:63654 - R:localhost/127.0.0.1:23716] for GET '/session/3cc0fc9a86746339522a7f87b7f3de8f/element/b142b91a-eaca-4d04-8ca0-13675ae72722/enabled'
[DEBUG] 

Request DefaultFullHttpRequest(decodeResult: success, version: HTTP/1.1, content: EmptyByteBufBE)
GET /session/3cc0fc9a86746339522a7f87b7f3de8f/element/b142b91a-eaca-4d04-8ca0-13675ae72722/enabled HTTP/1.1
User-Agent: selenium/4.8.2 (java windows)
Cache-Control: no-cache
Content-Type: application/json; charset=utf-8
host: localhost:23716
accept: */*

Response DefaultHttpResponse(decodeResult: success, version: HTTP/1.1)
HTTP/1.1 200 OK
Content-Length: 14
Content-Type: application/json; charset=utf-8
cache-control: no-cache

[DEBUG] Adding key: http://localhost:23716 for channel [id: 0x0f364e0d, L:/127.0.0.1:63654 - R:localhost/127.0.0.1:23716]
]]></system-out>
    <system-err><![CDATA[Starting ChromeDriver 112.0.5615.49 (bd2a7bcb881c11e8cfe3078709382934e3916914-refs/branch-heads/5615@{#936}) on port 23716
Only local connections are allowed.
Please see https://chromedriver.chromium.org/security-considerations for suggestions on keeping ChromeDriver safe.
ChromeDriver was started successfully.
Apr 11, 2023 1:06:19 PM org.openqa.selenium.devtools.CdpVersionFinder findNearestMatch
WARNING: Unable to find an exact match for CDP version 112, so returning the closest version found: 111
]]></system-err>
  </testcase>
  <testcase name="clickOnSignInButton" classname="com.qa.hybridrediff.testcases.Hybrid_SignInLinkTest" time="2.222">
    <system-out><![CDATA[[DEBUG] Channel Closed: [id: 0x6f434886, L:/127.0.0.1:62815 ! R:localhost/127.0.0.1:62790] with attribute NettyResponseFuture{currentRetry=0,
	isDone=1,
	isCancelled=0,
	asyncHandler=org.asynchttpclient.ws.WebSocketUpgradeHandler@593c9b5b,
	nettyRequest=org.asynchttpclient.netty.request.NettyRequest@32004cb5,
	future=java.util.concurrent.CompletableFuture@3c62ae9e[Completed normally],
	uri=ws://localhost:62790/devtools/browser/82fd942c-4ac7-42d8-871b-b335b8e4cda3,
	keepAlive=true,
	redirectCount=0,
	timeoutsHolder=null,
	inAuth=0,
	touch=1681243483440}
[DEBUG] Closing Channel [id: 0x6f434886, L:/127.0.0.1:62815 ! R:localhost/127.0.0.1:62790] 
[DEBUG] Using pooled Channel '[id: 0xa67c5c4f, L:/127.0.0.1:62777 - R:localhost/127.0.0.1:4213]' for 'DELETE' to 'http://localhost:4213/session/dcd2e67dcc470678dfcec24138b4a06f'
[DEBUG] Using open Channel [id: 0xa67c5c4f, L:/127.0.0.1:62777 - R:localhost/127.0.0.1:4213] for DELETE '/session/dcd2e67dcc470678dfcec24138b4a06f'
[DEBUG] Unexpected I/O exception on channel [id: 0x1e8f8fd4, L:/127.0.0.1:62814 - R:localhost/127.0.0.1:62790]
java.io.IOException: An existing connection was forcibly closed by the remote host
	at sun.nio.ch.SocketDispatcher.read0(Native Method) ~[na:1.8.0_333]
	at sun.nio.ch.SocketDispatcher.read(SocketDispatcher.java:43) ~[na:1.8.0_333]
	at sun.nio.ch.IOUtil.readIntoNativeBuffer(IOUtil.java:223) ~[na:1.8.0_333]
	at sun.nio.ch.IOUtil.read(IOUtil.java:192) ~[na:1.8.0_333]
	at sun.nio.ch.SocketChannelImpl.read(SocketChannelImpl.java:378) ~[na:1.8.0_333]
	at io.netty.buffer.PooledByteBuf.setBytes(PooledByteBuf.java:256) ~[netty-buffer-4.1.90.Final.jar:4.1.90.Final]
	at io.netty.buffer.AbstractByteBuf.writeBytes(AbstractByteBuf.java:1132) ~[netty-buffer-4.1.90.Final.jar:4.1.90.Final]
	at io.netty.channel.socket.nio.NioSocketChannel.doReadBytes(NioSocketChannel.java:357) ~[netty-transport-4.1.90.Final.jar:4.1.90.Final]
	at io.netty.channel.nio.AbstractNioByteChannel$NioByteUnsafe.read(AbstractNioByteChannel.java:151) ~[netty-transport-4.1.90.Final.jar:4.1.90.Final]
	at io.netty.channel.nio.NioEventLoop.processSelectedKey(NioEventLoop.java:788) [netty-transport-4.1.90.Final.jar:4.1.90.Final]
	at io.netty.channel.nio.NioEventLoop.processSelectedKeysOptimized(NioEventLoop.java:724) [netty-transport-4.1.90.Final.jar:4.1.90.Final]
	at io.netty.channel.nio.NioEventLoop.processSelectedKeys(NioEventLoop.java:650) [netty-transport-4.1.90.Final.jar:4.1.90.Final]
	at io.netty.channel.nio.NioEventLoop.run(NioEventLoop.java:562) [netty-transport-4.1.90.Final.jar:4.1.90.Final]
	at io.netty.util.concurrent.SingleThreadEventExecutor$4.run(SingleThreadEventExecutor.java:997) [netty-common-4.1.90.Final.jar:4.1.90.Final]
	at io.netty.util.internal.ThreadExecutorMap$2.run(ThreadExecutorMap.java:74) [netty-common-4.1.90.Final.jar:4.1.90.Final]
	at io.netty.util.concurrent.FastThreadLocalRunnable.run(FastThreadLocalRunnable.java:30) [netty-common-4.1.90.Final.jar:4.1.90.Final]
	at java.lang.Thread.run(Thread.java:750) [na:1.8.0_333]
[DEBUG] Closing Channel [id: 0x1e8f8fd4, L:/127.0.0.1:62814 - R:localhost/127.0.0.1:62790] 
[DEBUG] Channel Closed: [id: 0x1e8f8fd4, L:/127.0.0.1:62814 ! R:localhost/127.0.0.1:62790] with attribute DISCARD
[DEBUG] 

Request DefaultFullHttpRequest(decodeResult: success, version: HTTP/1.1, content: EmptyByteBufBE)
DELETE /session/dcd2e67dcc470678dfcec24138b4a06f HTTP/1.1
User-Agent: selenium/4.8.2 (java windows)
Content-Type: application/json; charset=utf-8
host: localhost:4213
accept: */*

Response DefaultHttpResponse(decodeResult: success, version: HTTP/1.1)
HTTP/1.1 200 OK
Content-Length: 14
Content-Type: application/json; charset=utf-8
cache-control: no-cache

[DEBUG] Adding key: http://localhost:4213 for channel [id: 0xa67c5c4f, L:/127.0.0.1:62777 - R:localhost/127.0.0.1:4213]
[DEBUG] Channel Closed: [id: 0xa67c5c4f, L:/127.0.0.1:62777 ! R:localhost/127.0.0.1:4213] with attribute DISCARD
[DEBUG] Using pooled Channel '[id: 0x0137af47, L:/127.0.0.1:62632 - R:localhost/127.0.0.1:14253]' for 'POST' to 'http://localhost:14253/session/c774ef57a955992f408f614450243168/element'
[DEBUG] Using open Channel [id: 0x0137af47, L:/127.0.0.1:62632 - R:localhost/127.0.0.1:14253] for POST '/session/c774ef57a955992f408f614450243168/element'
[DEBUG] Entry count for : http://localhost:4213 : 1
[DEBUG] Entry count for : http://localhost:3515 : 1
[DEBUG] Entry count for : http://localhost:62560 : 1
[DEBUG] Entry count for : http://localhost:62790 : 1
[DEBUG] Entry count for : http://localhost:62515 : 1
[DEBUG] Entry count for : http://localhost:62636 : 1
[DEBUG] Entry count for : http://localhost:30683 : 1
[DEBUG] Adding Candidate expired Channel [id: 0xa67c5c4f, L:/127.0.0.1:62777 ! R:localhost/127.0.0.1:4213] isIdleTimeoutExpired=false isRemotelyClosed=true isTtlExpired=false
[DEBUG] Closing Idle Channel [id: 0xa67c5c4f, L:/127.0.0.1:62777 ! R:localhost/127.0.0.1:4213]
[DEBUG] Adding Candidate expired Channel [id: 0x1e8f8fd4, L:/127.0.0.1:62814 ! R:localhost/127.0.0.1:62790] isIdleTimeoutExpired=false isRemotelyClosed=true isTtlExpired=false
[DEBUG] Closing Idle Channel [id: 0x1e8f8fd4, L:/127.0.0.1:62814 ! R:localhost/127.0.0.1:62790]
[DEBUG] Closed 2 connections out of 7 in 1 ms
[DEBUG] 

Request DefaultHttpRequest(decodeResult: success, version: HTTP/1.1)
POST /session/c774ef57a955992f408f614450243168/element HTTP/1.1
User-Agent: selenium/4.8.2 (java windows)
Content-Length: 48
Content-Type: application/json; charset=utf-8
host: localhost:14253
accept: */*

Response DefaultHttpResponse(decodeResult: success, version: HTTP/1.1)
HTTP/1.1 200 OK
Content-Length: 88
Content-Type: application/json; charset=utf-8
cache-control: no-cache

[DEBUG] Adding key: http://localhost:14253 for channel [id: 0x0137af47, L:/127.0.0.1:62632 - R:localhost/127.0.0.1:14253]
[DEBUG] Using pooled Channel '[id: 0x0137af47, L:/127.0.0.1:62632 - R:localhost/127.0.0.1:14253]' for 'POST' to 'http://localhost:14253/session/c774ef57a955992f408f614450243168/element/9ce34f9b-f9ce-4153-a6ef-7600b96661e5/click'
[DEBUG] Using open Channel [id: 0x0137af47, L:/127.0.0.1:62632 - R:localhost/127.0.0.1:14253] for POST '/session/c774ef57a955992f408f614450243168/element/9ce34f9b-f9ce-4153-a6ef-7600b96661e5/click'
[DEBUG] Entry count for : http://localhost:3515 : 1
[DEBUG] Entry count for : http://localhost:62560 : 1
[DEBUG] Entry count for : http://localhost:62515 : 1
[DEBUG] Entry count for : http://localhost:62636 : 1
[DEBUG] Entry count for : http://localhost:30683 : 1
[DEBUG] 

Request DefaultHttpRequest(decodeResult: success, version: HTTP/1.1)
POST /session/c774ef57a955992f408f614450243168/element/9ce34f9b-f9ce-4153-a6ef-7600b96661e5/click HTTP/1.1
User-Agent: selenium/4.8.2 (java windows)
Content-Length: 50
Content-Type: application/json; charset=utf-8
host: localhost:14253
accept: */*

Response DefaultHttpResponse(decodeResult: success, version: HTTP/1.1)
HTTP/1.1 200 OK
Content-Length: 14
Content-Type: application/json; charset=utf-8
cache-control: no-cache

[DEBUG] Adding key: http://localhost:14253 for channel [id: 0x0137af47, L:/127.0.0.1:62632 - R:localhost/127.0.0.1:14253]
[DEBUG] Using pooled Channel '[id: 0x0137af47, L:/127.0.0.1:62632 - R:localhost/127.0.0.1:14253]' for 'POST' to 'http://localhost:14253/session/c774ef57a955992f408f614450243168/element'
[DEBUG] Using open Channel [id: 0x0137af47, L:/127.0.0.1:62632 - R:localhost/127.0.0.1:14253] for POST '/session/c774ef57a955992f408f614450243168/element'
[DEBUG] 

Request DefaultHttpRequest(decodeResult: success, version: HTTP/1.1)
POST /session/c774ef57a955992f408f614450243168/element HTTP/1.1
User-Agent: selenium/4.8.2 (java windows)
Content-Length: 55
Content-Type: application/json; charset=utf-8
host: localhost:14253
accept: */*

Response DefaultHttpResponse(decodeResult: success, version: HTTP/1.1)
HTTP/1.1 200 OK
Content-Length: 88
Content-Type: application/json; charset=utf-8
cache-control: no-cache

[DEBUG] Adding key: http://localhost:14253 for channel [id: 0x0137af47, L:/127.0.0.1:62632 - R:localhost/127.0.0.1:14253]
[DEBUG] Using pooled Channel '[id: 0x0137af47, L:/127.0.0.1:62632 - R:localhost/127.0.0.1:14253]' for 'POST' to 'http://localhost:14253/session/c774ef57a955992f408f614450243168/execute/sync'
[DEBUG] Using open Channel [id: 0x0137af47, L:/127.0.0.1:62632 - R:localhost/127.0.0.1:14253] for POST '/session/c774ef57a955992f408f614450243168/execute/sync'
[DEBUG] Entry count for : http://localhost:3515 : 1
[DEBUG] Entry count for : http://localhost:62560 : 1
[DEBUG] Entry count for : http://localhost:62515 : 1
[DEBUG] Entry count for : http://localhost:62636 : 1
[DEBUG] Entry count for : http://localhost:30683 : 1
[DEBUG] 

Request DefaultHttpRequest(decodeResult: success, version: HTTP/1.1)
POST /session/c774ef57a955992f408f614450243168/execute/sync HTTP/1.1
User-Agent: selenium/4.8.2 (java windows)
Content-Length: 48807
Content-Type: application/json; charset=utf-8
host: localhost:14253
accept: */*

Response DefaultHttpResponse(decodeResult: success, version: HTTP/1.1)
HTTP/1.1 200 OK
Content-Length: 14
Content-Type: application/json; charset=utf-8
cache-control: no-cache

[DEBUG] Adding key: http://localhost:14253 for channel [id: 0x0137af47, L:/127.0.0.1:62632 - R:localhost/127.0.0.1:14253]
]]></system-out>
  </testcase>
  <testcase name="logInWithValidCredentials[chowdhurygs@rediffmail.com, Shajlee1@](1)" classname="com.qa.hybridrediff.testcases.Hybrid_LoginTests" time="5.551">
    <system-out><![CDATA[[DEBUG] Channel Closed: [id: 0x83f6b4ed, L:/127.0.0.1:62660 ! R:localhost/127.0.0.1:62636] with attribute NettyResponseFuture{currentRetry=0,
	isDone=1,
	isCancelled=0,
	asyncHandler=org.asynchttpclient.ws.WebSocketUpgradeHandler@bd1d6a6,
	nettyRequest=org.asynchttpclient.netty.request.NettyRequest@4ed359b8,
	future=java.util.concurrent.CompletableFuture@2d89ab9[Completed normally],
	uri=ws://localhost:62636/devtools/browser/0a133362-0284-49d4-b884-85430ff8a5e0,
	keepAlive=true,
	redirectCount=0,
	timeoutsHolder=null,
	inAuth=0,
	touch=1681243479630}
[DEBUG] Closing Channel [id: 0x83f6b4ed, L:/127.0.0.1:62660 ! R:localhost/127.0.0.1:62636] 
[DEBUG] Using pooled Channel '[id: 0x0137af47, L:/127.0.0.1:62632 - R:localhost/127.0.0.1:14253]' for 'DELETE' to 'http://localhost:14253/session/c774ef57a955992f408f614450243168'
[DEBUG] Using open Channel [id: 0x0137af47, L:/127.0.0.1:62632 - R:localhost/127.0.0.1:14253] for DELETE '/session/c774ef57a955992f408f614450243168'
[DEBUG] Unexpected I/O exception on channel [id: 0x08503591, L:/127.0.0.1:62659 - R:localhost/127.0.0.1:62636]
java.io.IOException: An existing connection was forcibly closed by the remote host
	at sun.nio.ch.SocketDispatcher.read0(Native Method) ~[na:1.8.0_333]
	at sun.nio.ch.SocketDispatcher.read(SocketDispatcher.java:43) ~[na:1.8.0_333]
	at sun.nio.ch.IOUtil.readIntoNativeBuffer(IOUtil.java:223) ~[na:1.8.0_333]
	at sun.nio.ch.IOUtil.read(IOUtil.java:192) ~[na:1.8.0_333]
	at sun.nio.ch.SocketChannelImpl.read(SocketChannelImpl.java:378) ~[na:1.8.0_333]
	at io.netty.buffer.PooledByteBuf.setBytes(PooledByteBuf.java:256) ~[netty-buffer-4.1.90.Final.jar:4.1.90.Final]
	at io.netty.buffer.AbstractByteBuf.writeBytes(AbstractByteBuf.java:1132) ~[netty-buffer-4.1.90.Final.jar:4.1.90.Final]
	at io.netty.channel.socket.nio.NioSocketChannel.doReadBytes(NioSocketChannel.java:357) ~[netty-transport-4.1.90.Final.jar:4.1.90.Final]
	at io.netty.channel.nio.AbstractNioByteChannel$NioByteUnsafe.read(AbstractNioByteChannel.java:151) ~[netty-transport-4.1.90.Final.jar:4.1.90.Final]
	at io.netty.channel.nio.NioEventLoop.processSelectedKey(NioEventLoop.java:788) [netty-transport-4.1.90.Final.jar:4.1.90.Final]
	at io.netty.channel.nio.NioEventLoop.processSelectedKeysOptimized(NioEventLoop.java:724) [netty-transport-4.1.90.Final.jar:4.1.90.Final]
	at io.netty.channel.nio.NioEventLoop.processSelectedKeys(NioEventLoop.java:650) [netty-transport-4.1.90.Final.jar:4.1.90.Final]
	at io.netty.channel.nio.NioEventLoop.run(NioEventLoop.java:562) [netty-transport-4.1.90.Final.jar:4.1.90.Final]
	at io.netty.util.concurrent.SingleThreadEventExecutor$4.run(SingleThreadEventExecutor.java:997) [netty-common-4.1.90.Final.jar:4.1.90.Final]
	at io.netty.util.internal.ThreadExecutorMap$2.run(ThreadExecutorMap.java:74) [netty-common-4.1.90.Final.jar:4.1.90.Final]
	at io.netty.util.concurrent.FastThreadLocalRunnable.run(FastThreadLocalRunnable.java:30) [netty-common-4.1.90.Final.jar:4.1.90.Final]
	at java.lang.Thread.run(Thread.java:750) [na:1.8.0_333]
[DEBUG] Closing Channel [id: 0x08503591, L:/127.0.0.1:62659 - R:localhost/127.0.0.1:62636] 
[DEBUG] Channel Closed: [id: 0x08503591, L:/127.0.0.1:62659 ! R:localhost/127.0.0.1:62636] with attribute DISCARD
[DEBUG] 

Request DefaultFullHttpRequest(decodeResult: success, version: HTTP/1.1, content: EmptyByteBufBE)
DELETE /session/c774ef57a955992f408f614450243168 HTTP/1.1
User-Agent: selenium/4.8.2 (java windows)
Content-Type: application/json; charset=utf-8
host: localhost:14253
accept: */*

Response DefaultHttpResponse(decodeResult: success, version: HTTP/1.1)
HTTP/1.1 200 OK
Content-Length: 14
Content-Type: application/json; charset=utf-8
cache-control: no-cache

[DEBUG] Adding key: http://localhost:14253 for channel [id: 0x0137af47, L:/127.0.0.1:62632 - R:localhost/127.0.0.1:14253]
[DEBUG] Channel Closed: [id: 0x0137af47, L:/127.0.0.1:62632 ! R:localhost/127.0.0.1:14253] with attribute DISCARD
[DEBUG] Entry count for : http://localhost:3515 : 1
[DEBUG] Entry count for : http://localhost:62560 : 1
[DEBUG] Entry count for : http://localhost:62515 : 1
[DEBUG] Entry count for : http://localhost:62636 : 1
[DEBUG] Entry count for : http://localhost:14253 : 1
[DEBUG] Entry count for : http://localhost:30683 : 1
[DEBUG] Adding Candidate expired Channel [id: 0x08503591, L:/127.0.0.1:62659 ! R:localhost/127.0.0.1:62636] isIdleTimeoutExpired=false isRemotelyClosed=true isTtlExpired=false
[DEBUG] Closing Idle Channel [id: 0x08503591, L:/127.0.0.1:62659 ! R:localhost/127.0.0.1:62636]
[DEBUG] Adding Candidate expired Channel [id: 0x0137af47, L:/127.0.0.1:62632 ! R:localhost/127.0.0.1:14253] isIdleTimeoutExpired=false isRemotelyClosed=true isTtlExpired=false
[DEBUG] Closing Idle Channel [id: 0x0137af47, L:/127.0.0.1:62632 ! R:localhost/127.0.0.1:14253]
[DEBUG] Closed 2 connections out of 6 in 0 ms
[DEBUG] Entry count for : http://localhost:3515 : 1
[DEBUG] Entry count for : http://localhost:62560 : 1
[DEBUG] Entry count for : http://localhost:62515 : 1
[DEBUG] Entry count for : http://localhost:30683 : 1
[DEBUG] Using new Channel '[id: 0x932154d8, L:/127.0.0.1:62913 - R:localhost/127.0.0.1:28200]' for 'POST' to '/session'
[DEBUG] Entry count for : http://localhost:3515 : 1
[DEBUG] Entry count for : http://localhost:62560 : 1
[DEBUG] Entry count for : http://localhost:62515 : 1
[DEBUG] Entry count for : http://localhost:30683 : 1
[DEBUG] 

Request DefaultHttpRequest(decodeResult: success, version: HTTP/1.1)
POST /session HTTP/1.1
User-Agent: selenium/4.8.2 (java windows)
Content-Length: 621
Content-Type: application/json; charset=utf-8
host: localhost:28200
accept: */*

Response DefaultHttpResponse(decodeResult: success, version: HTTP/1.1)
HTTP/1.1 200 OK
Content-Length: 858
Content-Type: application/json; charset=utf-8
cache-control: no-cache

[DEBUG] Adding key: http://localhost:28200 for channel [id: 0x932154d8, L:/127.0.0.1:62913 - R:localhost/127.0.0.1:28200]
[DEBUG] Using new Channel '[id: 0x0247adf9, L:/127.0.0.1:62919 - R:localhost/127.0.0.1:62914]' for 'GET' to '/json/version'
[DEBUG] 

Request DefaultFullHttpRequest(decodeResult: success, version: HTTP/1.1, content: EmptyByteBufBE)
GET /json/version HTTP/1.1
User-Agent: selenium/4.8.2 (java windows)
host: localhost:62914
accept: */*

Response DefaultHttpResponse(decodeResult: success, version: HTTP/1.1)
HTTP/1.1 200 OK
Content-Security-Policy: frame-ancestors 'none'
Content-Length: 422
Content-Type: application/json; charset=UTF-8

[DEBUG] Adding key: http://localhost:62914 for channel [id: 0x0247adf9, L:/127.0.0.1:62919 - R:localhost/127.0.0.1:62914]
[DEBUG] Using new Channel '[id: 0x7d32849c, L:/127.0.0.1:62920 - R:localhost/127.0.0.1:62914]' for 'GET' to '/devtools/browser/b599de2b-a30c-4785-9ad0-656dd5145f33'
[DEBUG] 

Request DefaultFullHttpRequest(decodeResult: success, version: HTTP/1.1, content: EmptyByteBufBE)
GET /devtools/browser/b599de2b-a30c-4785-9ad0-656dd5145f33 HTTP/1.1
upgrade: websocket
connection: upgrade
sec-websocket-key: 2xhc/AmX/gmY3uu+nCJBWQ==
sec-websocket-version: 13
origin: http://localhost:62914
host: localhost:62914
accept: */*
user-agent: AHC/2.1

Response DefaultHttpResponse(decodeResult: success, version: HTTP/1.1)
HTTP/1.1 101 WebSocket Protocol Handshake
Upgrade: WebSocket
Connection: Upgrade
Sec-WebSocket-Accept: IKctmzFjSwfo7ouZB67e9XWl1w8=

[DEBUG] Using pooled Channel '[id: 0x932154d8, L:/127.0.0.1:62913 - R:localhost/127.0.0.1:28200]' for 'POST' to 'http://localhost:28200/session/1f260b1d6693cd3f269f448d3d8dc975/url'
[DEBUG] Using open Channel [id: 0x932154d8, L:/127.0.0.1:62913 - R:localhost/127.0.0.1:28200] for POST '/session/1f260b1d6693cd3f269f448d3d8dc975/url'
[DEBUG] 

Request DefaultHttpRequest(decodeResult: success, version: HTTP/1.1)
POST /session/1f260b1d6693cd3f269f448d3d8dc975/url HTTP/1.1
User-Agent: selenium/4.8.2 (java windows)
Content-Length: 53
Content-Type: application/json; charset=utf-8
host: localhost:28200
accept: */*

Response DefaultHttpResponse(decodeResult: success, version: HTTP/1.1)
HTTP/1.1 200 OK
Content-Length: 14
Content-Type: application/json; charset=utf-8
cache-control: no-cache

[DEBUG] Adding key: http://localhost:28200 for channel [id: 0x932154d8, L:/127.0.0.1:62913 - R:localhost/127.0.0.1:28200]
[DEBUG] Using pooled Channel '[id: 0x932154d8, L:/127.0.0.1:62913 - R:localhost/127.0.0.1:28200]' for 'POST' to 'http://localhost:28200/session/1f260b1d6693cd3f269f448d3d8dc975/window/maximize'
[DEBUG] Using open Channel [id: 0x932154d8, L:/127.0.0.1:62913 - R:localhost/127.0.0.1:28200] for POST '/session/1f260b1d6693cd3f269f448d3d8dc975/window/maximize'
[DEBUG] 

Request DefaultHttpRequest(decodeResult: success, version: HTTP/1.1)
POST /session/1f260b1d6693cd3f269f448d3d8dc975/window/maximize HTTP/1.1
User-Agent: selenium/4.8.2 (java windows)
Content-Length: 3
Content-Type: application/json; charset=utf-8
host: localhost:28200
accept: */*

Response DefaultHttpResponse(decodeResult: success, version: HTTP/1.1)
HTTP/1.1 200 OK
Content-Length: 51
Content-Type: application/json; charset=utf-8
cache-control: no-cache

[DEBUG] Adding key: http://localhost:28200 for channel [id: 0x932154d8, L:/127.0.0.1:62913 - R:localhost/127.0.0.1:28200]
[DEBUG] Using pooled Channel '[id: 0x932154d8, L:/127.0.0.1:62913 - R:localhost/127.0.0.1:28200]' for 'DELETE' to 'http://localhost:28200/session/1f260b1d6693cd3f269f448d3d8dc975/cookie'
[DEBUG] Using open Channel [id: 0x932154d8, L:/127.0.0.1:62913 - R:localhost/127.0.0.1:28200] for DELETE '/session/1f260b1d6693cd3f269f448d3d8dc975/cookie'
[DEBUG] 

Request DefaultFullHttpRequest(decodeResult: success, version: HTTP/1.1, content: EmptyByteBufBE)
DELETE /session/1f260b1d6693cd3f269f448d3d8dc975/cookie HTTP/1.1
User-Agent: selenium/4.8.2 (java windows)
Content-Type: application/json; charset=utf-8
host: localhost:28200
accept: */*

Response DefaultHttpResponse(decodeResult: success, version: HTTP/1.1)
HTTP/1.1 200 OK
Content-Length: 14
Content-Type: application/json; charset=utf-8
cache-control: no-cache

[DEBUG] Adding key: http://localhost:28200 for channel [id: 0x932154d8, L:/127.0.0.1:62913 - R:localhost/127.0.0.1:28200]
[DEBUG] Using pooled Channel '[id: 0x932154d8, L:/127.0.0.1:62913 - R:localhost/127.0.0.1:28200]' for 'POST' to 'http://localhost:28200/session/1f260b1d6693cd3f269f448d3d8dc975/timeouts'
[DEBUG] Using open Channel [id: 0x932154d8, L:/127.0.0.1:62913 - R:localhost/127.0.0.1:28200] for POST '/session/1f260b1d6693cd3f269f448d3d8dc975/timeouts'
[DEBUG] 

Request DefaultHttpRequest(decodeResult: success, version: HTTP/1.1)
POST /session/1f260b1d6693cd3f269f448d3d8dc975/timeouts HTTP/1.1
User-Agent: selenium/4.8.2 (java windows)
Content-Length: 23
Content-Type: application/json; charset=utf-8
host: localhost:28200
accept: */*

Response DefaultHttpResponse(decodeResult: success, version: HTTP/1.1)
HTTP/1.1 200 OK
Content-Length: 14
Content-Type: application/json; charset=utf-8
cache-control: no-cache

[DEBUG] Adding key: http://localhost:28200 for channel [id: 0x932154d8, L:/127.0.0.1:62913 - R:localhost/127.0.0.1:28200]
[DEBUG] Using pooled Channel '[id: 0x932154d8, L:/127.0.0.1:62913 - R:localhost/127.0.0.1:28200]' for 'POST' to 'http://localhost:28200/session/1f260b1d6693cd3f269f448d3d8dc975/timeouts'
[DEBUG] Using open Channel [id: 0x932154d8, L:/127.0.0.1:62913 - R:localhost/127.0.0.1:28200] for POST '/session/1f260b1d6693cd3f269f448d3d8dc975/timeouts'
[DEBUG] 

Request DefaultHttpRequest(decodeResult: success, version: HTTP/1.1)
POST /session/1f260b1d6693cd3f269f448d3d8dc975/timeouts HTTP/1.1
User-Agent: selenium/4.8.2 (java windows)
Content-Length: 23
Content-Type: application/json; charset=utf-8
host: localhost:28200
accept: */*

Response DefaultHttpResponse(decodeResult: success, version: HTTP/1.1)
HTTP/1.1 200 OK
Content-Length: 14
Content-Type: application/json; charset=utf-8
cache-control: no-cache

[DEBUG] Adding key: http://localhost:28200 for channel [id: 0x932154d8, L:/127.0.0.1:62913 - R:localhost/127.0.0.1:28200]
[DEBUG] Using pooled Channel '[id: 0x932154d8, L:/127.0.0.1:62913 - R:localhost/127.0.0.1:28200]' for 'POST' to 'http://localhost:28200/session/1f260b1d6693cd3f269f448d3d8dc975/timeouts'
[DEBUG] Using open Channel [id: 0x932154d8, L:/127.0.0.1:62913 - R:localhost/127.0.0.1:28200] for POST '/session/1f260b1d6693cd3f269f448d3d8dc975/timeouts'
[DEBUG] 

Request DefaultHttpRequest(decodeResult: success, version: HTTP/1.1)
POST /session/1f260b1d6693cd3f269f448d3d8dc975/timeouts HTTP/1.1
User-Agent: selenium/4.8.2 (java windows)
Content-Length: 21
Content-Type: application/json; charset=utf-8
host: localhost:28200
accept: */*

Response DefaultHttpResponse(decodeResult: success, version: HTTP/1.1)
HTTP/1.1 200 OK
Content-Length: 14
Content-Type: application/json; charset=utf-8
cache-control: no-cache

[DEBUG] Adding key: http://localhost:28200 for channel [id: 0x932154d8, L:/127.0.0.1:62913 - R:localhost/127.0.0.1:28200]
[DEBUG] Using pooled Channel '[id: 0x932154d8, L:/127.0.0.1:62913 - R:localhost/127.0.0.1:28200]' for 'POST' to 'http://localhost:28200/session/1f260b1d6693cd3f269f448d3d8dc975/element'
[DEBUG] Using open Channel [id: 0x932154d8, L:/127.0.0.1:62913 - R:localhost/127.0.0.1:28200] for POST '/session/1f260b1d6693cd3f269f448d3d8dc975/element'
[DEBUG] 

Request DefaultHttpRequest(decodeResult: success, version: HTTP/1.1)
POST /session/1f260b1d6693cd3f269f448d3d8dc975/element HTTP/1.1
User-Agent: selenium/4.8.2 (java windows)
Content-Length: 52
Content-Type: application/json; charset=utf-8
host: localhost:28200
accept: */*

Response DefaultHttpResponse(decodeResult: success, version: HTTP/1.1)
HTTP/1.1 200 OK
Content-Length: 88
Content-Type: application/json; charset=utf-8
cache-control: no-cache

[DEBUG] Adding key: http://localhost:28200 for channel [id: 0x932154d8, L:/127.0.0.1:62913 - R:localhost/127.0.0.1:28200]
[DEBUG] Using pooled Channel '[id: 0x932154d8, L:/127.0.0.1:62913 - R:localhost/127.0.0.1:28200]' for 'POST' to 'http://localhost:28200/session/1f260b1d6693cd3f269f448d3d8dc975/element/564588a8-e935-4ee3-92b0-f6a7647df2e6/click'
[DEBUG] Using open Channel [id: 0x932154d8, L:/127.0.0.1:62913 - R:localhost/127.0.0.1:28200] for POST '/session/1f260b1d6693cd3f269f448d3d8dc975/element/564588a8-e935-4ee3-92b0-f6a7647df2e6/click'
[DEBUG] Entry count for : http://localhost:3515 : 1
[DEBUG] Entry count for : http://localhost:62560 : 1
[DEBUG] Entry count for : http://localhost:62914 : 1
[DEBUG] Entry count for : http://localhost:62515 : 1
[DEBUG] Entry count for : http://localhost:30683 : 1
[DEBUG] Entry count for : http://localhost:3515 : 1
[DEBUG] Entry count for : http://localhost:62560 : 1
[DEBUG] Entry count for : http://localhost:62914 : 1
[DEBUG] Entry count for : http://localhost:62515 : 1
[DEBUG] Entry count for : http://localhost:30683 : 1
[DEBUG] 

Request DefaultHttpRequest(decodeResult: success, version: HTTP/1.1)
POST /session/1f260b1d6693cd3f269f448d3d8dc975/element/564588a8-e935-4ee3-92b0-f6a7647df2e6/click HTTP/1.1
User-Agent: selenium/4.8.2 (java windows)
Content-Length: 50
Content-Type: application/json; charset=utf-8
host: localhost:28200
accept: */*

Response DefaultHttpResponse(decodeResult: success, version: HTTP/1.1)
HTTP/1.1 200 OK
Content-Length: 14
Content-Type: application/json; charset=utf-8
cache-control: no-cache

[DEBUG] Adding key: http://localhost:28200 for channel [id: 0x932154d8, L:/127.0.0.1:62913 - R:localhost/127.0.0.1:28200]
[DEBUG] Using pooled Channel '[id: 0x932154d8, L:/127.0.0.1:62913 - R:localhost/127.0.0.1:28200]' for 'POST' to 'http://localhost:28200/session/1f260b1d6693cd3f269f448d3d8dc975/element'
[DEBUG] Using open Channel [id: 0x932154d8, L:/127.0.0.1:62913 - R:localhost/127.0.0.1:28200] for POST '/session/1f260b1d6693cd3f269f448d3d8dc975/element'
[DEBUG] 

Request DefaultHttpRequest(decodeResult: success, version: HTTP/1.1)
POST /session/1f260b1d6693cd3f269f448d3d8dc975/element HTTP/1.1
User-Agent: selenium/4.8.2 (java windows)
Content-Length: 56
Content-Type: application/json; charset=utf-8
host: localhost:28200
accept: */*

Response DefaultHttpResponse(decodeResult: success, version: HTTP/1.1)
HTTP/1.1 200 OK
Content-Length: 88
Content-Type: application/json; charset=utf-8
cache-control: no-cache

[DEBUG] Adding key: http://localhost:28200 for channel [id: 0x932154d8, L:/127.0.0.1:62913 - R:localhost/127.0.0.1:28200]
[DEBUG] Using pooled Channel '[id: 0x932154d8, L:/127.0.0.1:62913 - R:localhost/127.0.0.1:28200]' for 'POST' to 'http://localhost:28200/session/1f260b1d6693cd3f269f448d3d8dc975/element/1725e7c7-904e-484c-a301-b533cb147202/value'
[DEBUG] Using open Channel [id: 0x932154d8, L:/127.0.0.1:62913 - R:localhost/127.0.0.1:28200] for POST '/session/1f260b1d6693cd3f269f448d3d8dc975/element/1725e7c7-904e-484c-a301-b533cb147202/value'
[DEBUG] 

Request DefaultHttpRequest(decodeResult: success, version: HTTP/1.1)
POST /session/1f260b1d6693cd3f269f448d3d8dc975/element/1725e7c7-904e-484c-a301-b533cb147202/value HTTP/1.1
User-Agent: selenium/4.8.2 (java windows)
Content-Length: 341
Content-Type: application/json; charset=utf-8
host: localhost:28200
accept: */*

Response DefaultHttpResponse(decodeResult: success, version: HTTP/1.1)
HTTP/1.1 200 OK
Content-Length: 14
Content-Type: application/json; charset=utf-8
cache-control: no-cache

[DEBUG] Adding key: http://localhost:28200 for channel [id: 0x932154d8, L:/127.0.0.1:62913 - R:localhost/127.0.0.1:28200]
[DEBUG] Using pooled Channel '[id: 0x932154d8, L:/127.0.0.1:62913 - R:localhost/127.0.0.1:28200]' for 'POST' to 'http://localhost:28200/session/1f260b1d6693cd3f269f448d3d8dc975/element'
[DEBUG] Using open Channel [id: 0x932154d8, L:/127.0.0.1:62913 - R:localhost/127.0.0.1:28200] for POST '/session/1f260b1d6693cd3f269f448d3d8dc975/element'
[DEBUG] Entry count for : http://localhost:3515 : 1
[DEBUG] Entry count for : http://localhost:62560 : 1
[DEBUG] Entry count for : http://localhost:62914 : 1
[DEBUG] Entry count for : http://localhost:62515 : 1
[DEBUG] Entry count for : http://localhost:30683 : 1
[DEBUG] 

Request DefaultHttpRequest(decodeResult: success, version: HTTP/1.1)
POST /session/1f260b1d6693cd3f269f448d3d8dc975/element HTTP/1.1
User-Agent: selenium/4.8.2 (java windows)
Content-Length: 58
Content-Type: application/json; charset=utf-8
host: localhost:28200
accept: */*

Response DefaultHttpResponse(decodeResult: success, version: HTTP/1.1)
HTTP/1.1 200 OK
Content-Length: 88
Content-Type: application/json; charset=utf-8
cache-control: no-cache

[DEBUG] Adding key: http://localhost:28200 for channel [id: 0x932154d8, L:/127.0.0.1:62913 - R:localhost/127.0.0.1:28200]
[DEBUG] Using pooled Channel '[id: 0x932154d8, L:/127.0.0.1:62913 - R:localhost/127.0.0.1:28200]' for 'POST' to 'http://localhost:28200/session/1f260b1d6693cd3f269f448d3d8dc975/element/5eee9cfd-d637-4f72-a24a-5ae7cc5bba80/value'
[DEBUG] Using open Channel [id: 0x932154d8, L:/127.0.0.1:62913 - R:localhost/127.0.0.1:28200] for POST '/session/1f260b1d6693cd3f269f448d3d8dc975/element/5eee9cfd-d637-4f72-a24a-5ae7cc5bba80/value'
[DEBUG] 

Request DefaultHttpRequest(decodeResult: success, version: HTTP/1.1)
POST /session/1f260b1d6693cd3f269f448d3d8dc975/element/5eee9cfd-d637-4f72-a24a-5ae7cc5bba80/value HTTP/1.1
User-Agent: selenium/4.8.2 (java windows)
Content-Length: 171
Content-Type: application/json; charset=utf-8
host: localhost:28200
accept: */*

Response DefaultHttpResponse(decodeResult: success, version: HTTP/1.1)
HTTP/1.1 200 OK
Content-Length: 14
Content-Type: application/json; charset=utf-8
cache-control: no-cache

[DEBUG] Adding key: http://localhost:28200 for channel [id: 0x932154d8, L:/127.0.0.1:62913 - R:localhost/127.0.0.1:28200]
[DEBUG] Using pooled Channel '[id: 0x932154d8, L:/127.0.0.1:62913 - R:localhost/127.0.0.1:28200]' for 'POST' to 'http://localhost:28200/session/1f260b1d6693cd3f269f448d3d8dc975/element'
[DEBUG] Using open Channel [id: 0x932154d8, L:/127.0.0.1:62913 - R:localhost/127.0.0.1:28200] for POST '/session/1f260b1d6693cd3f269f448d3d8dc975/element'
[DEBUG] 

Request DefaultHttpRequest(decodeResult: success, version: HTTP/1.1)
POST /session/1f260b1d6693cd3f269f448d3d8dc975/element HTTP/1.1
User-Agent: selenium/4.8.2 (java windows)
Content-Length: 59
Content-Type: application/json; charset=utf-8
host: localhost:28200
accept: */*

Response DefaultHttpResponse(decodeResult: success, version: HTTP/1.1)
HTTP/1.1 200 OK
Content-Length: 88
Content-Type: application/json; charset=utf-8
cache-control: no-cache

[DEBUG] Adding key: http://localhost:28200 for channel [id: 0x932154d8, L:/127.0.0.1:62913 - R:localhost/127.0.0.1:28200]
[DEBUG] Using pooled Channel '[id: 0x932154d8, L:/127.0.0.1:62913 - R:localhost/127.0.0.1:28200]' for 'POST' to 'http://localhost:28200/session/1f260b1d6693cd3f269f448d3d8dc975/element/d6a59564-7cb8-446b-906c-9defb4cef315/click'
[DEBUG] Using open Channel [id: 0x932154d8, L:/127.0.0.1:62913 - R:localhost/127.0.0.1:28200] for POST '/session/1f260b1d6693cd3f269f448d3d8dc975/element/d6a59564-7cb8-446b-906c-9defb4cef315/click'
[DEBUG] 

Request DefaultHttpRequest(decodeResult: success, version: HTTP/1.1)
POST /session/1f260b1d6693cd3f269f448d3d8dc975/element/d6a59564-7cb8-446b-906c-9defb4cef315/click HTTP/1.1
User-Agent: selenium/4.8.2 (java windows)
Content-Length: 50
Content-Type: application/json; charset=utf-8
host: localhost:28200
accept: */*

Response DefaultHttpResponse(decodeResult: success, version: HTTP/1.1)
HTTP/1.1 200 OK
Content-Length: 14
Content-Type: application/json; charset=utf-8
cache-control: no-cache

[DEBUG] Adding key: http://localhost:28200 for channel [id: 0x932154d8, L:/127.0.0.1:62913 - R:localhost/127.0.0.1:28200]
[DEBUG] Using pooled Channel '[id: 0x932154d8, L:/127.0.0.1:62913 - R:localhost/127.0.0.1:28200]' for 'POST' to 'http://localhost:28200/session/1f260b1d6693cd3f269f448d3d8dc975/element'
[DEBUG] Using open Channel [id: 0x932154d8, L:/127.0.0.1:62913 - R:localhost/127.0.0.1:28200] for POST '/session/1f260b1d6693cd3f269f448d3d8dc975/element'
[DEBUG] Entry count for : http://localhost:3515 : 1
[DEBUG] Entry count for : http://localhost:62560 : 1
[DEBUG] Entry count for : http://localhost:62914 : 1
[DEBUG] Entry count for : http://localhost:62515 : 1
[DEBUG] Entry count for : http://localhost:30683 : 1
[DEBUG] Entry count for : http://localhost:3515 : 1
[DEBUG] Entry count for : http://localhost:62560 : 1
[DEBUG] Entry count for : http://localhost:62914 : 1
[DEBUG] Entry count for : http://localhost:62515 : 1
[DEBUG] Entry count for : http://localhost:30683 : 1
[DEBUG] Entry count for : http://localhost:3515 : 1
[DEBUG] Entry count for : http://localhost:62560 : 1
[DEBUG] Entry count for : http://localhost:62914 : 1
[DEBUG] Entry count for : http://localhost:62515 : 1
[DEBUG] Entry count for : http://localhost:30683 : 1
[DEBUG] Entry count for : http://localhost:3515 : 1
[DEBUG] Entry count for : http://localhost:62560 : 1
[DEBUG] Entry count for : http://localhost:62914 : 1
[DEBUG] Entry count for : http://localhost:62515 : 1
[DEBUG] Entry count for : http://localhost:30683 : 1
[DEBUG] 

Request DefaultHttpRequest(decodeResult: success, version: HTTP/1.1)
POST /session/1f260b1d6693cd3f269f448d3d8dc975/element HTTP/1.1
User-Agent: selenium/4.8.2 (java windows)
Content-Length: 55
Content-Type: application/json; charset=utf-8
host: localhost:28200
accept: */*

Response DefaultHttpResponse(decodeResult: success, version: HTTP/1.1)
HTTP/1.1 200 OK
Content-Length: 88
Content-Type: application/json; charset=utf-8
cache-control: no-cache

[DEBUG] Adding key: http://localhost:28200 for channel [id: 0x932154d8, L:/127.0.0.1:62913 - R:localhost/127.0.0.1:28200]
[DEBUG] Using pooled Channel '[id: 0x932154d8, L:/127.0.0.1:62913 - R:localhost/127.0.0.1:28200]' for 'POST' to 'http://localhost:28200/session/1f260b1d6693cd3f269f448d3d8dc975/execute/sync'
[DEBUG] Using open Channel [id: 0x932154d8, L:/127.0.0.1:62913 - R:localhost/127.0.0.1:28200] for POST '/session/1f260b1d6693cd3f269f448d3d8dc975/execute/sync'
[DEBUG] 

Request DefaultHttpRequest(decodeResult: success, version: HTTP/1.1)
POST /session/1f260b1d6693cd3f269f448d3d8dc975/execute/sync HTTP/1.1
User-Agent: selenium/4.8.2 (java windows)
Content-Length: 48807
Content-Type: application/json; charset=utf-8
host: localhost:28200
accept: */*

Response DefaultHttpResponse(decodeResult: success, version: HTTP/1.1)
HTTP/1.1 200 OK
Content-Length: 14
Content-Type: application/json; charset=utf-8
cache-control: no-cache

[DEBUG] Adding key: http://localhost:28200 for channel [id: 0x932154d8, L:/127.0.0.1:62913 - R:localhost/127.0.0.1:28200]
]]></system-out>
    <system-err><![CDATA[Starting ChromeDriver 112.0.5615.49 (bd2a7bcb881c11e8cfe3078709382934e3916914-refs/branch-heads/5615@{#936}) on port 28200
Only local connections are allowed.
Please see https://chromedriver.chromium.org/security-considerations for suggestions on keeping ChromeDriver safe.
ChromeDriver was started successfully.
Apr 11, 2023 1:04:51 PM org.openqa.selenium.devtools.CdpVersionFinder findNearestMatch
WARNING: Unable to find an exact match for CDP version 112, so returning the closest version found: 111
]]></system-err>
  </testcase>
  <testcase name="logInWithValidCredentials[seleniumpanda@rediffmail.com, Selenium@123](2)" classname="com.qa.hybridrediff.testcases.Hybrid_LoginTests" time="3.928">
    <system-out><![CDATA[[DEBUG] Channel Closed: [id: 0x7d32849c, L:/127.0.0.1:62920 ! R:localhost/127.0.0.1:62914] with attribute NettyResponseFuture{currentRetry=0,
	isDone=1,
	isCancelled=0,
	asyncHandler=org.asynchttpclient.ws.WebSocketUpgradeHandler@2544fb8f,
	nettyRequest=org.asynchttpclient.netty.request.NettyRequest@60467143,
	future=java.util.concurrent.CompletableFuture@2b362edc[Completed normally],
	uri=ws://localhost:62914/devtools/browser/b599de2b-a30c-4785-9ad0-656dd5145f33,
	keepAlive=true,
	redirectCount=0,
	timeoutsHolder=null,
	inAuth=0,
	touch=1681243491198}
[DEBUG] Closing Channel [id: 0x7d32849c, L:/127.0.0.1:62920 ! R:localhost/127.0.0.1:62914] 
[DEBUG] Using pooled Channel '[id: 0x932154d8, L:/127.0.0.1:62913 - R:localhost/127.0.0.1:28200]' for 'DELETE' to 'http://localhost:28200/session/1f260b1d6693cd3f269f448d3d8dc975'
[DEBUG] Using open Channel [id: 0x932154d8, L:/127.0.0.1:62913 - R:localhost/127.0.0.1:28200] for DELETE '/session/1f260b1d6693cd3f269f448d3d8dc975'
[DEBUG] Unexpected I/O exception on channel [id: 0x0247adf9, L:/127.0.0.1:62919 - R:localhost/127.0.0.1:62914]
java.io.IOException: An existing connection was forcibly closed by the remote host
	at sun.nio.ch.SocketDispatcher.read0(Native Method) ~[na:1.8.0_333]
	at sun.nio.ch.SocketDispatcher.read(SocketDispatcher.java:43) ~[na:1.8.0_333]
	at sun.nio.ch.IOUtil.readIntoNativeBuffer(IOUtil.java:223) ~[na:1.8.0_333]
	at sun.nio.ch.IOUtil.read(IOUtil.java:192) ~[na:1.8.0_333]
	at sun.nio.ch.SocketChannelImpl.read(SocketChannelImpl.java:378) ~[na:1.8.0_333]
	at io.netty.buffer.PooledByteBuf.setBytes(PooledByteBuf.java:256) ~[netty-buffer-4.1.90.Final.jar:4.1.90.Final]
	at io.netty.buffer.AbstractByteBuf.writeBytes(AbstractByteBuf.java:1132) ~[netty-buffer-4.1.90.Final.jar:4.1.90.Final]
	at io.netty.channel.socket.nio.NioSocketChannel.doReadBytes(NioSocketChannel.java:357) ~[netty-transport-4.1.90.Final.jar:4.1.90.Final]
	at io.netty.channel.nio.AbstractNioByteChannel$NioByteUnsafe.read(AbstractNioByteChannel.java:151) ~[netty-transport-4.1.90.Final.jar:4.1.90.Final]
	at io.netty.channel.nio.NioEventLoop.processSelectedKey(NioEventLoop.java:788) [netty-transport-4.1.90.Final.jar:4.1.90.Final]
	at io.netty.channel.nio.NioEventLoop.processSelectedKeysOptimized(NioEventLoop.java:724) [netty-transport-4.1.90.Final.jar:4.1.90.Final]
	at io.netty.channel.nio.NioEventLoop.processSelectedKeys(NioEventLoop.java:650) [netty-transport-4.1.90.Final.jar:4.1.90.Final]
	at io.netty.channel.nio.NioEventLoop.run(NioEventLoop.java:562) [netty-transport-4.1.90.Final.jar:4.1.90.Final]
	at io.netty.util.concurrent.SingleThreadEventExecutor$4.run(SingleThreadEventExecutor.java:997) [netty-common-4.1.90.Final.jar:4.1.90.Final]
	at io.netty.util.internal.ThreadExecutorMap$2.run(ThreadExecutorMap.java:74) [netty-common-4.1.90.Final.jar:4.1.90.Final]
	at io.netty.util.concurrent.FastThreadLocalRunnable.run(FastThreadLocalRunnable.java:30) [netty-common-4.1.90.Final.jar:4.1.90.Final]
	at java.lang.Thread.run(Thread.java:750) [na:1.8.0_333]
[DEBUG] Closing Channel [id: 0x0247adf9, L:/127.0.0.1:62919 - R:localhost/127.0.0.1:62914] 
[DEBUG] Channel Closed: [id: 0x0247adf9, L:/127.0.0.1:62919 ! R:localhost/127.0.0.1:62914] with attribute DISCARD
[DEBUG] 

Request DefaultFullHttpRequest(decodeResult: success, version: HTTP/1.1, content: EmptyByteBufBE)
DELETE /session/1f260b1d6693cd3f269f448d3d8dc975 HTTP/1.1
User-Agent: selenium/4.8.2 (java windows)
Content-Type: application/json; charset=utf-8
host: localhost:28200
accept: */*

Response DefaultHttpResponse(decodeResult: success, version: HTTP/1.1)
HTTP/1.1 200 OK
Content-Length: 14
Content-Type: application/json; charset=utf-8
cache-control: no-cache

[DEBUG] Adding key: http://localhost:28200 for channel [id: 0x932154d8, L:/127.0.0.1:62913 - R:localhost/127.0.0.1:28200]
[DEBUG] Entry count for : http://localhost:3515 : 1
[DEBUG] Entry count for : http://localhost:62560 : 1
[DEBUG] Entry count for : http://localhost:62914 : 1
[DEBUG] Entry count for : http://localhost:28200 : 1
[DEBUG] Entry count for : http://localhost:62515 : 1
[DEBUG] Entry count for : http://localhost:30683 : 1
[DEBUG] Adding Candidate expired Channel [id: 0x0247adf9, L:/127.0.0.1:62919 ! R:localhost/127.0.0.1:62914] isIdleTimeoutExpired=false isRemotelyClosed=true isTtlExpired=false
[DEBUG] Closing Idle Channel [id: 0x0247adf9, L:/127.0.0.1:62919 ! R:localhost/127.0.0.1:62914]
[DEBUG] Closed 1 connections out of 6 in 0 ms
[DEBUG] Channel Closed: [id: 0x932154d8, L:/127.0.0.1:62913 ! R:localhost/127.0.0.1:28200] with attribute DISCARD
[DEBUG] Using new Channel '[id: 0x69546aff, L:/127.0.0.1:63020 - R:localhost/127.0.0.1:43041]' for 'POST' to '/session'
[DEBUG] Entry count for : http://localhost:3515 : 1
[DEBUG] Entry count for : http://localhost:62560 : 1
[DEBUG] Entry count for : http://localhost:28200 : 1
[DEBUG] Entry count for : http://localhost:62515 : 1
[DEBUG] Entry count for : http://localhost:30683 : 1
[DEBUG] Adding Candidate expired Channel [id: 0x932154d8, L:/127.0.0.1:62913 ! R:localhost/127.0.0.1:28200] isIdleTimeoutExpired=false isRemotelyClosed=true isTtlExpired=false
[DEBUG] Closing Idle Channel [id: 0x932154d8, L:/127.0.0.1:62913 ! R:localhost/127.0.0.1:28200]
[DEBUG] Closed 1 connections out of 5 in 0 ms
[DEBUG] 

Request DefaultHttpRequest(decodeResult: success, version: HTTP/1.1)
POST /session HTTP/1.1
User-Agent: selenium/4.8.2 (java windows)
Content-Length: 621
Content-Type: application/json; charset=utf-8
host: localhost:43041
accept: */*

Response DefaultHttpResponse(decodeResult: success, version: HTTP/1.1)
HTTP/1.1 200 OK
Content-Length: 858
Content-Type: application/json; charset=utf-8
cache-control: no-cache

[DEBUG] Adding key: http://localhost:43041 for channel [id: 0x69546aff, L:/127.0.0.1:63020 - R:localhost/127.0.0.1:43041]
[DEBUG] Using new Channel '[id: 0xedca0bc5, L:/127.0.0.1:63026 - R:localhost/127.0.0.1:63021]' for 'GET' to '/json/version'
[DEBUG] 

Request DefaultFullHttpRequest(decodeResult: success, version: HTTP/1.1, content: EmptyByteBufBE)
GET /json/version HTTP/1.1
User-Agent: selenium/4.8.2 (java windows)
host: localhost:63021
accept: */*

Response DefaultHttpResponse(decodeResult: success, version: HTTP/1.1)
HTTP/1.1 200 OK
Content-Security-Policy: frame-ancestors 'none'
Content-Length: 422
Content-Type: application/json; charset=UTF-8

[DEBUG] Adding key: http://localhost:63021 for channel [id: 0xedca0bc5, L:/127.0.0.1:63026 - R:localhost/127.0.0.1:63021]
[DEBUG] Using new Channel '[id: 0xe3c14e7f, L:/127.0.0.1:63027 - R:localhost/127.0.0.1:63021]' for 'GET' to '/devtools/browser/014c2258-9188-4556-b728-8f0aa3f8b308'
[DEBUG] 

Request DefaultFullHttpRequest(decodeResult: success, version: HTTP/1.1, content: EmptyByteBufBE)
GET /devtools/browser/014c2258-9188-4556-b728-8f0aa3f8b308 HTTP/1.1
upgrade: websocket
connection: upgrade
sec-websocket-key: 4zsPNxNaTjbKT97eLjSY4A==
sec-websocket-version: 13
origin: http://localhost:63021
host: localhost:63021
accept: */*
user-agent: AHC/2.1

Response DefaultHttpResponse(decodeResult: success, version: HTTP/1.1)
HTTP/1.1 101 WebSocket Protocol Handshake
Upgrade: WebSocket
Connection: Upgrade
Sec-WebSocket-Accept: UWdNRqZPh0Zw3wcDK/ali8somaw=

[DEBUG] Using pooled Channel '[id: 0x69546aff, L:/127.0.0.1:63020 - R:localhost/127.0.0.1:43041]' for 'POST' to 'http://localhost:43041/session/3fb23c9a5bb00f86621303d88efa7827/url'
[DEBUG] Using open Channel [id: 0x69546aff, L:/127.0.0.1:63020 - R:localhost/127.0.0.1:43041] for POST '/session/3fb23c9a5bb00f86621303d88efa7827/url'
[DEBUG] Entry count for : http://localhost:3515 : 1
[DEBUG] Entry count for : http://localhost:62560 : 1
[DEBUG] Entry count for : http://localhost:63021 : 1
[DEBUG] Entry count for : http://localhost:30683 : 1
[DEBUG] Entry count for : http://localhost:62515 : 1
[DEBUG] 

Request DefaultHttpRequest(decodeResult: success, version: HTTP/1.1)
POST /session/3fb23c9a5bb00f86621303d88efa7827/url HTTP/1.1
User-Agent: selenium/4.8.2 (java windows)
Content-Length: 53
Content-Type: application/json; charset=utf-8
host: localhost:43041
accept: */*

Response DefaultHttpResponse(decodeResult: success, version: HTTP/1.1)
HTTP/1.1 200 OK
Content-Length: 14
Content-Type: application/json; charset=utf-8
cache-control: no-cache

[DEBUG] Adding key: http://localhost:43041 for channel [id: 0x69546aff, L:/127.0.0.1:63020 - R:localhost/127.0.0.1:43041]
[DEBUG] Using pooled Channel '[id: 0x69546aff, L:/127.0.0.1:63020 - R:localhost/127.0.0.1:43041]' for 'POST' to 'http://localhost:43041/session/3fb23c9a5bb00f86621303d88efa7827/window/maximize'
[DEBUG] Using open Channel [id: 0x69546aff, L:/127.0.0.1:63020 - R:localhost/127.0.0.1:43041] for POST '/session/3fb23c9a5bb00f86621303d88efa7827/window/maximize'
[DEBUG] 

Request DefaultHttpRequest(decodeResult: success, version: HTTP/1.1)
POST /session/3fb23c9a5bb00f86621303d88efa7827/window/maximize HTTP/1.1
User-Agent: selenium/4.8.2 (java windows)
Content-Length: 3
Content-Type: application/json; charset=utf-8
host: localhost:43041
accept: */*

Response DefaultHttpResponse(decodeResult: success, version: HTTP/1.1)
HTTP/1.1 200 OK
Content-Length: 51
Content-Type: application/json; charset=utf-8
cache-control: no-cache

[DEBUG] Adding key: http://localhost:43041 for channel [id: 0x69546aff, L:/127.0.0.1:63020 - R:localhost/127.0.0.1:43041]
[DEBUG] Using pooled Channel '[id: 0x69546aff, L:/127.0.0.1:63020 - R:localhost/127.0.0.1:43041]' for 'DELETE' to 'http://localhost:43041/session/3fb23c9a5bb00f86621303d88efa7827/cookie'
[DEBUG] Using open Channel [id: 0x69546aff, L:/127.0.0.1:63020 - R:localhost/127.0.0.1:43041] for DELETE '/session/3fb23c9a5bb00f86621303d88efa7827/cookie'
[DEBUG] 

Request DefaultFullHttpRequest(decodeResult: success, version: HTTP/1.1, content: EmptyByteBufBE)
DELETE /session/3fb23c9a5bb00f86621303d88efa7827/cookie HTTP/1.1
User-Agent: selenium/4.8.2 (java windows)
Content-Type: application/json; charset=utf-8
host: localhost:43041
accept: */*

Response DefaultHttpResponse(decodeResult: success, version: HTTP/1.1)
HTTP/1.1 200 OK
Content-Length: 14
Content-Type: application/json; charset=utf-8
cache-control: no-cache

[DEBUG] Adding key: http://localhost:43041 for channel [id: 0x69546aff, L:/127.0.0.1:63020 - R:localhost/127.0.0.1:43041]
[DEBUG] Using pooled Channel '[id: 0x69546aff, L:/127.0.0.1:63020 - R:localhost/127.0.0.1:43041]' for 'POST' to 'http://localhost:43041/session/3fb23c9a5bb00f86621303d88efa7827/timeouts'
[DEBUG] Using open Channel [id: 0x69546aff, L:/127.0.0.1:63020 - R:localhost/127.0.0.1:43041] for POST '/session/3fb23c9a5bb00f86621303d88efa7827/timeouts'
[DEBUG] 

Request DefaultHttpRequest(decodeResult: success, version: HTTP/1.1)
POST /session/3fb23c9a5bb00f86621303d88efa7827/timeouts HTTP/1.1
User-Agent: selenium/4.8.2 (java windows)
Content-Length: 23
Content-Type: application/json; charset=utf-8
host: localhost:43041
accept: */*

Response DefaultHttpResponse(decodeResult: success, version: HTTP/1.1)
HTTP/1.1 200 OK
Content-Length: 14
Content-Type: application/json; charset=utf-8
cache-control: no-cache

[DEBUG] Adding key: http://localhost:43041 for channel [id: 0x69546aff, L:/127.0.0.1:63020 - R:localhost/127.0.0.1:43041]
[DEBUG] Using pooled Channel '[id: 0x69546aff, L:/127.0.0.1:63020 - R:localhost/127.0.0.1:43041]' for 'POST' to 'http://localhost:43041/session/3fb23c9a5bb00f86621303d88efa7827/timeouts'
[DEBUG] Using open Channel [id: 0x69546aff, L:/127.0.0.1:63020 - R:localhost/127.0.0.1:43041] for POST '/session/3fb23c9a5bb00f86621303d88efa7827/timeouts'
[DEBUG] 

Request DefaultHttpRequest(decodeResult: success, version: HTTP/1.1)
POST /session/3fb23c9a5bb00f86621303d88efa7827/timeouts HTTP/1.1
User-Agent: selenium/4.8.2 (java windows)
Content-Length: 23
Content-Type: application/json; charset=utf-8
host: localhost:43041
accept: */*

Response DefaultHttpResponse(decodeResult: success, version: HTTP/1.1)
HTTP/1.1 200 OK
Content-Length: 14
Content-Type: application/json; charset=utf-8
cache-control: no-cache

[DEBUG] Adding key: http://localhost:43041 for channel [id: 0x69546aff, L:/127.0.0.1:63020 - R:localhost/127.0.0.1:43041]
[DEBUG] Using pooled Channel '[id: 0x69546aff, L:/127.0.0.1:63020 - R:localhost/127.0.0.1:43041]' for 'POST' to 'http://localhost:43041/session/3fb23c9a5bb00f86621303d88efa7827/timeouts'
[DEBUG] Using open Channel [id: 0x69546aff, L:/127.0.0.1:63020 - R:localhost/127.0.0.1:43041] for POST '/session/3fb23c9a5bb00f86621303d88efa7827/timeouts'
[DEBUG] 

Request DefaultHttpRequest(decodeResult: success, version: HTTP/1.1)
POST /session/3fb23c9a5bb00f86621303d88efa7827/timeouts HTTP/1.1
User-Agent: selenium/4.8.2 (java windows)
Content-Length: 21
Content-Type: application/json; charset=utf-8
host: localhost:43041
accept: */*

Response DefaultHttpResponse(decodeResult: success, version: HTTP/1.1)
HTTP/1.1 200 OK
Content-Length: 14
Content-Type: application/json; charset=utf-8
cache-control: no-cache

[DEBUG] Adding key: http://localhost:43041 for channel [id: 0x69546aff, L:/127.0.0.1:63020 - R:localhost/127.0.0.1:43041]
[DEBUG] Using pooled Channel '[id: 0x69546aff, L:/127.0.0.1:63020 - R:localhost/127.0.0.1:43041]' for 'POST' to 'http://localhost:43041/session/3fb23c9a5bb00f86621303d88efa7827/element'
[DEBUG] Using open Channel [id: 0x69546aff, L:/127.0.0.1:63020 - R:localhost/127.0.0.1:43041] for POST '/session/3fb23c9a5bb00f86621303d88efa7827/element'
[DEBUG] 

Request DefaultHttpRequest(decodeResult: success, version: HTTP/1.1)
POST /session/3fb23c9a5bb00f86621303d88efa7827/element HTTP/1.1
User-Agent: selenium/4.8.2 (java windows)
Content-Length: 52
Content-Type: application/json; charset=utf-8
host: localhost:43041
accept: */*

Response DefaultHttpResponse(decodeResult: success, version: HTTP/1.1)
HTTP/1.1 200 OK
Content-Length: 88
Content-Type: application/json; charset=utf-8
cache-control: no-cache

[DEBUG] Adding key: http://localhost:43041 for channel [id: 0x69546aff, L:/127.0.0.1:63020 - R:localhost/127.0.0.1:43041]
[DEBUG] Using pooled Channel '[id: 0x69546aff, L:/127.0.0.1:63020 - R:localhost/127.0.0.1:43041]' for 'POST' to 'http://localhost:43041/session/3fb23c9a5bb00f86621303d88efa7827/element/36ca66d4-e6fd-4cf2-9f1e-1b9179b21e67/click'
[DEBUG] Using open Channel [id: 0x69546aff, L:/127.0.0.1:63020 - R:localhost/127.0.0.1:43041] for POST '/session/3fb23c9a5bb00f86621303d88efa7827/element/36ca66d4-e6fd-4cf2-9f1e-1b9179b21e67/click'
[DEBUG] Entry count for : http://localhost:3515 : 1
[DEBUG] Entry count for : http://localhost:62560 : 1
[DEBUG] Entry count for : http://localhost:63021 : 1
[DEBUG] Entry count for : http://localhost:30683 : 1
[DEBUG] Entry count for : http://localhost:62515 : 1
[DEBUG] Entry count for : http://localhost:3515 : 1
[DEBUG] Entry count for : http://localhost:62560 : 1
[DEBUG] Entry count for : http://localhost:63021 : 1
[DEBUG] Entry count for : http://localhost:30683 : 1
[DEBUG] Entry count for : http://localhost:62515 : 1
[DEBUG] 

Request DefaultHttpRequest(decodeResult: success, version: HTTP/1.1)
POST /session/3fb23c9a5bb00f86621303d88efa7827/element/36ca66d4-e6fd-4cf2-9f1e-1b9179b21e67/click HTTP/1.1
User-Agent: selenium/4.8.2 (java windows)
Content-Length: 50
Content-Type: application/json; charset=utf-8
host: localhost:43041
accept: */*

Response DefaultHttpResponse(decodeResult: success, version: HTTP/1.1)
HTTP/1.1 200 OK
Content-Length: 14
Content-Type: application/json; charset=utf-8
cache-control: no-cache

[DEBUG] Adding key: http://localhost:43041 for channel [id: 0x69546aff, L:/127.0.0.1:63020 - R:localhost/127.0.0.1:43041]
[DEBUG] Using pooled Channel '[id: 0x69546aff, L:/127.0.0.1:63020 - R:localhost/127.0.0.1:43041]' for 'POST' to 'http://localhost:43041/session/3fb23c9a5bb00f86621303d88efa7827/element'
[DEBUG] Using open Channel [id: 0x69546aff, L:/127.0.0.1:63020 - R:localhost/127.0.0.1:43041] for POST '/session/3fb23c9a5bb00f86621303d88efa7827/element'
[DEBUG] 

Request DefaultHttpRequest(decodeResult: success, version: HTTP/1.1)
POST /session/3fb23c9a5bb00f86621303d88efa7827/element HTTP/1.1
User-Agent: selenium/4.8.2 (java windows)
Content-Length: 56
Content-Type: application/json; charset=utf-8
host: localhost:43041
accept: */*

Response DefaultHttpResponse(decodeResult: success, version: HTTP/1.1)
HTTP/1.1 200 OK
Content-Length: 88
Content-Type: application/json; charset=utf-8
cache-control: no-cache

[DEBUG] Adding key: http://localhost:43041 for channel [id: 0x69546aff, L:/127.0.0.1:63020 - R:localhost/127.0.0.1:43041]
[DEBUG] Using pooled Channel '[id: 0x69546aff, L:/127.0.0.1:63020 - R:localhost/127.0.0.1:43041]' for 'POST' to 'http://localhost:43041/session/3fb23c9a5bb00f86621303d88efa7827/element/f5951d22-5b0b-4bd4-86b7-42f7b60b4c33/value'
[DEBUG] Using open Channel [id: 0x69546aff, L:/127.0.0.1:63020 - R:localhost/127.0.0.1:43041] for POST '/session/3fb23c9a5bb00f86621303d88efa7827/element/f5951d22-5b0b-4bd4-86b7-42f7b60b4c33/value'
[DEBUG] 

Request DefaultHttpRequest(decodeResult: success, version: HTTP/1.1)
POST /session/3fb23c9a5bb00f86621303d88efa7827/element/f5951d22-5b0b-4bd4-86b7-42f7b60b4c33/value HTTP/1.1
User-Agent: selenium/4.8.2 (java windows)
Content-Length: 361
Content-Type: application/json; charset=utf-8
host: localhost:43041
accept: */*

Response DefaultHttpResponse(decodeResult: success, version: HTTP/1.1)
HTTP/1.1 200 OK
Content-Length: 14
Content-Type: application/json; charset=utf-8
cache-control: no-cache

[DEBUG] Adding key: http://localhost:43041 for channel [id: 0x69546aff, L:/127.0.0.1:63020 - R:localhost/127.0.0.1:43041]
[DEBUG] Using pooled Channel '[id: 0x69546aff, L:/127.0.0.1:63020 - R:localhost/127.0.0.1:43041]' for 'POST' to 'http://localhost:43041/session/3fb23c9a5bb00f86621303d88efa7827/element'
[DEBUG] Using open Channel [id: 0x69546aff, L:/127.0.0.1:63020 - R:localhost/127.0.0.1:43041] for POST '/session/3fb23c9a5bb00f86621303d88efa7827/element'
[DEBUG] 

Request DefaultHttpRequest(decodeResult: success, version: HTTP/1.1)
POST /session/3fb23c9a5bb00f86621303d88efa7827/element HTTP/1.1
User-Agent: selenium/4.8.2 (java windows)
Content-Length: 58
Content-Type: application/json; charset=utf-8
host: localhost:43041
accept: */*

Response DefaultHttpResponse(decodeResult: success, version: HTTP/1.1)
HTTP/1.1 200 OK
Content-Length: 88
Content-Type: application/json; charset=utf-8
cache-control: no-cache

[DEBUG] Adding key: http://localhost:43041 for channel [id: 0x69546aff, L:/127.0.0.1:63020 - R:localhost/127.0.0.1:43041]
[DEBUG] Using pooled Channel '[id: 0x69546aff, L:/127.0.0.1:63020 - R:localhost/127.0.0.1:43041]' for 'POST' to 'http://localhost:43041/session/3fb23c9a5bb00f86621303d88efa7827/element/758cc163-c163-420e-8dff-07eab5402d49/value'
[DEBUG] Using open Channel [id: 0x69546aff, L:/127.0.0.1:63020 - R:localhost/127.0.0.1:43041] for POST '/session/3fb23c9a5bb00f86621303d88efa7827/element/758cc163-c163-420e-8dff-07eab5402d49/value'
[DEBUG] 

Request DefaultHttpRequest(decodeResult: success, version: HTTP/1.1)
POST /session/3fb23c9a5bb00f86621303d88efa7827/element/758cc163-c163-420e-8dff-07eab5402d49/value HTTP/1.1
User-Agent: selenium/4.8.2 (java windows)
Content-Length: 201
Content-Type: application/json; charset=utf-8
host: localhost:43041
accept: */*

Response DefaultHttpResponse(decodeResult: success, version: HTTP/1.1)
HTTP/1.1 200 OK
Content-Length: 14
Content-Type: application/json; charset=utf-8
cache-control: no-cache

[DEBUG] Adding key: http://localhost:43041 for channel [id: 0x69546aff, L:/127.0.0.1:63020 - R:localhost/127.0.0.1:43041]
[DEBUG] Using pooled Channel '[id: 0x69546aff, L:/127.0.0.1:63020 - R:localhost/127.0.0.1:43041]' for 'POST' to 'http://localhost:43041/session/3fb23c9a5bb00f86621303d88efa7827/element'
[DEBUG] Using open Channel [id: 0x69546aff, L:/127.0.0.1:63020 - R:localhost/127.0.0.1:43041] for POST '/session/3fb23c9a5bb00f86621303d88efa7827/element'
[DEBUG] 

Request DefaultHttpRequest(decodeResult: success, version: HTTP/1.1)
POST /session/3fb23c9a5bb00f86621303d88efa7827/element HTTP/1.1
User-Agent: selenium/4.8.2 (java windows)
Content-Length: 59
Content-Type: application/json; charset=utf-8
host: localhost:43041
accept: */*

Response DefaultHttpResponse(decodeResult: success, version: HTTP/1.1)
HTTP/1.1 200 OK
Content-Length: 88
Content-Type: application/json; charset=utf-8
cache-control: no-cache

[DEBUG] Adding key: http://localhost:43041 for channel [id: 0x69546aff, L:/127.0.0.1:63020 - R:localhost/127.0.0.1:43041]
[DEBUG] Using pooled Channel '[id: 0x69546aff, L:/127.0.0.1:63020 - R:localhost/127.0.0.1:43041]' for 'POST' to 'http://localhost:43041/session/3fb23c9a5bb00f86621303d88efa7827/element/2e8982d9-a3d6-49f2-b065-e651e5836969/click'
[DEBUG] Using open Channel [id: 0x69546aff, L:/127.0.0.1:63020 - R:localhost/127.0.0.1:43041] for POST '/session/3fb23c9a5bb00f86621303d88efa7827/element/2e8982d9-a3d6-49f2-b065-e651e5836969/click'
[DEBUG] Entry count for : http://localhost:3515 : 1
[DEBUG] Entry count for : http://localhost:62560 : 1
[DEBUG] Entry count for : http://localhost:63021 : 1
[DEBUG] Entry count for : http://localhost:30683 : 1
[DEBUG] Entry count for : http://localhost:62515 : 1
[DEBUG] Entry count for : http://localhost:3515 : 1
[DEBUG] Entry count for : http://localhost:62560 : 1
[DEBUG] Entry count for : http://localhost:63021 : 1
[DEBUG] Entry count for : http://localhost:30683 : 1
[DEBUG] Entry count for : http://localhost:62515 : 1
[DEBUG] Entry count for : http://localhost:3515 : 1
[DEBUG] Entry count for : http://localhost:62560 : 1
[DEBUG] Entry count for : http://localhost:63021 : 1
[DEBUG] Entry count for : http://localhost:30683 : 1
[DEBUG] Entry count for : http://localhost:62515 : 1
[DEBUG] Entry count for : http://localhost:3515 : 1
[DEBUG] Entry count for : http://localhost:62560 : 1
[DEBUG] Entry count for : http://localhost:63021 : 1
[DEBUG] Entry count for : http://localhost:30683 : 1
[DEBUG] Entry count for : http://localhost:62515 : 1
[DEBUG] 

Request DefaultHttpRequest(decodeResult: success, version: HTTP/1.1)
POST /session/3fb23c9a5bb00f86621303d88efa7827/element/2e8982d9-a3d6-49f2-b065-e651e5836969/click HTTP/1.1
User-Agent: selenium/4.8.2 (java windows)
Content-Length: 50
Content-Type: application/json; charset=utf-8
host: localhost:43041
accept: */*

Response DefaultHttpResponse(decodeResult: success, version: HTTP/1.1)
HTTP/1.1 200 OK
Content-Length: 14
Content-Type: application/json; charset=utf-8
cache-control: no-cache

[DEBUG] Adding key: http://localhost:43041 for channel [id: 0x69546aff, L:/127.0.0.1:63020 - R:localhost/127.0.0.1:43041]
[DEBUG] Using pooled Channel '[id: 0x69546aff, L:/127.0.0.1:63020 - R:localhost/127.0.0.1:43041]' for 'POST' to 'http://localhost:43041/session/3fb23c9a5bb00f86621303d88efa7827/element'
[DEBUG] Using open Channel [id: 0x69546aff, L:/127.0.0.1:63020 - R:localhost/127.0.0.1:43041] for POST '/session/3fb23c9a5bb00f86621303d88efa7827/element'
[DEBUG] 

Request DefaultHttpRequest(decodeResult: success, version: HTTP/1.1)
POST /session/3fb23c9a5bb00f86621303d88efa7827/element HTTP/1.1
User-Agent: selenium/4.8.2 (java windows)
Content-Length: 55
Content-Type: application/json; charset=utf-8
host: localhost:43041
accept: */*

Response DefaultHttpResponse(decodeResult: success, version: HTTP/1.1)
HTTP/1.1 200 OK
Content-Length: 88
Content-Type: application/json; charset=utf-8
cache-control: no-cache

[DEBUG] Adding key: http://localhost:43041 for channel [id: 0x69546aff, L:/127.0.0.1:63020 - R:localhost/127.0.0.1:43041]
[DEBUG] Using pooled Channel '[id: 0x69546aff, L:/127.0.0.1:63020 - R:localhost/127.0.0.1:43041]' for 'POST' to 'http://localhost:43041/session/3fb23c9a5bb00f86621303d88efa7827/execute/sync'
[DEBUG] Using open Channel [id: 0x69546aff, L:/127.0.0.1:63020 - R:localhost/127.0.0.1:43041] for POST '/session/3fb23c9a5bb00f86621303d88efa7827/execute/sync'
[DEBUG] 

Request DefaultHttpRequest(decodeResult: success, version: HTTP/1.1)
POST /session/3fb23c9a5bb00f86621303d88efa7827/execute/sync HTTP/1.1
User-Agent: selenium/4.8.2 (java windows)
Content-Length: 48807
Content-Type: application/json; charset=utf-8
host: localhost:43041
accept: */*

Response DefaultHttpResponse(decodeResult: success, version: HTTP/1.1)
HTTP/1.1 200 OK
Content-Length: 14
Content-Type: application/json; charset=utf-8
cache-control: no-cache

[DEBUG] Adding key: http://localhost:43041 for channel [id: 0x69546aff, L:/127.0.0.1:63020 - R:localhost/127.0.0.1:43041]
]]></system-out>
    <system-err><![CDATA[Starting ChromeDriver 112.0.5615.49 (bd2a7bcb881c11e8cfe3078709382934e3916914-refs/branch-heads/5615@{#936}) on port 43041
Only local connections are allowed.
Please see https://chromedriver.chromium.org/security-considerations for suggestions on keeping ChromeDriver safe.
ChromeDriver was started successfully.
Apr 11, 2023 1:05:01 PM org.openqa.selenium.devtools.CdpVersionFinder findNearestMatch
WARNING: Unable to find an exact match for CDP version 112, so returning the closest version found: 111
]]></system-err>
  </testcase>
  <testcase name="logInWithValidCredentials[sarthakkumarpanda@rediffmail.com, Selenium@123](3)" classname="com.qa.hybridrediff.testcases.Hybrid_LoginTests" time="6.172">
    <system-out><![CDATA[[DEBUG] Channel Closed: [id: 0xe3c14e7f, L:/127.0.0.1:63027 ! R:localhost/127.0.0.1:63021] with attribute NettyResponseFuture{currentRetry=0,
	isDone=1,
	isCancelled=0,
	asyncHandler=org.asynchttpclient.ws.WebSocketUpgradeHandler@42f80e31,
	nettyRequest=org.asynchttpclient.netty.request.NettyRequest@18bbbee3,
	future=java.util.concurrent.CompletableFuture@247d2440[Completed normally],
	uri=ws://localhost:63021/devtools/browser/014c2258-9188-4556-b728-8f0aa3f8b308,
	keepAlive=true,
	redirectCount=0,
	timeoutsHolder=null,
	inAuth=0,
	touch=1681243501574}
[DEBUG] Closing Channel [id: 0xe3c14e7f, L:/127.0.0.1:63027 ! R:localhost/127.0.0.1:63021] 
[DEBUG] Using pooled Channel '[id: 0x69546aff, L:/127.0.0.1:63020 - R:localhost/127.0.0.1:43041]' for 'DELETE' to 'http://localhost:43041/session/3fb23c9a5bb00f86621303d88efa7827'
[DEBUG] Using open Channel [id: 0x69546aff, L:/127.0.0.1:63020 - R:localhost/127.0.0.1:43041] for DELETE '/session/3fb23c9a5bb00f86621303d88efa7827'
[DEBUG] Unexpected I/O exception on channel [id: 0xedca0bc5, L:/127.0.0.1:63026 - R:localhost/127.0.0.1:63021]
java.io.IOException: An existing connection was forcibly closed by the remote host
	at sun.nio.ch.SocketDispatcher.read0(Native Method) ~[na:1.8.0_333]
	at sun.nio.ch.SocketDispatcher.read(SocketDispatcher.java:43) ~[na:1.8.0_333]
	at sun.nio.ch.IOUtil.readIntoNativeBuffer(IOUtil.java:223) ~[na:1.8.0_333]
	at sun.nio.ch.IOUtil.read(IOUtil.java:192) ~[na:1.8.0_333]
	at sun.nio.ch.SocketChannelImpl.read(SocketChannelImpl.java:378) ~[na:1.8.0_333]
	at io.netty.buffer.PooledByteBuf.setBytes(PooledByteBuf.java:256) ~[netty-buffer-4.1.90.Final.jar:4.1.90.Final]
	at io.netty.buffer.AbstractByteBuf.writeBytes(AbstractByteBuf.java:1132) ~[netty-buffer-4.1.90.Final.jar:4.1.90.Final]
	at io.netty.channel.socket.nio.NioSocketChannel.doReadBytes(NioSocketChannel.java:357) ~[netty-transport-4.1.90.Final.jar:4.1.90.Final]
	at io.netty.channel.nio.AbstractNioByteChannel$NioByteUnsafe.read(AbstractNioByteChannel.java:151) ~[netty-transport-4.1.90.Final.jar:4.1.90.Final]
	at io.netty.channel.nio.NioEventLoop.processSelectedKey(NioEventLoop.java:788) [netty-transport-4.1.90.Final.jar:4.1.90.Final]
	at io.netty.channel.nio.NioEventLoop.processSelectedKeysOptimized(NioEventLoop.java:724) [netty-transport-4.1.90.Final.jar:4.1.90.Final]
	at io.netty.channel.nio.NioEventLoop.processSelectedKeys(NioEventLoop.java:650) [netty-transport-4.1.90.Final.jar:4.1.90.Final]
	at io.netty.channel.nio.NioEventLoop.run(NioEventLoop.java:562) [netty-transport-4.1.90.Final.jar:4.1.90.Final]
	at io.netty.util.concurrent.SingleThreadEventExecutor$4.run(SingleThreadEventExecutor.java:997) [netty-common-4.1.90.Final.jar:4.1.90.Final]
	at io.netty.util.internal.ThreadExecutorMap$2.run(ThreadExecutorMap.java:74) [netty-common-4.1.90.Final.jar:4.1.90.Final]
	at io.netty.util.concurrent.FastThreadLocalRunnable.run(FastThreadLocalRunnable.java:30) [netty-common-4.1.90.Final.jar:4.1.90.Final]
	at java.lang.Thread.run(Thread.java:750) [na:1.8.0_333]
[DEBUG] Closing Channel [id: 0xedca0bc5, L:/127.0.0.1:63026 - R:localhost/127.0.0.1:63021] 
[DEBUG] Channel Closed: [id: 0xedca0bc5, L:/127.0.0.1:63026 ! R:localhost/127.0.0.1:63021] with attribute DISCARD
[DEBUG] 

Request DefaultFullHttpRequest(decodeResult: success, version: HTTP/1.1, content: EmptyByteBufBE)
DELETE /session/3fb23c9a5bb00f86621303d88efa7827 HTTP/1.1
User-Agent: selenium/4.8.2 (java windows)
Content-Type: application/json; charset=utf-8
host: localhost:43041
accept: */*

Response DefaultHttpResponse(decodeResult: success, version: HTTP/1.1)
HTTP/1.1 200 OK
Content-Length: 14
Content-Type: application/json; charset=utf-8
cache-control: no-cache

[DEBUG] Adding key: http://localhost:43041 for channel [id: 0x69546aff, L:/127.0.0.1:63020 - R:localhost/127.0.0.1:43041]
[DEBUG] Channel Closed: [id: 0x69546aff, L:/127.0.0.1:63020 ! R:localhost/127.0.0.1:43041] with attribute DISCARD
[DEBUG] Entry count for : http://localhost:3515 : 1
[DEBUG] Entry count for : http://localhost:62560 : 1
[DEBUG] Entry count for : http://localhost:63021 : 1
[DEBUG] Entry count for : http://localhost:30683 : 1
[DEBUG] Entry count for : http://localhost:43041 : 1
[DEBUG] Entry count for : http://localhost:62515 : 1
[DEBUG] Adding Candidate expired Channel [id: 0xedca0bc5, L:/127.0.0.1:63026 ! R:localhost/127.0.0.1:63021] isIdleTimeoutExpired=false isRemotelyClosed=true isTtlExpired=false
[DEBUG] Closing Idle Channel [id: 0xedca0bc5, L:/127.0.0.1:63026 ! R:localhost/127.0.0.1:63021]
[DEBUG] Adding Candidate expired Channel [id: 0x69546aff, L:/127.0.0.1:63020 ! R:localhost/127.0.0.1:43041] isIdleTimeoutExpired=false isRemotelyClosed=true isTtlExpired=false
[DEBUG] Closing Idle Channel [id: 0x69546aff, L:/127.0.0.1:63020 ! R:localhost/127.0.0.1:43041]
[DEBUG] Closed 2 connections out of 6 in 0 ms
[DEBUG] Using new Channel '[id: 0xc6b0976d, L:/127.0.0.1:63123 - R:localhost/127.0.0.1:36842]' for 'POST' to '/session'
[DEBUG] 

Request DefaultHttpRequest(decodeResult: success, version: HTTP/1.1)
POST /session HTTP/1.1
User-Agent: selenium/4.8.2 (java windows)
Content-Length: 621
Content-Type: application/json; charset=utf-8
host: localhost:36842
accept: */*

Response DefaultHttpResponse(decodeResult: success, version: HTTP/1.1)
HTTP/1.1 200 OK
Content-Length: 857
Content-Type: application/json; charset=utf-8
cache-control: no-cache

[DEBUG] Adding key: http://localhost:36842 for channel [id: 0xc6b0976d, L:/127.0.0.1:63123 - R:localhost/127.0.0.1:36842]
[DEBUG] Using new Channel '[id: 0x5239cc32, L:/127.0.0.1:63129 - R:localhost/127.0.0.1:63124]' for 'GET' to '/json/version'
[DEBUG] 

Request DefaultFullHttpRequest(decodeResult: success, version: HTTP/1.1, content: EmptyByteBufBE)
GET /json/version HTTP/1.1
User-Agent: selenium/4.8.2 (java windows)
host: localhost:63124
accept: */*

Response DefaultHttpResponse(decodeResult: success, version: HTTP/1.1)
HTTP/1.1 200 OK
Content-Security-Policy: frame-ancestors 'none'
Content-Length: 422
Content-Type: application/json; charset=UTF-8

[DEBUG] Adding key: http://localhost:63124 for channel [id: 0x5239cc32, L:/127.0.0.1:63129 - R:localhost/127.0.0.1:63124]
[DEBUG] Using new Channel '[id: 0xb96807cc, L:/127.0.0.1:63130 - R:localhost/127.0.0.1:63124]' for 'GET' to '/devtools/browser/15d7b38f-b686-4398-903e-1c2932d4d93b'
[DEBUG] 

Request DefaultFullHttpRequest(decodeResult: success, version: HTTP/1.1, content: EmptyByteBufBE)
GET /devtools/browser/15d7b38f-b686-4398-903e-1c2932d4d93b HTTP/1.1
upgrade: websocket
connection: upgrade
sec-websocket-key: sTMkGK5z0d3YAGiiAJbNbw==
sec-websocket-version: 13
origin: http://localhost:63124
host: localhost:63124
accept: */*
user-agent: AHC/2.1

Response DefaultHttpResponse(decodeResult: success, version: HTTP/1.1)
HTTP/1.1 101 WebSocket Protocol Handshake
Upgrade: WebSocket
Connection: Upgrade
Sec-WebSocket-Accept: hgCpicj9wBcbL44TkHx/F+FKSh0=

[DEBUG] Using pooled Channel '[id: 0xc6b0976d, L:/127.0.0.1:63123 - R:localhost/127.0.0.1:36842]' for 'POST' to 'http://localhost:36842/session/2f43cea08f06acb1324e45c0d6033c8d/url'
[DEBUG] Using open Channel [id: 0xc6b0976d, L:/127.0.0.1:63123 - R:localhost/127.0.0.1:36842] for POST '/session/2f43cea08f06acb1324e45c0d6033c8d/url'
[DEBUG] Entry count for : http://localhost:63124 : 1
[DEBUG] Entry count for : http://localhost:3515 : 1
[DEBUG] Entry count for : http://localhost:62560 : 1
[DEBUG] Entry count for : http://localhost:30683 : 1
[DEBUG] Entry count for : http://localhost:62515 : 1
[DEBUG] 

Request DefaultHttpRequest(decodeResult: success, version: HTTP/1.1)
POST /session/2f43cea08f06acb1324e45c0d6033c8d/url HTTP/1.1
User-Agent: selenium/4.8.2 (java windows)
Content-Length: 53
Content-Type: application/json; charset=utf-8
host: localhost:36842
accept: */*

Response DefaultHttpResponse(decodeResult: success, version: HTTP/1.1)
HTTP/1.1 200 OK
Content-Length: 14
Content-Type: application/json; charset=utf-8
cache-control: no-cache

[DEBUG] Adding key: http://localhost:36842 for channel [id: 0xc6b0976d, L:/127.0.0.1:63123 - R:localhost/127.0.0.1:36842]
[DEBUG] Using pooled Channel '[id: 0xc6b0976d, L:/127.0.0.1:63123 - R:localhost/127.0.0.1:36842]' for 'POST' to 'http://localhost:36842/session/2f43cea08f06acb1324e45c0d6033c8d/window/maximize'
[DEBUG] Using open Channel [id: 0xc6b0976d, L:/127.0.0.1:63123 - R:localhost/127.0.0.1:36842] for POST '/session/2f43cea08f06acb1324e45c0d6033c8d/window/maximize'
[DEBUG] 

Request DefaultHttpRequest(decodeResult: success, version: HTTP/1.1)
POST /session/2f43cea08f06acb1324e45c0d6033c8d/window/maximize HTTP/1.1
User-Agent: selenium/4.8.2 (java windows)
Content-Length: 3
Content-Type: application/json; charset=utf-8
host: localhost:36842
accept: */*

Response DefaultHttpResponse(decodeResult: success, version: HTTP/1.1)
HTTP/1.1 200 OK
Content-Length: 51
Content-Type: application/json; charset=utf-8
cache-control: no-cache

[DEBUG] Adding key: http://localhost:36842 for channel [id: 0xc6b0976d, L:/127.0.0.1:63123 - R:localhost/127.0.0.1:36842]
[DEBUG] Using pooled Channel '[id: 0xc6b0976d, L:/127.0.0.1:63123 - R:localhost/127.0.0.1:36842]' for 'DELETE' to 'http://localhost:36842/session/2f43cea08f06acb1324e45c0d6033c8d/cookie'
[DEBUG] Using open Channel [id: 0xc6b0976d, L:/127.0.0.1:63123 - R:localhost/127.0.0.1:36842] for DELETE '/session/2f43cea08f06acb1324e45c0d6033c8d/cookie'
[DEBUG] 

Request DefaultFullHttpRequest(decodeResult: success, version: HTTP/1.1, content: EmptyByteBufBE)
DELETE /session/2f43cea08f06acb1324e45c0d6033c8d/cookie HTTP/1.1
User-Agent: selenium/4.8.2 (java windows)
Content-Type: application/json; charset=utf-8
host: localhost:36842
accept: */*

Response DefaultHttpResponse(decodeResult: success, version: HTTP/1.1)
HTTP/1.1 200 OK
Content-Length: 14
Content-Type: application/json; charset=utf-8
cache-control: no-cache

[DEBUG] Adding key: http://localhost:36842 for channel [id: 0xc6b0976d, L:/127.0.0.1:63123 - R:localhost/127.0.0.1:36842]
[DEBUG] Using pooled Channel '[id: 0xc6b0976d, L:/127.0.0.1:63123 - R:localhost/127.0.0.1:36842]' for 'POST' to 'http://localhost:36842/session/2f43cea08f06acb1324e45c0d6033c8d/timeouts'
[DEBUG] Using open Channel [id: 0xc6b0976d, L:/127.0.0.1:63123 - R:localhost/127.0.0.1:36842] for POST '/session/2f43cea08f06acb1324e45c0d6033c8d/timeouts'
[DEBUG] 

Request DefaultHttpRequest(decodeResult: success, version: HTTP/1.1)
POST /session/2f43cea08f06acb1324e45c0d6033c8d/timeouts HTTP/1.1
User-Agent: selenium/4.8.2 (java windows)
Content-Length: 23
Content-Type: application/json; charset=utf-8
host: localhost:36842
accept: */*

Response DefaultHttpResponse(decodeResult: success, version: HTTP/1.1)
HTTP/1.1 200 OK
Content-Length: 14
Content-Type: application/json; charset=utf-8
cache-control: no-cache

[DEBUG] Adding key: http://localhost:36842 for channel [id: 0xc6b0976d, L:/127.0.0.1:63123 - R:localhost/127.0.0.1:36842]
[DEBUG] Using pooled Channel '[id: 0xc6b0976d, L:/127.0.0.1:63123 - R:localhost/127.0.0.1:36842]' for 'POST' to 'http://localhost:36842/session/2f43cea08f06acb1324e45c0d6033c8d/timeouts'
[DEBUG] Using open Channel [id: 0xc6b0976d, L:/127.0.0.1:63123 - R:localhost/127.0.0.1:36842] for POST '/session/2f43cea08f06acb1324e45c0d6033c8d/timeouts'
[DEBUG] 

Request DefaultHttpRequest(decodeResult: success, version: HTTP/1.1)
POST /session/2f43cea08f06acb1324e45c0d6033c8d/timeouts HTTP/1.1
User-Agent: selenium/4.8.2 (java windows)
Content-Length: 23
Content-Type: application/json; charset=utf-8
host: localhost:36842
accept: */*

Response DefaultHttpResponse(decodeResult: success, version: HTTP/1.1)
HTTP/1.1 200 OK
Content-Length: 14
Content-Type: application/json; charset=utf-8
cache-control: no-cache

[DEBUG] Adding key: http://localhost:36842 for channel [id: 0xc6b0976d, L:/127.0.0.1:63123 - R:localhost/127.0.0.1:36842]
[DEBUG] Using pooled Channel '[id: 0xc6b0976d, L:/127.0.0.1:63123 - R:localhost/127.0.0.1:36842]' for 'POST' to 'http://localhost:36842/session/2f43cea08f06acb1324e45c0d6033c8d/timeouts'
[DEBUG] Using open Channel [id: 0xc6b0976d, L:/127.0.0.1:63123 - R:localhost/127.0.0.1:36842] for POST '/session/2f43cea08f06acb1324e45c0d6033c8d/timeouts'
[DEBUG] 

Request DefaultHttpRequest(decodeResult: success, version: HTTP/1.1)
POST /session/2f43cea08f06acb1324e45c0d6033c8d/timeouts HTTP/1.1
User-Agent: selenium/4.8.2 (java windows)
Content-Length: 21
Content-Type: application/json; charset=utf-8
host: localhost:36842
accept: */*

Response DefaultHttpResponse(decodeResult: success, version: HTTP/1.1)
HTTP/1.1 200 OK
Content-Length: 14
Content-Type: application/json; charset=utf-8
cache-control: no-cache

[DEBUG] Adding key: http://localhost:36842 for channel [id: 0xc6b0976d, L:/127.0.0.1:63123 - R:localhost/127.0.0.1:36842]
[DEBUG] Using pooled Channel '[id: 0xc6b0976d, L:/127.0.0.1:63123 - R:localhost/127.0.0.1:36842]' for 'POST' to 'http://localhost:36842/session/2f43cea08f06acb1324e45c0d6033c8d/element'
[DEBUG] Using open Channel [id: 0xc6b0976d, L:/127.0.0.1:63123 - R:localhost/127.0.0.1:36842] for POST '/session/2f43cea08f06acb1324e45c0d6033c8d/element'
[DEBUG] 

Request DefaultHttpRequest(decodeResult: success, version: HTTP/1.1)
POST /session/2f43cea08f06acb1324e45c0d6033c8d/element HTTP/1.1
User-Agent: selenium/4.8.2 (java windows)
Content-Length: 52
Content-Type: application/json; charset=utf-8
host: localhost:36842
accept: */*

Response DefaultHttpResponse(decodeResult: success, version: HTTP/1.1)
HTTP/1.1 200 OK
Content-Length: 88
Content-Type: application/json; charset=utf-8
cache-control: no-cache

[DEBUG] Adding key: http://localhost:36842 for channel [id: 0xc6b0976d, L:/127.0.0.1:63123 - R:localhost/127.0.0.1:36842]
[DEBUG] Using pooled Channel '[id: 0xc6b0976d, L:/127.0.0.1:63123 - R:localhost/127.0.0.1:36842]' for 'POST' to 'http://localhost:36842/session/2f43cea08f06acb1324e45c0d6033c8d/element/cc70edc9-c0cb-4410-b94f-2bc82eea436d/click'
[DEBUG] Using open Channel [id: 0xc6b0976d, L:/127.0.0.1:63123 - R:localhost/127.0.0.1:36842] for POST '/session/2f43cea08f06acb1324e45c0d6033c8d/element/cc70edc9-c0cb-4410-b94f-2bc82eea436d/click'
[DEBUG] Entry count for : http://localhost:63124 : 1
[DEBUG] Entry count for : http://localhost:3515 : 1
[DEBUG] Entry count for : http://localhost:62560 : 1
[DEBUG] Entry count for : http://localhost:30683 : 1
[DEBUG] Entry count for : http://localhost:62515 : 1
[DEBUG] 

Request DefaultHttpRequest(decodeResult: success, version: HTTP/1.1)
POST /session/2f43cea08f06acb1324e45c0d6033c8d/element/cc70edc9-c0cb-4410-b94f-2bc82eea436d/click HTTP/1.1
User-Agent: selenium/4.8.2 (java windows)
Content-Length: 50
Content-Type: application/json; charset=utf-8
host: localhost:36842
accept: */*

Response DefaultHttpResponse(decodeResult: success, version: HTTP/1.1)
HTTP/1.1 200 OK
Content-Length: 14
Content-Type: application/json; charset=utf-8
cache-control: no-cache

[DEBUG] Adding key: http://localhost:36842 for channel [id: 0xc6b0976d, L:/127.0.0.1:63123 - R:localhost/127.0.0.1:36842]
[DEBUG] Using pooled Channel '[id: 0xc6b0976d, L:/127.0.0.1:63123 - R:localhost/127.0.0.1:36842]' for 'POST' to 'http://localhost:36842/session/2f43cea08f06acb1324e45c0d6033c8d/element'
[DEBUG] Using open Channel [id: 0xc6b0976d, L:/127.0.0.1:63123 - R:localhost/127.0.0.1:36842] for POST '/session/2f43cea08f06acb1324e45c0d6033c8d/element'
[DEBUG] 

Request DefaultHttpRequest(decodeResult: success, version: HTTP/1.1)
POST /session/2f43cea08f06acb1324e45c0d6033c8d/element HTTP/1.1
User-Agent: selenium/4.8.2 (java windows)
Content-Length: 56
Content-Type: application/json; charset=utf-8
host: localhost:36842
accept: */*

Response DefaultHttpResponse(decodeResult: success, version: HTTP/1.1)
HTTP/1.1 200 OK
Content-Length: 88
Content-Type: application/json; charset=utf-8
cache-control: no-cache

[DEBUG] Adding key: http://localhost:36842 for channel [id: 0xc6b0976d, L:/127.0.0.1:63123 - R:localhost/127.0.0.1:36842]
[DEBUG] Using pooled Channel '[id: 0xc6b0976d, L:/127.0.0.1:63123 - R:localhost/127.0.0.1:36842]' for 'POST' to 'http://localhost:36842/session/2f43cea08f06acb1324e45c0d6033c8d/element/af492827-d9fe-4def-abc2-e96c78c83636/value'
[DEBUG] Using open Channel [id: 0xc6b0976d, L:/127.0.0.1:63123 - R:localhost/127.0.0.1:36842] for POST '/session/2f43cea08f06acb1324e45c0d6033c8d/element/af492827-d9fe-4def-abc2-e96c78c83636/value'
[DEBUG] 

Request DefaultHttpRequest(decodeResult: success, version: HTTP/1.1)
POST /session/2f43cea08f06acb1324e45c0d6033c8d/element/af492827-d9fe-4def-abc2-e96c78c83636/value HTTP/1.1
User-Agent: selenium/4.8.2 (java windows)
Content-Length: 401
Content-Type: application/json; charset=utf-8
host: localhost:36842
accept: */*

Response DefaultHttpResponse(decodeResult: success, version: HTTP/1.1)
HTTP/1.1 200 OK
Content-Length: 14
Content-Type: application/json; charset=utf-8
cache-control: no-cache

[DEBUG] Adding key: http://localhost:36842 for channel [id: 0xc6b0976d, L:/127.0.0.1:63123 - R:localhost/127.0.0.1:36842]
[DEBUG] Using pooled Channel '[id: 0xc6b0976d, L:/127.0.0.1:63123 - R:localhost/127.0.0.1:36842]' for 'POST' to 'http://localhost:36842/session/2f43cea08f06acb1324e45c0d6033c8d/element'
[DEBUG] Using open Channel [id: 0xc6b0976d, L:/127.0.0.1:63123 - R:localhost/127.0.0.1:36842] for POST '/session/2f43cea08f06acb1324e45c0d6033c8d/element'
[DEBUG] 

Request DefaultHttpRequest(decodeResult: success, version: HTTP/1.1)
POST /session/2f43cea08f06acb1324e45c0d6033c8d/element HTTP/1.1
User-Agent: selenium/4.8.2 (java windows)
Content-Length: 58
Content-Type: application/json; charset=utf-8
host: localhost:36842
accept: */*

Response DefaultHttpResponse(decodeResult: success, version: HTTP/1.1)
HTTP/1.1 200 OK
Content-Length: 88
Content-Type: application/json; charset=utf-8
cache-control: no-cache

[DEBUG] Adding key: http://localhost:36842 for channel [id: 0xc6b0976d, L:/127.0.0.1:63123 - R:localhost/127.0.0.1:36842]
[DEBUG] Using pooled Channel '[id: 0xc6b0976d, L:/127.0.0.1:63123 - R:localhost/127.0.0.1:36842]' for 'POST' to 'http://localhost:36842/session/2f43cea08f06acb1324e45c0d6033c8d/element/f0a06809-2c6a-4ec3-a5e7-42800aeeb756/value'
[DEBUG] Using open Channel [id: 0xc6b0976d, L:/127.0.0.1:63123 - R:localhost/127.0.0.1:36842] for POST '/session/2f43cea08f06acb1324e45c0d6033c8d/element/f0a06809-2c6a-4ec3-a5e7-42800aeeb756/value'
[DEBUG] Entry count for : http://localhost:63124 : 1
[DEBUG] Entry count for : http://localhost:3515 : 1
[DEBUG] Entry count for : http://localhost:62560 : 1
[DEBUG] Entry count for : http://localhost:30683 : 1
[DEBUG] Entry count for : http://localhost:62515 : 1
[DEBUG] 

Request DefaultHttpRequest(decodeResult: success, version: HTTP/1.1)
POST /session/2f43cea08f06acb1324e45c0d6033c8d/element/f0a06809-2c6a-4ec3-a5e7-42800aeeb756/value HTTP/1.1
User-Agent: selenium/4.8.2 (java windows)
Content-Length: 201
Content-Type: application/json; charset=utf-8
host: localhost:36842
accept: */*

Response DefaultHttpResponse(decodeResult: success, version: HTTP/1.1)
HTTP/1.1 200 OK
Content-Length: 14
Content-Type: application/json; charset=utf-8
cache-control: no-cache

[DEBUG] Adding key: http://localhost:36842 for channel [id: 0xc6b0976d, L:/127.0.0.1:63123 - R:localhost/127.0.0.1:36842]
[DEBUG] Using pooled Channel '[id: 0xc6b0976d, L:/127.0.0.1:63123 - R:localhost/127.0.0.1:36842]' for 'POST' to 'http://localhost:36842/session/2f43cea08f06acb1324e45c0d6033c8d/element'
[DEBUG] Using open Channel [id: 0xc6b0976d, L:/127.0.0.1:63123 - R:localhost/127.0.0.1:36842] for POST '/session/2f43cea08f06acb1324e45c0d6033c8d/element'
[DEBUG] 

Request DefaultHttpRequest(decodeResult: success, version: HTTP/1.1)
POST /session/2f43cea08f06acb1324e45c0d6033c8d/element HTTP/1.1
User-Agent: selenium/4.8.2 (java windows)
Content-Length: 59
Content-Type: application/json; charset=utf-8
host: localhost:36842
accept: */*

Response DefaultHttpResponse(decodeResult: success, version: HTTP/1.1)
HTTP/1.1 200 OK
Content-Length: 88
Content-Type: application/json; charset=utf-8
cache-control: no-cache

[DEBUG] Adding key: http://localhost:36842 for channel [id: 0xc6b0976d, L:/127.0.0.1:63123 - R:localhost/127.0.0.1:36842]
[DEBUG] Using pooled Channel '[id: 0xc6b0976d, L:/127.0.0.1:63123 - R:localhost/127.0.0.1:36842]' for 'POST' to 'http://localhost:36842/session/2f43cea08f06acb1324e45c0d6033c8d/element/aa44fbe9-a9eb-4f84-baba-a232e83cbe96/click'
[DEBUG] Using open Channel [id: 0xc6b0976d, L:/127.0.0.1:63123 - R:localhost/127.0.0.1:36842] for POST '/session/2f43cea08f06acb1324e45c0d6033c8d/element/aa44fbe9-a9eb-4f84-baba-a232e83cbe96/click'
[DEBUG] Entry count for : http://localhost:63124 : 1
[DEBUG] Entry count for : http://localhost:3515 : 1
[DEBUG] Entry count for : http://localhost:62560 : 1
[DEBUG] Entry count for : http://localhost:30683 : 1
[DEBUG] Entry count for : http://localhost:62515 : 1
[DEBUG] Entry count for : http://localhost:63124 : 1
[DEBUG] Entry count for : http://localhost:3515 : 1
[DEBUG] Entry count for : http://localhost:62560 : 1
[DEBUG] Entry count for : http://localhost:30683 : 1
[DEBUG] Entry count for : http://localhost:62515 : 1
[DEBUG] Entry count for : http://localhost:63124 : 1
[DEBUG] Entry count for : http://localhost:3515 : 1
[DEBUG] Entry count for : http://localhost:62560 : 1
[DEBUG] Entry count for : http://localhost:30683 : 1
[DEBUG] Entry count for : http://localhost:62515 : 1
[DEBUG] Entry count for : http://localhost:63124 : 1
[DEBUG] Entry count for : http://localhost:3515 : 1
[DEBUG] Entry count for : http://localhost:62560 : 1
[DEBUG] Entry count for : http://localhost:30683 : 1
[DEBUG] Entry count for : http://localhost:62515 : 1
[DEBUG] Entry count for : http://localhost:63124 : 1
[DEBUG] Entry count for : http://localhost:3515 : 1
[DEBUG] Entry count for : http://localhost:62560 : 1
[DEBUG] Entry count for : http://localhost:30683 : 1
[DEBUG] Entry count for : http://localhost:62515 : 1
[DEBUG] 

Request DefaultHttpRequest(decodeResult: success, version: HTTP/1.1)
POST /session/2f43cea08f06acb1324e45c0d6033c8d/element/aa44fbe9-a9eb-4f84-baba-a232e83cbe96/click HTTP/1.1
User-Agent: selenium/4.8.2 (java windows)
Content-Length: 50
Content-Type: application/json; charset=utf-8
host: localhost:36842
accept: */*

Response DefaultHttpResponse(decodeResult: success, version: HTTP/1.1)
HTTP/1.1 200 OK
Content-Length: 14
Content-Type: application/json; charset=utf-8
cache-control: no-cache

[DEBUG] Adding key: http://localhost:36842 for channel [id: 0xc6b0976d, L:/127.0.0.1:63123 - R:localhost/127.0.0.1:36842]
[DEBUG] Using pooled Channel '[id: 0xc6b0976d, L:/127.0.0.1:63123 - R:localhost/127.0.0.1:36842]' for 'POST' to 'http://localhost:36842/session/2f43cea08f06acb1324e45c0d6033c8d/element'
[DEBUG] Using open Channel [id: 0xc6b0976d, L:/127.0.0.1:63123 - R:localhost/127.0.0.1:36842] for POST '/session/2f43cea08f06acb1324e45c0d6033c8d/element'
[DEBUG] 

Request DefaultHttpRequest(decodeResult: success, version: HTTP/1.1)
POST /session/2f43cea08f06acb1324e45c0d6033c8d/element HTTP/1.1
User-Agent: selenium/4.8.2 (java windows)
Content-Length: 55
Content-Type: application/json; charset=utf-8
host: localhost:36842
accept: */*

Response DefaultHttpResponse(decodeResult: success, version: HTTP/1.1)
HTTP/1.1 200 OK
Content-Length: 88
Content-Type: application/json; charset=utf-8
cache-control: no-cache

[DEBUG] Adding key: http://localhost:36842 for channel [id: 0xc6b0976d, L:/127.0.0.1:63123 - R:localhost/127.0.0.1:36842]
[DEBUG] Using pooled Channel '[id: 0xc6b0976d, L:/127.0.0.1:63123 - R:localhost/127.0.0.1:36842]' for 'POST' to 'http://localhost:36842/session/2f43cea08f06acb1324e45c0d6033c8d/execute/sync'
[DEBUG] Using open Channel [id: 0xc6b0976d, L:/127.0.0.1:63123 - R:localhost/127.0.0.1:36842] for POST '/session/2f43cea08f06acb1324e45c0d6033c8d/execute/sync'
[DEBUG] 

Request DefaultHttpRequest(decodeResult: success, version: HTTP/1.1)
POST /session/2f43cea08f06acb1324e45c0d6033c8d/execute/sync HTTP/1.1
User-Agent: selenium/4.8.2 (java windows)
Content-Length: 48807
Content-Type: application/json; charset=utf-8
host: localhost:36842
accept: */*

Response DefaultHttpResponse(decodeResult: success, version: HTTP/1.1)
HTTP/1.1 200 OK
Content-Length: 14
Content-Type: application/json; charset=utf-8
cache-control: no-cache

[DEBUG] Adding key: http://localhost:36842 for channel [id: 0xc6b0976d, L:/127.0.0.1:63123 - R:localhost/127.0.0.1:36842]
]]></system-out>
    <system-err><![CDATA[Starting ChromeDriver 112.0.5615.49 (bd2a7bcb881c11e8cfe3078709382934e3916914-refs/branch-heads/5615@{#936}) on port 36842
Only local connections are allowed.
Please see https://chromedriver.chromium.org/security-considerations for suggestions on keeping ChromeDriver safe.
ChromeDriver was started successfully.
Apr 11, 2023 1:05:10 PM org.openqa.selenium.devtools.CdpVersionFinder findNearestMatch
WARNING: Unable to find an exact match for CDP version 112, so returning the closest version found: 111
]]></system-err>
  </testcase>
  <testcase name="logInWithValidCredentials[Mohamedboudguig@rediffmail.com, Medbdg0707@](4)" classname="com.qa.hybridrediff.testcases.Hybrid_LoginTests" time="5.377">
    <system-out><![CDATA[[DEBUG] Channel Closed: [id: 0xb96807cc, L:/127.0.0.1:63130 ! R:localhost/127.0.0.1:63124] with attribute NettyResponseFuture{currentRetry=0,
	isDone=1,
	isCancelled=0,
	asyncHandler=org.asynchttpclient.ws.WebSocketUpgradeHandler@360ce4ca,
	nettyRequest=org.asynchttpclient.netty.request.NettyRequest@739c123,
	future=java.util.concurrent.CompletableFuture@4e9aaee9[Completed normally],
	uri=ws://localhost:63124/devtools/browser/15d7b38f-b686-4398-903e-1c2932d4d93b,
	keepAlive=true,
	redirectCount=0,
	timeoutsHolder=null,
	inAuth=0,
	touch=1681243510604}
[DEBUG] Closing Channel [id: 0xb96807cc, L:/127.0.0.1:63130 ! R:localhost/127.0.0.1:63124] 
[DEBUG] Using pooled Channel '[id: 0xc6b0976d, L:/127.0.0.1:63123 - R:localhost/127.0.0.1:36842]' for 'DELETE' to 'http://localhost:36842/session/2f43cea08f06acb1324e45c0d6033c8d'
[DEBUG] Using open Channel [id: 0xc6b0976d, L:/127.0.0.1:63123 - R:localhost/127.0.0.1:36842] for DELETE '/session/2f43cea08f06acb1324e45c0d6033c8d'
[DEBUG] Unexpected I/O exception on channel [id: 0x5239cc32, L:/127.0.0.1:63129 - R:localhost/127.0.0.1:63124]
java.io.IOException: An existing connection was forcibly closed by the remote host
	at sun.nio.ch.SocketDispatcher.read0(Native Method) ~[na:1.8.0_333]
	at sun.nio.ch.SocketDispatcher.read(SocketDispatcher.java:43) ~[na:1.8.0_333]
	at sun.nio.ch.IOUtil.readIntoNativeBuffer(IOUtil.java:223) ~[na:1.8.0_333]
	at sun.nio.ch.IOUtil.read(IOUtil.java:192) ~[na:1.8.0_333]
	at sun.nio.ch.SocketChannelImpl.read(SocketChannelImpl.java:378) ~[na:1.8.0_333]
	at io.netty.buffer.PooledByteBuf.setBytes(PooledByteBuf.java:256) ~[netty-buffer-4.1.90.Final.jar:4.1.90.Final]
	at io.netty.buffer.AbstractByteBuf.writeBytes(AbstractByteBuf.java:1132) ~[netty-buffer-4.1.90.Final.jar:4.1.90.Final]
	at io.netty.channel.socket.nio.NioSocketChannel.doReadBytes(NioSocketChannel.java:357) ~[netty-transport-4.1.90.Final.jar:4.1.90.Final]
	at io.netty.channel.nio.AbstractNioByteChannel$NioByteUnsafe.read(AbstractNioByteChannel.java:151) ~[netty-transport-4.1.90.Final.jar:4.1.90.Final]
	at io.netty.channel.nio.NioEventLoop.processSelectedKey(NioEventLoop.java:788) [netty-transport-4.1.90.Final.jar:4.1.90.Final]
	at io.netty.channel.nio.NioEventLoop.processSelectedKeysOptimized(NioEventLoop.java:724) [netty-transport-4.1.90.Final.jar:4.1.90.Final]
	at io.netty.channel.nio.NioEventLoop.processSelectedKeys(NioEventLoop.java:650) [netty-transport-4.1.90.Final.jar:4.1.90.Final]
	at io.netty.channel.nio.NioEventLoop.run(NioEventLoop.java:562) [netty-transport-4.1.90.Final.jar:4.1.90.Final]
	at io.netty.util.concurrent.SingleThreadEventExecutor$4.run(SingleThreadEventExecutor.java:997) [netty-common-4.1.90.Final.jar:4.1.90.Final]
	at io.netty.util.internal.ThreadExecutorMap$2.run(ThreadExecutorMap.java:74) [netty-common-4.1.90.Final.jar:4.1.90.Final]
	at io.netty.util.concurrent.FastThreadLocalRunnable.run(FastThreadLocalRunnable.java:30) [netty-common-4.1.90.Final.jar:4.1.90.Final]
	at java.lang.Thread.run(Thread.java:750) [na:1.8.0_333]
[DEBUG] Closing Channel [id: 0x5239cc32, L:/127.0.0.1:63129 - R:localhost/127.0.0.1:63124] 
[DEBUG] Channel Closed: [id: 0x5239cc32, L:/127.0.0.1:63129 ! R:localhost/127.0.0.1:63124] with attribute DISCARD
[DEBUG] 

Request DefaultFullHttpRequest(decodeResult: success, version: HTTP/1.1, content: EmptyByteBufBE)
DELETE /session/2f43cea08f06acb1324e45c0d6033c8d HTTP/1.1
User-Agent: selenium/4.8.2 (java windows)
Content-Type: application/json; charset=utf-8
host: localhost:36842
accept: */*

Response DefaultHttpResponse(decodeResult: success, version: HTTP/1.1)
HTTP/1.1 200 OK
Content-Length: 14
Content-Type: application/json; charset=utf-8
cache-control: no-cache

[DEBUG] Adding key: http://localhost:36842 for channel [id: 0xc6b0976d, L:/127.0.0.1:63123 - R:localhost/127.0.0.1:36842]
[DEBUG] Channel Closed: [id: 0xc6b0976d, L:/127.0.0.1:63123 ! R:localhost/127.0.0.1:36842] with attribute DISCARD
[DEBUG] Entry count for : http://localhost:63124 : 1
[DEBUG] Entry count for : http://localhost:3515 : 1
[DEBUG] Entry count for : http://localhost:62560 : 1
[DEBUG] Entry count for : http://localhost:36842 : 1
[DEBUG] Entry count for : http://localhost:30683 : 1
[DEBUG] Entry count for : http://localhost:62515 : 1
[DEBUG] Adding Candidate expired Channel [id: 0x5239cc32, L:/127.0.0.1:63129 ! R:localhost/127.0.0.1:63124] isIdleTimeoutExpired=false isRemotelyClosed=true isTtlExpired=false
[DEBUG] Closing Idle Channel [id: 0x5239cc32, L:/127.0.0.1:63129 ! R:localhost/127.0.0.1:63124]
[DEBUG] Adding Candidate expired Channel [id: 0xc6b0976d, L:/127.0.0.1:63123 ! R:localhost/127.0.0.1:36842] isIdleTimeoutExpired=false isRemotelyClosed=true isTtlExpired=false
[DEBUG] Closing Idle Channel [id: 0xc6b0976d, L:/127.0.0.1:63123 ! R:localhost/127.0.0.1:36842]
[DEBUG] Closed 2 connections out of 6 in 0 ms
[DEBUG] Using new Channel '[id: 0x4b255d5e, L:/127.0.0.1:63226 - R:localhost/127.0.0.1:33111]' for 'POST' to '/session'
[DEBUG] 

Request DefaultHttpRequest(decodeResult: success, version: HTTP/1.1)
POST /session HTTP/1.1
User-Agent: selenium/4.8.2 (java windows)
Content-Length: 621
Content-Type: application/json; charset=utf-8
host: localhost:33111
accept: */*

Response DefaultHttpResponse(decodeResult: success, version: HTTP/1.1)
HTTP/1.1 200 OK
Content-Length: 858
Content-Type: application/json; charset=utf-8
cache-control: no-cache

[DEBUG] Adding key: http://localhost:33111 for channel [id: 0x4b255d5e, L:/127.0.0.1:63226 - R:localhost/127.0.0.1:33111]
[DEBUG] Using new Channel '[id: 0x160fcc79, L:/127.0.0.1:63232 - R:localhost/127.0.0.1:63227]' for 'GET' to '/json/version'
[DEBUG] 

Request DefaultFullHttpRequest(decodeResult: success, version: HTTP/1.1, content: EmptyByteBufBE)
GET /json/version HTTP/1.1
User-Agent: selenium/4.8.2 (java windows)
host: localhost:63227
accept: */*

Response DefaultHttpResponse(decodeResult: success, version: HTTP/1.1)
HTTP/1.1 200 OK
Content-Security-Policy: frame-ancestors 'none'
Content-Length: 422
Content-Type: application/json; charset=UTF-8

[DEBUG] Adding key: http://localhost:63227 for channel [id: 0x160fcc79, L:/127.0.0.1:63232 - R:localhost/127.0.0.1:63227]
[DEBUG] Using new Channel '[id: 0x03cee074, L:/127.0.0.1:63233 - R:localhost/127.0.0.1:63227]' for 'GET' to '/devtools/browser/c91c2a75-3fce-41e9-81c6-ef01ab8449b8'
[DEBUG] 

Request DefaultFullHttpRequest(decodeResult: success, version: HTTP/1.1, content: EmptyByteBufBE)
GET /devtools/browser/c91c2a75-3fce-41e9-81c6-ef01ab8449b8 HTTP/1.1
upgrade: websocket
connection: upgrade
sec-websocket-key: 7+8yo3w9eSZ0DFJPLkFH3Q==
sec-websocket-version: 13
origin: http://localhost:63227
host: localhost:63227
accept: */*
user-agent: AHC/2.1

Response DefaultHttpResponse(decodeResult: success, version: HTTP/1.1)
HTTP/1.1 101 WebSocket Protocol Handshake
Upgrade: WebSocket
Connection: Upgrade
Sec-WebSocket-Accept: EwJF7lbYm0xPYf9u7oHKhMic5b4=

[DEBUG] Using pooled Channel '[id: 0x4b255d5e, L:/127.0.0.1:63226 - R:localhost/127.0.0.1:33111]' for 'POST' to 'http://localhost:33111/session/11225aa0bc9ebdbaa7225f20f5d64c46/url'
[DEBUG] Using open Channel [id: 0x4b255d5e, L:/127.0.0.1:63226 - R:localhost/127.0.0.1:33111] for POST '/session/11225aa0bc9ebdbaa7225f20f5d64c46/url'
[DEBUG] Entry count for : http://localhost:3515 : 1
[DEBUG] Entry count for : http://localhost:62560 : 1
[DEBUG] Entry count for : http://localhost:30683 : 1
[DEBUG] Entry count for : http://localhost:62515 : 1
[DEBUG] Entry count for : http://localhost:63227 : 1
[DEBUG] 

Request DefaultHttpRequest(decodeResult: success, version: HTTP/1.1)
POST /session/11225aa0bc9ebdbaa7225f20f5d64c46/url HTTP/1.1
User-Agent: selenium/4.8.2 (java windows)
Content-Length: 53
Content-Type: application/json; charset=utf-8
host: localhost:33111
accept: */*

Response DefaultHttpResponse(decodeResult: success, version: HTTP/1.1)
HTTP/1.1 200 OK
Content-Length: 14
Content-Type: application/json; charset=utf-8
cache-control: no-cache

[DEBUG] Adding key: http://localhost:33111 for channel [id: 0x4b255d5e, L:/127.0.0.1:63226 - R:localhost/127.0.0.1:33111]
[DEBUG] Using pooled Channel '[id: 0x4b255d5e, L:/127.0.0.1:63226 - R:localhost/127.0.0.1:33111]' for 'POST' to 'http://localhost:33111/session/11225aa0bc9ebdbaa7225f20f5d64c46/window/maximize'
[DEBUG] Using open Channel [id: 0x4b255d5e, L:/127.0.0.1:63226 - R:localhost/127.0.0.1:33111] for POST '/session/11225aa0bc9ebdbaa7225f20f5d64c46/window/maximize'
[DEBUG] 

Request DefaultHttpRequest(decodeResult: success, version: HTTP/1.1)
POST /session/11225aa0bc9ebdbaa7225f20f5d64c46/window/maximize HTTP/1.1
User-Agent: selenium/4.8.2 (java windows)
Content-Length: 3
Content-Type: application/json; charset=utf-8
host: localhost:33111
accept: */*

Response DefaultHttpResponse(decodeResult: success, version: HTTP/1.1)
HTTP/1.1 200 OK
Content-Length: 51
Content-Type: application/json; charset=utf-8
cache-control: no-cache

[DEBUG] Adding key: http://localhost:33111 for channel [id: 0x4b255d5e, L:/127.0.0.1:63226 - R:localhost/127.0.0.1:33111]
[DEBUG] Using pooled Channel '[id: 0x4b255d5e, L:/127.0.0.1:63226 - R:localhost/127.0.0.1:33111]' for 'DELETE' to 'http://localhost:33111/session/11225aa0bc9ebdbaa7225f20f5d64c46/cookie'
[DEBUG] Using open Channel [id: 0x4b255d5e, L:/127.0.0.1:63226 - R:localhost/127.0.0.1:33111] for DELETE '/session/11225aa0bc9ebdbaa7225f20f5d64c46/cookie'
[DEBUG] 

Request DefaultFullHttpRequest(decodeResult: success, version: HTTP/1.1, content: EmptyByteBufBE)
DELETE /session/11225aa0bc9ebdbaa7225f20f5d64c46/cookie HTTP/1.1
User-Agent: selenium/4.8.2 (java windows)
Content-Type: application/json; charset=utf-8
host: localhost:33111
accept: */*

Response DefaultHttpResponse(decodeResult: success, version: HTTP/1.1)
HTTP/1.1 200 OK
Content-Length: 14
Content-Type: application/json; charset=utf-8
cache-control: no-cache

[DEBUG] Adding key: http://localhost:33111 for channel [id: 0x4b255d5e, L:/127.0.0.1:63226 - R:localhost/127.0.0.1:33111]
[DEBUG] Using pooled Channel '[id: 0x4b255d5e, L:/127.0.0.1:63226 - R:localhost/127.0.0.1:33111]' for 'POST' to 'http://localhost:33111/session/11225aa0bc9ebdbaa7225f20f5d64c46/timeouts'
[DEBUG] Using open Channel [id: 0x4b255d5e, L:/127.0.0.1:63226 - R:localhost/127.0.0.1:33111] for POST '/session/11225aa0bc9ebdbaa7225f20f5d64c46/timeouts'
[DEBUG] 

Request DefaultHttpRequest(decodeResult: success, version: HTTP/1.1)
POST /session/11225aa0bc9ebdbaa7225f20f5d64c46/timeouts HTTP/1.1
User-Agent: selenium/4.8.2 (java windows)
Content-Length: 23
Content-Type: application/json; charset=utf-8
host: localhost:33111
accept: */*

Response DefaultHttpResponse(decodeResult: success, version: HTTP/1.1)
HTTP/1.1 200 OK
Content-Length: 14
Content-Type: application/json; charset=utf-8
cache-control: no-cache

[DEBUG] Adding key: http://localhost:33111 for channel [id: 0x4b255d5e, L:/127.0.0.1:63226 - R:localhost/127.0.0.1:33111]
[DEBUG] Using pooled Channel '[id: 0x4b255d5e, L:/127.0.0.1:63226 - R:localhost/127.0.0.1:33111]' for 'POST' to 'http://localhost:33111/session/11225aa0bc9ebdbaa7225f20f5d64c46/timeouts'
[DEBUG] Using open Channel [id: 0x4b255d5e, L:/127.0.0.1:63226 - R:localhost/127.0.0.1:33111] for POST '/session/11225aa0bc9ebdbaa7225f20f5d64c46/timeouts'
[DEBUG] 

Request DefaultHttpRequest(decodeResult: success, version: HTTP/1.1)
POST /session/11225aa0bc9ebdbaa7225f20f5d64c46/timeouts HTTP/1.1
User-Agent: selenium/4.8.2 (java windows)
Content-Length: 23
Content-Type: application/json; charset=utf-8
host: localhost:33111
accept: */*

Response DefaultHttpResponse(decodeResult: success, version: HTTP/1.1)
HTTP/1.1 200 OK
Content-Length: 14
Content-Type: application/json; charset=utf-8
cache-control: no-cache

[DEBUG] Adding key: http://localhost:33111 for channel [id: 0x4b255d5e, L:/127.0.0.1:63226 - R:localhost/127.0.0.1:33111]
[DEBUG] Using pooled Channel '[id: 0x4b255d5e, L:/127.0.0.1:63226 - R:localhost/127.0.0.1:33111]' for 'POST' to 'http://localhost:33111/session/11225aa0bc9ebdbaa7225f20f5d64c46/timeouts'
[DEBUG] Using open Channel [id: 0x4b255d5e, L:/127.0.0.1:63226 - R:localhost/127.0.0.1:33111] for POST '/session/11225aa0bc9ebdbaa7225f20f5d64c46/timeouts'
[DEBUG] 

Request DefaultHttpRequest(decodeResult: success, version: HTTP/1.1)
POST /session/11225aa0bc9ebdbaa7225f20f5d64c46/timeouts HTTP/1.1
User-Agent: selenium/4.8.2 (java windows)
Content-Length: 21
Content-Type: application/json; charset=utf-8
host: localhost:33111
accept: */*

Response DefaultHttpResponse(decodeResult: success, version: HTTP/1.1)
HTTP/1.1 200 OK
Content-Length: 14
Content-Type: application/json; charset=utf-8
cache-control: no-cache

[DEBUG] Adding key: http://localhost:33111 for channel [id: 0x4b255d5e, L:/127.0.0.1:63226 - R:localhost/127.0.0.1:33111]
[DEBUG] Using pooled Channel '[id: 0x4b255d5e, L:/127.0.0.1:63226 - R:localhost/127.0.0.1:33111]' for 'POST' to 'http://localhost:33111/session/11225aa0bc9ebdbaa7225f20f5d64c46/element'
[DEBUG] Using open Channel [id: 0x4b255d5e, L:/127.0.0.1:63226 - R:localhost/127.0.0.1:33111] for POST '/session/11225aa0bc9ebdbaa7225f20f5d64c46/element'
[DEBUG] 

Request DefaultHttpRequest(decodeResult: success, version: HTTP/1.1)
POST /session/11225aa0bc9ebdbaa7225f20f5d64c46/element HTTP/1.1
User-Agent: selenium/4.8.2 (java windows)
Content-Length: 52
Content-Type: application/json; charset=utf-8
host: localhost:33111
accept: */*

Response DefaultHttpResponse(decodeResult: success, version: HTTP/1.1)
HTTP/1.1 200 OK
Content-Length: 88
Content-Type: application/json; charset=utf-8
cache-control: no-cache

[DEBUG] Adding key: http://localhost:33111 for channel [id: 0x4b255d5e, L:/127.0.0.1:63226 - R:localhost/127.0.0.1:33111]
[DEBUG] Using pooled Channel '[id: 0x4b255d5e, L:/127.0.0.1:63226 - R:localhost/127.0.0.1:33111]' for 'POST' to 'http://localhost:33111/session/11225aa0bc9ebdbaa7225f20f5d64c46/element/5a75d4ae-22d4-494c-8274-0f821da3f166/click'
[DEBUG] Using open Channel [id: 0x4b255d5e, L:/127.0.0.1:63226 - R:localhost/127.0.0.1:33111] for POST '/session/11225aa0bc9ebdbaa7225f20f5d64c46/element/5a75d4ae-22d4-494c-8274-0f821da3f166/click'
[DEBUG] Entry count for : http://localhost:3515 : 1
[DEBUG] Entry count for : http://localhost:62560 : 1
[DEBUG] Entry count for : http://localhost:30683 : 1
[DEBUG] Entry count for : http://localhost:62515 : 1
[DEBUG] Entry count for : http://localhost:63227 : 1
[DEBUG] Entry count for : http://localhost:3515 : 1
[DEBUG] Entry count for : http://localhost:62560 : 1
[DEBUG] Entry count for : http://localhost:30683 : 1
[DEBUG] Entry count for : http://localhost:62515 : 1
[DEBUG] Entry count for : http://localhost:63227 : 1
[DEBUG] 

Request DefaultHttpRequest(decodeResult: success, version: HTTP/1.1)
POST /session/11225aa0bc9ebdbaa7225f20f5d64c46/element/5a75d4ae-22d4-494c-8274-0f821da3f166/click HTTP/1.1
User-Agent: selenium/4.8.2 (java windows)
Content-Length: 50
Content-Type: application/json; charset=utf-8
host: localhost:33111
accept: */*

Response DefaultHttpResponse(decodeResult: success, version: HTTP/1.1)
HTTP/1.1 200 OK
Content-Length: 14
Content-Type: application/json; charset=utf-8
cache-control: no-cache

[DEBUG] Adding key: http://localhost:33111 for channel [id: 0x4b255d5e, L:/127.0.0.1:63226 - R:localhost/127.0.0.1:33111]
[DEBUG] Using pooled Channel '[id: 0x4b255d5e, L:/127.0.0.1:63226 - R:localhost/127.0.0.1:33111]' for 'POST' to 'http://localhost:33111/session/11225aa0bc9ebdbaa7225f20f5d64c46/element'
[DEBUG] Using open Channel [id: 0x4b255d5e, L:/127.0.0.1:63226 - R:localhost/127.0.0.1:33111] for POST '/session/11225aa0bc9ebdbaa7225f20f5d64c46/element'
[DEBUG] 

Request DefaultHttpRequest(decodeResult: success, version: HTTP/1.1)
POST /session/11225aa0bc9ebdbaa7225f20f5d64c46/element HTTP/1.1
User-Agent: selenium/4.8.2 (java windows)
Content-Length: 56
Content-Type: application/json; charset=utf-8
host: localhost:33111
accept: */*

Response DefaultHttpResponse(decodeResult: success, version: HTTP/1.1)
HTTP/1.1 200 OK
Content-Length: 88
Content-Type: application/json; charset=utf-8
cache-control: no-cache

[DEBUG] Adding key: http://localhost:33111 for channel [id: 0x4b255d5e, L:/127.0.0.1:63226 - R:localhost/127.0.0.1:33111]
[DEBUG] Using pooled Channel '[id: 0x4b255d5e, L:/127.0.0.1:63226 - R:localhost/127.0.0.1:33111]' for 'POST' to 'http://localhost:33111/session/11225aa0bc9ebdbaa7225f20f5d64c46/element/954e82d4-16ca-4cff-be36-3224f8abad41/value'
[DEBUG] Using open Channel [id: 0x4b255d5e, L:/127.0.0.1:63226 - R:localhost/127.0.0.1:33111] for POST '/session/11225aa0bc9ebdbaa7225f20f5d64c46/element/954e82d4-16ca-4cff-be36-3224f8abad41/value'
[DEBUG] 

Request DefaultHttpRequest(decodeResult: success, version: HTTP/1.1)
POST /session/11225aa0bc9ebdbaa7225f20f5d64c46/element/954e82d4-16ca-4cff-be36-3224f8abad41/value HTTP/1.1
User-Agent: selenium/4.8.2 (java windows)
Content-Length: 381
Content-Type: application/json; charset=utf-8
host: localhost:33111
accept: */*

Response DefaultHttpResponse(decodeResult: success, version: HTTP/1.1)
HTTP/1.1 200 OK
Content-Length: 14
Content-Type: application/json; charset=utf-8
cache-control: no-cache

[DEBUG] Adding key: http://localhost:33111 for channel [id: 0x4b255d5e, L:/127.0.0.1:63226 - R:localhost/127.0.0.1:33111]
[DEBUG] Using pooled Channel '[id: 0x4b255d5e, L:/127.0.0.1:63226 - R:localhost/127.0.0.1:33111]' for 'POST' to 'http://localhost:33111/session/11225aa0bc9ebdbaa7225f20f5d64c46/element'
[DEBUG] Using open Channel [id: 0x4b255d5e, L:/127.0.0.1:63226 - R:localhost/127.0.0.1:33111] for POST '/session/11225aa0bc9ebdbaa7225f20f5d64c46/element'
[DEBUG] 

Request DefaultHttpRequest(decodeResult: success, version: HTTP/1.1)
POST /session/11225aa0bc9ebdbaa7225f20f5d64c46/element HTTP/1.1
User-Agent: selenium/4.8.2 (java windows)
Content-Length: 58
Content-Type: application/json; charset=utf-8
host: localhost:33111
accept: */*

Response DefaultHttpResponse(decodeResult: success, version: HTTP/1.1)
HTTP/1.1 200 OK
Content-Length: 88
Content-Type: application/json; charset=utf-8
cache-control: no-cache

[DEBUG] Adding key: http://localhost:33111 for channel [id: 0x4b255d5e, L:/127.0.0.1:63226 - R:localhost/127.0.0.1:33111]
[DEBUG] Using pooled Channel '[id: 0x4b255d5e, L:/127.0.0.1:63226 - R:localhost/127.0.0.1:33111]' for 'POST' to 'http://localhost:33111/session/11225aa0bc9ebdbaa7225f20f5d64c46/element/fb6977d2-03eb-40ab-812c-42d32910a615/value'
[DEBUG] Using open Channel [id: 0x4b255d5e, L:/127.0.0.1:63226 - R:localhost/127.0.0.1:33111] for POST '/session/11225aa0bc9ebdbaa7225f20f5d64c46/element/fb6977d2-03eb-40ab-812c-42d32910a615/value'
[DEBUG] 

Request DefaultHttpRequest(decodeResult: success, version: HTTP/1.1)
POST /session/11225aa0bc9ebdbaa7225f20f5d64c46/element/fb6977d2-03eb-40ab-812c-42d32910a615/value HTTP/1.1
User-Agent: selenium/4.8.2 (java windows)
Content-Length: 191
Content-Type: application/json; charset=utf-8
host: localhost:33111
accept: */*

Response DefaultHttpResponse(decodeResult: success, version: HTTP/1.1)
HTTP/1.1 200 OK
Content-Length: 14
Content-Type: application/json; charset=utf-8
cache-control: no-cache

[DEBUG] Adding key: http://localhost:33111 for channel [id: 0x4b255d5e, L:/127.0.0.1:63226 - R:localhost/127.0.0.1:33111]
[DEBUG] Using pooled Channel '[id: 0x4b255d5e, L:/127.0.0.1:63226 - R:localhost/127.0.0.1:33111]' for 'POST' to 'http://localhost:33111/session/11225aa0bc9ebdbaa7225f20f5d64c46/element'
[DEBUG] Using open Channel [id: 0x4b255d5e, L:/127.0.0.1:63226 - R:localhost/127.0.0.1:33111] for POST '/session/11225aa0bc9ebdbaa7225f20f5d64c46/element'
[DEBUG] 

Request DefaultHttpRequest(decodeResult: success, version: HTTP/1.1)
POST /session/11225aa0bc9ebdbaa7225f20f5d64c46/element HTTP/1.1
User-Agent: selenium/4.8.2 (java windows)
Content-Length: 59
Content-Type: application/json; charset=utf-8
host: localhost:33111
accept: */*

Response DefaultHttpResponse(decodeResult: success, version: HTTP/1.1)
HTTP/1.1 200 OK
Content-Length: 88
Content-Type: application/json; charset=utf-8
cache-control: no-cache

[DEBUG] Adding key: http://localhost:33111 for channel [id: 0x4b255d5e, L:/127.0.0.1:63226 - R:localhost/127.0.0.1:33111]
[DEBUG] Using pooled Channel '[id: 0x4b255d5e, L:/127.0.0.1:63226 - R:localhost/127.0.0.1:33111]' for 'POST' to 'http://localhost:33111/session/11225aa0bc9ebdbaa7225f20f5d64c46/element/37092239-dba6-482e-aa17-9a887583740f/click'
[DEBUG] Using open Channel [id: 0x4b255d5e, L:/127.0.0.1:63226 - R:localhost/127.0.0.1:33111] for POST '/session/11225aa0bc9ebdbaa7225f20f5d64c46/element/37092239-dba6-482e-aa17-9a887583740f/click'
[DEBUG] Entry count for : http://localhost:3515 : 1
[DEBUG] Entry count for : http://localhost:62560 : 1
[DEBUG] Entry count for : http://localhost:30683 : 1
[DEBUG] Entry count for : http://localhost:62515 : 1
[DEBUG] Entry count for : http://localhost:63227 : 1
[DEBUG] Entry count for : http://localhost:3515 : 1
[DEBUG] Entry count for : http://localhost:62560 : 1
[DEBUG] Entry count for : http://localhost:30683 : 1
[DEBUG] Entry count for : http://localhost:62515 : 1
[DEBUG] Entry count for : http://localhost:63227 : 1
[DEBUG] Entry count for : http://localhost:3515 : 1
[DEBUG] Entry count for : http://localhost:62560 : 1
[DEBUG] Entry count for : http://localhost:30683 : 1
[DEBUG] Entry count for : http://localhost:62515 : 1
[DEBUG] Entry count for : http://localhost:63227 : 1
[DEBUG] Entry count for : http://localhost:3515 : 1
[DEBUG] Entry count for : http://localhost:62560 : 1
[DEBUG] Entry count for : http://localhost:30683 : 1
[DEBUG] Entry count for : http://localhost:62515 : 1
[DEBUG] Entry count for : http://localhost:63227 : 1
[DEBUG] Entry count for : http://localhost:3515 : 1
[DEBUG] Entry count for : http://localhost:62560 : 1
[DEBUG] Entry count for : http://localhost:30683 : 1
[DEBUG] Entry count for : http://localhost:62515 : 1
[DEBUG] Entry count for : http://localhost:63227 : 1
[DEBUG] 

Request DefaultHttpRequest(decodeResult: success, version: HTTP/1.1)
POST /session/11225aa0bc9ebdbaa7225f20f5d64c46/element/37092239-dba6-482e-aa17-9a887583740f/click HTTP/1.1
User-Agent: selenium/4.8.2 (java windows)
Content-Length: 50
Content-Type: application/json; charset=utf-8
host: localhost:33111
accept: */*

Response DefaultHttpResponse(decodeResult: success, version: HTTP/1.1)
HTTP/1.1 200 OK
Content-Length: 14
Content-Type: application/json; charset=utf-8
cache-control: no-cache

[DEBUG] Adding key: http://localhost:33111 for channel [id: 0x4b255d5e, L:/127.0.0.1:63226 - R:localhost/127.0.0.1:33111]
[DEBUG] Using pooled Channel '[id: 0x4b255d5e, L:/127.0.0.1:63226 - R:localhost/127.0.0.1:33111]' for 'POST' to 'http://localhost:33111/session/11225aa0bc9ebdbaa7225f20f5d64c46/element'
[DEBUG] Using open Channel [id: 0x4b255d5e, L:/127.0.0.1:63226 - R:localhost/127.0.0.1:33111] for POST '/session/11225aa0bc9ebdbaa7225f20f5d64c46/element'
[DEBUG] 

Request DefaultHttpRequest(decodeResult: success, version: HTTP/1.1)
POST /session/11225aa0bc9ebdbaa7225f20f5d64c46/element HTTP/1.1
User-Agent: selenium/4.8.2 (java windows)
Content-Length: 55
Content-Type: application/json; charset=utf-8
host: localhost:33111
accept: */*

Response DefaultHttpResponse(decodeResult: success, version: HTTP/1.1)
HTTP/1.1 200 OK
Content-Length: 88
Content-Type: application/json; charset=utf-8
cache-control: no-cache

[DEBUG] Adding key: http://localhost:33111 for channel [id: 0x4b255d5e, L:/127.0.0.1:63226 - R:localhost/127.0.0.1:33111]
[DEBUG] Using pooled Channel '[id: 0x4b255d5e, L:/127.0.0.1:63226 - R:localhost/127.0.0.1:33111]' for 'POST' to 'http://localhost:33111/session/11225aa0bc9ebdbaa7225f20f5d64c46/execute/sync'
[DEBUG] Using open Channel [id: 0x4b255d5e, L:/127.0.0.1:63226 - R:localhost/127.0.0.1:33111] for POST '/session/11225aa0bc9ebdbaa7225f20f5d64c46/execute/sync'
[DEBUG] 

Request DefaultHttpRequest(decodeResult: success, version: HTTP/1.1)
POST /session/11225aa0bc9ebdbaa7225f20f5d64c46/execute/sync HTTP/1.1
User-Agent: selenium/4.8.2 (java windows)
Content-Length: 48807
Content-Type: application/json; charset=utf-8
host: localhost:33111
accept: */*

Response DefaultHttpResponse(decodeResult: success, version: HTTP/1.1)
HTTP/1.1 200 OK
Content-Length: 14
Content-Type: application/json; charset=utf-8
cache-control: no-cache

[DEBUG] Adding key: http://localhost:33111 for channel [id: 0x4b255d5e, L:/127.0.0.1:63226 - R:localhost/127.0.0.1:33111]
]]></system-out>
    <system-err><![CDATA[Starting ChromeDriver 112.0.5615.49 (bd2a7bcb881c11e8cfe3078709382934e3916914-refs/branch-heads/5615@{#936}) on port 33111
Only local connections are allowed.
Please see https://chromedriver.chromium.org/security-considerations for suggestions on keeping ChromeDriver safe.
ChromeDriver was started successfully.
Apr 11, 2023 1:05:20 PM org.openqa.selenium.devtools.CdpVersionFinder findNearestMatch
WARNING: Unable to find an exact match for CDP version 112, so returning the closest version found: 111
]]></system-err>
  </testcase>
  <testcase name="logInInboxButtonPresence" classname="com.qa.hybridrediff.testcases.Hybrid_InboxPageTest" time="7.317">
    <system-out><![CDATA[[DEBUG] Channel Closed: [id: 0x03cee074, L:/127.0.0.1:63233 ! R:localhost/127.0.0.1:63227] with attribute NettyResponseFuture{currentRetry=0,
	isDone=1,
	isCancelled=0,
	asyncHandler=org.asynchttpclient.ws.WebSocketUpgradeHandler@55abd983,
	nettyRequest=org.asynchttpclient.netty.request.NettyRequest@4af87040,
	future=java.util.concurrent.CompletableFuture@2d705a5c[Completed normally],
	uri=ws://localhost:63227/devtools/browser/c91c2a75-3fce-41e9-81c6-ef01ab8449b8,
	keepAlive=true,
	redirectCount=0,
	timeoutsHolder=null,
	inAuth=0,
	touch=1681243520756}
[DEBUG] Closing Channel [id: 0x03cee074, L:/127.0.0.1:63233 ! R:localhost/127.0.0.1:63227] 
[DEBUG] Using pooled Channel '[id: 0x4b255d5e, L:/127.0.0.1:63226 - R:localhost/127.0.0.1:33111]' for 'DELETE' to 'http://localhost:33111/session/11225aa0bc9ebdbaa7225f20f5d64c46'
[DEBUG] Using open Channel [id: 0x4b255d5e, L:/127.0.0.1:63226 - R:localhost/127.0.0.1:33111] for DELETE '/session/11225aa0bc9ebdbaa7225f20f5d64c46'
[DEBUG] Unexpected I/O exception on channel [id: 0x160fcc79, L:/127.0.0.1:63232 - R:localhost/127.0.0.1:63227]
java.io.IOException: An existing connection was forcibly closed by the remote host
	at sun.nio.ch.SocketDispatcher.read0(Native Method) ~[na:1.8.0_333]
	at sun.nio.ch.SocketDispatcher.read(SocketDispatcher.java:43) ~[na:1.8.0_333]
	at sun.nio.ch.IOUtil.readIntoNativeBuffer(IOUtil.java:223) ~[na:1.8.0_333]
	at sun.nio.ch.IOUtil.read(IOUtil.java:192) ~[na:1.8.0_333]
	at sun.nio.ch.SocketChannelImpl.read(SocketChannelImpl.java:378) ~[na:1.8.0_333]
	at io.netty.buffer.PooledByteBuf.setBytes(PooledByteBuf.java:256) ~[netty-buffer-4.1.90.Final.jar:4.1.90.Final]
	at io.netty.buffer.AbstractByteBuf.writeBytes(AbstractByteBuf.java:1132) ~[netty-buffer-4.1.90.Final.jar:4.1.90.Final]
	at io.netty.channel.socket.nio.NioSocketChannel.doReadBytes(NioSocketChannel.java:357) ~[netty-transport-4.1.90.Final.jar:4.1.90.Final]
	at io.netty.channel.nio.AbstractNioByteChannel$NioByteUnsafe.read(AbstractNioByteChannel.java:151) ~[netty-transport-4.1.90.Final.jar:4.1.90.Final]
	at io.netty.channel.nio.NioEventLoop.processSelectedKey(NioEventLoop.java:788) [netty-transport-4.1.90.Final.jar:4.1.90.Final]
	at io.netty.channel.nio.NioEventLoop.processSelectedKeysOptimized(NioEventLoop.java:724) [netty-transport-4.1.90.Final.jar:4.1.90.Final]
	at io.netty.channel.nio.NioEventLoop.processSelectedKeys(NioEventLoop.java:650) [netty-transport-4.1.90.Final.jar:4.1.90.Final]
	at io.netty.channel.nio.NioEventLoop.run(NioEventLoop.java:562) [netty-transport-4.1.90.Final.jar:4.1.90.Final]
	at io.netty.util.concurrent.SingleThreadEventExecutor$4.run(SingleThreadEventExecutor.java:997) [netty-common-4.1.90.Final.jar:4.1.90.Final]
	at io.netty.util.internal.ThreadExecutorMap$2.run(ThreadExecutorMap.java:74) [netty-common-4.1.90.Final.jar:4.1.90.Final]
	at io.netty.util.concurrent.FastThreadLocalRunnable.run(FastThreadLocalRunnable.java:30) [netty-common-4.1.90.Final.jar:4.1.90.Final]
	at java.lang.Thread.run(Thread.java:750) [na:1.8.0_333]
[DEBUG] Closing Channel [id: 0x160fcc79, L:/127.0.0.1:63232 - R:localhost/127.0.0.1:63227] 
[DEBUG] Channel Closed: [id: 0x160fcc79, L:/127.0.0.1:63232 ! R:localhost/127.0.0.1:63227] with attribute DISCARD
[DEBUG] 

Request DefaultFullHttpRequest(decodeResult: success, version: HTTP/1.1, content: EmptyByteBufBE)
DELETE /session/11225aa0bc9ebdbaa7225f20f5d64c46 HTTP/1.1
User-Agent: selenium/4.8.2 (java windows)
Content-Type: application/json; charset=utf-8
host: localhost:33111
accept: */*

Response DefaultHttpResponse(decodeResult: success, version: HTTP/1.1)
HTTP/1.1 200 OK
Content-Length: 14
Content-Type: application/json; charset=utf-8
cache-control: no-cache

[DEBUG] Adding key: http://localhost:33111 for channel [id: 0x4b255d5e, L:/127.0.0.1:63226 - R:localhost/127.0.0.1:33111]
[DEBUG] Channel Closed: [id: 0x4b255d5e, L:/127.0.0.1:63226 ! R:localhost/127.0.0.1:33111] with attribute DISCARD
[DEBUG] Using pooled Channel '[id: 0xd307ac07, L:/127.0.0.1:62514 - R:localhost/127.0.0.1:3515]' for 'POST' to 'http://localhost:3515/session/fba6900d3fa06b6a02bcbb4ba200d60f/element'
[DEBUG] Using open Channel [id: 0xd307ac07, L:/127.0.0.1:62514 - R:localhost/127.0.0.1:3515] for POST '/session/fba6900d3fa06b6a02bcbb4ba200d60f/element'
[DEBUG] 

Request DefaultHttpRequest(decodeResult: success, version: HTTP/1.1)
POST /session/fba6900d3fa06b6a02bcbb4ba200d60f/element HTTP/1.1
User-Agent: selenium/4.8.2 (java windows)
Content-Length: 48
Content-Type: application/json; charset=utf-8
host: localhost:3515
accept: */*

Response DefaultHttpResponse(decodeResult: success, version: HTTP/1.1)
HTTP/1.1 200 OK
Content-Length: 88
Content-Type: application/json; charset=utf-8
cache-control: no-cache

[DEBUG] Adding key: http://localhost:3515 for channel [id: 0xd307ac07, L:/127.0.0.1:62514 - R:localhost/127.0.0.1:3515]
[DEBUG] Using pooled Channel '[id: 0xd307ac07, L:/127.0.0.1:62514 - R:localhost/127.0.0.1:3515]' for 'POST' to 'http://localhost:3515/session/fba6900d3fa06b6a02bcbb4ba200d60f/element/6b76cfe8-2214-4b65-9b6f-136feacb9df4/click'
[DEBUG] Using open Channel [id: 0xd307ac07, L:/127.0.0.1:62514 - R:localhost/127.0.0.1:3515] for POST '/session/fba6900d3fa06b6a02bcbb4ba200d60f/element/6b76cfe8-2214-4b65-9b6f-136feacb9df4/click'
[DEBUG] Entry count for : http://localhost:62560 : 1
[DEBUG] Entry count for : http://localhost:33111 : 1
[DEBUG] Entry count for : http://localhost:30683 : 1
[DEBUG] Entry count for : http://localhost:62515 : 1
[DEBUG] Entry count for : http://localhost:63227 : 1
[DEBUG] Adding Candidate expired Channel [id: 0x4b255d5e, L:/127.0.0.1:63226 ! R:localhost/127.0.0.1:33111] isIdleTimeoutExpired=false isRemotelyClosed=true isTtlExpired=false
[DEBUG] Closing Idle Channel [id: 0x4b255d5e, L:/127.0.0.1:63226 ! R:localhost/127.0.0.1:33111]
[DEBUG] Adding Candidate expired Channel [id: 0x160fcc79, L:/127.0.0.1:63232 ! R:localhost/127.0.0.1:63227] isIdleTimeoutExpired=false isRemotelyClosed=true isTtlExpired=false
[DEBUG] Closing Idle Channel [id: 0x160fcc79, L:/127.0.0.1:63232 ! R:localhost/127.0.0.1:63227]
[DEBUG] Closed 2 connections out of 5 in 1 ms
[DEBUG] Entry count for : http://localhost:62560 : 1
[DEBUG] Entry count for : http://localhost:30683 : 1
[DEBUG] Entry count for : http://localhost:62515 : 1
[DEBUG] 

Request DefaultHttpRequest(decodeResult: success, version: HTTP/1.1)
POST /session/fba6900d3fa06b6a02bcbb4ba200d60f/element/6b76cfe8-2214-4b65-9b6f-136feacb9df4/click HTTP/1.1
User-Agent: selenium/4.8.2 (java windows)
Content-Length: 50
Content-Type: application/json; charset=utf-8
host: localhost:3515
accept: */*

Response DefaultHttpResponse(decodeResult: success, version: HTTP/1.1)
HTTP/1.1 200 OK
Content-Length: 14
Content-Type: application/json; charset=utf-8
cache-control: no-cache

[DEBUG] Adding key: http://localhost:3515 for channel [id: 0xd307ac07, L:/127.0.0.1:62514 - R:localhost/127.0.0.1:3515]
[DEBUG] Using pooled Channel '[id: 0xd307ac07, L:/127.0.0.1:62514 - R:localhost/127.0.0.1:3515]' for 'POST' to 'http://localhost:3515/session/fba6900d3fa06b6a02bcbb4ba200d60f/element'
[DEBUG] Using open Channel [id: 0xd307ac07, L:/127.0.0.1:62514 - R:localhost/127.0.0.1:3515] for POST '/session/fba6900d3fa06b6a02bcbb4ba200d60f/element'
[DEBUG] 

Request DefaultHttpRequest(decodeResult: success, version: HTTP/1.1)
POST /session/fba6900d3fa06b6a02bcbb4ba200d60f/element HTTP/1.1
User-Agent: selenium/4.8.2 (java windows)
Content-Length: 56
Content-Type: application/json; charset=utf-8
host: localhost:3515
accept: */*

Response DefaultHttpResponse(decodeResult: success, version: HTTP/1.1)
HTTP/1.1 200 OK
Content-Length: 88
Content-Type: application/json; charset=utf-8
cache-control: no-cache

[DEBUG] Adding key: http://localhost:3515 for channel [id: 0xd307ac07, L:/127.0.0.1:62514 - R:localhost/127.0.0.1:3515]
[DEBUG] Using pooled Channel '[id: 0xd307ac07, L:/127.0.0.1:62514 - R:localhost/127.0.0.1:3515]' for 'POST' to 'http://localhost:3515/session/fba6900d3fa06b6a02bcbb4ba200d60f/element/9326dc05-bde8-4246-97c9-5d6d15a89ba5/value'
[DEBUG] Using open Channel [id: 0xd307ac07, L:/127.0.0.1:62514 - R:localhost/127.0.0.1:3515] for POST '/session/fba6900d3fa06b6a02bcbb4ba200d60f/element/9326dc05-bde8-4246-97c9-5d6d15a89ba5/value'
[DEBUG] 

Request DefaultHttpRequest(decodeResult: success, version: HTTP/1.1)
POST /session/fba6900d3fa06b6a02bcbb4ba200d60f/element/9326dc05-bde8-4246-97c9-5d6d15a89ba5/value HTTP/1.1
User-Agent: selenium/4.8.2 (java windows)
Content-Length: 341
Content-Type: application/json; charset=utf-8
host: localhost:3515
accept: */*

Response DefaultHttpResponse(decodeResult: success, version: HTTP/1.1)
HTTP/1.1 200 OK
Content-Length: 14
Content-Type: application/json; charset=utf-8
cache-control: no-cache

[DEBUG] Adding key: http://localhost:3515 for channel [id: 0xd307ac07, L:/127.0.0.1:62514 - R:localhost/127.0.0.1:3515]
[DEBUG] Using pooled Channel '[id: 0xd307ac07, L:/127.0.0.1:62514 - R:localhost/127.0.0.1:3515]' for 'POST' to 'http://localhost:3515/session/fba6900d3fa06b6a02bcbb4ba200d60f/element'
[DEBUG] Using open Channel [id: 0xd307ac07, L:/127.0.0.1:62514 - R:localhost/127.0.0.1:3515] for POST '/session/fba6900d3fa06b6a02bcbb4ba200d60f/element'
[DEBUG] 

Request DefaultHttpRequest(decodeResult: success, version: HTTP/1.1)
POST /session/fba6900d3fa06b6a02bcbb4ba200d60f/element HTTP/1.1
User-Agent: selenium/4.8.2 (java windows)
Content-Length: 58
Content-Type: application/json; charset=utf-8
host: localhost:3515
accept: */*

Response DefaultHttpResponse(decodeResult: success, version: HTTP/1.1)
HTTP/1.1 200 OK
Content-Length: 88
Content-Type: application/json; charset=utf-8
cache-control: no-cache

[DEBUG] Adding key: http://localhost:3515 for channel [id: 0xd307ac07, L:/127.0.0.1:62514 - R:localhost/127.0.0.1:3515]
[DEBUG] Using pooled Channel '[id: 0xd307ac07, L:/127.0.0.1:62514 - R:localhost/127.0.0.1:3515]' for 'POST' to 'http://localhost:3515/session/fba6900d3fa06b6a02bcbb4ba200d60f/element/a36335a1-0589-4db6-a11c-c076c27be1e2/value'
[DEBUG] Using open Channel [id: 0xd307ac07, L:/127.0.0.1:62514 - R:localhost/127.0.0.1:3515] for POST '/session/fba6900d3fa06b6a02bcbb4ba200d60f/element/a36335a1-0589-4db6-a11c-c076c27be1e2/value'
[DEBUG] 

Request DefaultHttpRequest(decodeResult: success, version: HTTP/1.1)
POST /session/fba6900d3fa06b6a02bcbb4ba200d60f/element/a36335a1-0589-4db6-a11c-c076c27be1e2/value HTTP/1.1
User-Agent: selenium/4.8.2 (java windows)
Content-Length: 171
Content-Type: application/json; charset=utf-8
host: localhost:3515
accept: */*

Response DefaultHttpResponse(decodeResult: success, version: HTTP/1.1)
HTTP/1.1 200 OK
Content-Length: 14
Content-Type: application/json; charset=utf-8
cache-control: no-cache

[DEBUG] Adding key: http://localhost:3515 for channel [id: 0xd307ac07, L:/127.0.0.1:62514 - R:localhost/127.0.0.1:3515]
[DEBUG] Using pooled Channel '[id: 0xd307ac07, L:/127.0.0.1:62514 - R:localhost/127.0.0.1:3515]' for 'POST' to 'http://localhost:3515/session/fba6900d3fa06b6a02bcbb4ba200d60f/element'
[DEBUG] Using open Channel [id: 0xd307ac07, L:/127.0.0.1:62514 - R:localhost/127.0.0.1:3515] for POST '/session/fba6900d3fa06b6a02bcbb4ba200d60f/element'
[DEBUG] 

Request DefaultHttpRequest(decodeResult: success, version: HTTP/1.1)
POST /session/fba6900d3fa06b6a02bcbb4ba200d60f/element HTTP/1.1
User-Agent: selenium/4.8.2 (java windows)
Content-Length: 59
Content-Type: application/json; charset=utf-8
host: localhost:3515
accept: */*

Response DefaultHttpResponse(decodeResult: success, version: HTTP/1.1)
HTTP/1.1 200 OK
Content-Length: 88
Content-Type: application/json; charset=utf-8
cache-control: no-cache

[DEBUG] Adding key: http://localhost:3515 for channel [id: 0xd307ac07, L:/127.0.0.1:62514 - R:localhost/127.0.0.1:3515]
[DEBUG] Using pooled Channel '[id: 0xd307ac07, L:/127.0.0.1:62514 - R:localhost/127.0.0.1:3515]' for 'POST' to 'http://localhost:3515/session/fba6900d3fa06b6a02bcbb4ba200d60f/element/b29f72f2-e46e-4f02-bb34-ed04b5750c63/click'
[DEBUG] Using open Channel [id: 0xd307ac07, L:/127.0.0.1:62514 - R:localhost/127.0.0.1:3515] for POST '/session/fba6900d3fa06b6a02bcbb4ba200d60f/element/b29f72f2-e46e-4f02-bb34-ed04b5750c63/click'
[DEBUG] Entry count for : http://localhost:62560 : 1
[DEBUG] Entry count for : http://localhost:30683 : 1
[DEBUG] Entry count for : http://localhost:62515 : 1
[DEBUG] Entry count for : http://localhost:62560 : 1
[DEBUG] Entry count for : http://localhost:30683 : 1
[DEBUG] Entry count for : http://localhost:62515 : 1
[DEBUG] Entry count for : http://localhost:62560 : 1
[DEBUG] Entry count for : http://localhost:30683 : 1
[DEBUG] Entry count for : http://localhost:62515 : 1
[DEBUG] Entry count for : http://localhost:62560 : 1
[DEBUG] Entry count for : http://localhost:30683 : 1
[DEBUG] Entry count for : http://localhost:62515 : 1
[DEBUG] Adding Candidate expired Channel [id: 0x5fe37b76, L:/127.0.0.1:62520 - R:localhost/127.0.0.1:62515] isIdleTimeoutExpired=true isRemotelyClosed=false isTtlExpired=false
[DEBUG] Closing Idle Channel [id: 0x5fe37b76, L:/127.0.0.1:62520 - R:localhost/127.0.0.1:62515]
[DEBUG] Closed 1 connections out of 3 in 0 ms
[DEBUG] Channel Closed: [id: 0x5fe37b76, L:/127.0.0.1:62520 ! R:localhost/127.0.0.1:62515] with attribute DISCARD
[DEBUG] Entry count for : http://localhost:62560 : 1
[DEBUG] Entry count for : http://localhost:30683 : 1
[DEBUG] 

Request DefaultHttpRequest(decodeResult: success, version: HTTP/1.1)
POST /session/fba6900d3fa06b6a02bcbb4ba200d60f/element/b29f72f2-e46e-4f02-bb34-ed04b5750c63/click HTTP/1.1
User-Agent: selenium/4.8.2 (java windows)
Content-Length: 50
Content-Type: application/json; charset=utf-8
host: localhost:3515
accept: */*

Response DefaultHttpResponse(decodeResult: success, version: HTTP/1.1)
HTTP/1.1 200 OK
Content-Length: 14
Content-Type: application/json; charset=utf-8
cache-control: no-cache

[DEBUG] Adding key: http://localhost:3515 for channel [id: 0xd307ac07, L:/127.0.0.1:62514 - R:localhost/127.0.0.1:3515]
[DEBUG] Using pooled Channel '[id: 0xd307ac07, L:/127.0.0.1:62514 - R:localhost/127.0.0.1:3515]' for 'POST' to 'http://localhost:3515/session/fba6900d3fa06b6a02bcbb4ba200d60f/element'
[DEBUG] Using open Channel [id: 0xd307ac07, L:/127.0.0.1:62514 - R:localhost/127.0.0.1:3515] for POST '/session/fba6900d3fa06b6a02bcbb4ba200d60f/element'
[DEBUG] 

Request DefaultHttpRequest(decodeResult: success, version: HTTP/1.1)
POST /session/fba6900d3fa06b6a02bcbb4ba200d60f/element HTTP/1.1
User-Agent: selenium/4.8.2 (java windows)
Content-Length: 55
Content-Type: application/json; charset=utf-8
host: localhost:3515
accept: */*

Response DefaultHttpResponse(decodeResult: success, version: HTTP/1.1)
HTTP/1.1 200 OK
Content-Length: 88
Content-Type: application/json; charset=utf-8
cache-control: no-cache

[DEBUG] Adding key: http://localhost:3515 for channel [id: 0xd307ac07, L:/127.0.0.1:62514 - R:localhost/127.0.0.1:3515]
[DEBUG] Using pooled Channel '[id: 0xd307ac07, L:/127.0.0.1:62514 - R:localhost/127.0.0.1:3515]' for 'POST' to 'http://localhost:3515/session/fba6900d3fa06b6a02bcbb4ba200d60f/execute/sync'
[DEBUG] Using open Channel [id: 0xd307ac07, L:/127.0.0.1:62514 - R:localhost/127.0.0.1:3515] for POST '/session/fba6900d3fa06b6a02bcbb4ba200d60f/execute/sync'
[DEBUG] 

Request DefaultHttpRequest(decodeResult: success, version: HTTP/1.1)
POST /session/fba6900d3fa06b6a02bcbb4ba200d60f/execute/sync HTTP/1.1
User-Agent: selenium/4.8.2 (java windows)
Content-Length: 48807
Content-Type: application/json; charset=utf-8
host: localhost:3515
accept: */*

Response DefaultHttpResponse(decodeResult: success, version: HTTP/1.1)
HTTP/1.1 200 OK
Content-Length: 14
Content-Type: application/json; charset=utf-8
cache-control: no-cache

[DEBUG] Adding key: http://localhost:3515 for channel [id: 0xd307ac07, L:/127.0.0.1:62514 - R:localhost/127.0.0.1:3515]
[DEBUG] Using pooled Channel '[id: 0xd307ac07, L:/127.0.0.1:62514 - R:localhost/127.0.0.1:3515]' for 'GET' to 'http://localhost:3515/session/fba6900d3fa06b6a02bcbb4ba200d60f/element/d5a6ae4b-615c-45cc-b5db-aaaf3c9415fe/enabled'
[DEBUG] Using open Channel [id: 0xd307ac07, L:/127.0.0.1:62514 - R:localhost/127.0.0.1:3515] for GET '/session/fba6900d3fa06b6a02bcbb4ba200d60f/element/d5a6ae4b-615c-45cc-b5db-aaaf3c9415fe/enabled'
[DEBUG] 

Request DefaultFullHttpRequest(decodeResult: success, version: HTTP/1.1, content: EmptyByteBufBE)
GET /session/fba6900d3fa06b6a02bcbb4ba200d60f/element/d5a6ae4b-615c-45cc-b5db-aaaf3c9415fe/enabled HTTP/1.1
User-Agent: selenium/4.8.2 (java windows)
Cache-Control: no-cache
Content-Type: application/json; charset=utf-8
host: localhost:3515
accept: */*

Response DefaultHttpResponse(decodeResult: success, version: HTTP/1.1)
HTTP/1.1 200 OK
Content-Length: 14
Content-Type: application/json; charset=utf-8
cache-control: no-cache

[DEBUG] Adding key: http://localhost:3515 for channel [id: 0xd307ac07, L:/127.0.0.1:62514 - R:localhost/127.0.0.1:3515]
]]></system-out>
  </testcase>
  <testcase name="logInLogOutLogOutConfirmation" classname="com.qa.hybridrediff.testcases.Hybrid_LogoutTest" time="11.28">
    <system-out><![CDATA[[DEBUG] Channel Closed: [id: 0x9ff4b897, L:/127.0.0.1:62521 ! R:localhost/127.0.0.1:62515] with attribute NettyResponseFuture{currentRetry=0,
	isDone=1,
	isCancelled=0,
	asyncHandler=org.asynchttpclient.ws.WebSocketUpgradeHandler@5f6e1ec3,
	nettyRequest=org.asynchttpclient.netty.request.NettyRequest@6aa1c544,
	future=java.util.concurrent.CompletableFuture@4022c926[Completed normally],
	uri=ws://localhost:62515/devtools/browser/7d577f14-bb19-4a4f-9964-f616331dc337,
	keepAlive=true,
	redirectCount=0,
	timeoutsHolder=null,
	inAuth=0,
	touch=1681243475109}
[DEBUG] Closing Channel [id: 0x9ff4b897, L:/127.0.0.1:62521 ! R:localhost/127.0.0.1:62515] 
[DEBUG] Using pooled Channel '[id: 0xd307ac07, L:/127.0.0.1:62514 - R:localhost/127.0.0.1:3515]' for 'DELETE' to 'http://localhost:3515/session/fba6900d3fa06b6a02bcbb4ba200d60f'
[DEBUG] Using open Channel [id: 0xd307ac07, L:/127.0.0.1:62514 - R:localhost/127.0.0.1:3515] for DELETE '/session/fba6900d3fa06b6a02bcbb4ba200d60f'
[DEBUG] 

Request DefaultFullHttpRequest(decodeResult: success, version: HTTP/1.1, content: EmptyByteBufBE)
DELETE /session/fba6900d3fa06b6a02bcbb4ba200d60f HTTP/1.1
User-Agent: selenium/4.8.2 (java windows)
Content-Type: application/json; charset=utf-8
host: localhost:3515
accept: */*

Response DefaultHttpResponse(decodeResult: success, version: HTTP/1.1)
HTTP/1.1 200 OK
Content-Length: 14
Content-Type: application/json; charset=utf-8
cache-control: no-cache

[DEBUG] Adding key: http://localhost:3515 for channel [id: 0xd307ac07, L:/127.0.0.1:62514 - R:localhost/127.0.0.1:3515]
[DEBUG] Channel Closed: [id: 0xd307ac07, L:/127.0.0.1:62514 ! R:localhost/127.0.0.1:3515] with attribute DISCARD
[DEBUG] Entry count for : http://localhost:3515 : 1
[DEBUG] Entry count for : http://localhost:62560 : 1
[DEBUG] Entry count for : http://localhost:30683 : 1
[DEBUG] Adding Candidate expired Channel [id: 0xd307ac07, L:/127.0.0.1:62514 ! R:localhost/127.0.0.1:3515] isIdleTimeoutExpired=false isRemotelyClosed=true isTtlExpired=false
[DEBUG] Closing Idle Channel [id: 0xd307ac07, L:/127.0.0.1:62514 ! R:localhost/127.0.0.1:3515]
[DEBUG] Adding Candidate expired Channel [id: 0xcb56a432, L:/127.0.0.1:62565 - R:localhost/127.0.0.1:62560] isIdleTimeoutExpired=true isRemotelyClosed=false isTtlExpired=false
[DEBUG] Closing Idle Channel [id: 0xcb56a432, L:/127.0.0.1:62565 - R:localhost/127.0.0.1:62560]
[DEBUG] Closed 2 connections out of 3 in 0 ms
[DEBUG] Channel Closed: [id: 0xcb56a432, L:/127.0.0.1:62565 ! R:localhost/127.0.0.1:62560] with attribute DISCARD
[DEBUG] Using pooled Channel '[id: 0x3ab6cdce, L:/127.0.0.1:62558 - R:localhost/127.0.0.1:30683]' for 'POST' to 'http://localhost:30683/session/a57d0ed98e109b26bbc34d7ba39da74d/element'
[DEBUG] Using open Channel [id: 0x3ab6cdce, L:/127.0.0.1:62558 - R:localhost/127.0.0.1:30683] for POST '/session/a57d0ed98e109b26bbc34d7ba39da74d/element'
[DEBUG] 

Request DefaultHttpRequest(decodeResult: success, version: HTTP/1.1)
POST /session/a57d0ed98e109b26bbc34d7ba39da74d/element HTTP/1.1
User-Agent: selenium/4.8.2 (java windows)
Content-Length: 48
Content-Type: application/json; charset=utf-8
host: localhost:30683
accept: */*

Response DefaultHttpResponse(decodeResult: success, version: HTTP/1.1)
HTTP/1.1 200 OK
Content-Length: 88
Content-Type: application/json; charset=utf-8
cache-control: no-cache

[DEBUG] Adding key: http://localhost:30683 for channel [id: 0x3ab6cdce, L:/127.0.0.1:62558 - R:localhost/127.0.0.1:30683]
[DEBUG] Using pooled Channel '[id: 0x3ab6cdce, L:/127.0.0.1:62558 - R:localhost/127.0.0.1:30683]' for 'POST' to 'http://localhost:30683/session/a57d0ed98e109b26bbc34d7ba39da74d/element/88416d1e-67d1-4f4a-925e-a1a5b324397c/click'
[DEBUG] Using open Channel [id: 0x3ab6cdce, L:/127.0.0.1:62558 - R:localhost/127.0.0.1:30683] for POST '/session/a57d0ed98e109b26bbc34d7ba39da74d/element/88416d1e-67d1-4f4a-925e-a1a5b324397c/click'
[DEBUG] 

Request DefaultHttpRequest(decodeResult: success, version: HTTP/1.1)
POST /session/a57d0ed98e109b26bbc34d7ba39da74d/element/88416d1e-67d1-4f4a-925e-a1a5b324397c/click HTTP/1.1
User-Agent: selenium/4.8.2 (java windows)
Content-Length: 50
Content-Type: application/json; charset=utf-8
host: localhost:30683
accept: */*

Response DefaultHttpResponse(decodeResult: success, version: HTTP/1.1)
HTTP/1.1 200 OK
Content-Length: 14
Content-Type: application/json; charset=utf-8
cache-control: no-cache

[DEBUG] Adding key: http://localhost:30683 for channel [id: 0x3ab6cdce, L:/127.0.0.1:62558 - R:localhost/127.0.0.1:30683]
[DEBUG] Using pooled Channel '[id: 0x3ab6cdce, L:/127.0.0.1:62558 - R:localhost/127.0.0.1:30683]' for 'POST' to 'http://localhost:30683/session/a57d0ed98e109b26bbc34d7ba39da74d/element'
[DEBUG] Using open Channel [id: 0x3ab6cdce, L:/127.0.0.1:62558 - R:localhost/127.0.0.1:30683] for POST '/session/a57d0ed98e109b26bbc34d7ba39da74d/element'
[DEBUG] 

Request DefaultHttpRequest(decodeResult: success, version: HTTP/1.1)
POST /session/a57d0ed98e109b26bbc34d7ba39da74d/element HTTP/1.1
User-Agent: selenium/4.8.2 (java windows)
Content-Length: 56
Content-Type: application/json; charset=utf-8
host: localhost:30683
accept: */*

Response DefaultHttpResponse(decodeResult: success, version: HTTP/1.1)
HTTP/1.1 200 OK
Content-Length: 88
Content-Type: application/json; charset=utf-8
cache-control: no-cache

[DEBUG] Adding key: http://localhost:30683 for channel [id: 0x3ab6cdce, L:/127.0.0.1:62558 - R:localhost/127.0.0.1:30683]
[DEBUG] Using pooled Channel '[id: 0x3ab6cdce, L:/127.0.0.1:62558 - R:localhost/127.0.0.1:30683]' for 'POST' to 'http://localhost:30683/session/a57d0ed98e109b26bbc34d7ba39da74d/element/51905530-9bb0-49df-8633-290b08d63be5/value'
[DEBUG] Using open Channel [id: 0x3ab6cdce, L:/127.0.0.1:62558 - R:localhost/127.0.0.1:30683] for POST '/session/a57d0ed98e109b26bbc34d7ba39da74d/element/51905530-9bb0-49df-8633-290b08d63be5/value'
[DEBUG] 

Request DefaultHttpRequest(decodeResult: success, version: HTTP/1.1)
POST /session/a57d0ed98e109b26bbc34d7ba39da74d/element/51905530-9bb0-49df-8633-290b08d63be5/value HTTP/1.1
User-Agent: selenium/4.8.2 (java windows)
Content-Length: 341
Content-Type: application/json; charset=utf-8
host: localhost:30683
accept: */*

Response DefaultHttpResponse(decodeResult: success, version: HTTP/1.1)
HTTP/1.1 200 OK
Content-Length: 14
Content-Type: application/json; charset=utf-8
cache-control: no-cache

[DEBUG] Adding key: http://localhost:30683 for channel [id: 0x3ab6cdce, L:/127.0.0.1:62558 - R:localhost/127.0.0.1:30683]
[DEBUG] Using pooled Channel '[id: 0x3ab6cdce, L:/127.0.0.1:62558 - R:localhost/127.0.0.1:30683]' for 'POST' to 'http://localhost:30683/session/a57d0ed98e109b26bbc34d7ba39da74d/element'
[DEBUG] Using open Channel [id: 0x3ab6cdce, L:/127.0.0.1:62558 - R:localhost/127.0.0.1:30683] for POST '/session/a57d0ed98e109b26bbc34d7ba39da74d/element'
[DEBUG] 

Request DefaultHttpRequest(decodeResult: success, version: HTTP/1.1)
POST /session/a57d0ed98e109b26bbc34d7ba39da74d/element HTTP/1.1
User-Agent: selenium/4.8.2 (java windows)
Content-Length: 58
Content-Type: application/json; charset=utf-8
host: localhost:30683
accept: */*

Response DefaultHttpResponse(decodeResult: success, version: HTTP/1.1)
HTTP/1.1 200 OK
Content-Length: 88
Content-Type: application/json; charset=utf-8
cache-control: no-cache

[DEBUG] Adding key: http://localhost:30683 for channel [id: 0x3ab6cdce, L:/127.0.0.1:62558 - R:localhost/127.0.0.1:30683]
[DEBUG] Using pooled Channel '[id: 0x3ab6cdce, L:/127.0.0.1:62558 - R:localhost/127.0.0.1:30683]' for 'POST' to 'http://localhost:30683/session/a57d0ed98e109b26bbc34d7ba39da74d/element/8f728d3b-c1c9-4445-8dbf-836dd15c0c1a/value'
[DEBUG] Using open Channel [id: 0x3ab6cdce, L:/127.0.0.1:62558 - R:localhost/127.0.0.1:30683] for POST '/session/a57d0ed98e109b26bbc34d7ba39da74d/element/8f728d3b-c1c9-4445-8dbf-836dd15c0c1a/value'
[DEBUG] 

Request DefaultHttpRequest(decodeResult: success, version: HTTP/1.1)
POST /session/a57d0ed98e109b26bbc34d7ba39da74d/element/8f728d3b-c1c9-4445-8dbf-836dd15c0c1a/value HTTP/1.1
User-Agent: selenium/4.8.2 (java windows)
Content-Length: 171
Content-Type: application/json; charset=utf-8
host: localhost:30683
accept: */*

Response DefaultHttpResponse(decodeResult: success, version: HTTP/1.1)
HTTP/1.1 200 OK
Content-Length: 14
Content-Type: application/json; charset=utf-8
cache-control: no-cache

[DEBUG] Adding key: http://localhost:30683 for channel [id: 0x3ab6cdce, L:/127.0.0.1:62558 - R:localhost/127.0.0.1:30683]
[DEBUG] Using pooled Channel '[id: 0x3ab6cdce, L:/127.0.0.1:62558 - R:localhost/127.0.0.1:30683]' for 'POST' to 'http://localhost:30683/session/a57d0ed98e109b26bbc34d7ba39da74d/element'
[DEBUG] Using open Channel [id: 0x3ab6cdce, L:/127.0.0.1:62558 - R:localhost/127.0.0.1:30683] for POST '/session/a57d0ed98e109b26bbc34d7ba39da74d/element'
[DEBUG] 

Request DefaultHttpRequest(decodeResult: success, version: HTTP/1.1)
POST /session/a57d0ed98e109b26bbc34d7ba39da74d/element HTTP/1.1
User-Agent: selenium/4.8.2 (java windows)
Content-Length: 59
Content-Type: application/json; charset=utf-8
host: localhost:30683
accept: */*

Response DefaultHttpResponse(decodeResult: success, version: HTTP/1.1)
HTTP/1.1 200 OK
Content-Length: 88
Content-Type: application/json; charset=utf-8
cache-control: no-cache

[DEBUG] Adding key: http://localhost:30683 for channel [id: 0x3ab6cdce, L:/127.0.0.1:62558 - R:localhost/127.0.0.1:30683]
[DEBUG] Using pooled Channel '[id: 0x3ab6cdce, L:/127.0.0.1:62558 - R:localhost/127.0.0.1:30683]' for 'POST' to 'http://localhost:30683/session/a57d0ed98e109b26bbc34d7ba39da74d/element/7bde2bd3-02f0-4cd4-9972-3f7870f67a77/click'
[DEBUG] Using open Channel [id: 0x3ab6cdce, L:/127.0.0.1:62558 - R:localhost/127.0.0.1:30683] for POST '/session/a57d0ed98e109b26bbc34d7ba39da74d/element/7bde2bd3-02f0-4cd4-9972-3f7870f67a77/click'
[DEBUG] 

Request DefaultHttpRequest(decodeResult: success, version: HTTP/1.1)
POST /session/a57d0ed98e109b26bbc34d7ba39da74d/element/7bde2bd3-02f0-4cd4-9972-3f7870f67a77/click HTTP/1.1
User-Agent: selenium/4.8.2 (java windows)
Content-Length: 50
Content-Type: application/json; charset=utf-8
host: localhost:30683
accept: */*

Response DefaultHttpResponse(decodeResult: success, version: HTTP/1.1)
HTTP/1.1 200 OK
Content-Length: 14
Content-Type: application/json; charset=utf-8
cache-control: no-cache

[DEBUG] Adding key: http://localhost:30683 for channel [id: 0x3ab6cdce, L:/127.0.0.1:62558 - R:localhost/127.0.0.1:30683]
[DEBUG] Entry count for : http://localhost:30683 : 1
[DEBUG] Using pooled Channel '[id: 0x3ab6cdce, L:/127.0.0.1:62558 - R:localhost/127.0.0.1:30683]' for 'POST' to 'http://localhost:30683/session/a57d0ed98e109b26bbc34d7ba39da74d/element'
[DEBUG] Using open Channel [id: 0x3ab6cdce, L:/127.0.0.1:62558 - R:localhost/127.0.0.1:30683] for POST '/session/a57d0ed98e109b26bbc34d7ba39da74d/element'
[DEBUG] 

Request DefaultHttpRequest(decodeResult: success, version: HTTP/1.1)
POST /session/a57d0ed98e109b26bbc34d7ba39da74d/element HTTP/1.1
User-Agent: selenium/4.8.2 (java windows)
Content-Length: 55
Content-Type: application/json; charset=utf-8
host: localhost:30683
accept: */*

Response DefaultHttpResponse(decodeResult: success, version: HTTP/1.1)
HTTP/1.1 200 OK
Content-Length: 88
Content-Type: application/json; charset=utf-8
cache-control: no-cache

[DEBUG] Adding key: http://localhost:30683 for channel [id: 0x3ab6cdce, L:/127.0.0.1:62558 - R:localhost/127.0.0.1:30683]
[DEBUG] Using pooled Channel '[id: 0x3ab6cdce, L:/127.0.0.1:62558 - R:localhost/127.0.0.1:30683]' for 'POST' to 'http://localhost:30683/session/a57d0ed98e109b26bbc34d7ba39da74d/element/18626369-fe00-46db-a4c6-0aaa754fbe09/click'
[DEBUG] Using open Channel [id: 0x3ab6cdce, L:/127.0.0.1:62558 - R:localhost/127.0.0.1:30683] for POST '/session/a57d0ed98e109b26bbc34d7ba39da74d/element/18626369-fe00-46db-a4c6-0aaa754fbe09/click'
[DEBUG] 

Request DefaultHttpRequest(decodeResult: success, version: HTTP/1.1)
POST /session/a57d0ed98e109b26bbc34d7ba39da74d/element/18626369-fe00-46db-a4c6-0aaa754fbe09/click HTTP/1.1
User-Agent: selenium/4.8.2 (java windows)
Content-Length: 50
Content-Type: application/json; charset=utf-8
host: localhost:30683
accept: */*

Response DefaultHttpResponse(decodeResult: success, version: HTTP/1.1)
HTTP/1.1 200 OK
Content-Length: 14
Content-Type: application/json; charset=utf-8
cache-control: no-cache

[DEBUG] Adding key: http://localhost:30683 for channel [id: 0x3ab6cdce, L:/127.0.0.1:62558 - R:localhost/127.0.0.1:30683]
[DEBUG] Using pooled Channel '[id: 0x3ab6cdce, L:/127.0.0.1:62558 - R:localhost/127.0.0.1:30683]' for 'POST' to 'http://localhost:30683/session/a57d0ed98e109b26bbc34d7ba39da74d/element'
[DEBUG] Using open Channel [id: 0x3ab6cdce, L:/127.0.0.1:62558 - R:localhost/127.0.0.1:30683] for POST '/session/a57d0ed98e109b26bbc34d7ba39da74d/element'
[DEBUG] 

Request DefaultHttpRequest(decodeResult: success, version: HTTP/1.1)
POST /session/a57d0ed98e109b26bbc34d7ba39da74d/element HTTP/1.1
User-Agent: selenium/4.8.2 (java windows)
Content-Length: 55
Content-Type: application/json; charset=utf-8
host: localhost:30683
accept: */*

Response DefaultHttpResponse(decodeResult: success, version: HTTP/1.1)
HTTP/1.1 200 OK
Content-Length: 88
Content-Type: application/json; charset=utf-8
cache-control: no-cache

[DEBUG] Adding key: http://localhost:30683 for channel [id: 0x3ab6cdce, L:/127.0.0.1:62558 - R:localhost/127.0.0.1:30683]
[DEBUG] Using pooled Channel '[id: 0x3ab6cdce, L:/127.0.0.1:62558 - R:localhost/127.0.0.1:30683]' for 'GET' to 'http://localhost:30683/session/a57d0ed98e109b26bbc34d7ba39da74d/element/223abd4d-e42f-4779-9ae0-c7df6ba37996/text'
[DEBUG] Using open Channel [id: 0x3ab6cdce, L:/127.0.0.1:62558 - R:localhost/127.0.0.1:30683] for GET '/session/a57d0ed98e109b26bbc34d7ba39da74d/element/223abd4d-e42f-4779-9ae0-c7df6ba37996/text'
[DEBUG] 

Request DefaultFullHttpRequest(decodeResult: success, version: HTTP/1.1, content: EmptyByteBufBE)
GET /session/a57d0ed98e109b26bbc34d7ba39da74d/element/223abd4d-e42f-4779-9ae0-c7df6ba37996/text HTTP/1.1
User-Agent: selenium/4.8.2 (java windows)
Cache-Control: no-cache
Content-Type: application/json; charset=utf-8
host: localhost:30683
accept: */*

Response DefaultHttpResponse(decodeResult: success, version: HTTP/1.1)
HTTP/1.1 200 OK
Content-Length: 59
Content-Type: application/json; charset=utf-8
cache-control: no-cache

[DEBUG] Adding key: http://localhost:30683 for channel [id: 0x3ab6cdce, L:/127.0.0.1:62558 - R:localhost/127.0.0.1:30683]
]]></system-out>
  </testcase>
  <testcase name="rediffHome" classname="com.qa.hybridrediff.testcases.Hybrid_RediffHomeTest" time="12.245">
    <system-out><![CDATA[[DEBUG] Channel Closed: [id: 0x2a77776c, L:/127.0.0.1:62566 ! R:localhost/127.0.0.1:62560] with attribute NettyResponseFuture{currentRetry=0,
	isDone=1,
	isCancelled=0,
	asyncHandler=org.asynchttpclient.ws.WebSocketUpgradeHandler@60b4dbce,
	nettyRequest=org.asynchttpclient.netty.request.NettyRequest@4c381566,
	future=java.util.concurrent.CompletableFuture@18699872[Completed normally],
	uri=ws://localhost:62560/devtools/browser/99e9ac7d-58c1-465b-8cff-32b8e8949689,
	keepAlive=true,
	redirectCount=0,
	timeoutsHolder=null,
	inAuth=0,
	touch=1681243477247}
[DEBUG] Closing Channel [id: 0x2a77776c, L:/127.0.0.1:62566 ! R:localhost/127.0.0.1:62560] 
[DEBUG] Using pooled Channel '[id: 0x3ab6cdce, L:/127.0.0.1:62558 - R:localhost/127.0.0.1:30683]' for 'DELETE' to 'http://localhost:30683/session/a57d0ed98e109b26bbc34d7ba39da74d'
[DEBUG] Using open Channel [id: 0x3ab6cdce, L:/127.0.0.1:62558 - R:localhost/127.0.0.1:30683] for DELETE '/session/a57d0ed98e109b26bbc34d7ba39da74d'
[DEBUG] 

Request DefaultFullHttpRequest(decodeResult: success, version: HTTP/1.1, content: EmptyByteBufBE)
DELETE /session/a57d0ed98e109b26bbc34d7ba39da74d HTTP/1.1
User-Agent: selenium/4.8.2 (java windows)
Content-Type: application/json; charset=utf-8
host: localhost:30683
accept: */*

Response DefaultHttpResponse(decodeResult: success, version: HTTP/1.1)
HTTP/1.1 200 OK
Content-Length: 14
Content-Type: application/json; charset=utf-8
cache-control: no-cache

[DEBUG] Adding key: http://localhost:30683 for channel [id: 0x3ab6cdce, L:/127.0.0.1:62558 - R:localhost/127.0.0.1:30683]
[DEBUG] Channel Closed: [id: 0x3ab6cdce, L:/127.0.0.1:62558 ! R:localhost/127.0.0.1:30683] with attribute DISCARD
[DEBUG] Entry count for : http://localhost:30683 : 1
[DEBUG] Adding Candidate expired Channel [id: 0x3ab6cdce, L:/127.0.0.1:62558 ! R:localhost/127.0.0.1:30683] isIdleTimeoutExpired=false isRemotelyClosed=true isTtlExpired=false
[DEBUG] Closing Idle Channel [id: 0x3ab6cdce, L:/127.0.0.1:62558 ! R:localhost/127.0.0.1:30683]
[DEBUG] Closed 1 connections out of 1 in 0 ms
[DEBUG] Using new Channel '[id: 0x69d2e2f4, L:/127.0.0.1:63404 - R:localhost/127.0.0.1:13905]' for 'POST' to '/session'
[DEBUG] 

Request DefaultHttpRequest(decodeResult: success, version: HTTP/1.1)
POST /session HTTP/1.1
User-Agent: selenium/4.8.2 (java windows)
Content-Length: 621
Content-Type: application/json; charset=utf-8
host: localhost:13905
accept: */*

Response DefaultHttpResponse(decodeResult: success, version: HTTP/1.1)
HTTP/1.1 200 OK
Content-Length: 858
Content-Type: application/json; charset=utf-8
cache-control: no-cache

[DEBUG] Adding key: http://localhost:13905 for channel [id: 0x69d2e2f4, L:/127.0.0.1:63404 - R:localhost/127.0.0.1:13905]
[DEBUG] Using new Channel '[id: 0xc9662788, L:/127.0.0.1:63410 - R:localhost/127.0.0.1:63405]' for 'GET' to '/json/version'
[DEBUG] 

Request DefaultFullHttpRequest(decodeResult: success, version: HTTP/1.1, content: EmptyByteBufBE)
GET /json/version HTTP/1.1
User-Agent: selenium/4.8.2 (java windows)
host: localhost:63405
accept: */*

Response DefaultHttpResponse(decodeResult: success, version: HTTP/1.1)
HTTP/1.1 200 OK
Content-Security-Policy: frame-ancestors 'none'
Content-Length: 422
Content-Type: application/json; charset=UTF-8

[DEBUG] Adding key: http://localhost:63405 for channel [id: 0xc9662788, L:/127.0.0.1:63410 - R:localhost/127.0.0.1:63405]
[DEBUG] Using new Channel '[id: 0xe95da73f, L:/127.0.0.1:63411 - R:localhost/127.0.0.1:63405]' for 'GET' to '/devtools/browser/45b5f669-e9a9-475f-9d72-15040b391103'
[DEBUG] 

Request DefaultFullHttpRequest(decodeResult: success, version: HTTP/1.1, content: EmptyByteBufBE)
GET /devtools/browser/45b5f669-e9a9-475f-9d72-15040b391103 HTTP/1.1
upgrade: websocket
connection: upgrade
sec-websocket-key: xPEi2ooGRjVZO13N2OFvlg==
sec-websocket-version: 13
origin: http://localhost:63405
host: localhost:63405
accept: */*
user-agent: AHC/2.1

Response DefaultHttpResponse(decodeResult: success, version: HTTP/1.1)
HTTP/1.1 101 WebSocket Protocol Handshake
Upgrade: WebSocket
Connection: Upgrade
Sec-WebSocket-Accept: /VoEg4lU+aYhncWnbCiDTqcrd+M=

[DEBUG] Using pooled Channel '[id: 0x69d2e2f4, L:/127.0.0.1:63404 - R:localhost/127.0.0.1:13905]' for 'POST' to 'http://localhost:13905/session/1b67c2b5ce20e2c08988db9e743ec8df/url'
[DEBUG] Using open Channel [id: 0x69d2e2f4, L:/127.0.0.1:63404 - R:localhost/127.0.0.1:13905] for POST '/session/1b67c2b5ce20e2c08988db9e743ec8df/url'
[DEBUG] Entry count for : http://localhost:63405 : 1
[DEBUG] Entry count for : http://localhost:63405 : 1
[DEBUG] 

Request DefaultHttpRequest(decodeResult: success, version: HTTP/1.1)
POST /session/1b67c2b5ce20e2c08988db9e743ec8df/url HTTP/1.1
User-Agent: selenium/4.8.2 (java windows)
Content-Length: 53
Content-Type: application/json; charset=utf-8
host: localhost:13905
accept: */*

Response DefaultHttpResponse(decodeResult: success, version: HTTP/1.1)
HTTP/1.1 200 OK
Content-Length: 14
Content-Type: application/json; charset=utf-8
cache-control: no-cache

[DEBUG] Adding key: http://localhost:13905 for channel [id: 0x69d2e2f4, L:/127.0.0.1:63404 - R:localhost/127.0.0.1:13905]
[DEBUG] Using pooled Channel '[id: 0x69d2e2f4, L:/127.0.0.1:63404 - R:localhost/127.0.0.1:13905]' for 'POST' to 'http://localhost:13905/session/1b67c2b5ce20e2c08988db9e743ec8df/window/maximize'
[DEBUG] Using open Channel [id: 0x69d2e2f4, L:/127.0.0.1:63404 - R:localhost/127.0.0.1:13905] for POST '/session/1b67c2b5ce20e2c08988db9e743ec8df/window/maximize'
[DEBUG] 

Request DefaultHttpRequest(decodeResult: success, version: HTTP/1.1)
POST /session/1b67c2b5ce20e2c08988db9e743ec8df/window/maximize HTTP/1.1
User-Agent: selenium/4.8.2 (java windows)
Content-Length: 3
Content-Type: application/json; charset=utf-8
host: localhost:13905
accept: */*

Response DefaultHttpResponse(decodeResult: success, version: HTTP/1.1)
HTTP/1.1 200 OK
Content-Length: 51
Content-Type: application/json; charset=utf-8
cache-control: no-cache

[DEBUG] Adding key: http://localhost:13905 for channel [id: 0x69d2e2f4, L:/127.0.0.1:63404 - R:localhost/127.0.0.1:13905]
[DEBUG] Using pooled Channel '[id: 0x69d2e2f4, L:/127.0.0.1:63404 - R:localhost/127.0.0.1:13905]' for 'DELETE' to 'http://localhost:13905/session/1b67c2b5ce20e2c08988db9e743ec8df/cookie'
[DEBUG] Using open Channel [id: 0x69d2e2f4, L:/127.0.0.1:63404 - R:localhost/127.0.0.1:13905] for DELETE '/session/1b67c2b5ce20e2c08988db9e743ec8df/cookie'
[DEBUG] 

Request DefaultFullHttpRequest(decodeResult: success, version: HTTP/1.1, content: EmptyByteBufBE)
DELETE /session/1b67c2b5ce20e2c08988db9e743ec8df/cookie HTTP/1.1
User-Agent: selenium/4.8.2 (java windows)
Content-Type: application/json; charset=utf-8
host: localhost:13905
accept: */*

Response DefaultHttpResponse(decodeResult: success, version: HTTP/1.1)
HTTP/1.1 200 OK
Content-Length: 14
Content-Type: application/json; charset=utf-8
cache-control: no-cache

[DEBUG] Adding key: http://localhost:13905 for channel [id: 0x69d2e2f4, L:/127.0.0.1:63404 - R:localhost/127.0.0.1:13905]
[DEBUG] Using pooled Channel '[id: 0x69d2e2f4, L:/127.0.0.1:63404 - R:localhost/127.0.0.1:13905]' for 'POST' to 'http://localhost:13905/session/1b67c2b5ce20e2c08988db9e743ec8df/timeouts'
[DEBUG] Using open Channel [id: 0x69d2e2f4, L:/127.0.0.1:63404 - R:localhost/127.0.0.1:13905] for POST '/session/1b67c2b5ce20e2c08988db9e743ec8df/timeouts'
[DEBUG] 

Request DefaultHttpRequest(decodeResult: success, version: HTTP/1.1)
POST /session/1b67c2b5ce20e2c08988db9e743ec8df/timeouts HTTP/1.1
User-Agent: selenium/4.8.2 (java windows)
Content-Length: 23
Content-Type: application/json; charset=utf-8
host: localhost:13905
accept: */*

Response DefaultHttpResponse(decodeResult: success, version: HTTP/1.1)
HTTP/1.1 200 OK
Content-Length: 14
Content-Type: application/json; charset=utf-8
cache-control: no-cache

[DEBUG] Adding key: http://localhost:13905 for channel [id: 0x69d2e2f4, L:/127.0.0.1:63404 - R:localhost/127.0.0.1:13905]
[DEBUG] Using pooled Channel '[id: 0x69d2e2f4, L:/127.0.0.1:63404 - R:localhost/127.0.0.1:13905]' for 'POST' to 'http://localhost:13905/session/1b67c2b5ce20e2c08988db9e743ec8df/timeouts'
[DEBUG] Using open Channel [id: 0x69d2e2f4, L:/127.0.0.1:63404 - R:localhost/127.0.0.1:13905] for POST '/session/1b67c2b5ce20e2c08988db9e743ec8df/timeouts'
[DEBUG] 

Request DefaultHttpRequest(decodeResult: success, version: HTTP/1.1)
POST /session/1b67c2b5ce20e2c08988db9e743ec8df/timeouts HTTP/1.1
User-Agent: selenium/4.8.2 (java windows)
Content-Length: 23
Content-Type: application/json; charset=utf-8
host: localhost:13905
accept: */*

Response DefaultHttpResponse(decodeResult: success, version: HTTP/1.1)
HTTP/1.1 200 OK
Content-Length: 14
Content-Type: application/json; charset=utf-8
cache-control: no-cache

[DEBUG] Adding key: http://localhost:13905 for channel [id: 0x69d2e2f4, L:/127.0.0.1:63404 - R:localhost/127.0.0.1:13905]
[DEBUG] Using pooled Channel '[id: 0x69d2e2f4, L:/127.0.0.1:63404 - R:localhost/127.0.0.1:13905]' for 'POST' to 'http://localhost:13905/session/1b67c2b5ce20e2c08988db9e743ec8df/timeouts'
[DEBUG] Using open Channel [id: 0x69d2e2f4, L:/127.0.0.1:63404 - R:localhost/127.0.0.1:13905] for POST '/session/1b67c2b5ce20e2c08988db9e743ec8df/timeouts'
[DEBUG] 

Request DefaultHttpRequest(decodeResult: success, version: HTTP/1.1)
POST /session/1b67c2b5ce20e2c08988db9e743ec8df/timeouts HTTP/1.1
User-Agent: selenium/4.8.2 (java windows)
Content-Length: 21
Content-Type: application/json; charset=utf-8
host: localhost:13905
accept: */*

Response DefaultHttpResponse(decodeResult: success, version: HTTP/1.1)
HTTP/1.1 200 OK
Content-Length: 14
Content-Type: application/json; charset=utf-8
cache-control: no-cache

[DEBUG] Adding key: http://localhost:13905 for channel [id: 0x69d2e2f4, L:/127.0.0.1:63404 - R:localhost/127.0.0.1:13905]
[DEBUG] Using pooled Channel '[id: 0x69d2e2f4, L:/127.0.0.1:63404 - R:localhost/127.0.0.1:13905]' for 'POST' to 'http://localhost:13905/session/1b67c2b5ce20e2c08988db9e743ec8df/element'
[DEBUG] Using open Channel [id: 0x69d2e2f4, L:/127.0.0.1:63404 - R:localhost/127.0.0.1:13905] for POST '/session/1b67c2b5ce20e2c08988db9e743ec8df/element'
[DEBUG] 

Request DefaultHttpRequest(decodeResult: success, version: HTTP/1.1)
POST /session/1b67c2b5ce20e2c08988db9e743ec8df/element HTTP/1.1
User-Agent: selenium/4.8.2 (java windows)
Content-Length: 48
Content-Type: application/json; charset=utf-8
host: localhost:13905
accept: */*

Response DefaultHttpResponse(decodeResult: success, version: HTTP/1.1)
HTTP/1.1 200 OK
Content-Length: 88
Content-Type: application/json; charset=utf-8
cache-control: no-cache

[DEBUG] Adding key: http://localhost:13905 for channel [id: 0x69d2e2f4, L:/127.0.0.1:63404 - R:localhost/127.0.0.1:13905]
[DEBUG] Using pooled Channel '[id: 0x69d2e2f4, L:/127.0.0.1:63404 - R:localhost/127.0.0.1:13905]' for 'POST' to 'http://localhost:13905/session/1b67c2b5ce20e2c08988db9e743ec8df/element/19b751fd-1758-4870-bc7e-2c90da89cc18/click'
[DEBUG] Using open Channel [id: 0x69d2e2f4, L:/127.0.0.1:63404 - R:localhost/127.0.0.1:13905] for POST '/session/1b67c2b5ce20e2c08988db9e743ec8df/element/19b751fd-1758-4870-bc7e-2c90da89cc18/click'
[DEBUG] Entry count for : http://localhost:63405 : 1
[DEBUG] 

Request DefaultHttpRequest(decodeResult: success, version: HTTP/1.1)
POST /session/1b67c2b5ce20e2c08988db9e743ec8df/element/19b751fd-1758-4870-bc7e-2c90da89cc18/click HTTP/1.1
User-Agent: selenium/4.8.2 (java windows)
Content-Length: 50
Content-Type: application/json; charset=utf-8
host: localhost:13905
accept: */*

Response DefaultHttpResponse(decodeResult: success, version: HTTP/1.1)
HTTP/1.1 200 OK
Content-Length: 14
Content-Type: application/json; charset=utf-8
cache-control: no-cache

[DEBUG] Adding key: http://localhost:13905 for channel [id: 0x69d2e2f4, L:/127.0.0.1:63404 - R:localhost/127.0.0.1:13905]
[DEBUG] Using pooled Channel '[id: 0x69d2e2f4, L:/127.0.0.1:63404 - R:localhost/127.0.0.1:13905]' for 'POST' to 'http://localhost:13905/session/1b67c2b5ce20e2c08988db9e743ec8df/element'
[DEBUG] Using open Channel [id: 0x69d2e2f4, L:/127.0.0.1:63404 - R:localhost/127.0.0.1:13905] for POST '/session/1b67c2b5ce20e2c08988db9e743ec8df/element'
[DEBUG] 

Request DefaultHttpRequest(decodeResult: success, version: HTTP/1.1)
POST /session/1b67c2b5ce20e2c08988db9e743ec8df/element HTTP/1.1
User-Agent: selenium/4.8.2 (java windows)
Content-Length: 56
Content-Type: application/json; charset=utf-8
host: localhost:13905
accept: */*

Response DefaultHttpResponse(decodeResult: success, version: HTTP/1.1)
HTTP/1.1 200 OK
Content-Length: 88
Content-Type: application/json; charset=utf-8
cache-control: no-cache

[DEBUG] Adding key: http://localhost:13905 for channel [id: 0x69d2e2f4, L:/127.0.0.1:63404 - R:localhost/127.0.0.1:13905]
[DEBUG] Using pooled Channel '[id: 0x69d2e2f4, L:/127.0.0.1:63404 - R:localhost/127.0.0.1:13905]' for 'POST' to 'http://localhost:13905/session/1b67c2b5ce20e2c08988db9e743ec8df/element/ee5344ee-753b-430c-8f3b-fcb7dc5c1669/value'
[DEBUG] Using open Channel [id: 0x69d2e2f4, L:/127.0.0.1:63404 - R:localhost/127.0.0.1:13905] for POST '/session/1b67c2b5ce20e2c08988db9e743ec8df/element/ee5344ee-753b-430c-8f3b-fcb7dc5c1669/value'
[DEBUG] 

Request DefaultHttpRequest(decodeResult: success, version: HTTP/1.1)
POST /session/1b67c2b5ce20e2c08988db9e743ec8df/element/ee5344ee-753b-430c-8f3b-fcb7dc5c1669/value HTTP/1.1
User-Agent: selenium/4.8.2 (java windows)
Content-Length: 341
Content-Type: application/json; charset=utf-8
host: localhost:13905
accept: */*

Response DefaultHttpResponse(decodeResult: success, version: HTTP/1.1)
HTTP/1.1 200 OK
Content-Length: 14
Content-Type: application/json; charset=utf-8
cache-control: no-cache

[DEBUG] Adding key: http://localhost:13905 for channel [id: 0x69d2e2f4, L:/127.0.0.1:63404 - R:localhost/127.0.0.1:13905]
[DEBUG] Using pooled Channel '[id: 0x69d2e2f4, L:/127.0.0.1:63404 - R:localhost/127.0.0.1:13905]' for 'POST' to 'http://localhost:13905/session/1b67c2b5ce20e2c08988db9e743ec8df/element'
[DEBUG] Using open Channel [id: 0x69d2e2f4, L:/127.0.0.1:63404 - R:localhost/127.0.0.1:13905] for POST '/session/1b67c2b5ce20e2c08988db9e743ec8df/element'
[DEBUG] 

Request DefaultHttpRequest(decodeResult: success, version: HTTP/1.1)
POST /session/1b67c2b5ce20e2c08988db9e743ec8df/element HTTP/1.1
User-Agent: selenium/4.8.2 (java windows)
Content-Length: 58
Content-Type: application/json; charset=utf-8
host: localhost:13905
accept: */*

Response DefaultHttpResponse(decodeResult: success, version: HTTP/1.1)
HTTP/1.1 200 OK
Content-Length: 88
Content-Type: application/json; charset=utf-8
cache-control: no-cache

[DEBUG] Adding key: http://localhost:13905 for channel [id: 0x69d2e2f4, L:/127.0.0.1:63404 - R:localhost/127.0.0.1:13905]
[DEBUG] Using pooled Channel '[id: 0x69d2e2f4, L:/127.0.0.1:63404 - R:localhost/127.0.0.1:13905]' for 'POST' to 'http://localhost:13905/session/1b67c2b5ce20e2c08988db9e743ec8df/element/8551a452-1480-4796-9071-981c5b5b1c49/value'
[DEBUG] Using open Channel [id: 0x69d2e2f4, L:/127.0.0.1:63404 - R:localhost/127.0.0.1:13905] for POST '/session/1b67c2b5ce20e2c08988db9e743ec8df/element/8551a452-1480-4796-9071-981c5b5b1c49/value'
[DEBUG] Entry count for : http://localhost:63405 : 1
[DEBUG] 

Request DefaultHttpRequest(decodeResult: success, version: HTTP/1.1)
POST /session/1b67c2b5ce20e2c08988db9e743ec8df/element/8551a452-1480-4796-9071-981c5b5b1c49/value HTTP/1.1
User-Agent: selenium/4.8.2 (java windows)
Content-Length: 171
Content-Type: application/json; charset=utf-8
host: localhost:13905
accept: */*

Response DefaultHttpResponse(decodeResult: success, version: HTTP/1.1)
HTTP/1.1 200 OK
Content-Length: 14
Content-Type: application/json; charset=utf-8
cache-control: no-cache

[DEBUG] Adding key: http://localhost:13905 for channel [id: 0x69d2e2f4, L:/127.0.0.1:63404 - R:localhost/127.0.0.1:13905]
[DEBUG] Entry count for : http://localhost:13905 : 1
[DEBUG] Entry count for : http://localhost:63405 : 1
[DEBUG] Using pooled Channel '[id: 0x69d2e2f4, L:/127.0.0.1:63404 - R:localhost/127.0.0.1:13905]' for 'POST' to 'http://localhost:13905/session/1b67c2b5ce20e2c08988db9e743ec8df/element'
[DEBUG] Using open Channel [id: 0x69d2e2f4, L:/127.0.0.1:63404 - R:localhost/127.0.0.1:13905] for POST '/session/1b67c2b5ce20e2c08988db9e743ec8df/element'
[DEBUG] 

Request DefaultHttpRequest(decodeResult: success, version: HTTP/1.1)
POST /session/1b67c2b5ce20e2c08988db9e743ec8df/element HTTP/1.1
User-Agent: selenium/4.8.2 (java windows)
Content-Length: 59
Content-Type: application/json; charset=utf-8
host: localhost:13905
accept: */*

Response DefaultHttpResponse(decodeResult: success, version: HTTP/1.1)
HTTP/1.1 200 OK
Content-Length: 88
Content-Type: application/json; charset=utf-8
cache-control: no-cache

[DEBUG] Adding key: http://localhost:13905 for channel [id: 0x69d2e2f4, L:/127.0.0.1:63404 - R:localhost/127.0.0.1:13905]
[DEBUG] Using pooled Channel '[id: 0x69d2e2f4, L:/127.0.0.1:63404 - R:localhost/127.0.0.1:13905]' for 'POST' to 'http://localhost:13905/session/1b67c2b5ce20e2c08988db9e743ec8df/element/3b957ffd-bc72-4ed6-829d-ee3afba35f37/click'
[DEBUG] Using open Channel [id: 0x69d2e2f4, L:/127.0.0.1:63404 - R:localhost/127.0.0.1:13905] for POST '/session/1b67c2b5ce20e2c08988db9e743ec8df/element/3b957ffd-bc72-4ed6-829d-ee3afba35f37/click'
[DEBUG] Entry count for : http://localhost:63405 : 1
[DEBUG] Entry count for : http://localhost:63405 : 1
[DEBUG] Entry count for : http://localhost:63405 : 1
[DEBUG] Entry count for : http://localhost:63405 : 1
[DEBUG] Entry count for : http://localhost:63405 : 1
[DEBUG] 

Request DefaultHttpRequest(decodeResult: success, version: HTTP/1.1)
POST /session/1b67c2b5ce20e2c08988db9e743ec8df/element/3b957ffd-bc72-4ed6-829d-ee3afba35f37/click HTTP/1.1
User-Agent: selenium/4.8.2 (java windows)
Content-Length: 50
Content-Type: application/json; charset=utf-8
host: localhost:13905
accept: */*

Response DefaultHttpResponse(decodeResult: success, version: HTTP/1.1)
HTTP/1.1 200 OK
Content-Length: 14
Content-Type: application/json; charset=utf-8
cache-control: no-cache

[DEBUG] Adding key: http://localhost:13905 for channel [id: 0x69d2e2f4, L:/127.0.0.1:63404 - R:localhost/127.0.0.1:13905]
[DEBUG] Using pooled Channel '[id: 0x69d2e2f4, L:/127.0.0.1:63404 - R:localhost/127.0.0.1:13905]' for 'POST' to 'http://localhost:13905/session/1b67c2b5ce20e2c08988db9e743ec8df/element'
[DEBUG] Using open Channel [id: 0x69d2e2f4, L:/127.0.0.1:63404 - R:localhost/127.0.0.1:13905] for POST '/session/1b67c2b5ce20e2c08988db9e743ec8df/element'
[DEBUG] 

Request DefaultHttpRequest(decodeResult: success, version: HTTP/1.1)
POST /session/1b67c2b5ce20e2c08988db9e743ec8df/element HTTP/1.1
User-Agent: selenium/4.8.2 (java windows)
Content-Length: 55
Content-Type: application/json; charset=utf-8
host: localhost:13905
accept: */*

Response DefaultHttpResponse(decodeResult: success, version: HTTP/1.1)
HTTP/1.1 200 OK
Content-Length: 88
Content-Type: application/json; charset=utf-8
cache-control: no-cache

[DEBUG] Adding key: http://localhost:13905 for channel [id: 0x69d2e2f4, L:/127.0.0.1:63404 - R:localhost/127.0.0.1:13905]
[DEBUG] Using pooled Channel '[id: 0x69d2e2f4, L:/127.0.0.1:63404 - R:localhost/127.0.0.1:13905]' for 'POST' to 'http://localhost:13905/session/1b67c2b5ce20e2c08988db9e743ec8df/element/c3b18f20-3191-4d27-96ec-d621e53718e3/click'
[DEBUG] Using open Channel [id: 0x69d2e2f4, L:/127.0.0.1:63404 - R:localhost/127.0.0.1:13905] for POST '/session/1b67c2b5ce20e2c08988db9e743ec8df/element/c3b18f20-3191-4d27-96ec-d621e53718e3/click'
[DEBUG] Entry count for : http://localhost:63405 : 1
[DEBUG] Entry count for : http://localhost:63405 : 1
[DEBUG] 

Request DefaultHttpRequest(decodeResult: success, version: HTTP/1.1)
POST /session/1b67c2b5ce20e2c08988db9e743ec8df/element/c3b18f20-3191-4d27-96ec-d621e53718e3/click HTTP/1.1
User-Agent: selenium/4.8.2 (java windows)
Content-Length: 50
Content-Type: application/json; charset=utf-8
host: localhost:13905
accept: */*

Response DefaultHttpResponse(decodeResult: success, version: HTTP/1.1)
HTTP/1.1 200 OK
Content-Length: 14
Content-Type: application/json; charset=utf-8
cache-control: no-cache

[DEBUG] Adding key: http://localhost:13905 for channel [id: 0x69d2e2f4, L:/127.0.0.1:63404 - R:localhost/127.0.0.1:13905]
[DEBUG] Using pooled Channel '[id: 0x69d2e2f4, L:/127.0.0.1:63404 - R:localhost/127.0.0.1:13905]' for 'POST' to 'http://localhost:13905/session/1b67c2b5ce20e2c08988db9e743ec8df/element'
[DEBUG] Using open Channel [id: 0x69d2e2f4, L:/127.0.0.1:63404 - R:localhost/127.0.0.1:13905] for POST '/session/1b67c2b5ce20e2c08988db9e743ec8df/element'
[DEBUG] 

Request DefaultHttpRequest(decodeResult: success, version: HTTP/1.1)
POST /session/1b67c2b5ce20e2c08988db9e743ec8df/element HTTP/1.1
User-Agent: selenium/4.8.2 (java windows)
Content-Length: 71
Content-Type: application/json; charset=utf-8
host: localhost:13905
accept: */*

Response DefaultHttpResponse(decodeResult: success, version: HTTP/1.1)
HTTP/1.1 200 OK
Content-Length: 88
Content-Type: application/json; charset=utf-8
cache-control: no-cache

[DEBUG] Adding key: http://localhost:13905 for channel [id: 0x69d2e2f4, L:/127.0.0.1:63404 - R:localhost/127.0.0.1:13905]
[DEBUG] Using pooled Channel '[id: 0x69d2e2f4, L:/127.0.0.1:63404 - R:localhost/127.0.0.1:13905]' for 'POST' to 'http://localhost:13905/session/1b67c2b5ce20e2c08988db9e743ec8df/element/cc45bfc2-1bda-4080-8fba-0bcf7d092860/click'
[DEBUG] Using open Channel [id: 0x69d2e2f4, L:/127.0.0.1:63404 - R:localhost/127.0.0.1:13905] for POST '/session/1b67c2b5ce20e2c08988db9e743ec8df/element/cc45bfc2-1bda-4080-8fba-0bcf7d092860/click'
[DEBUG] Entry count for : http://localhost:63405 : 1
[DEBUG] 

Request DefaultHttpRequest(decodeResult: success, version: HTTP/1.1)
POST /session/1b67c2b5ce20e2c08988db9e743ec8df/element/cc45bfc2-1bda-4080-8fba-0bcf7d092860/click HTTP/1.1
User-Agent: selenium/4.8.2 (java windows)
Content-Length: 50
Content-Type: application/json; charset=utf-8
host: localhost:13905
accept: */*

Response DefaultHttpResponse(decodeResult: success, version: HTTP/1.1)
HTTP/1.1 200 OK
Content-Length: 14
Content-Type: application/json; charset=utf-8
cache-control: no-cache

[DEBUG] Adding key: http://localhost:13905 for channel [id: 0x69d2e2f4, L:/127.0.0.1:63404 - R:localhost/127.0.0.1:13905]
[DEBUG] Using pooled Channel '[id: 0x69d2e2f4, L:/127.0.0.1:63404 - R:localhost/127.0.0.1:13905]' for 'POST' to 'http://localhost:13905/session/1b67c2b5ce20e2c08988db9e743ec8df/element'
[DEBUG] Using open Channel [id: 0x69d2e2f4, L:/127.0.0.1:63404 - R:localhost/127.0.0.1:13905] for POST '/session/1b67c2b5ce20e2c08988db9e743ec8df/element'
[DEBUG] 

Request DefaultHttpRequest(decodeResult: success, version: HTTP/1.1)
POST /session/1b67c2b5ce20e2c08988db9e743ec8df/element HTTP/1.1
User-Agent: selenium/4.8.2 (java windows)
Content-Length: 62
Content-Type: application/json; charset=utf-8
host: localhost:13905
accept: */*

Response DefaultHttpResponse(decodeResult: success, version: HTTP/1.1)
HTTP/1.1 200 OK
Content-Length: 88
Content-Type: application/json; charset=utf-8
cache-control: no-cache

[DEBUG] Adding key: http://localhost:13905 for channel [id: 0x69d2e2f4, L:/127.0.0.1:63404 - R:localhost/127.0.0.1:13905]
[DEBUG] Using pooled Channel '[id: 0x69d2e2f4, L:/127.0.0.1:63404 - R:localhost/127.0.0.1:13905]' for 'POST' to 'http://localhost:13905/session/1b67c2b5ce20e2c08988db9e743ec8df/execute/sync'
[DEBUG] Using open Channel [id: 0x69d2e2f4, L:/127.0.0.1:63404 - R:localhost/127.0.0.1:13905] for POST '/session/1b67c2b5ce20e2c08988db9e743ec8df/execute/sync'
[DEBUG] 

Request DefaultHttpRequest(decodeResult: success, version: HTTP/1.1)
POST /session/1b67c2b5ce20e2c08988db9e743ec8df/execute/sync HTTP/1.1
User-Agent: selenium/4.8.2 (java windows)
Content-Length: 48807
Content-Type: application/json; charset=utf-8
host: localhost:13905
accept: */*

Response DefaultHttpResponse(decodeResult: success, version: HTTP/1.1)
HTTP/1.1 200 OK
Content-Length: 14
Content-Type: application/json; charset=utf-8
cache-control: no-cache

[DEBUG] Adding key: http://localhost:13905 for channel [id: 0x69d2e2f4, L:/127.0.0.1:63404 - R:localhost/127.0.0.1:13905]
]]></system-out>
    <system-err><![CDATA[Starting ChromeDriver 112.0.5615.49 (bd2a7bcb881c11e8cfe3078709382934e3916914-refs/branch-heads/5615@{#936}) on port 13905
Only local connections are allowed.
Please see https://chromedriver.chromium.org/security-considerations for suggestions on keeping ChromeDriver safe.
ChromeDriver was started successfully.
Apr 11, 2023 1:05:50 PM org.openqa.selenium.devtools.CdpVersionFinder findNearestMatch
WARNING: Unable to find an exact match for CDP version 112, so returning the closest version found: 111
]]></system-err>
  </testcase>
  <testcase name="rediffLinks" classname="com.qa.hybridrediff.testcases.Hybrid_LinkTest" time="11.483">
    <system-out><![CDATA[[DEBUG] Channel Closed: [id: 0xe95da73f, L:/127.0.0.1:63411 ! R:localhost/127.0.0.1:63405] with attribute NettyResponseFuture{currentRetry=0,
	isDone=1,
	isCancelled=0,
	asyncHandler=org.asynchttpclient.ws.WebSocketUpgradeHandler@539ae6ad,
	nettyRequest=org.asynchttpclient.netty.request.NettyRequest@435f5b3,
	future=java.util.concurrent.CompletableFuture@5f4f098a[Completed normally],
	uri=ws://localhost:63405/devtools/browser/45b5f669-e9a9-475f-9d72-15040b391103,
	keepAlive=true,
	redirectCount=0,
	timeoutsHolder=null,
	inAuth=0,
	touch=1681243550319}
[DEBUG] Closing Channel [id: 0xe95da73f, L:/127.0.0.1:63411 ! R:localhost/127.0.0.1:63405] 
[DEBUG] Using pooled Channel '[id: 0x69d2e2f4, L:/127.0.0.1:63404 - R:localhost/127.0.0.1:13905]' for 'DELETE' to 'http://localhost:13905/session/1b67c2b5ce20e2c08988db9e743ec8df'
[DEBUG] Using open Channel [id: 0x69d2e2f4, L:/127.0.0.1:63404 - R:localhost/127.0.0.1:13905] for DELETE '/session/1b67c2b5ce20e2c08988db9e743ec8df'
[DEBUG] Unexpected I/O exception on channel [id: 0xc9662788, L:/127.0.0.1:63410 - R:localhost/127.0.0.1:63405]
java.io.IOException: An existing connection was forcibly closed by the remote host
	at sun.nio.ch.SocketDispatcher.read0(Native Method) ~[na:1.8.0_333]
	at sun.nio.ch.SocketDispatcher.read(SocketDispatcher.java:43) ~[na:1.8.0_333]
	at sun.nio.ch.IOUtil.readIntoNativeBuffer(IOUtil.java:223) ~[na:1.8.0_333]
	at sun.nio.ch.IOUtil.read(IOUtil.java:192) ~[na:1.8.0_333]
	at sun.nio.ch.SocketChannelImpl.read(SocketChannelImpl.java:378) ~[na:1.8.0_333]
	at io.netty.buffer.PooledByteBuf.setBytes(PooledByteBuf.java:256) ~[netty-buffer-4.1.90.Final.jar:4.1.90.Final]
	at io.netty.buffer.AbstractByteBuf.writeBytes(AbstractByteBuf.java:1132) ~[netty-buffer-4.1.90.Final.jar:4.1.90.Final]
	at io.netty.channel.socket.nio.NioSocketChannel.doReadBytes(NioSocketChannel.java:357) ~[netty-transport-4.1.90.Final.jar:4.1.90.Final]
	at io.netty.channel.nio.AbstractNioByteChannel$NioByteUnsafe.read(AbstractNioByteChannel.java:151) ~[netty-transport-4.1.90.Final.jar:4.1.90.Final]
	at io.netty.channel.nio.NioEventLoop.processSelectedKey(NioEventLoop.java:788) [netty-transport-4.1.90.Final.jar:4.1.90.Final]
	at io.netty.channel.nio.NioEventLoop.processSelectedKeysOptimized(NioEventLoop.java:724) [netty-transport-4.1.90.Final.jar:4.1.90.Final]
	at io.netty.channel.nio.NioEventLoop.processSelectedKeys(NioEventLoop.java:650) [netty-transport-4.1.90.Final.jar:4.1.90.Final]
	at io.netty.channel.nio.NioEventLoop.run(NioEventLoop.java:562) [netty-transport-4.1.90.Final.jar:4.1.90.Final]
	at io.netty.util.concurrent.SingleThreadEventExecutor$4.run(SingleThreadEventExecutor.java:997) [netty-common-4.1.90.Final.jar:4.1.90.Final]
	at io.netty.util.internal.ThreadExecutorMap$2.run(ThreadExecutorMap.java:74) [netty-common-4.1.90.Final.jar:4.1.90.Final]
	at io.netty.util.concurrent.FastThreadLocalRunnable.run(FastThreadLocalRunnable.java:30) [netty-common-4.1.90.Final.jar:4.1.90.Final]
	at java.lang.Thread.run(Thread.java:750) [na:1.8.0_333]
[DEBUG] Closing Channel [id: 0xc9662788, L:/127.0.0.1:63410 - R:localhost/127.0.0.1:63405] 
[DEBUG] Channel Closed: [id: 0xc9662788, L:/127.0.0.1:63410 ! R:localhost/127.0.0.1:63405] with attribute DISCARD
[DEBUG] 

Request DefaultFullHttpRequest(decodeResult: success, version: HTTP/1.1, content: EmptyByteBufBE)
DELETE /session/1b67c2b5ce20e2c08988db9e743ec8df HTTP/1.1
User-Agent: selenium/4.8.2 (java windows)
Content-Type: application/json; charset=utf-8
host: localhost:13905
accept: */*

Response DefaultHttpResponse(decodeResult: success, version: HTTP/1.1)
HTTP/1.1 200 OK
Content-Length: 14
Content-Type: application/json; charset=utf-8
cache-control: no-cache

[DEBUG] Adding key: http://localhost:13905 for channel [id: 0x69d2e2f4, L:/127.0.0.1:63404 - R:localhost/127.0.0.1:13905]
[DEBUG] Channel Closed: [id: 0x69d2e2f4, L:/127.0.0.1:63404 ! R:localhost/127.0.0.1:13905] with attribute DISCARD
[DEBUG] Entry count for : http://localhost:13905 : 1
[DEBUG] Entry count for : http://localhost:63405 : 1
[DEBUG] Adding Candidate expired Channel [id: 0x69d2e2f4, L:/127.0.0.1:63404 ! R:localhost/127.0.0.1:13905] isIdleTimeoutExpired=false isRemotelyClosed=true isTtlExpired=false
[DEBUG] Closing Idle Channel [id: 0x69d2e2f4, L:/127.0.0.1:63404 ! R:localhost/127.0.0.1:13905]
[DEBUG] Adding Candidate expired Channel [id: 0xc9662788, L:/127.0.0.1:63410 ! R:localhost/127.0.0.1:63405] isIdleTimeoutExpired=false isRemotelyClosed=true isTtlExpired=false
[DEBUG] Closing Idle Channel [id: 0xc9662788, L:/127.0.0.1:63410 ! R:localhost/127.0.0.1:63405]
[DEBUG] Closed 2 connections out of 2 in 0 ms
[DEBUG] Using new Channel '[id: 0x7d04180d, L:/127.0.0.1:63531 - R:localhost/127.0.0.1:2978]' for 'POST' to '/session'
[DEBUG] 

Request DefaultHttpRequest(decodeResult: success, version: HTTP/1.1)
POST /session HTTP/1.1
User-Agent: selenium/4.8.2 (java windows)
Content-Length: 621
Content-Type: application/json; charset=utf-8
host: localhost:2978
accept: */*

Response DefaultHttpResponse(decodeResult: success, version: HTTP/1.1)
HTTP/1.1 200 OK
Content-Length: 857
Content-Type: application/json; charset=utf-8
cache-control: no-cache

[DEBUG] Adding key: http://localhost:2978 for channel [id: 0x7d04180d, L:/127.0.0.1:63531 - R:localhost/127.0.0.1:2978]
[DEBUG] Using new Channel '[id: 0x600b34ce, L:/127.0.0.1:63537 - R:localhost/127.0.0.1:63532]' for 'GET' to '/json/version'
[DEBUG] 

Request DefaultFullHttpRequest(decodeResult: success, version: HTTP/1.1, content: EmptyByteBufBE)
GET /json/version HTTP/1.1
User-Agent: selenium/4.8.2 (java windows)
host: localhost:63532
accept: */*

Response DefaultHttpResponse(decodeResult: success, version: HTTP/1.1)
HTTP/1.1 200 OK
Content-Security-Policy: frame-ancestors 'none'
Content-Length: 422
Content-Type: application/json; charset=UTF-8

[DEBUG] Adding key: http://localhost:63532 for channel [id: 0x600b34ce, L:/127.0.0.1:63537 - R:localhost/127.0.0.1:63532]
[DEBUG] Using new Channel '[id: 0x1ffb4a05, L:/127.0.0.1:63538 - R:localhost/127.0.0.1:63532]' for 'GET' to '/devtools/browser/904f09b6-496a-4fa9-8ca1-7d56db81a123'
[DEBUG] 

Request DefaultFullHttpRequest(decodeResult: success, version: HTTP/1.1, content: EmptyByteBufBE)
GET /devtools/browser/904f09b6-496a-4fa9-8ca1-7d56db81a123 HTTP/1.1
upgrade: websocket
connection: upgrade
sec-websocket-key: gqlQWRrweGMqY/dgWYPlsA==
sec-websocket-version: 13
origin: http://localhost:63532
host: localhost:63532
accept: */*
user-agent: AHC/2.1

Response DefaultHttpResponse(decodeResult: success, version: HTTP/1.1)
HTTP/1.1 101 WebSocket Protocol Handshake
Upgrade: WebSocket
Connection: Upgrade
Sec-WebSocket-Accept: D7B08QP1s2wR2CUxb4kzi837zAE=

[DEBUG] Using pooled Channel '[id: 0x7d04180d, L:/127.0.0.1:63531 - R:localhost/127.0.0.1:2978]' for 'POST' to 'http://localhost:2978/session/0cdc34614b3630f5d4910bfa97852f9b/url'
[DEBUG] Using open Channel [id: 0x7d04180d, L:/127.0.0.1:63531 - R:localhost/127.0.0.1:2978] for POST '/session/0cdc34614b3630f5d4910bfa97852f9b/url'
[DEBUG] Entry count for : http://localhost:63532 : 1
[DEBUG] 

Request DefaultHttpRequest(decodeResult: success, version: HTTP/1.1)
POST /session/0cdc34614b3630f5d4910bfa97852f9b/url HTTP/1.1
User-Agent: selenium/4.8.2 (java windows)
Content-Length: 53
Content-Type: application/json; charset=utf-8
host: localhost:2978
accept: */*

Response DefaultHttpResponse(decodeResult: success, version: HTTP/1.1)
HTTP/1.1 200 OK
Content-Length: 14
Content-Type: application/json; charset=utf-8
cache-control: no-cache

[DEBUG] Adding key: http://localhost:2978 for channel [id: 0x7d04180d, L:/127.0.0.1:63531 - R:localhost/127.0.0.1:2978]
[DEBUG] Using pooled Channel '[id: 0x7d04180d, L:/127.0.0.1:63531 - R:localhost/127.0.0.1:2978]' for 'POST' to 'http://localhost:2978/session/0cdc34614b3630f5d4910bfa97852f9b/window/maximize'
[DEBUG] Using open Channel [id: 0x7d04180d, L:/127.0.0.1:63531 - R:localhost/127.0.0.1:2978] for POST '/session/0cdc34614b3630f5d4910bfa97852f9b/window/maximize'
[DEBUG] 

Request DefaultHttpRequest(decodeResult: success, version: HTTP/1.1)
POST /session/0cdc34614b3630f5d4910bfa97852f9b/window/maximize HTTP/1.1
User-Agent: selenium/4.8.2 (java windows)
Content-Length: 3
Content-Type: application/json; charset=utf-8
host: localhost:2978
accept: */*

Response DefaultHttpResponse(decodeResult: success, version: HTTP/1.1)
HTTP/1.1 200 OK
Content-Length: 51
Content-Type: application/json; charset=utf-8
cache-control: no-cache

[DEBUG] Adding key: http://localhost:2978 for channel [id: 0x7d04180d, L:/127.0.0.1:63531 - R:localhost/127.0.0.1:2978]
[DEBUG] Using pooled Channel '[id: 0x7d04180d, L:/127.0.0.1:63531 - R:localhost/127.0.0.1:2978]' for 'DELETE' to 'http://localhost:2978/session/0cdc34614b3630f5d4910bfa97852f9b/cookie'
[DEBUG] Using open Channel [id: 0x7d04180d, L:/127.0.0.1:63531 - R:localhost/127.0.0.1:2978] for DELETE '/session/0cdc34614b3630f5d4910bfa97852f9b/cookie'
[DEBUG] 

Request DefaultFullHttpRequest(decodeResult: success, version: HTTP/1.1, content: EmptyByteBufBE)
DELETE /session/0cdc34614b3630f5d4910bfa97852f9b/cookie HTTP/1.1
User-Agent: selenium/4.8.2 (java windows)
Content-Type: application/json; charset=utf-8
host: localhost:2978
accept: */*

Response DefaultHttpResponse(decodeResult: success, version: HTTP/1.1)
HTTP/1.1 200 OK
Content-Length: 14
Content-Type: application/json; charset=utf-8
cache-control: no-cache

[DEBUG] Adding key: http://localhost:2978 for channel [id: 0x7d04180d, L:/127.0.0.1:63531 - R:localhost/127.0.0.1:2978]
[DEBUG] Using pooled Channel '[id: 0x7d04180d, L:/127.0.0.1:63531 - R:localhost/127.0.0.1:2978]' for 'POST' to 'http://localhost:2978/session/0cdc34614b3630f5d4910bfa97852f9b/timeouts'
[DEBUG] Using open Channel [id: 0x7d04180d, L:/127.0.0.1:63531 - R:localhost/127.0.0.1:2978] for POST '/session/0cdc34614b3630f5d4910bfa97852f9b/timeouts'
[DEBUG] 

Request DefaultHttpRequest(decodeResult: success, version: HTTP/1.1)
POST /session/0cdc34614b3630f5d4910bfa97852f9b/timeouts HTTP/1.1
User-Agent: selenium/4.8.2 (java windows)
Content-Length: 23
Content-Type: application/json; charset=utf-8
host: localhost:2978
accept: */*

Response DefaultHttpResponse(decodeResult: success, version: HTTP/1.1)
HTTP/1.1 200 OK
Content-Length: 14
Content-Type: application/json; charset=utf-8
cache-control: no-cache

[DEBUG] Adding key: http://localhost:2978 for channel [id: 0x7d04180d, L:/127.0.0.1:63531 - R:localhost/127.0.0.1:2978]
[DEBUG] Using pooled Channel '[id: 0x7d04180d, L:/127.0.0.1:63531 - R:localhost/127.0.0.1:2978]' for 'POST' to 'http://localhost:2978/session/0cdc34614b3630f5d4910bfa97852f9b/timeouts'
[DEBUG] Using open Channel [id: 0x7d04180d, L:/127.0.0.1:63531 - R:localhost/127.0.0.1:2978] for POST '/session/0cdc34614b3630f5d4910bfa97852f9b/timeouts'
[DEBUG] 

Request DefaultHttpRequest(decodeResult: success, version: HTTP/1.1)
POST /session/0cdc34614b3630f5d4910bfa97852f9b/timeouts HTTP/1.1
User-Agent: selenium/4.8.2 (java windows)
Content-Length: 23
Content-Type: application/json; charset=utf-8
host: localhost:2978
accept: */*

Response DefaultHttpResponse(decodeResult: success, version: HTTP/1.1)
HTTP/1.1 200 OK
Content-Length: 14
Content-Type: application/json; charset=utf-8
cache-control: no-cache

[DEBUG] Adding key: http://localhost:2978 for channel [id: 0x7d04180d, L:/127.0.0.1:63531 - R:localhost/127.0.0.1:2978]
[DEBUG] Using pooled Channel '[id: 0x7d04180d, L:/127.0.0.1:63531 - R:localhost/127.0.0.1:2978]' for 'POST' to 'http://localhost:2978/session/0cdc34614b3630f5d4910bfa97852f9b/timeouts'
[DEBUG] Using open Channel [id: 0x7d04180d, L:/127.0.0.1:63531 - R:localhost/127.0.0.1:2978] for POST '/session/0cdc34614b3630f5d4910bfa97852f9b/timeouts'
[DEBUG] 

Request DefaultHttpRequest(decodeResult: success, version: HTTP/1.1)
POST /session/0cdc34614b3630f5d4910bfa97852f9b/timeouts HTTP/1.1
User-Agent: selenium/4.8.2 (java windows)
Content-Length: 21
Content-Type: application/json; charset=utf-8
host: localhost:2978
accept: */*

Response DefaultHttpResponse(decodeResult: success, version: HTTP/1.1)
HTTP/1.1 200 OK
Content-Length: 14
Content-Type: application/json; charset=utf-8
cache-control: no-cache

[DEBUG] Adding key: http://localhost:2978 for channel [id: 0x7d04180d, L:/127.0.0.1:63531 - R:localhost/127.0.0.1:2978]
[DEBUG] Using pooled Channel '[id: 0x7d04180d, L:/127.0.0.1:63531 - R:localhost/127.0.0.1:2978]' for 'POST' to 'http://localhost:2978/session/0cdc34614b3630f5d4910bfa97852f9b/element'
[DEBUG] Using open Channel [id: 0x7d04180d, L:/127.0.0.1:63531 - R:localhost/127.0.0.1:2978] for POST '/session/0cdc34614b3630f5d4910bfa97852f9b/element'
[DEBUG] 

Request DefaultHttpRequest(decodeResult: success, version: HTTP/1.1)
POST /session/0cdc34614b3630f5d4910bfa97852f9b/element HTTP/1.1
User-Agent: selenium/4.8.2 (java windows)
Content-Length: 51
Content-Type: application/json; charset=utf-8
host: localhost:2978
accept: */*

Response DefaultHttpResponse(decodeResult: success, version: HTTP/1.1)
HTTP/1.1 200 OK
Content-Length: 88
Content-Type: application/json; charset=utf-8
cache-control: no-cache

[DEBUG] Adding key: http://localhost:2978 for channel [id: 0x7d04180d, L:/127.0.0.1:63531 - R:localhost/127.0.0.1:2978]
[DEBUG] Using pooled Channel '[id: 0x7d04180d, L:/127.0.0.1:63531 - R:localhost/127.0.0.1:2978]' for 'POST' to 'http://localhost:2978/session/0cdc34614b3630f5d4910bfa97852f9b/element/d9dfb0a9-4ee2-42c3-96d3-aa29e7254710/click'
[DEBUG] Using open Channel [id: 0x7d04180d, L:/127.0.0.1:63531 - R:localhost/127.0.0.1:2978] for POST '/session/0cdc34614b3630f5d4910bfa97852f9b/element/d9dfb0a9-4ee2-42c3-96d3-aa29e7254710/click'
[DEBUG] Entry count for : http://localhost:63532 : 1
[DEBUG] Entry count for : http://localhost:63532 : 1
[DEBUG] 

Request DefaultHttpRequest(decodeResult: success, version: HTTP/1.1)
POST /session/0cdc34614b3630f5d4910bfa97852f9b/element/d9dfb0a9-4ee2-42c3-96d3-aa29e7254710/click HTTP/1.1
User-Agent: selenium/4.8.2 (java windows)
Content-Length: 50
Content-Type: application/json; charset=utf-8
host: localhost:2978
accept: */*

Response DefaultHttpResponse(decodeResult: success, version: HTTP/1.1)
HTTP/1.1 200 OK
Content-Length: 14
Content-Type: application/json; charset=utf-8
cache-control: no-cache

[DEBUG] Adding key: http://localhost:2978 for channel [id: 0x7d04180d, L:/127.0.0.1:63531 - R:localhost/127.0.0.1:2978]
[DEBUG] Using pooled Channel '[id: 0x7d04180d, L:/127.0.0.1:63531 - R:localhost/127.0.0.1:2978]' for 'POST' to 'http://localhost:2978/session/0cdc34614b3630f5d4910bfa97852f9b/element'
[DEBUG] Using open Channel [id: 0x7d04180d, L:/127.0.0.1:63531 - R:localhost/127.0.0.1:2978] for POST '/session/0cdc34614b3630f5d4910bfa97852f9b/element'
[DEBUG] 

Request DefaultHttpRequest(decodeResult: success, version: HTTP/1.1)
POST /session/0cdc34614b3630f5d4910bfa97852f9b/element HTTP/1.1
User-Agent: selenium/4.8.2 (java windows)
Content-Length: 55
Content-Type: application/json; charset=utf-8
host: localhost:2978
accept: */*

Response DefaultHttpResponse(decodeResult: success, version: HTTP/1.1)
HTTP/1.1 200 OK
Content-Length: 88
Content-Type: application/json; charset=utf-8
cache-control: no-cache

[DEBUG] Adding key: http://localhost:2978 for channel [id: 0x7d04180d, L:/127.0.0.1:63531 - R:localhost/127.0.0.1:2978]
[DEBUG] Using pooled Channel '[id: 0x7d04180d, L:/127.0.0.1:63531 - R:localhost/127.0.0.1:2978]' for 'POST' to 'http://localhost:2978/session/0cdc34614b3630f5d4910bfa97852f9b/execute/sync'
[DEBUG] Using open Channel [id: 0x7d04180d, L:/127.0.0.1:63531 - R:localhost/127.0.0.1:2978] for POST '/session/0cdc34614b3630f5d4910bfa97852f9b/execute/sync'
[DEBUG] 

Request DefaultHttpRequest(decodeResult: success, version: HTTP/1.1)
POST /session/0cdc34614b3630f5d4910bfa97852f9b/execute/sync HTTP/1.1
User-Agent: selenium/4.8.2 (java windows)
Content-Length: 48807
Content-Type: application/json; charset=utf-8
host: localhost:2978
accept: */*

Response DefaultHttpResponse(decodeResult: success, version: HTTP/1.1)
HTTP/1.1 200 OK
Content-Length: 14
Content-Type: application/json; charset=utf-8
cache-control: no-cache

[DEBUG] Adding key: http://localhost:2978 for channel [id: 0x7d04180d, L:/127.0.0.1:63531 - R:localhost/127.0.0.1:2978]
[DEBUG] Using pooled Channel '[id: 0x7d04180d, L:/127.0.0.1:63531 - R:localhost/127.0.0.1:2978]' for 'POST' to 'http://localhost:2978/session/0cdc34614b3630f5d4910bfa97852f9b/back'
[DEBUG] Using open Channel [id: 0x7d04180d, L:/127.0.0.1:63531 - R:localhost/127.0.0.1:2978] for POST '/session/0cdc34614b3630f5d4910bfa97852f9b/back'
[DEBUG] 

Request DefaultHttpRequest(decodeResult: success, version: HTTP/1.1)
POST /session/0cdc34614b3630f5d4910bfa97852f9b/back HTTP/1.1
User-Agent: selenium/4.8.2 (java windows)
Content-Length: 3
Content-Type: application/json; charset=utf-8
host: localhost:2978
accept: */*

Response DefaultHttpResponse(decodeResult: success, version: HTTP/1.1)
HTTP/1.1 200 OK
Content-Length: 14
Content-Type: application/json; charset=utf-8
cache-control: no-cache

[DEBUG] Adding key: http://localhost:2978 for channel [id: 0x7d04180d, L:/127.0.0.1:63531 - R:localhost/127.0.0.1:2978]
[DEBUG] Using pooled Channel '[id: 0x7d04180d, L:/127.0.0.1:63531 - R:localhost/127.0.0.1:2978]' for 'POST' to 'http://localhost:2978/session/0cdc34614b3630f5d4910bfa97852f9b/element'
[DEBUG] Using open Channel [id: 0x7d04180d, L:/127.0.0.1:63531 - R:localhost/127.0.0.1:2978] for POST '/session/0cdc34614b3630f5d4910bfa97852f9b/element'
[DEBUG] 

Request DefaultHttpRequest(decodeResult: success, version: HTTP/1.1)
POST /session/0cdc34614b3630f5d4910bfa97852f9b/element HTTP/1.1
User-Agent: selenium/4.8.2 (java windows)
Content-Length: 46
Content-Type: application/json; charset=utf-8
host: localhost:2978
accept: */*

Response DefaultHttpResponse(decodeResult: success, version: HTTP/1.1)
HTTP/1.1 200 OK
Content-Length: 88
Content-Type: application/json; charset=utf-8
cache-control: no-cache

[DEBUG] Adding key: http://localhost:2978 for channel [id: 0x7d04180d, L:/127.0.0.1:63531 - R:localhost/127.0.0.1:2978]
[DEBUG] Using pooled Channel '[id: 0x7d04180d, L:/127.0.0.1:63531 - R:localhost/127.0.0.1:2978]' for 'POST' to 'http://localhost:2978/session/0cdc34614b3630f5d4910bfa97852f9b/element/3096f733-da84-421f-999d-ed21694adb7c/click'
[DEBUG] Using open Channel [id: 0x7d04180d, L:/127.0.0.1:63531 - R:localhost/127.0.0.1:2978] for POST '/session/0cdc34614b3630f5d4910bfa97852f9b/element/3096f733-da84-421f-999d-ed21694adb7c/click'
[DEBUG] Entry count for : http://localhost:63532 : 1
[DEBUG] 

Request DefaultHttpRequest(decodeResult: success, version: HTTP/1.1)
POST /session/0cdc34614b3630f5d4910bfa97852f9b/element/3096f733-da84-421f-999d-ed21694adb7c/click HTTP/1.1
User-Agent: selenium/4.8.2 (java windows)
Content-Length: 50
Content-Type: application/json; charset=utf-8
host: localhost:2978
accept: */*

Response DefaultHttpResponse(decodeResult: success, version: HTTP/1.1)
HTTP/1.1 200 OK
Content-Length: 14
Content-Type: application/json; charset=utf-8
cache-control: no-cache

[DEBUG] Adding key: http://localhost:2978 for channel [id: 0x7d04180d, L:/127.0.0.1:63531 - R:localhost/127.0.0.1:2978]
[DEBUG] Using pooled Channel '[id: 0x7d04180d, L:/127.0.0.1:63531 - R:localhost/127.0.0.1:2978]' for 'POST' to 'http://localhost:2978/session/0cdc34614b3630f5d4910bfa97852f9b/element'
[DEBUG] Using open Channel [id: 0x7d04180d, L:/127.0.0.1:63531 - R:localhost/127.0.0.1:2978] for POST '/session/0cdc34614b3630f5d4910bfa97852f9b/element'
[DEBUG] 

Request DefaultHttpRequest(decodeResult: success, version: HTTP/1.1)
POST /session/0cdc34614b3630f5d4910bfa97852f9b/element HTTP/1.1
User-Agent: selenium/4.8.2 (java windows)
Content-Length: 61
Content-Type: application/json; charset=utf-8
host: localhost:2978
accept: */*

Response DefaultHttpResponse(decodeResult: success, version: HTTP/1.1)
HTTP/1.1 200 OK
Content-Length: 88
Content-Type: application/json; charset=utf-8
cache-control: no-cache

[DEBUG] Adding key: http://localhost:2978 for channel [id: 0x7d04180d, L:/127.0.0.1:63531 - R:localhost/127.0.0.1:2978]
[DEBUG] Using pooled Channel '[id: 0x7d04180d, L:/127.0.0.1:63531 - R:localhost/127.0.0.1:2978]' for 'POST' to 'http://localhost:2978/session/0cdc34614b3630f5d4910bfa97852f9b/execute/sync'
[DEBUG] Using open Channel [id: 0x7d04180d, L:/127.0.0.1:63531 - R:localhost/127.0.0.1:2978] for POST '/session/0cdc34614b3630f5d4910bfa97852f9b/execute/sync'
[DEBUG] 

Request DefaultHttpRequest(decodeResult: success, version: HTTP/1.1)
POST /session/0cdc34614b3630f5d4910bfa97852f9b/execute/sync HTTP/1.1
User-Agent: selenium/4.8.2 (java windows)
Content-Length: 48807
Content-Type: application/json; charset=utf-8
host: localhost:2978
accept: */*

Response DefaultHttpResponse(decodeResult: success, version: HTTP/1.1)
HTTP/1.1 200 OK
Content-Length: 14
Content-Type: application/json; charset=utf-8
cache-control: no-cache

[DEBUG] Adding key: http://localhost:2978 for channel [id: 0x7d04180d, L:/127.0.0.1:63531 - R:localhost/127.0.0.1:2978]
[DEBUG] Using pooled Channel '[id: 0x7d04180d, L:/127.0.0.1:63531 - R:localhost/127.0.0.1:2978]' for 'POST' to 'http://localhost:2978/session/0cdc34614b3630f5d4910bfa97852f9b/back'
[DEBUG] Using open Channel [id: 0x7d04180d, L:/127.0.0.1:63531 - R:localhost/127.0.0.1:2978] for POST '/session/0cdc34614b3630f5d4910bfa97852f9b/back'
[DEBUG] 

Request DefaultHttpRequest(decodeResult: success, version: HTTP/1.1)
POST /session/0cdc34614b3630f5d4910bfa97852f9b/back HTTP/1.1
User-Agent: selenium/4.8.2 (java windows)
Content-Length: 3
Content-Type: application/json; charset=utf-8
host: localhost:2978
accept: */*

Response DefaultHttpResponse(decodeResult: success, version: HTTP/1.1)
HTTP/1.1 200 OK
Content-Length: 14
Content-Type: application/json; charset=utf-8
cache-control: no-cache

[DEBUG] Adding key: http://localhost:2978 for channel [id: 0x7d04180d, L:/127.0.0.1:63531 - R:localhost/127.0.0.1:2978]
[DEBUG] Using pooled Channel '[id: 0x7d04180d, L:/127.0.0.1:63531 - R:localhost/127.0.0.1:2978]' for 'POST' to 'http://localhost:2978/session/0cdc34614b3630f5d4910bfa97852f9b/element'
[DEBUG] Using open Channel [id: 0x7d04180d, L:/127.0.0.1:63531 - R:localhost/127.0.0.1:2978] for POST '/session/0cdc34614b3630f5d4910bfa97852f9b/element'
[DEBUG] 

Request DefaultHttpRequest(decodeResult: success, version: HTTP/1.1)
POST /session/0cdc34614b3630f5d4910bfa97852f9b/element HTTP/1.1
User-Agent: selenium/4.8.2 (java windows)
Content-Length: 55
Content-Type: application/json; charset=utf-8
host: localhost:2978
accept: */*

Response DefaultHttpResponse(decodeResult: success, version: HTTP/1.1)
HTTP/1.1 200 OK
Content-Length: 88
Content-Type: application/json; charset=utf-8
cache-control: no-cache

[DEBUG] Adding key: http://localhost:2978 for channel [id: 0x7d04180d, L:/127.0.0.1:63531 - R:localhost/127.0.0.1:2978]
[DEBUG] Using pooled Channel '[id: 0x7d04180d, L:/127.0.0.1:63531 - R:localhost/127.0.0.1:2978]' for 'POST' to 'http://localhost:2978/session/0cdc34614b3630f5d4910bfa97852f9b/element/dff32dc1-5d41-4d0a-b7c4-440746e1365d/click'
[DEBUG] Using open Channel [id: 0x7d04180d, L:/127.0.0.1:63531 - R:localhost/127.0.0.1:2978] for POST '/session/0cdc34614b3630f5d4910bfa97852f9b/element/dff32dc1-5d41-4d0a-b7c4-440746e1365d/click'
[DEBUG] Entry count for : http://localhost:63532 : 1
[DEBUG] Entry count for : http://localhost:63532 : 1
[DEBUG] 

Request DefaultHttpRequest(decodeResult: success, version: HTTP/1.1)
POST /session/0cdc34614b3630f5d4910bfa97852f9b/element/dff32dc1-5d41-4d0a-b7c4-440746e1365d/click HTTP/1.1
User-Agent: selenium/4.8.2 (java windows)
Content-Length: 50
Content-Type: application/json; charset=utf-8
host: localhost:2978
accept: */*

Response DefaultHttpResponse(decodeResult: success, version: HTTP/1.1)
HTTP/1.1 200 OK
Content-Length: 14
Content-Type: application/json; charset=utf-8
cache-control: no-cache

[DEBUG] Adding key: http://localhost:2978 for channel [id: 0x7d04180d, L:/127.0.0.1:63531 - R:localhost/127.0.0.1:2978]
[DEBUG] Using pooled Channel '[id: 0x7d04180d, L:/127.0.0.1:63531 - R:localhost/127.0.0.1:2978]' for 'POST' to 'http://localhost:2978/session/0cdc34614b3630f5d4910bfa97852f9b/element'
[DEBUG] Using open Channel [id: 0x7d04180d, L:/127.0.0.1:63531 - R:localhost/127.0.0.1:2978] for POST '/session/0cdc34614b3630f5d4910bfa97852f9b/element'
[DEBUG] 

Request DefaultHttpRequest(decodeResult: success, version: HTTP/1.1)
POST /session/0cdc34614b3630f5d4910bfa97852f9b/element HTTP/1.1
User-Agent: selenium/4.8.2 (java windows)
Content-Length: 54
Content-Type: application/json; charset=utf-8
host: localhost:2978
accept: */*

Response DefaultHttpResponse(decodeResult: success, version: HTTP/1.1)
HTTP/1.1 200 OK
Content-Length: 88
Content-Type: application/json; charset=utf-8
cache-control: no-cache

[DEBUG] Adding key: http://localhost:2978 for channel [id: 0x7d04180d, L:/127.0.0.1:63531 - R:localhost/127.0.0.1:2978]
[DEBUG] Using pooled Channel '[id: 0x7d04180d, L:/127.0.0.1:63531 - R:localhost/127.0.0.1:2978]' for 'POST' to 'http://localhost:2978/session/0cdc34614b3630f5d4910bfa97852f9b/execute/sync'
[DEBUG] Using open Channel [id: 0x7d04180d, L:/127.0.0.1:63531 - R:localhost/127.0.0.1:2978] for POST '/session/0cdc34614b3630f5d4910bfa97852f9b/execute/sync'
[DEBUG] 

Request DefaultHttpRequest(decodeResult: success, version: HTTP/1.1)
POST /session/0cdc34614b3630f5d4910bfa97852f9b/execute/sync HTTP/1.1
User-Agent: selenium/4.8.2 (java windows)
Content-Length: 48807
Content-Type: application/json; charset=utf-8
host: localhost:2978
accept: */*

Response DefaultHttpResponse(decodeResult: success, version: HTTP/1.1)
HTTP/1.1 200 OK
Content-Length: 14
Content-Type: application/json; charset=utf-8
cache-control: no-cache

[DEBUG] Adding key: http://localhost:2978 for channel [id: 0x7d04180d, L:/127.0.0.1:63531 - R:localhost/127.0.0.1:2978]
[DEBUG] Using pooled Channel '[id: 0x7d04180d, L:/127.0.0.1:63531 - R:localhost/127.0.0.1:2978]' for 'POST' to 'http://localhost:2978/session/0cdc34614b3630f5d4910bfa97852f9b/back'
[DEBUG] Using open Channel [id: 0x7d04180d, L:/127.0.0.1:63531 - R:localhost/127.0.0.1:2978] for POST '/session/0cdc34614b3630f5d4910bfa97852f9b/back'
[DEBUG] 

Request DefaultHttpRequest(decodeResult: success, version: HTTP/1.1)
POST /session/0cdc34614b3630f5d4910bfa97852f9b/back HTTP/1.1
User-Agent: selenium/4.8.2 (java windows)
Content-Length: 3
Content-Type: application/json; charset=utf-8
host: localhost:2978
accept: */*

Response DefaultHttpResponse(decodeResult: success, version: HTTP/1.1)
HTTP/1.1 200 OK
Content-Length: 14
Content-Type: application/json; charset=utf-8
cache-control: no-cache

[DEBUG] Adding key: http://localhost:2978 for channel [id: 0x7d04180d, L:/127.0.0.1:63531 - R:localhost/127.0.0.1:2978]
[DEBUG] Using pooled Channel '[id: 0x7d04180d, L:/127.0.0.1:63531 - R:localhost/127.0.0.1:2978]' for 'POST' to 'http://localhost:2978/session/0cdc34614b3630f5d4910bfa97852f9b/element'
[DEBUG] Using open Channel [id: 0x7d04180d, L:/127.0.0.1:63531 - R:localhost/127.0.0.1:2978] for POST '/session/0cdc34614b3630f5d4910bfa97852f9b/element'
[DEBUG] 

Request DefaultHttpRequest(decodeResult: success, version: HTTP/1.1)
POST /session/0cdc34614b3630f5d4910bfa97852f9b/element HTTP/1.1
User-Agent: selenium/4.8.2 (java windows)
Content-Length: 47
Content-Type: application/json; charset=utf-8
host: localhost:2978
accept: */*

Response DefaultHttpResponse(decodeResult: success, version: HTTP/1.1)
HTTP/1.1 200 OK
Content-Length: 88
Content-Type: application/json; charset=utf-8
cache-control: no-cache

[DEBUG] Adding key: http://localhost:2978 for channel [id: 0x7d04180d, L:/127.0.0.1:63531 - R:localhost/127.0.0.1:2978]
[DEBUG] Using pooled Channel '[id: 0x7d04180d, L:/127.0.0.1:63531 - R:localhost/127.0.0.1:2978]' for 'POST' to 'http://localhost:2978/session/0cdc34614b3630f5d4910bfa97852f9b/element/c7628faf-d82f-419a-b378-bf565ee2c2f1/click'
[DEBUG] Using open Channel [id: 0x7d04180d, L:/127.0.0.1:63531 - R:localhost/127.0.0.1:2978] for POST '/session/0cdc34614b3630f5d4910bfa97852f9b/element/c7628faf-d82f-419a-b378-bf565ee2c2f1/click'
[DEBUG] Entry count for : http://localhost:63532 : 1
[DEBUG] Entry count for : http://localhost:63532 : 1
[DEBUG] 

Request DefaultHttpRequest(decodeResult: success, version: HTTP/1.1)
POST /session/0cdc34614b3630f5d4910bfa97852f9b/element/c7628faf-d82f-419a-b378-bf565ee2c2f1/click HTTP/1.1
User-Agent: selenium/4.8.2 (java windows)
Content-Length: 50
Content-Type: application/json; charset=utf-8
host: localhost:2978
accept: */*

Response DefaultHttpResponse(decodeResult: success, version: HTTP/1.1)
HTTP/1.1 200 OK
Content-Length: 14
Content-Type: application/json; charset=utf-8
cache-control: no-cache

[DEBUG] Adding key: http://localhost:2978 for channel [id: 0x7d04180d, L:/127.0.0.1:63531 - R:localhost/127.0.0.1:2978]
[DEBUG] Using pooled Channel '[id: 0x7d04180d, L:/127.0.0.1:63531 - R:localhost/127.0.0.1:2978]' for 'POST' to 'http://localhost:2978/session/0cdc34614b3630f5d4910bfa97852f9b/element'
[DEBUG] Using open Channel [id: 0x7d04180d, L:/127.0.0.1:63531 - R:localhost/127.0.0.1:2978] for POST '/session/0cdc34614b3630f5d4910bfa97852f9b/element'
[DEBUG] 

Request DefaultHttpRequest(decodeResult: success, version: HTTP/1.1)
POST /session/0cdc34614b3630f5d4910bfa97852f9b/element HTTP/1.1
User-Agent: selenium/4.8.2 (java windows)
Content-Length: 70
Content-Type: application/json; charset=utf-8
host: localhost:2978
accept: */*

Response DefaultHttpResponse(decodeResult: success, version: HTTP/1.1)
HTTP/1.1 200 OK
Content-Length: 88
Content-Type: application/json; charset=utf-8
cache-control: no-cache

[DEBUG] Adding key: http://localhost:2978 for channel [id: 0x7d04180d, L:/127.0.0.1:63531 - R:localhost/127.0.0.1:2978]
[DEBUG] Using pooled Channel '[id: 0x7d04180d, L:/127.0.0.1:63531 - R:localhost/127.0.0.1:2978]' for 'POST' to 'http://localhost:2978/session/0cdc34614b3630f5d4910bfa97852f9b/execute/sync'
[DEBUG] Using open Channel [id: 0x7d04180d, L:/127.0.0.1:63531 - R:localhost/127.0.0.1:2978] for POST '/session/0cdc34614b3630f5d4910bfa97852f9b/execute/sync'
[DEBUG] 

Request DefaultHttpRequest(decodeResult: success, version: HTTP/1.1)
POST /session/0cdc34614b3630f5d4910bfa97852f9b/execute/sync HTTP/1.1
User-Agent: selenium/4.8.2 (java windows)
Content-Length: 48807
Content-Type: application/json; charset=utf-8
host: localhost:2978
accept: */*

Response DefaultHttpResponse(decodeResult: success, version: HTTP/1.1)
HTTP/1.1 200 OK
Content-Length: 14
Content-Type: application/json; charset=utf-8
cache-control: no-cache

[DEBUG] Adding key: http://localhost:2978 for channel [id: 0x7d04180d, L:/127.0.0.1:63531 - R:localhost/127.0.0.1:2978]
[DEBUG] Using pooled Channel '[id: 0x7d04180d, L:/127.0.0.1:63531 - R:localhost/127.0.0.1:2978]' for 'POST' to 'http://localhost:2978/session/0cdc34614b3630f5d4910bfa97852f9b/back'
[DEBUG] Using open Channel [id: 0x7d04180d, L:/127.0.0.1:63531 - R:localhost/127.0.0.1:2978] for POST '/session/0cdc34614b3630f5d4910bfa97852f9b/back'
[DEBUG] 

Request DefaultHttpRequest(decodeResult: success, version: HTTP/1.1)
POST /session/0cdc34614b3630f5d4910bfa97852f9b/back HTTP/1.1
User-Agent: selenium/4.8.2 (java windows)
Content-Length: 3
Content-Type: application/json; charset=utf-8
host: localhost:2978
accept: */*

Response DefaultHttpResponse(decodeResult: success, version: HTTP/1.1)
HTTP/1.1 200 OK
Content-Length: 14
Content-Type: application/json; charset=utf-8
cache-control: no-cache

[DEBUG] Adding key: http://localhost:2978 for channel [id: 0x7d04180d, L:/127.0.0.1:63531 - R:localhost/127.0.0.1:2978]
[DEBUG] Using pooled Channel '[id: 0x7d04180d, L:/127.0.0.1:63531 - R:localhost/127.0.0.1:2978]' for 'POST' to 'http://localhost:2978/session/0cdc34614b3630f5d4910bfa97852f9b/element'
[DEBUG] Using open Channel [id: 0x7d04180d, L:/127.0.0.1:63531 - R:localhost/127.0.0.1:2978] for POST '/session/0cdc34614b3630f5d4910bfa97852f9b/element'
[DEBUG] 

Request DefaultHttpRequest(decodeResult: success, version: HTTP/1.1)
POST /session/0cdc34614b3630f5d4910bfa97852f9b/element HTTP/1.1
User-Agent: selenium/4.8.2 (java windows)
Content-Length: 49
Content-Type: application/json; charset=utf-8
host: localhost:2978
accept: */*

Response DefaultHttpResponse(decodeResult: success, version: HTTP/1.1)
HTTP/1.1 200 OK
Content-Length: 88
Content-Type: application/json; charset=utf-8
cache-control: no-cache

[DEBUG] Adding key: http://localhost:2978 for channel [id: 0x7d04180d, L:/127.0.0.1:63531 - R:localhost/127.0.0.1:2978]
[DEBUG] Using pooled Channel '[id: 0x7d04180d, L:/127.0.0.1:63531 - R:localhost/127.0.0.1:2978]' for 'POST' to 'http://localhost:2978/session/0cdc34614b3630f5d4910bfa97852f9b/element/526e379e-bf53-43de-ad93-c93d41e48ccd/click'
[DEBUG] Using open Channel [id: 0x7d04180d, L:/127.0.0.1:63531 - R:localhost/127.0.0.1:2978] for POST '/session/0cdc34614b3630f5d4910bfa97852f9b/element/526e379e-bf53-43de-ad93-c93d41e48ccd/click'
[DEBUG] Entry count for : http://localhost:63532 : 1
[DEBUG] Entry count for : http://localhost:63532 : 1
[DEBUG] Entry count for : http://localhost:63532 : 1
[DEBUG] 

Request DefaultHttpRequest(decodeResult: success, version: HTTP/1.1)
POST /session/0cdc34614b3630f5d4910bfa97852f9b/element/526e379e-bf53-43de-ad93-c93d41e48ccd/click HTTP/1.1
User-Agent: selenium/4.8.2 (java windows)
Content-Length: 50
Content-Type: application/json; charset=utf-8
host: localhost:2978
accept: */*

Response DefaultHttpResponse(decodeResult: success, version: HTTP/1.1)
HTTP/1.1 200 OK
Content-Length: 14
Content-Type: application/json; charset=utf-8
cache-control: no-cache

[DEBUG] Adding key: http://localhost:2978 for channel [id: 0x7d04180d, L:/127.0.0.1:63531 - R:localhost/127.0.0.1:2978]
[DEBUG] Using pooled Channel '[id: 0x7d04180d, L:/127.0.0.1:63531 - R:localhost/127.0.0.1:2978]' for 'POST' to 'http://localhost:2978/session/0cdc34614b3630f5d4910bfa97852f9b/element'
[DEBUG] Using open Channel [id: 0x7d04180d, L:/127.0.0.1:63531 - R:localhost/127.0.0.1:2978] for POST '/session/0cdc34614b3630f5d4910bfa97852f9b/element'
[DEBUG] 

Request DefaultHttpRequest(decodeResult: success, version: HTTP/1.1)
POST /session/0cdc34614b3630f5d4910bfa97852f9b/element HTTP/1.1
User-Agent: selenium/4.8.2 (java windows)
Content-Length: 68
Content-Type: application/json; charset=utf-8
host: localhost:2978
accept: */*

Response DefaultHttpResponse(decodeResult: success, version: HTTP/1.1)
HTTP/1.1 200 OK
Content-Length: 88
Content-Type: application/json; charset=utf-8
cache-control: no-cache

[DEBUG] Adding key: http://localhost:2978 for channel [id: 0x7d04180d, L:/127.0.0.1:63531 - R:localhost/127.0.0.1:2978]
[DEBUG] Using pooled Channel '[id: 0x7d04180d, L:/127.0.0.1:63531 - R:localhost/127.0.0.1:2978]' for 'POST' to 'http://localhost:2978/session/0cdc34614b3630f5d4910bfa97852f9b/execute/sync'
[DEBUG] Using open Channel [id: 0x7d04180d, L:/127.0.0.1:63531 - R:localhost/127.0.0.1:2978] for POST '/session/0cdc34614b3630f5d4910bfa97852f9b/execute/sync'
[DEBUG] 

Request DefaultHttpRequest(decodeResult: success, version: HTTP/1.1)
POST /session/0cdc34614b3630f5d4910bfa97852f9b/execute/sync HTTP/1.1
User-Agent: selenium/4.8.2 (java windows)
Content-Length: 48807
Content-Type: application/json; charset=utf-8
host: localhost:2978
accept: */*

Response DefaultHttpResponse(decodeResult: success, version: HTTP/1.1)
HTTP/1.1 200 OK
Content-Length: 14
Content-Type: application/json; charset=utf-8
cache-control: no-cache

[DEBUG] Adding key: http://localhost:2978 for channel [id: 0x7d04180d, L:/127.0.0.1:63531 - R:localhost/127.0.0.1:2978]
[DEBUG] Using pooled Channel '[id: 0x7d04180d, L:/127.0.0.1:63531 - R:localhost/127.0.0.1:2978]' for 'POST' to 'http://localhost:2978/session/0cdc34614b3630f5d4910bfa97852f9b/back'
[DEBUG] Using open Channel [id: 0x7d04180d, L:/127.0.0.1:63531 - R:localhost/127.0.0.1:2978] for POST '/session/0cdc34614b3630f5d4910bfa97852f9b/back'
[DEBUG] 

Request DefaultHttpRequest(decodeResult: success, version: HTTP/1.1)
POST /session/0cdc34614b3630f5d4910bfa97852f9b/back HTTP/1.1
User-Agent: selenium/4.8.2 (java windows)
Content-Length: 3
Content-Type: application/json; charset=utf-8
host: localhost:2978
accept: */*

Response DefaultHttpResponse(decodeResult: success, version: HTTP/1.1)
HTTP/1.1 200 OK
Content-Length: 14
Content-Type: application/json; charset=utf-8
cache-control: no-cache

[DEBUG] Adding key: http://localhost:2978 for channel [id: 0x7d04180d, L:/127.0.0.1:63531 - R:localhost/127.0.0.1:2978]
]]></system-out>
    <system-err><![CDATA[Starting ChromeDriver 112.0.5615.49 (bd2a7bcb881c11e8cfe3078709382934e3916914-refs/branch-heads/5615@{#936}) on port 2978
Only local connections are allowed.
Please see https://chromedriver.chromium.org/security-considerations for suggestions on keeping ChromeDriver safe.
ChromeDriver was started successfully.
Apr 11, 2023 1:06:05 PM org.openqa.selenium.devtools.CdpVersionFinder findNearestMatch
WARNING: Unable to find an exact match for CDP version 112, so returning the closest version found: 111
]]></system-err>
  </testcase>
</testsuite>