<?xml version="1.0" encoding="UTF-8"?>
<!-- Generated by org.testng.reporters.JUnitReportReporter -->
<testsuite hostname="LAPTOP-PLNO5R2G" failures="0" tests="1" name="com.qa.hybridrediff.testcases.Hybrid_CreateAnAccountPageTest" time="7.803" errors="0" timestamp="2023-04-11T12:44:25 PDT" skipped="0">
  <testcase classname="com.qa.hybridrediff.testcases.Hybrid_CreateAnAccountPageTest" name="userInformation" time="7.803"/>
  <system-out/>
</testsuite> <!-- com.qa.hybridrediff.testcases.Hybrid_CreateAnAccountPageTest -->
