<?xml version="1.0" encoding="UTF-8"?>
<!-- Generated by org.testng.reporters.JUnitReportReporter -->
<testsuite hostname="LAPTOP-PLNO5R2G" failures="0" tests="3" name="com.qa.hybridrediff.testcases.Hybrid_LandingPageTest" time="13.353" errors="0" timestamp="2023-04-15T12:17:57 PDT" skipped="0">
  <testcase classname="com.qa.hybridrediff.testcases.Hybrid_LandingPageTest" name="validateCurrentUrlAndTitle" time="4.720"/>
  <system-out/>
  <testcase classname="com.qa.hybridrediff.testcases.Hybrid_LandingPageTest" name="signInButtonisDisplayedandEnabled" time="4.499"/>
  <system-out/>
  <testcase classname="com.qa.hybridrediff.testcases.Hybrid_LandingPageTest" name="rediffLogoPresence" time="4.134"/>
  <system-out/>
</testsuite> <!-- com.qa.hybridrediff.testcases.Hybrid_LandingPageTest -->
