<?xml version="1.0" encoding="UTF-8"?>
<!-- Generated by org.testng.reporters.JUnitReportReporter -->
<testsuite hostname="LAPTOP-PLNO5R2G" failures="0" tests="1" name="com.qa.hybridrediff.testcases.Hybrid_RediffHomeTrst" time="23.978" errors="0" timestamp="2023-04-10T08:05:43 PDT" skipped="0">
  <testcase classname="com.qa.hybridrediff.testcases.Hybrid_RediffHomeTrst" name="rediffHome" time="23.978"/>
  <system-out/>
</testsuite> <!-- com.qa.hybridrediff.testcases.Hybrid_RediffHomeTrst -->
