<?xml version="1.0" encoding="UTF-8"?>
<!-- Generated by org.testng.reporters.JUnitReportReporter -->
<testsuite hostname="LAPTOP-PLNO5R2G" failures="0" tests="10" name="com.qa.hybridrediff.testcases.Hybrid_LoginTests" time="65.566" errors="0" timestamp="2023-04-15T12:17:57 PDT" skipped="0">
  <testcase classname="com.qa.hybridrediff.testcases.Hybrid_LoginTests" name="logInWithValidCredentials" time="9.609"/>
  <system-out/>
  <testcase classname="com.qa.hybridrediff.testcases.Hybrid_LoginTests" name="logInWithValidCredentials" time="7.501"/>
  <system-out/>
  <testcase classname="com.qa.hybridrediff.testcases.Hybrid_LoginTests" name="logInWithValidCredentials" time="9.422"/>
  <system-out/>
  <testcase classname="com.qa.hybridrediff.testcases.Hybrid_LoginTests" name="logInWithValidCredentials" time="9.805"/>
  <system-out/>
  <testcase classname="com.qa.hybridrediff.testcases.Hybrid_LoginTests" name="logInWithInValidCredentials" time="5.093"/>
  <system-out/>
  <testcase classname="com.qa.hybridrediff.testcases.Hybrid_LoginTests" name="logInWithValidEmailInvalidPassword" time="5.172"/>
  <system-out/>
  <testcase classname="com.qa.hybridrediff.testcases.Hybrid_LoginTests" name="logInWithInValidEmailValidPassword" time="5.347"/>
  <system-out/>
  <testcase classname="com.qa.hybridrediff.testcases.Hybrid_LoginTests" name="logInWithEmptyUsernameValidPassword" time="4.283"/>
  <system-out/>
  <testcase classname="com.qa.hybridrediff.testcases.Hybrid_LoginTests" name="logInWithValidUsernameEmptyPassword" time="4.961"/>
  <system-out/>
  <testcase classname="com.qa.hybridrediff.testcases.Hybrid_LoginTests" name="logInWithNoCredentials" time="4.373"/>
  <system-out/>
</testsuite> <!-- com.qa.hybridrediff.testcases.Hybrid_LoginTests -->
