<?xml version="1.0" encoding="UTF-8"?>
<!-- Generated by org.testng.reporters.JUnitReportReporter -->
<testsuite hostname="LAPTOP-PLNO5R2G" failures="0" tests="1" name="com.qa.hybridrediff.testcases.LoginTests" time="7.385" errors="0" timestamp="2023-04-09T17:26:20 PDT" skipped="0">
  <testcase classname="com.qa.hybridrediff.testcases.LoginTests" name="logInWithNoCredentials" time="7.385"/>
  <system-out/>
</testsuite> <!-- com.qa.hybridrediff.testcases.LoginTests -->
