<?xml version="1.0" encoding="UTF-8"?>
<!-- Generated by org.testng.reporters.JUnitReportReporter -->
<testsuite skipped="0" hostname="LAPTOP-PLNO5R2G" name="com.qa.hybridrediff.testcases.Hybrid_LandingPageTest" tests="2" failures="0" timestamp="11 Apr 2023 20:06:21 GMT" time="7.371" errors="0">
  <testcase name="validateCurrentUrlAndTitle" time="4.830" classname="com.qa.hybridrediff.testcases.Hybrid_LandingPageTest"/>
  <testcase name="signInButtonisDisplayedandEnabled" time="2.541" classname="com.qa.hybridrediff.testcases.Hybrid_LandingPageTest"/>
</testsuite> <!-- com.qa.hybridrediff.testcases.Hybrid_LandingPageTest -->
