<?xml version="1.0" encoding="UTF-8"?>
<!-- Generated by org.testng.reporters.JUnitReportReporter -->
<testsuite skipped="0" hostname="LAPTOP-PLNO5R2G" name="com.qa.hybridrediff.testcases.Hybrid_LoginTests" tests="4" failures="0" timestamp="11 Apr 2023 20:06:21 GMT" time="39.794" errors="0">
  <testcase name="logInWithValidCredentials" time="9.743" classname="com.qa.hybridrediff.testcases.Hybrid_LoginTests"/>
  <testcase name="logInWithValidCredentials" time="10.738" classname="com.qa.hybridrediff.testcases.Hybrid_LoginTests"/>
  <testcase name="logInWithValidCredentials" time="9.267" classname="com.qa.hybridrediff.testcases.Hybrid_LoginTests"/>
  <testcase name="logInWithValidCredentials" time="10.046" classname="com.qa.hybridrediff.testcases.Hybrid_LoginTests"/>
</testsuite> <!-- com.qa.hybridrediff.testcases.Hybrid_LoginTests -->
