<?xml version="1.0" encoding="UTF-8"?>
<!-- Generated by org.testng.reporters.JUnitReportReporter -->
<testsuite skipped="0" hostname="LAPTOP-PLNO5R2G" name="com.qa.hybridrediff.testcases.Hybrid_LogoutTest" tests="1" failures="0" timestamp="11 Apr 2023 20:06:21 GMT" time="11.988" errors="0">
  <testcase name="logInLogOutLogOutConfirmation" time="11.988" classname="com.qa.hybridrediff.testcases.Hybrid_LogoutTest"/>
</testsuite> <!-- com.qa.hybridrediff.testcases.Hybrid_LogoutTest -->
