<?xml version="1.0" encoding="UTF-8"?>
<!-- Generated by org.testng.reporters.JUnitReportReporter -->
<testsuite skipped="0" hostname="LAPTOP-PLNO5R2G" name="com.qa.hybridrediff.testcases.Hybrid_SignInLinkTest" tests="1" failures="0" timestamp="11 Apr 2023 20:06:21 GMT" time="3.035" errors="0">
  <testcase name="clickOnSignInButton" time="3.035" classname="com.qa.hybridrediff.testcases.Hybrid_SignInLinkTest"/>
</testsuite> <!-- com.qa.hybridrediff.testcases.Hybrid_SignInLinkTest -->
