<?xml version="1.0" encoding="UTF-8"?>
<!-- Generated by org.testng.reporters.JUnitReportReporter -->
<testsuite skipped="0" hostname="LAPTOP-PLNO5R2G" name="com.qa.hybridrediff.testcases.Hybrid_RediffHomeTest" tests="1" failures="0" timestamp="11 Apr 2023 20:06:21 GMT" time="15.211" errors="0">
  <testcase name="rediffHome" time="15.211" classname="com.qa.hybridrediff.testcases.Hybrid_RediffHomeTest"/>
</testsuite> <!-- com.qa.hybridrediff.testcases.Hybrid_RediffHomeTest -->
